<?xml version="1.0" encoding="UTF-8"?>
<testsuites name="100_tc" time="201.741" tests="100" failures="0" errors="0">
   <testsuite name="100_tc" tests="100" failures="0" errors="0" time="201.741" skipped="0" timestamp="2025-09-24T07:43:47.036Z" hostname="agent - 14475linalllatest-778645-katalon-agent-6n964" id="Test Suites/100_tc">
      <properties>
         <property name="deviceName" value=""/>
         <property name="devicePlatform"/>
         <property name="logFolder" value="/work/test-project/56609/Reports/20250924_074341/100_tc/20250924_074342"/>
         <property name="logFiles" value="/work/test-project/56609/Reports/20250924_074341/100_tc/20250924_074342/console0.log, /work/test-project/56609/Reports/20250924_074341/100_tc/20250924_074342/execution0.log"/>
         <property name="attachments" value=""/>
         <property name="userFullName" value="Man Hua"/>
         <property name="hostName" value="agent - 14475linalllatest-778645-katalon-agent-6n964"/>
         <property name="hostAddress" value="10.10.10.147"/>
         <property name="projectName" value="Demo-Bulk-Operation"/>
         <property name="os" value="Linux 64bit"/>
         <property name="katalonVersion" value="10.3.1.0"/>
      </properties>
      <testcase name="Test Cases/2000_tresult/Return Passed" time="2.104" classname="Test Cases/2000_tresult/Return Passed" status="PASSED">
         <system-out><![CDATA[24-09-2025T07:43:47 - [TEST_CASE][PASSED] - Test Cases/2000_tresult/Return Passed: Test Cases/2000_tresult/Return Passed

24-09-2025T07:43:47 - [TEST_STEP][PASSED] - markPassed("Passed"): Passed

24-09-2025T07:43:47 - [MESSAGE][PASSED] - Passed

24-09-2025T07:43:49 - [TEST_STEP][PASSED] - Video: Video recording for test case 'Test Cases/2000_tresult/Return Passed' .

24-09-2025T07:43:49 - [MESSAGE][INFO] - Video recording for test case 'Test Cases/2000_tresult/Return Passed' .]]></system-out>
         <system-err><![CDATA[]]></system-err>
      </testcase>
      <testcase name="Test Cases/2000_tresult/Return Passed" time="2.032" classname="Test Cases/2000_tresult/Return Passed" status="PASSED">
         <system-out><![CDATA[24-09-2025T07:43:49 - [TEST_CASE][PASSED] - Test Cases/2000_tresult/Return Passed: Test Cases/2000_tresult/Return Passed

24-09-2025T07:43:49 - [TEST_STEP][PASSED] - markPassed("Passed"): Passed

24-09-2025T07:43:49 - [MESSAGE][PASSED] - Passed

24-09-2025T07:43:51 - [TEST_STEP][PASSED] - Video: Video recording for test case 'Test Cases/2000_tresult/Return Passed' .

24-09-2025T07:43:51 - [MESSAGE][INFO] - Video recording for test case 'Test Cases/2000_tresult/Return Passed' .]]></system-out>
         <system-err><![CDATA[]]></system-err>
      </testcase>
      <testcase name="Test Cases/2000_tresult/Return Passed" time="2.019" classname="Test Cases/2000_tresult/Return Passed" status="PASSED">
         <system-out><![CDATA[24-09-2025T07:43:51 - [TEST_CASE][PASSED] - Test Cases/2000_tresult/Return Passed: Test Cases/2000_tresult/Return Passed

24-09-2025T07:43:51 - [TEST_STEP][PASSED] - markPassed("Passed"): Passed

24-09-2025T07:43:51 - [MESSAGE][PASSED] - Passed

24-09-2025T07:43:53 - [TEST_STEP][PASSED] - Video: Video recording for test case 'Test Cases/2000_tresult/Return Passed' .

24-09-2025T07:43:53 - [MESSAGE][INFO] - Video recording for test case 'Test Cases/2000_tresult/Return Passed' .]]></system-out>
         <system-err><![CDATA[]]></system-err>
      </testcase>
      <testcase name="Test Cases/2000_tresult/Return Passed" time="2.015" classname="Test Cases/2000_tresult/Return Passed" status="PASSED">
         <system-out><![CDATA[24-09-2025T07:43:53 - [TEST_CASE][PASSED] - Test Cases/2000_tresult/Return Passed: Test Cases/2000_tresult/Return Passed

24-09-2025T07:43:53 - [TEST_STEP][PASSED] - markPassed("Passed"): Passed

24-09-2025T07:43:53 - [MESSAGE][PASSED] - Passed

24-09-2025T07:43:55 - [TEST_STEP][PASSED] - Video: Video recording for test case 'Test Cases/2000_tresult/Return Passed' .

24-09-2025T07:43:55 - [MESSAGE][INFO] - Video recording for test case 'Test Cases/2000_tresult/Return Passed' .]]></system-out>
         <system-err><![CDATA[]]></system-err>
      </testcase>
      <testcase name="Test Cases/2000_tresult/Return Passed" time="2.027" classname="Test Cases/2000_tresult/Return Passed" status="PASSED">
         <system-out><![CDATA[24-09-2025T07:43:55 - [TEST_CASE][PASSED] - Test Cases/2000_tresult/Return Passed: Test Cases/2000_tresult/Return Passed

24-09-2025T07:43:55 - [TEST_STEP][PASSED] - markPassed("Passed"): Passed

24-09-2025T07:43:55 - [MESSAGE][PASSED] - Passed

24-09-2025T07:43:57 - [TEST_STEP][PASSED] - Video: Video recording for test case 'Test Cases/2000_tresult/Return Passed' .

24-09-2025T07:43:57 - [MESSAGE][INFO] - Video recording for test case 'Test Cases/2000_tresult/Return Passed' .]]></system-out>
         <system-err><![CDATA[]]></system-err>
      </testcase>
      <testcase name="Test Cases/2000_tresult/Return Passed" time="2.015" classname="Test Cases/2000_tresult/Return Passed" status="PASSED">
         <system-out><![CDATA[24-09-2025T07:43:57 - [TEST_CASE][PASSED] - Test Cases/2000_tresult/Return Passed: Test Cases/2000_tresult/Return Passed

24-09-2025T07:43:57 - [TEST_STEP][PASSED] - markPassed("Passed"): Passed

24-09-2025T07:43:57 - [MESSAGE][PASSED] - Passed

24-09-2025T07:43:59 - [TEST_STEP][PASSED] - Video: Video recording for test case 'Test Cases/2000_tresult/Return Passed' .

24-09-2025T07:43:59 - [MESSAGE][INFO] - Video recording for test case 'Test Cases/2000_tresult/Return Passed' .]]></system-out>
         <system-err><![CDATA[]]></system-err>
      </testcase>
      <testcase name="Test Cases/2000_tresult/Return Passed" time="2.011" classname="Test Cases/2000_tresult/Return Passed" status="PASSED">
         <system-out><![CDATA[24-09-2025T07:43:59 - [TEST_CASE][PASSED] - Test Cases/2000_tresult/Return Passed: Test Cases/2000_tresult/Return Passed

24-09-2025T07:43:59 - [TEST_STEP][PASSED] - markPassed("Passed"): Passed

24-09-2025T07:43:59 - [MESSAGE][PASSED] - Passed

24-09-2025T07:44:01 - [TEST_STEP][PASSED] - Video: Video recording for test case 'Test Cases/2000_tresult/Return Passed' .

24-09-2025T07:44:01 - [MESSAGE][INFO] - Video recording for test case 'Test Cases/2000_tresult/Return Passed' .]]></system-out>
         <system-err><![CDATA[]]></system-err>
      </testcase>
      <testcase name="Test Cases/2000_tresult/Return Passed" time="2.013" classname="Test Cases/2000_tresult/Return Passed" status="PASSED">
         <system-out><![CDATA[24-09-2025T07:44:01 - [TEST_CASE][PASSED] - Test Cases/2000_tresult/Return Passed: Test Cases/2000_tresult/Return Passed

24-09-2025T07:44:01 - [TEST_STEP][PASSED] - markPassed("Passed"): Passed

24-09-2025T07:44:01 - [MESSAGE][PASSED] - Passed

24-09-2025T07:44:03 - [TEST_STEP][PASSED] - Video: Video recording for test case 'Test Cases/2000_tresult/Return Passed' .

24-09-2025T07:44:03 - [MESSAGE][INFO] - Video recording for test case 'Test Cases/2000_tresult/Return Passed' .]]></system-out>
         <system-err><![CDATA[]]></system-err>
      </testcase>
      <testcase name="Test Cases/2000_tresult/Return Passed" time="2.011" classname="Test Cases/2000_tresult/Return Passed" status="PASSED">
         <system-out><![CDATA[24-09-2025T07:44:03 - [TEST_CASE][PASSED] - Test Cases/2000_tresult/Return Passed: Test Cases/2000_tresult/Return Passed

24-09-2025T07:44:03 - [TEST_STEP][PASSED] - markPassed("Passed"): Passed

24-09-2025T07:44:03 - [MESSAGE][PASSED] - Passed

24-09-2025T07:44:05 - [TEST_STEP][PASSED] - Video: Video recording for test case 'Test Cases/2000_tresult/Return Passed' .

24-09-2025T07:44:05 - [MESSAGE][INFO] - Video recording for test case 'Test Cases/2000_tresult/Return Passed' .]]></system-out>
         <system-err><![CDATA[]]></system-err>
      </testcase>
      <testcase name="Test Cases/2000_tresult/Return Passed" time="2.011" classname="Test Cases/2000_tresult/Return Passed" status="PASSED">
         <system-out><![CDATA[24-09-2025T07:44:05 - [TEST_CASE][PASSED] - Test Cases/2000_tresult/Return Passed: Test Cases/2000_tresult/Return Passed

24-09-2025T07:44:05 - [TEST_STEP][PASSED] - markPassed("Passed"): Passed

24-09-2025T07:44:05 - [MESSAGE][PASSED] - Passed

24-09-2025T07:44:07 - [TEST_STEP][PASSED] - Video: Video recording for test case 'Test Cases/2000_tresult/Return Passed' .

24-09-2025T07:44:07 - [MESSAGE][INFO] - Video recording for test case 'Test Cases/2000_tresult/Return Passed' .]]></system-out>
         <system-err><![CDATA[]]></system-err>
      </testcase>
      <testcase name="Test Cases/2000_tresult/Return Passed" time="2.01" classname="Test Cases/2000_tresult/Return Passed" status="PASSED">
         <system-out><![CDATA[24-09-2025T07:44:07 - [TEST_CASE][PASSED] - Test Cases/2000_tresult/Return Passed: Test Cases/2000_tresult/Return Passed

24-09-2025T07:44:07 - [TEST_STEP][PASSED] - markPassed("Passed"): Passed

24-09-2025T07:44:07 - [MESSAGE][PASSED] - Passed

24-09-2025T07:44:09 - [TEST_STEP][PASSED] - Video: Video recording for test case 'Test Cases/2000_tresult/Return Passed' .

24-09-2025T07:44:09 - [MESSAGE][INFO] - Video recording for test case 'Test Cases/2000_tresult/Return Passed' .]]></system-out>
         <system-err><![CDATA[]]></system-err>
      </testcase>
      <testcase name="Test Cases/2000_tresult/Return Passed" time="2.011" classname="Test Cases/2000_tresult/Return Passed" status="PASSED">
         <system-out><![CDATA[24-09-2025T07:44:09 - [TEST_CASE][PASSED] - Test Cases/2000_tresult/Return Passed: Test Cases/2000_tresult/Return Passed

24-09-2025T07:44:09 - [TEST_STEP][PASSED] - markPassed("Passed"): Passed

24-09-2025T07:44:09 - [MESSAGE][PASSED] - Passed

24-09-2025T07:44:11 - [TEST_STEP][PASSED] - Video: Video recording for test case 'Test Cases/2000_tresult/Return Passed' .

24-09-2025T07:44:11 - [MESSAGE][INFO] - Video recording for test case 'Test Cases/2000_tresult/Return Passed' .]]></system-out>
         <system-err><![CDATA[]]></system-err>
      </testcase>
      <testcase name="Test Cases/2000_tresult/Return Passed" time="2.013" classname="Test Cases/2000_tresult/Return Passed" status="PASSED">
         <system-out><![CDATA[24-09-2025T07:44:11 - [TEST_CASE][PASSED] - Test Cases/2000_tresult/Return Passed: Test Cases/2000_tresult/Return Passed

24-09-2025T07:44:11 - [TEST_STEP][PASSED] - markPassed("Passed"): Passed

24-09-2025T07:44:11 - [MESSAGE][PASSED] - Passed

24-09-2025T07:44:13 - [TEST_STEP][PASSED] - Video: Video recording for test case 'Test Cases/2000_tresult/Return Passed' .

24-09-2025T07:44:13 - [MESSAGE][INFO] - Video recording for test case 'Test Cases/2000_tresult/Return Passed' .]]></system-out>
         <system-err><![CDATA[]]></system-err>
      </testcase>
      <testcase name="Test Cases/2000_tresult/Return Passed" time="2.01" classname="Test Cases/2000_tresult/Return Passed" status="PASSED">
         <system-out><![CDATA[24-09-2025T07:44:13 - [TEST_CASE][PASSED] - Test Cases/2000_tresult/Return Passed: Test Cases/2000_tresult/Return Passed

24-09-2025T07:44:13 - [TEST_STEP][PASSED] - markPassed("Passed"): Passed

24-09-2025T07:44:13 - [MESSAGE][PASSED] - Passed

24-09-2025T07:44:15 - [TEST_STEP][PASSED] - Video: Video recording for test case 'Test Cases/2000_tresult/Return Passed' .

24-09-2025T07:44:15 - [MESSAGE][INFO] - Video recording for test case 'Test Cases/2000_tresult/Return Passed' .]]></system-out>
         <system-err><![CDATA[]]></system-err>
      </testcase>
      <testcase name="Test Cases/2000_tresult/Return Passed" time="2.011" classname="Test Cases/2000_tresult/Return Passed" status="PASSED">
         <system-out><![CDATA[24-09-2025T07:44:15 - [TEST_CASE][PASSED] - Test Cases/2000_tresult/Return Passed: Test Cases/2000_tresult/Return Passed

24-09-2025T07:44:15 - [TEST_STEP][PASSED] - markPassed("Passed"): Passed

24-09-2025T07:44:15 - [MESSAGE][PASSED] - Passed

24-09-2025T07:44:17 - [TEST_STEP][PASSED] - Video: Video recording for test case 'Test Cases/2000_tresult/Return Passed' .

24-09-2025T07:44:17 - [MESSAGE][INFO] - Video recording for test case 'Test Cases/2000_tresult/Return Passed' .]]></system-out>
         <system-err><![CDATA[]]></system-err>
      </testcase>
      <testcase name="Test Cases/2000_tresult/Return Passed" time="2.014" classname="Test Cases/2000_tresult/Return Passed" status="PASSED">
         <system-out><![CDATA[24-09-2025T07:44:17 - [TEST_CASE][PASSED] - Test Cases/2000_tresult/Return Passed: Test Cases/2000_tresult/Return Passed

24-09-2025T07:44:17 - [TEST_STEP][PASSED] - markPassed("Passed"): Passed

24-09-2025T07:44:17 - [MESSAGE][PASSED] - Passed

24-09-2025T07:44:19 - [TEST_STEP][PASSED] - Video: Video recording for test case 'Test Cases/2000_tresult/Return Passed' .

24-09-2025T07:44:19 - [MESSAGE][INFO] - Video recording for test case 'Test Cases/2000_tresult/Return Passed' .]]></system-out>
         <system-err><![CDATA[]]></system-err>
      </testcase>
      <testcase name="Test Cases/2000_tresult/Return Passed" time="2.011" classname="Test Cases/2000_tresult/Return Passed" status="PASSED">
         <system-out><![CDATA[24-09-2025T07:44:19 - [TEST_CASE][PASSED] - Test Cases/2000_tresult/Return Passed: Test Cases/2000_tresult/Return Passed

24-09-2025T07:44:19 - [TEST_STEP][PASSED] - markPassed("Passed"): Passed

24-09-2025T07:44:19 - [MESSAGE][PASSED] - Passed

24-09-2025T07:44:21 - [TEST_STEP][PASSED] - Video: Video recording for test case 'Test Cases/2000_tresult/Return Passed' .

24-09-2025T07:44:21 - [MESSAGE][INFO] - Video recording for test case 'Test Cases/2000_tresult/Return Passed' .]]></system-out>
         <system-err><![CDATA[]]></system-err>
      </testcase>
      <testcase name="Test Cases/2000_tresult/Return Passed" time="2.013" classname="Test Cases/2000_tresult/Return Passed" status="PASSED">
         <system-out><![CDATA[24-09-2025T07:44:21 - [TEST_CASE][PASSED] - Test Cases/2000_tresult/Return Passed: Test Cases/2000_tresult/Return Passed

24-09-2025T07:44:21 - [TEST_STEP][PASSED] - markPassed("Passed"): Passed

24-09-2025T07:44:21 - [MESSAGE][PASSED] - Passed

24-09-2025T07:44:23 - [TEST_STEP][PASSED] - Video: Video recording for test case 'Test Cases/2000_tresult/Return Passed' .

24-09-2025T07:44:23 - [MESSAGE][INFO] - Video recording for test case 'Test Cases/2000_tresult/Return Passed' .]]></system-out>
         <system-err><![CDATA[]]></system-err>
      </testcase>
      <testcase name="Test Cases/2000_tresult/Return Passed" time="2.009" classname="Test Cases/2000_tresult/Return Passed" status="PASSED">
         <system-out><![CDATA[24-09-2025T07:44:23 - [TEST_CASE][PASSED] - Test Cases/2000_tresult/Return Passed: Test Cases/2000_tresult/Return Passed

24-09-2025T07:44:23 - [TEST_STEP][PASSED] - markPassed("Passed"): Passed

24-09-2025T07:44:23 - [MESSAGE][PASSED] - Passed

24-09-2025T07:44:25 - [TEST_STEP][PASSED] - Video: Video recording for test case 'Test Cases/2000_tresult/Return Passed' .

24-09-2025T07:44:25 - [MESSAGE][INFO] - Video recording for test case 'Test Cases/2000_tresult/Return Passed' .]]></system-out>
         <system-err><![CDATA[]]></system-err>
      </testcase>
      <testcase name="Test Cases/2000_tresult/Return Passed" time="2.01" classname="Test Cases/2000_tresult/Return Passed" status="PASSED">
         <system-out><![CDATA[24-09-2025T07:44:25 - [TEST_CASE][PASSED] - Test Cases/2000_tresult/Return Passed: Test Cases/2000_tresult/Return Passed

24-09-2025T07:44:25 - [TEST_STEP][PASSED] - markPassed("Passed"): Passed

24-09-2025T07:44:25 - [MESSAGE][PASSED] - Passed

24-09-2025T07:44:27 - [TEST_STEP][PASSED] - Video: Video recording for test case 'Test Cases/2000_tresult/Return Passed' .

24-09-2025T07:44:27 - [MESSAGE][INFO] - Video recording for test case 'Test Cases/2000_tresult/Return Passed' .]]></system-out>
         <system-err><![CDATA[]]></system-err>
      </testcase>
      <testcase name="Test Cases/2000_tresult/Return Passed" time="2.011" classname="Test Cases/2000_tresult/Return Passed" status="PASSED">
         <system-out><![CDATA[24-09-2025T07:44:27 - [TEST_CASE][PASSED] - Test Cases/2000_tresult/Return Passed: Test Cases/2000_tresult/Return Passed

24-09-2025T07:44:27 - [TEST_STEP][PASSED] - markPassed("Passed"): Passed

24-09-2025T07:44:27 - [MESSAGE][PASSED] - Passed

24-09-2025T07:44:29 - [TEST_STEP][PASSED] - Video: Video recording for test case 'Test Cases/2000_tresult/Return Passed' .

24-09-2025T07:44:29 - [MESSAGE][INFO] - Video recording for test case 'Test Cases/2000_tresult/Return Passed' .]]></system-out>
         <system-err><![CDATA[]]></system-err>
      </testcase>
      <testcase name="Test Cases/2000_tresult/Return Passed" time="2.009" classname="Test Cases/2000_tresult/Return Passed" status="PASSED">
         <system-out><![CDATA[24-09-2025T07:44:29 - [TEST_CASE][PASSED] - Test Cases/2000_tresult/Return Passed: Test Cases/2000_tresult/Return Passed

24-09-2025T07:44:29 - [TEST_STEP][PASSED] - markPassed("Passed"): Passed

24-09-2025T07:44:29 - [MESSAGE][PASSED] - Passed

24-09-2025T07:44:31 - [TEST_STEP][PASSED] - Video: Video recording for test case 'Test Cases/2000_tresult/Return Passed' .

24-09-2025T07:44:31 - [MESSAGE][INFO] - Video recording for test case 'Test Cases/2000_tresult/Return Passed' .]]></system-out>
         <system-err><![CDATA[]]></system-err>
      </testcase>
      <testcase name="Test Cases/2000_tresult/Return Passed" time="2.012" classname="Test Cases/2000_tresult/Return Passed" status="PASSED">
         <system-out><![CDATA[24-09-2025T07:44:31 - [TEST_CASE][PASSED] - Test Cases/2000_tresult/Return Passed: Test Cases/2000_tresult/Return Passed

24-09-2025T07:44:31 - [TEST_STEP][PASSED] - markPassed("Passed"): Passed

24-09-2025T07:44:31 - [MESSAGE][PASSED] - Passed

24-09-2025T07:44:33 - [TEST_STEP][PASSED] - Video: Video recording for test case 'Test Cases/2000_tresult/Return Passed' .

24-09-2025T07:44:33 - [MESSAGE][INFO] - Video recording for test case 'Test Cases/2000_tresult/Return Passed' .]]></system-out>
         <system-err><![CDATA[]]></system-err>
      </testcase>
      <testcase name="Test Cases/2000_tresult/Return Passed" time="2.012" classname="Test Cases/2000_tresult/Return Passed" status="PASSED">
         <system-out><![CDATA[24-09-2025T07:44:33 - [TEST_CASE][PASSED] - Test Cases/2000_tresult/Return Passed: Test Cases/2000_tresult/Return Passed

24-09-2025T07:44:33 - [TEST_STEP][PASSED] - markPassed("Passed"): Passed

24-09-2025T07:44:33 - [MESSAGE][PASSED] - Passed

24-09-2025T07:44:35 - [TEST_STEP][PASSED] - Video: Video recording for test case 'Test Cases/2000_tresult/Return Passed' .

24-09-2025T07:44:35 - [MESSAGE][INFO] - Video recording for test case 'Test Cases/2000_tresult/Return Passed' .]]></system-out>
         <system-err><![CDATA[]]></system-err>
      </testcase>
      <testcase name="Test Cases/2000_tresult/Return Passed" time="2.011" classname="Test Cases/2000_tresult/Return Passed" status="PASSED">
         <system-out><![CDATA[24-09-2025T07:44:35 - [TEST_CASE][PASSED] - Test Cases/2000_tresult/Return Passed: Test Cases/2000_tresult/Return Passed

24-09-2025T07:44:35 - [TEST_STEP][PASSED] - markPassed("Passed"): Passed

24-09-2025T07:44:35 - [MESSAGE][PASSED] - Passed

24-09-2025T07:44:37 - [TEST_STEP][PASSED] - Video: Video recording for test case 'Test Cases/2000_tresult/Return Passed' .

24-09-2025T07:44:37 - [MESSAGE][INFO] - Video recording for test case 'Test Cases/2000_tresult/Return Passed' .]]></system-out>
         <system-err><![CDATA[]]></system-err>
      </testcase>
      <testcase name="Test Cases/2000_tresult/Return Passed" time="2.009" classname="Test Cases/2000_tresult/Return Passed" status="PASSED">
         <system-out><![CDATA[24-09-2025T07:44:37 - [TEST_CASE][PASSED] - Test Cases/2000_tresult/Return Passed: Test Cases/2000_tresult/Return Passed

24-09-2025T07:44:37 - [TEST_STEP][PASSED] - markPassed("Passed"): Passed

24-09-2025T07:44:37 - [MESSAGE][PASSED] - Passed

24-09-2025T07:44:39 - [TEST_STEP][PASSED] - Video: Video recording for test case 'Test Cases/2000_tresult/Return Passed' .

24-09-2025T07:44:39 - [MESSAGE][INFO] - Video recording for test case 'Test Cases/2000_tresult/Return Passed' .]]></system-out>
         <system-err><![CDATA[]]></system-err>
      </testcase>
      <testcase name="Test Cases/2000_tresult/Return Passed" time="2.012" classname="Test Cases/2000_tresult/Return Passed" status="PASSED">
         <system-out><![CDATA[24-09-2025T07:44:39 - [TEST_CASE][PASSED] - Test Cases/2000_tresult/Return Passed: Test Cases/2000_tresult/Return Passed

24-09-2025T07:44:39 - [TEST_STEP][PASSED] - markPassed("Passed"): Passed

24-09-2025T07:44:39 - [MESSAGE][PASSED] - Passed

24-09-2025T07:44:41 - [TEST_STEP][PASSED] - Video: Video recording for test case 'Test Cases/2000_tresult/Return Passed' .

24-09-2025T07:44:41 - [MESSAGE][INFO] - Video recording for test case 'Test Cases/2000_tresult/Return Passed' .]]></system-out>
         <system-err><![CDATA[]]></system-err>
      </testcase>
      <testcase name="Test Cases/2000_tresult/Return Passed" time="2.01" classname="Test Cases/2000_tresult/Return Passed" status="PASSED">
         <system-out><![CDATA[24-09-2025T07:44:41 - [TEST_CASE][PASSED] - Test Cases/2000_tresult/Return Passed: Test Cases/2000_tresult/Return Passed

24-09-2025T07:44:41 - [TEST_STEP][PASSED] - markPassed("Passed"): Passed

24-09-2025T07:44:41 - [MESSAGE][PASSED] - Passed

24-09-2025T07:44:43 - [TEST_STEP][PASSED] - Video: Video recording for test case 'Test Cases/2000_tresult/Return Passed' .

24-09-2025T07:44:43 - [MESSAGE][INFO] - Video recording for test case 'Test Cases/2000_tresult/Return Passed' .]]></system-out>
         <system-err><![CDATA[]]></system-err>
      </testcase>
      <testcase name="Test Cases/2000_tresult/Return Passed" time="2.009" classname="Test Cases/2000_tresult/Return Passed" status="PASSED">
         <system-out><![CDATA[24-09-2025T07:44:43 - [TEST_CASE][PASSED] - Test Cases/2000_tresult/Return Passed: Test Cases/2000_tresult/Return Passed

24-09-2025T07:44:43 - [TEST_STEP][PASSED] - markPassed("Passed"): Passed

24-09-2025T07:44:43 - [MESSAGE][PASSED] - Passed

24-09-2025T07:44:45 - [TEST_STEP][PASSED] - Video: Video recording for test case 'Test Cases/2000_tresult/Return Passed' .

24-09-2025T07:44:45 - [MESSAGE][INFO] - Video recording for test case 'Test Cases/2000_tresult/Return Passed' .]]></system-out>
         <system-err><![CDATA[]]></system-err>
      </testcase>
      <testcase name="Test Cases/2000_tresult/Return Passed" time="2.012" classname="Test Cases/2000_tresult/Return Passed" status="PASSED">
         <system-out><![CDATA[24-09-2025T07:44:45 - [TEST_CASE][PASSED] - Test Cases/2000_tresult/Return Passed: Test Cases/2000_tresult/Return Passed

24-09-2025T07:44:45 - [TEST_STEP][PASSED] - markPassed("Passed"): Passed

24-09-2025T07:44:45 - [MESSAGE][PASSED] - Passed

24-09-2025T07:44:47 - [TEST_STEP][PASSED] - Video: Video recording for test case 'Test Cases/2000_tresult/Return Passed' .

24-09-2025T07:44:47 - [MESSAGE][INFO] - Video recording for test case 'Test Cases/2000_tresult/Return Passed' .]]></system-out>
         <system-err><![CDATA[]]></system-err>
      </testcase>
      <testcase name="Test Cases/2000_tresult/Return Passed" time="2.008" classname="Test Cases/2000_tresult/Return Passed" status="PASSED">
         <system-out><![CDATA[24-09-2025T07:44:47 - [TEST_CASE][PASSED] - Test Cases/2000_tresult/Return Passed: Test Cases/2000_tresult/Return Passed

24-09-2025T07:44:47 - [TEST_STEP][PASSED] - markPassed("Passed"): Passed

24-09-2025T07:44:47 - [MESSAGE][PASSED] - Passed

24-09-2025T07:44:49 - [TEST_STEP][PASSED] - Video: Video recording for test case 'Test Cases/2000_tresult/Return Passed' .

24-09-2025T07:44:49 - [MESSAGE][INFO] - Video recording for test case 'Test Cases/2000_tresult/Return Passed' .]]></system-out>
         <system-err><![CDATA[]]></system-err>
      </testcase>
      <testcase name="Test Cases/2000_tresult/Return Passed" time="2.009" classname="Test Cases/2000_tresult/Return Passed" status="PASSED">
         <system-out><![CDATA[24-09-2025T07:44:49 - [TEST_CASE][PASSED] - Test Cases/2000_tresult/Return Passed: Test Cases/2000_tresult/Return Passed

24-09-2025T07:44:49 - [TEST_STEP][PASSED] - markPassed("Passed"): Passed

24-09-2025T07:44:49 - [MESSAGE][PASSED] - Passed

24-09-2025T07:44:51 - [TEST_STEP][PASSED] - Video: Video recording for test case 'Test Cases/2000_tresult/Return Passed' .

24-09-2025T07:44:51 - [MESSAGE][INFO] - Video recording for test case 'Test Cases/2000_tresult/Return Passed' .]]></system-out>
         <system-err><![CDATA[]]></system-err>
      </testcase>
      <testcase name="Test Cases/2000_tresult/Return Passed" time="2.011" classname="Test Cases/2000_tresult/Return Passed" status="PASSED">
         <system-out><![CDATA[24-09-2025T07:44:51 - [TEST_CASE][PASSED] - Test Cases/2000_tresult/Return Passed: Test Cases/2000_tresult/Return Passed

24-09-2025T07:44:52 - [TEST_STEP][PASSED] - markPassed("Passed"): Passed

24-09-2025T07:44:52 - [MESSAGE][PASSED] - Passed

24-09-2025T07:44:54 - [TEST_STEP][PASSED] - Video: Video recording for test case 'Test Cases/2000_tresult/Return Passed' .

24-09-2025T07:44:54 - [MESSAGE][INFO] - Video recording for test case 'Test Cases/2000_tresult/Return Passed' .]]></system-out>
         <system-err><![CDATA[]]></system-err>
      </testcase>
      <testcase name="Test Cases/2000_tresult/Return Passed" time="2.008" classname="Test Cases/2000_tresult/Return Passed" status="PASSED">
         <system-out><![CDATA[24-09-2025T07:44:54 - [TEST_CASE][PASSED] - Test Cases/2000_tresult/Return Passed: Test Cases/2000_tresult/Return Passed

24-09-2025T07:44:54 - [TEST_STEP][PASSED] - markPassed("Passed"): Passed

24-09-2025T07:44:54 - [MESSAGE][PASSED] - Passed

24-09-2025T07:44:56 - [TEST_STEP][PASSED] - Video: Video recording for test case 'Test Cases/2000_tresult/Return Passed' .

24-09-2025T07:44:56 - [MESSAGE][INFO] - Video recording for test case 'Test Cases/2000_tresult/Return Passed' .]]></system-out>
         <system-err><![CDATA[]]></system-err>
      </testcase>
      <testcase name="Test Cases/2000_tresult/Return Passed" time="2.01" classname="Test Cases/2000_tresult/Return Passed" status="PASSED">
         <system-out><![CDATA[24-09-2025T07:44:56 - [TEST_CASE][PASSED] - Test Cases/2000_tresult/Return Passed: Test Cases/2000_tresult/Return Passed

24-09-2025T07:44:56 - [TEST_STEP][PASSED] - markPassed("Passed"): Passed

24-09-2025T07:44:56 - [MESSAGE][PASSED] - Passed

24-09-2025T07:44:58 - [TEST_STEP][PASSED] - Video: Video recording for test case 'Test Cases/2000_tresult/Return Passed' .

24-09-2025T07:44:58 - [MESSAGE][INFO] - Video recording for test case 'Test Cases/2000_tresult/Return Passed' .]]></system-out>
         <system-err><![CDATA[]]></system-err>
      </testcase>
      <testcase name="Test Cases/2000_tresult/Return Passed" time="2.01" classname="Test Cases/2000_tresult/Return Passed" status="PASSED">
         <system-out><![CDATA[24-09-2025T07:44:58 - [TEST_CASE][PASSED] - Test Cases/2000_tresult/Return Passed: Test Cases/2000_tresult/Return Passed

24-09-2025T07:44:58 - [TEST_STEP][PASSED] - markPassed("Passed"): Passed

24-09-2025T07:44:58 - [MESSAGE][PASSED] - Passed

24-09-2025T07:45:00 - [TEST_STEP][PASSED] - Video: Video recording for test case 'Test Cases/2000_tresult/Return Passed' .

24-09-2025T07:45:00 - [MESSAGE][INFO] - Video recording for test case 'Test Cases/2000_tresult/Return Passed' .]]></system-out>
         <system-err><![CDATA[]]></system-err>
      </testcase>
      <testcase name="Test Cases/2000_tresult/Return Passed" time="2.01" classname="Test Cases/2000_tresult/Return Passed" status="PASSED">
         <system-out><![CDATA[24-09-2025T07:45:00 - [TEST_CASE][PASSED] - Test Cases/2000_tresult/Return Passed: Test Cases/2000_tresult/Return Passed

24-09-2025T07:45:00 - [TEST_STEP][PASSED] - markPassed("Passed"): Passed

24-09-2025T07:45:00 - [MESSAGE][PASSED] - Passed

24-09-2025T07:45:02 - [TEST_STEP][PASSED] - Video: Video recording for test case 'Test Cases/2000_tresult/Return Passed' .

24-09-2025T07:45:02 - [MESSAGE][INFO] - Video recording for test case 'Test Cases/2000_tresult/Return Passed' .]]></system-out>
         <system-err><![CDATA[]]></system-err>
      </testcase>
      <testcase name="Test Cases/2000_tresult/Return Passed" time="2.009" classname="Test Cases/2000_tresult/Return Passed" status="PASSED">
         <system-out><![CDATA[24-09-2025T07:45:02 - [TEST_CASE][PASSED] - Test Cases/2000_tresult/Return Passed: Test Cases/2000_tresult/Return Passed

24-09-2025T07:45:02 - [TEST_STEP][PASSED] - markPassed("Passed"): Passed

24-09-2025T07:45:02 - [MESSAGE][PASSED] - Passed

24-09-2025T07:45:04 - [TEST_STEP][PASSED] - Video: Video recording for test case 'Test Cases/2000_tresult/Return Passed' .

24-09-2025T07:45:04 - [MESSAGE][INFO] - Video recording for test case 'Test Cases/2000_tresult/Return Passed' .]]></system-out>
         <system-err><![CDATA[]]></system-err>
      </testcase>
      <testcase name="Test Cases/2000_tresult/Return Passed" time="2.008" classname="Test Cases/2000_tresult/Return Passed" status="PASSED">
         <system-out><![CDATA[24-09-2025T07:45:04 - [TEST_CASE][PASSED] - Test Cases/2000_tresult/Return Passed: Test Cases/2000_tresult/Return Passed

24-09-2025T07:45:04 - [TEST_STEP][PASSED] - markPassed("Passed"): Passed

24-09-2025T07:45:04 - [MESSAGE][PASSED] - Passed

24-09-2025T07:45:06 - [TEST_STEP][PASSED] - Video: Video recording for test case 'Test Cases/2000_tresult/Return Passed' .

24-09-2025T07:45:06 - [MESSAGE][INFO] - Video recording for test case 'Test Cases/2000_tresult/Return Passed' .]]></system-out>
         <system-err><![CDATA[]]></system-err>
      </testcase>
      <testcase name="Test Cases/2000_tresult/Return Passed" time="2.01" classname="Test Cases/2000_tresult/Return Passed" status="PASSED">
         <system-out><![CDATA[24-09-2025T07:45:06 - [TEST_CASE][PASSED] - Test Cases/2000_tresult/Return Passed: Test Cases/2000_tresult/Return Passed

24-09-2025T07:45:06 - [TEST_STEP][PASSED] - markPassed("Passed"): Passed

24-09-2025T07:45:06 - [MESSAGE][PASSED] - Passed

24-09-2025T07:45:08 - [TEST_STEP][PASSED] - Video: Video recording for test case 'Test Cases/2000_tresult/Return Passed' .

24-09-2025T07:45:08 - [MESSAGE][INFO] - Video recording for test case 'Test Cases/2000_tresult/Return Passed' .]]></system-out>
         <system-err><![CDATA[]]></system-err>
      </testcase>
      <testcase name="Test Cases/2000_tresult/Return Passed" time="2.009" classname="Test Cases/2000_tresult/Return Passed" status="PASSED">
         <system-out><![CDATA[24-09-2025T07:45:08 - [TEST_CASE][PASSED] - Test Cases/2000_tresult/Return Passed: Test Cases/2000_tresult/Return Passed

24-09-2025T07:45:08 - [TEST_STEP][PASSED] - markPassed("Passed"): Passed

24-09-2025T07:45:08 - [MESSAGE][PASSED] - Passed

24-09-2025T07:45:10 - [TEST_STEP][PASSED] - Video: Video recording for test case 'Test Cases/2000_tresult/Return Passed' .

24-09-2025T07:45:10 - [MESSAGE][INFO] - Video recording for test case 'Test Cases/2000_tresult/Return Passed' .]]></system-out>
         <system-err><![CDATA[]]></system-err>
      </testcase>
      <testcase name="Test Cases/2000_tresult/Return Passed" time="2.008" classname="Test Cases/2000_tresult/Return Passed" status="PASSED">
         <system-out><![CDATA[24-09-2025T07:45:10 - [TEST_CASE][PASSED] - Test Cases/2000_tresult/Return Passed: Test Cases/2000_tresult/Return Passed

24-09-2025T07:45:10 - [TEST_STEP][PASSED] - markPassed("Passed"): Passed

24-09-2025T07:45:10 - [MESSAGE][PASSED] - Passed

24-09-2025T07:45:12 - [TEST_STEP][PASSED] - Video: Video recording for test case 'Test Cases/2000_tresult/Return Passed' .

24-09-2025T07:45:12 - [MESSAGE][INFO] - Video recording for test case 'Test Cases/2000_tresult/Return Passed' .]]></system-out>
         <system-err><![CDATA[]]></system-err>
      </testcase>
      <testcase name="Test Cases/2000_tresult/Return Passed" time="2.012" classname="Test Cases/2000_tresult/Return Passed" status="PASSED">
         <system-out><![CDATA[24-09-2025T07:45:12 - [TEST_CASE][PASSED] - Test Cases/2000_tresult/Return Passed: Test Cases/2000_tresult/Return Passed

24-09-2025T07:45:12 - [TEST_STEP][PASSED] - markPassed("Passed"): Passed

24-09-2025T07:45:12 - [MESSAGE][PASSED] - Passed

24-09-2025T07:45:14 - [TEST_STEP][PASSED] - Video: Video recording for test case 'Test Cases/2000_tresult/Return Passed' .

24-09-2025T07:45:14 - [MESSAGE][INFO] - Video recording for test case 'Test Cases/2000_tresult/Return Passed' .]]></system-out>
         <system-err><![CDATA[]]></system-err>
      </testcase>
      <testcase name="Test Cases/2000_tresult/Return Passed" time="2.009" classname="Test Cases/2000_tresult/Return Passed" status="PASSED">
         <system-out><![CDATA[24-09-2025T07:45:14 - [TEST_CASE][PASSED] - Test Cases/2000_tresult/Return Passed: Test Cases/2000_tresult/Return Passed

24-09-2025T07:45:14 - [TEST_STEP][PASSED] - markPassed("Passed"): Passed

24-09-2025T07:45:14 - [MESSAGE][PASSED] - Passed

24-09-2025T07:45:16 - [TEST_STEP][PASSED] - Video: Video recording for test case 'Test Cases/2000_tresult/Return Passed' .

24-09-2025T07:45:16 - [MESSAGE][INFO] - Video recording for test case 'Test Cases/2000_tresult/Return Passed' .]]></system-out>
         <system-err><![CDATA[]]></system-err>
      </testcase>
      <testcase name="Test Cases/2000_tresult/Return Passed" time="2.012" classname="Test Cases/2000_tresult/Return Passed" status="PASSED">
         <system-out><![CDATA[24-09-2025T07:45:16 - [TEST_CASE][PASSED] - Test Cases/2000_tresult/Return Passed: Test Cases/2000_tresult/Return Passed

24-09-2025T07:45:16 - [TEST_STEP][PASSED] - markPassed("Passed"): Passed

24-09-2025T07:45:16 - [MESSAGE][PASSED] - Passed

24-09-2025T07:45:18 - [TEST_STEP][PASSED] - Video: Video recording for test case 'Test Cases/2000_tresult/Return Passed' .

24-09-2025T07:45:18 - [MESSAGE][INFO] - Video recording for test case 'Test Cases/2000_tresult/Return Passed' .]]></system-out>
         <system-err><![CDATA[]]></system-err>
      </testcase>
      <testcase name="Test Cases/2000_tresult/Return Passed" time="2.008" classname="Test Cases/2000_tresult/Return Passed" status="PASSED">
         <system-out><![CDATA[24-09-2025T07:45:18 - [TEST_CASE][PASSED] - Test Cases/2000_tresult/Return Passed: Test Cases/2000_tresult/Return Passed

24-09-2025T07:45:18 - [TEST_STEP][PASSED] - markPassed("Passed"): Passed

24-09-2025T07:45:18 - [MESSAGE][PASSED] - Passed

24-09-2025T07:45:20 - [TEST_STEP][PASSED] - Video: Video recording for test case 'Test Cases/2000_tresult/Return Passed' .

24-09-2025T07:45:20 - [MESSAGE][INFO] - Video recording for test case 'Test Cases/2000_tresult/Return Passed' .]]></system-out>
         <system-err><![CDATA[]]></system-err>
      </testcase>
      <testcase name="Test Cases/2000_tresult/Return Passed" time="2.008" classname="Test Cases/2000_tresult/Return Passed" status="PASSED">
         <system-out><![CDATA[24-09-2025T07:45:20 - [TEST_CASE][PASSED] - Test Cases/2000_tresult/Return Passed: Test Cases/2000_tresult/Return Passed

24-09-2025T07:45:20 - [TEST_STEP][PASSED] - markPassed("Passed"): Passed

24-09-2025T07:45:20 - [MESSAGE][PASSED] - Passed

24-09-2025T07:45:22 - [TEST_STEP][PASSED] - Video: Video recording for test case 'Test Cases/2000_tresult/Return Passed' .

24-09-2025T07:45:22 - [MESSAGE][INFO] - Video recording for test case 'Test Cases/2000_tresult/Return Passed' .]]></system-out>
         <system-err><![CDATA[]]></system-err>
      </testcase>
      <testcase name="Test Cases/2000_tresult/Return Passed" time="2.012" classname="Test Cases/2000_tresult/Return Passed" status="PASSED">
         <system-out><![CDATA[24-09-2025T07:45:22 - [TEST_CASE][PASSED] - Test Cases/2000_tresult/Return Passed: Test Cases/2000_tresult/Return Passed

24-09-2025T07:45:22 - [TEST_STEP][PASSED] - markPassed("Passed"): Passed

24-09-2025T07:45:22 - [MESSAGE][PASSED] - Passed

24-09-2025T07:45:24 - [TEST_STEP][PASSED] - Video: Video recording for test case 'Test Cases/2000_tresult/Return Passed' .

24-09-2025T07:45:24 - [MESSAGE][INFO] - Video recording for test case 'Test Cases/2000_tresult/Return Passed' .]]></system-out>
         <system-err><![CDATA[]]></system-err>
      </testcase>
      <testcase name="Test Cases/2000_tresult/Return Passed" time="2.012" classname="Test Cases/2000_tresult/Return Passed" status="PASSED">
         <system-out><![CDATA[24-09-2025T07:45:24 - [TEST_CASE][PASSED] - Test Cases/2000_tresult/Return Passed: Test Cases/2000_tresult/Return Passed

24-09-2025T07:45:24 - [TEST_STEP][PASSED] - markPassed("Passed"): Passed

24-09-2025T07:45:24 - [MESSAGE][PASSED] - Passed

24-09-2025T07:45:26 - [TEST_STEP][PASSED] - Video: Video recording for test case 'Test Cases/2000_tresult/Return Passed' .

24-09-2025T07:45:26 - [MESSAGE][INFO] - Video recording for test case 'Test Cases/2000_tresult/Return Passed' .]]></system-out>
         <system-err><![CDATA[]]></system-err>
      </testcase>
      <testcase name="Test Cases/2000_tresult/Return Passed" time="2.01" classname="Test Cases/2000_tresult/Return Passed" status="PASSED">
         <system-out><![CDATA[24-09-2025T07:45:26 - [TEST_CASE][PASSED] - Test Cases/2000_tresult/Return Passed: Test Cases/2000_tresult/Return Passed

24-09-2025T07:45:26 - [TEST_STEP][PASSED] - markPassed("Passed"): Passed

24-09-2025T07:45:26 - [MESSAGE][PASSED] - Passed

24-09-2025T07:45:28 - [TEST_STEP][PASSED] - Video: Video recording for test case 'Test Cases/2000_tresult/Return Passed' .

24-09-2025T07:45:28 - [MESSAGE][INFO] - Video recording for test case 'Test Cases/2000_tresult/Return Passed' .]]></system-out>
         <system-err><![CDATA[]]></system-err>
      </testcase>
      <testcase name="Test Cases/2000_tresult/Return Passed" time="2.009" classname="Test Cases/2000_tresult/Return Passed" status="PASSED">
         <system-out><![CDATA[24-09-2025T07:45:28 - [TEST_CASE][PASSED] - Test Cases/2000_tresult/Return Passed: Test Cases/2000_tresult/Return Passed

24-09-2025T07:45:28 - [TEST_STEP][PASSED] - markPassed("Passed"): Passed

24-09-2025T07:45:28 - [MESSAGE][PASSED] - Passed

24-09-2025T07:45:30 - [TEST_STEP][PASSED] - Video: Video recording for test case 'Test Cases/2000_tresult/Return Passed' .

24-09-2025T07:45:30 - [MESSAGE][INFO] - Video recording for test case 'Test Cases/2000_tresult/Return Passed' .]]></system-out>
         <system-err><![CDATA[]]></system-err>
      </testcase>
      <testcase name="Test Cases/2000_tresult/Return Passed" time="2.009" classname="Test Cases/2000_tresult/Return Passed" status="PASSED">
         <system-out><![CDATA[24-09-2025T07:45:30 - [TEST_CASE][PASSED] - Test Cases/2000_tresult/Return Passed: Test Cases/2000_tresult/Return Passed

24-09-2025T07:45:30 - [TEST_STEP][PASSED] - markPassed("Passed"): Passed

24-09-2025T07:45:30 - [MESSAGE][PASSED] - Passed

24-09-2025T07:45:32 - [TEST_STEP][PASSED] - Video: Video recording for test case 'Test Cases/2000_tresult/Return Passed' .

24-09-2025T07:45:32 - [MESSAGE][INFO] - Video recording for test case 'Test Cases/2000_tresult/Return Passed' .]]></system-out>
         <system-err><![CDATA[]]></system-err>
      </testcase>
      <testcase name="Test Cases/2000_tresult/Return Passed" time="2.01" classname="Test Cases/2000_tresult/Return Passed" status="PASSED">
         <system-out><![CDATA[24-09-2025T07:45:32 - [TEST_CASE][PASSED] - Test Cases/2000_tresult/Return Passed: Test Cases/2000_tresult/Return Passed

24-09-2025T07:45:32 - [TEST_STEP][PASSED] - markPassed("Passed"): Passed

24-09-2025T07:45:32 - [MESSAGE][PASSED] - Passed

24-09-2025T07:45:34 - [TEST_STEP][PASSED] - Video: Video recording for test case 'Test Cases/2000_tresult/Return Passed' .

24-09-2025T07:45:34 - [MESSAGE][INFO] - Video recording for test case 'Test Cases/2000_tresult/Return Passed' .]]></system-out>
         <system-err><![CDATA[]]></system-err>
      </testcase>
      <testcase name="Test Cases/2000_tresult/Return Passed" time="2.009" classname="Test Cases/2000_tresult/Return Passed" status="PASSED">
         <system-out><![CDATA[24-09-2025T07:45:34 - [TEST_CASE][PASSED] - Test Cases/2000_tresult/Return Passed: Test Cases/2000_tresult/Return Passed

24-09-2025T07:45:34 - [TEST_STEP][PASSED] - markPassed("Passed"): Passed

24-09-2025T07:45:34 - [MESSAGE][PASSED] - Passed

24-09-2025T07:45:36 - [TEST_STEP][PASSED] - Video: Video recording for test case 'Test Cases/2000_tresult/Return Passed' .

24-09-2025T07:45:36 - [MESSAGE][INFO] - Video recording for test case 'Test Cases/2000_tresult/Return Passed' .]]></system-out>
         <system-err><![CDATA[]]></system-err>
      </testcase>
      <testcase name="Test Cases/2000_tresult/Return Passed" time="2.015" classname="Test Cases/2000_tresult/Return Passed" status="PASSED">
         <system-out><![CDATA[24-09-2025T07:45:36 - [TEST_CASE][PASSED] - Test Cases/2000_tresult/Return Passed: Test Cases/2000_tresult/Return Passed

24-09-2025T07:45:36 - [TEST_STEP][PASSED] - markPassed("Passed"): Passed

24-09-2025T07:45:36 - [MESSAGE][PASSED] - Passed

24-09-2025T07:45:38 - [TEST_STEP][PASSED] - Video: Video recording for test case 'Test Cases/2000_tresult/Return Passed' .

24-09-2025T07:45:38 - [MESSAGE][INFO] - Video recording for test case 'Test Cases/2000_tresult/Return Passed' .]]></system-out>
         <system-err><![CDATA[]]></system-err>
      </testcase>
      <testcase name="Test Cases/2000_tresult/Return Passed" time="2.016" classname="Test Cases/2000_tresult/Return Passed" status="PASSED">
         <system-out><![CDATA[24-09-2025T07:45:38 - [TEST_CASE][PASSED] - Test Cases/2000_tresult/Return Passed: Test Cases/2000_tresult/Return Passed

24-09-2025T07:45:38 - [TEST_STEP][PASSED] - markPassed("Passed"): Passed

24-09-2025T07:45:38 - [MESSAGE][PASSED] - Passed

24-09-2025T07:45:40 - [TEST_STEP][PASSED] - Video: Video recording for test case 'Test Cases/2000_tresult/Return Passed' .

24-09-2025T07:45:40 - [MESSAGE][INFO] - Video recording for test case 'Test Cases/2000_tresult/Return Passed' .]]></system-out>
         <system-err><![CDATA[]]></system-err>
      </testcase>
      <testcase name="Test Cases/2000_tresult/Return Passed" time="2.009" classname="Test Cases/2000_tresult/Return Passed" status="PASSED">
         <system-out><![CDATA[24-09-2025T07:45:40 - [TEST_CASE][PASSED] - Test Cases/2000_tresult/Return Passed: Test Cases/2000_tresult/Return Passed

24-09-2025T07:45:40 - [TEST_STEP][PASSED] - markPassed("Passed"): Passed

24-09-2025T07:45:40 - [MESSAGE][PASSED] - Passed

24-09-2025T07:45:42 - [TEST_STEP][PASSED] - Video: Video recording for test case 'Test Cases/2000_tresult/Return Passed' .

24-09-2025T07:45:42 - [MESSAGE][INFO] - Video recording for test case 'Test Cases/2000_tresult/Return Passed' .]]></system-out>
         <system-err><![CDATA[]]></system-err>
      </testcase>
      <testcase name="Test Cases/2000_tresult/Return Passed" time="2.009" classname="Test Cases/2000_tresult/Return Passed" status="PASSED">
         <system-out><![CDATA[24-09-2025T07:45:42 - [TEST_CASE][PASSED] - Test Cases/2000_tresult/Return Passed: Test Cases/2000_tresult/Return Passed

24-09-2025T07:45:42 - [TEST_STEP][PASSED] - markPassed("Passed"): Passed

24-09-2025T07:45:42 - [MESSAGE][PASSED] - Passed

24-09-2025T07:45:44 - [TEST_STEP][PASSED] - Video: Video recording for test case 'Test Cases/2000_tresult/Return Passed' .

24-09-2025T07:45:44 - [MESSAGE][INFO] - Video recording for test case 'Test Cases/2000_tresult/Return Passed' .]]></system-out>
         <system-err><![CDATA[]]></system-err>
      </testcase>
      <testcase name="Test Cases/2000_tresult/Return Passed" time="2.016" classname="Test Cases/2000_tresult/Return Passed" status="PASSED">
         <system-out><![CDATA[24-09-2025T07:45:44 - [TEST_CASE][PASSED] - Test Cases/2000_tresult/Return Passed: Test Cases/2000_tresult/Return Passed

24-09-2025T07:45:44 - [TEST_STEP][PASSED] - markPassed("Passed"): Passed

24-09-2025T07:45:44 - [MESSAGE][PASSED] - Passed

24-09-2025T07:45:46 - [TEST_STEP][PASSED] - Video: Video recording for test case 'Test Cases/2000_tresult/Return Passed' .

24-09-2025T07:45:46 - [MESSAGE][INFO] - Video recording for test case 'Test Cases/2000_tresult/Return Passed' .]]></system-out>
         <system-err><![CDATA[]]></system-err>
      </testcase>
      <testcase name="Test Cases/2000_tresult/Return Passed" time="2.011" classname="Test Cases/2000_tresult/Return Passed" status="PASSED">
         <system-out><![CDATA[24-09-2025T07:45:46 - [TEST_CASE][PASSED] - Test Cases/2000_tresult/Return Passed: Test Cases/2000_tresult/Return Passed

24-09-2025T07:45:46 - [TEST_STEP][PASSED] - markPassed("Passed"): Passed

24-09-2025T07:45:46 - [MESSAGE][PASSED] - Passed

24-09-2025T07:45:48 - [TEST_STEP][PASSED] - Video: Video recording for test case 'Test Cases/2000_tresult/Return Passed' .

24-09-2025T07:45:48 - [MESSAGE][INFO] - Video recording for test case 'Test Cases/2000_tresult/Return Passed' .]]></system-out>
         <system-err><![CDATA[]]></system-err>
      </testcase>
      <testcase name="Test Cases/2000_tresult/Return Passed" time="2.007" classname="Test Cases/2000_tresult/Return Passed" status="PASSED">
         <system-out><![CDATA[24-09-2025T07:45:48 - [TEST_CASE][PASSED] - Test Cases/2000_tresult/Return Passed: Test Cases/2000_tresult/Return Passed

24-09-2025T07:45:48 - [TEST_STEP][PASSED] - markPassed("Passed"): Passed

24-09-2025T07:45:48 - [MESSAGE][PASSED] - Passed

24-09-2025T07:45:50 - [TEST_STEP][PASSED] - Video: Video recording for test case 'Test Cases/2000_tresult/Return Passed' .

24-09-2025T07:45:50 - [MESSAGE][INFO] - Video recording for test case 'Test Cases/2000_tresult/Return Passed' .]]></system-out>
         <system-err><![CDATA[]]></system-err>
      </testcase>
      <testcase name="Test Cases/2000_tresult/Return Passed" time="2.008" classname="Test Cases/2000_tresult/Return Passed" status="PASSED">
         <system-out><![CDATA[24-09-2025T07:45:50 - [TEST_CASE][PASSED] - Test Cases/2000_tresult/Return Passed: Test Cases/2000_tresult/Return Passed

24-09-2025T07:45:50 - [TEST_STEP][PASSED] - markPassed("Passed"): Passed

24-09-2025T07:45:50 - [MESSAGE][PASSED] - Passed

24-09-2025T07:45:52 - [TEST_STEP][PASSED] - Video: Video recording for test case 'Test Cases/2000_tresult/Return Passed' .

24-09-2025T07:45:52 - [MESSAGE][INFO] - Video recording for test case 'Test Cases/2000_tresult/Return Passed' .]]></system-out>
         <system-err><![CDATA[]]></system-err>
      </testcase>
      <testcase name="Test Cases/2000_tresult/Return Passed" time="2.009" classname="Test Cases/2000_tresult/Return Passed" status="PASSED">
         <system-out><![CDATA[24-09-2025T07:45:52 - [TEST_CASE][PASSED] - Test Cases/2000_tresult/Return Passed: Test Cases/2000_tresult/Return Passed

24-09-2025T07:45:52 - [TEST_STEP][PASSED] - markPassed("Passed"): Passed

24-09-2025T07:45:52 - [MESSAGE][PASSED] - Passed

24-09-2025T07:45:54 - [TEST_STEP][PASSED] - Video: Video recording for test case 'Test Cases/2000_tresult/Return Passed' .

24-09-2025T07:45:54 - [MESSAGE][INFO] - Video recording for test case 'Test Cases/2000_tresult/Return Passed' .]]></system-out>
         <system-err><![CDATA[]]></system-err>
      </testcase>
      <testcase name="Test Cases/2000_tresult/Return Passed" time="2.007" classname="Test Cases/2000_tresult/Return Passed" status="PASSED">
         <system-out><![CDATA[24-09-2025T07:45:54 - [TEST_CASE][PASSED] - Test Cases/2000_tresult/Return Passed: Test Cases/2000_tresult/Return Passed

24-09-2025T07:45:54 - [TEST_STEP][PASSED] - markPassed("Passed"): Passed

24-09-2025T07:45:54 - [MESSAGE][PASSED] - Passed

24-09-2025T07:45:56 - [TEST_STEP][PASSED] - Video: Video recording for test case 'Test Cases/2000_tresult/Return Passed' .

24-09-2025T07:45:56 - [MESSAGE][INFO] - Video recording for test case 'Test Cases/2000_tresult/Return Passed' .]]></system-out>
         <system-err><![CDATA[]]></system-err>
      </testcase>
      <testcase name="Test Cases/2000_tresult/Return Passed" time="2.009" classname="Test Cases/2000_tresult/Return Passed" status="PASSED">
         <system-out><![CDATA[24-09-2025T07:45:56 - [TEST_CASE][PASSED] - Test Cases/2000_tresult/Return Passed: Test Cases/2000_tresult/Return Passed

24-09-2025T07:45:56 - [TEST_STEP][PASSED] - markPassed("Passed"): Passed

24-09-2025T07:45:56 - [MESSAGE][PASSED] - Passed

24-09-2025T07:45:58 - [TEST_STEP][PASSED] - Video: Video recording for test case 'Test Cases/2000_tresult/Return Passed' .

24-09-2025T07:45:58 - [MESSAGE][INFO] - Video recording for test case 'Test Cases/2000_tresult/Return Passed' .]]></system-out>
         <system-err><![CDATA[]]></system-err>
      </testcase>
      <testcase name="Test Cases/2000_tresult/Return Passed" time="2.007" classname="Test Cases/2000_tresult/Return Passed" status="PASSED">
         <system-out><![CDATA[24-09-2025T07:45:58 - [TEST_CASE][PASSED] - Test Cases/2000_tresult/Return Passed: Test Cases/2000_tresult/Return Passed

24-09-2025T07:45:58 - [TEST_STEP][PASSED] - markPassed("Passed"): Passed

24-09-2025T07:45:58 - [MESSAGE][PASSED] - Passed

24-09-2025T07:46:00 - [TEST_STEP][PASSED] - Video: Video recording for test case 'Test Cases/2000_tresult/Return Passed' .

24-09-2025T07:46:00 - [MESSAGE][INFO] - Video recording for test case 'Test Cases/2000_tresult/Return Passed' .]]></system-out>
         <system-err><![CDATA[]]></system-err>
      </testcase>
      <testcase name="Test Cases/2000_tresult/Return Passed" time="2.009" classname="Test Cases/2000_tresult/Return Passed" status="PASSED">
         <system-out><![CDATA[24-09-2025T07:46:00 - [TEST_CASE][PASSED] - Test Cases/2000_tresult/Return Passed: Test Cases/2000_tresult/Return Passed

24-09-2025T07:46:00 - [TEST_STEP][PASSED] - markPassed("Passed"): Passed

24-09-2025T07:46:00 - [MESSAGE][PASSED] - Passed

24-09-2025T07:46:02 - [TEST_STEP][PASSED] - Video: Video recording for test case 'Test Cases/2000_tresult/Return Passed' .

24-09-2025T07:46:02 - [MESSAGE][INFO] - Video recording for test case 'Test Cases/2000_tresult/Return Passed' .]]></system-out>
         <system-err><![CDATA[]]></system-err>
      </testcase>
      <testcase name="Test Cases/2000_tresult/Return Passed" time="2.009" classname="Test Cases/2000_tresult/Return Passed" status="PASSED">
         <system-out><![CDATA[24-09-2025T07:46:02 - [TEST_CASE][PASSED] - Test Cases/2000_tresult/Return Passed: Test Cases/2000_tresult/Return Passed

24-09-2025T07:46:02 - [TEST_STEP][PASSED] - markPassed("Passed"): Passed

24-09-2025T07:46:02 - [MESSAGE][PASSED] - Passed

24-09-2025T07:46:04 - [TEST_STEP][PASSED] - Video: Video recording for test case 'Test Cases/2000_tresult/Return Passed' .

24-09-2025T07:46:04 - [MESSAGE][INFO] - Video recording for test case 'Test Cases/2000_tresult/Return Passed' .]]></system-out>
         <system-err><![CDATA[]]></system-err>
      </testcase>
      <testcase name="Test Cases/2000_tresult/Return Passed" time="2.008" classname="Test Cases/2000_tresult/Return Passed" status="PASSED">
         <system-out><![CDATA[24-09-2025T07:46:04 - [TEST_CASE][PASSED] - Test Cases/2000_tresult/Return Passed: Test Cases/2000_tresult/Return Passed

24-09-2025T07:46:04 - [TEST_STEP][PASSED] - markPassed("Passed"): Passed

24-09-2025T07:46:04 - [MESSAGE][PASSED] - Passed

24-09-2025T07:46:06 - [TEST_STEP][PASSED] - Video: Video recording for test case 'Test Cases/2000_tresult/Return Passed' .

24-09-2025T07:46:06 - [MESSAGE][INFO] - Video recording for test case 'Test Cases/2000_tresult/Return Passed' .]]></system-out>
         <system-err><![CDATA[]]></system-err>
      </testcase>
      <testcase name="Test Cases/2000_tresult/Return Passed" time="2.009" classname="Test Cases/2000_tresult/Return Passed" status="PASSED">
         <system-out><![CDATA[24-09-2025T07:46:06 - [TEST_CASE][PASSED] - Test Cases/2000_tresult/Return Passed: Test Cases/2000_tresult/Return Passed

24-09-2025T07:46:06 - [TEST_STEP][PASSED] - markPassed("Passed"): Passed

24-09-2025T07:46:06 - [MESSAGE][PASSED] - Passed

24-09-2025T07:46:08 - [TEST_STEP][PASSED] - Video: Video recording for test case 'Test Cases/2000_tresult/Return Passed' .

24-09-2025T07:46:08 - [MESSAGE][INFO] - Video recording for test case 'Test Cases/2000_tresult/Return Passed' .]]></system-out>
         <system-err><![CDATA[]]></system-err>
      </testcase>
      <testcase name="Test Cases/2000_tresult/Return Passed" time="2.01" classname="Test Cases/2000_tresult/Return Passed" status="PASSED">
         <system-out><![CDATA[24-09-2025T07:46:08 - [TEST_CASE][PASSED] - Test Cases/2000_tresult/Return Passed: Test Cases/2000_tresult/Return Passed

24-09-2025T07:46:08 - [TEST_STEP][PASSED] - markPassed("Passed"): Passed

24-09-2025T07:46:08 - [MESSAGE][PASSED] - Passed

24-09-2025T07:46:10 - [TEST_STEP][PASSED] - Video: Video recording for test case 'Test Cases/2000_tresult/Return Passed' .

24-09-2025T07:46:10 - [MESSAGE][INFO] - Video recording for test case 'Test Cases/2000_tresult/Return Passed' .]]></system-out>
         <system-err><![CDATA[]]></system-err>
      </testcase>
      <testcase name="Test Cases/2000_tresult/Return Passed" time="2.007" classname="Test Cases/2000_tresult/Return Passed" status="PASSED">
         <system-out><![CDATA[24-09-2025T07:46:10 - [TEST_CASE][PASSED] - Test Cases/2000_tresult/Return Passed: Test Cases/2000_tresult/Return Passed

24-09-2025T07:46:10 - [TEST_STEP][PASSED] - markPassed("Passed"): Passed

24-09-2025T07:46:10 - [MESSAGE][PASSED] - Passed

24-09-2025T07:46:12 - [TEST_STEP][PASSED] - Video: Video recording for test case 'Test Cases/2000_tresult/Return Passed' .

24-09-2025T07:46:12 - [MESSAGE][INFO] - Video recording for test case 'Test Cases/2000_tresult/Return Passed' .]]></system-out>
         <system-err><![CDATA[]]></system-err>
      </testcase>
      <testcase name="Test Cases/2000_tresult/Return Passed" time="2.009" classname="Test Cases/2000_tresult/Return Passed" status="PASSED">
         <system-out><![CDATA[24-09-2025T07:46:12 - [TEST_CASE][PASSED] - Test Cases/2000_tresult/Return Passed: Test Cases/2000_tresult/Return Passed

24-09-2025T07:46:12 - [TEST_STEP][PASSED] - markPassed("Passed"): Passed

24-09-2025T07:46:12 - [MESSAGE][PASSED] - Passed

24-09-2025T07:46:14 - [TEST_STEP][PASSED] - Video: Video recording for test case 'Test Cases/2000_tresult/Return Passed' .

24-09-2025T07:46:14 - [MESSAGE][INFO] - Video recording for test case 'Test Cases/2000_tresult/Return Passed' .]]></system-out>
         <system-err><![CDATA[]]></system-err>
      </testcase>
      <testcase name="Test Cases/2000_tresult/Return Passed" time="2.008" classname="Test Cases/2000_tresult/Return Passed" status="PASSED">
         <system-out><![CDATA[24-09-2025T07:46:14 - [TEST_CASE][PASSED] - Test Cases/2000_tresult/Return Passed: Test Cases/2000_tresult/Return Passed

24-09-2025T07:46:14 - [TEST_STEP][PASSED] - markPassed("Passed"): Passed

24-09-2025T07:46:14 - [MESSAGE][PASSED] - Passed

24-09-2025T07:46:16 - [TEST_STEP][PASSED] - Video: Video recording for test case 'Test Cases/2000_tresult/Return Passed' .

24-09-2025T07:46:16 - [MESSAGE][INFO] - Video recording for test case 'Test Cases/2000_tresult/Return Passed' .]]></system-out>
         <system-err><![CDATA[]]></system-err>
      </testcase>
      <testcase name="Test Cases/2000_tresult/Return Passed" time="2.009" classname="Test Cases/2000_tresult/Return Passed" status="PASSED">
         <system-out><![CDATA[24-09-2025T07:46:16 - [TEST_CASE][PASSED] - Test Cases/2000_tresult/Return Passed: Test Cases/2000_tresult/Return Passed

24-09-2025T07:46:16 - [TEST_STEP][PASSED] - markPassed("Passed"): Passed

24-09-2025T07:46:16 - [MESSAGE][PASSED] - Passed

24-09-2025T07:46:18 - [TEST_STEP][PASSED] - Video: Video recording for test case 'Test Cases/2000_tresult/Return Passed' .

24-09-2025T07:46:18 - [MESSAGE][INFO] - Video recording for test case 'Test Cases/2000_tresult/Return Passed' .]]></system-out>
         <system-err><![CDATA[]]></system-err>
      </testcase>
      <testcase name="Test Cases/2000_tresult/Return Passed" time="2.014" classname="Test Cases/2000_tresult/Return Passed" status="PASSED">
         <system-out><![CDATA[24-09-2025T07:46:18 - [TEST_CASE][PASSED] - Test Cases/2000_tresult/Return Passed: Test Cases/2000_tresult/Return Passed

24-09-2025T07:46:18 - [TEST_STEP][PASSED] - markPassed("Passed"): Passed

24-09-2025T07:46:18 - [MESSAGE][PASSED] - Passed

24-09-2025T07:46:20 - [TEST_STEP][PASSED] - Video: Video recording for test case 'Test Cases/2000_tresult/Return Passed' .

24-09-2025T07:46:20 - [MESSAGE][INFO] - Video recording for test case 'Test Cases/2000_tresult/Return Passed' .]]></system-out>
         <system-err><![CDATA[]]></system-err>
      </testcase>
      <testcase name="Test Cases/2000_tresult/Return Passed" time="2.012" classname="Test Cases/2000_tresult/Return Passed" status="PASSED">
         <system-out><![CDATA[24-09-2025T07:46:20 - [TEST_CASE][PASSED] - Test Cases/2000_tresult/Return Passed: Test Cases/2000_tresult/Return Passed

24-09-2025T07:46:20 - [TEST_STEP][PASSED] - markPassed("Passed"): Passed

24-09-2025T07:46:20 - [MESSAGE][PASSED] - Passed

24-09-2025T07:46:22 - [TEST_STEP][PASSED] - Video: Video recording for test case 'Test Cases/2000_tresult/Return Passed' .

24-09-2025T07:46:22 - [MESSAGE][INFO] - Video recording for test case 'Test Cases/2000_tresult/Return Passed' .]]></system-out>
         <system-err><![CDATA[]]></system-err>
      </testcase>
      <testcase name="Test Cases/2000_tresult/Return Passed" time="2.01" classname="Test Cases/2000_tresult/Return Passed" status="PASSED">
         <system-out><![CDATA[24-09-2025T07:46:22 - [TEST_CASE][PASSED] - Test Cases/2000_tresult/Return Passed: Test Cases/2000_tresult/Return Passed

24-09-2025T07:46:22 - [TEST_STEP][PASSED] - markPassed("Passed"): Passed

24-09-2025T07:46:22 - [MESSAGE][PASSED] - Passed

24-09-2025T07:46:24 - [TEST_STEP][PASSED] - Video: Video recording for test case 'Test Cases/2000_tresult/Return Passed' .

24-09-2025T07:46:24 - [MESSAGE][INFO] - Video recording for test case 'Test Cases/2000_tresult/Return Passed' .]]></system-out>
         <system-err><![CDATA[]]></system-err>
      </testcase>
      <testcase name="Test Cases/2000_tresult/Return Passed" time="2.009" classname="Test Cases/2000_tresult/Return Passed" status="PASSED">
         <system-out><![CDATA[24-09-2025T07:46:24 - [TEST_CASE][PASSED] - Test Cases/2000_tresult/Return Passed: Test Cases/2000_tresult/Return Passed

24-09-2025T07:46:24 - [TEST_STEP][PASSED] - markPassed("Passed"): Passed

24-09-2025T07:46:24 - [MESSAGE][PASSED] - Passed

24-09-2025T07:46:26 - [TEST_STEP][PASSED] - Video: Video recording for test case 'Test Cases/2000_tresult/Return Passed' .

24-09-2025T07:46:26 - [MESSAGE][INFO] - Video recording for test case 'Test Cases/2000_tresult/Return Passed' .]]></system-out>
         <system-err><![CDATA[]]></system-err>
      </testcase>
      <testcase name="Test Cases/2000_tresult/Return Passed" time="2.01" classname="Test Cases/2000_tresult/Return Passed" status="PASSED">
         <system-out><![CDATA[24-09-2025T07:46:26 - [TEST_CASE][PASSED] - Test Cases/2000_tresult/Return Passed: Test Cases/2000_tresult/Return Passed

24-09-2025T07:46:26 - [TEST_STEP][PASSED] - markPassed("Passed"): Passed

24-09-2025T07:46:26 - [MESSAGE][PASSED] - Passed

24-09-2025T07:46:28 - [TEST_STEP][PASSED] - Video: Video recording for test case 'Test Cases/2000_tresult/Return Passed' .

24-09-2025T07:46:28 - [MESSAGE][INFO] - Video recording for test case 'Test Cases/2000_tresult/Return Passed' .]]></system-out>
         <system-err><![CDATA[]]></system-err>
      </testcase>
      <testcase name="Test Cases/2000_tresult/Return Passed" time="2.007" classname="Test Cases/2000_tresult/Return Passed" status="PASSED">
         <system-out><![CDATA[24-09-2025T07:46:28 - [TEST_CASE][PASSED] - Test Cases/2000_tresult/Return Passed: Test Cases/2000_tresult/Return Passed

24-09-2025T07:46:28 - [TEST_STEP][PASSED] - markPassed("Passed"): Passed

24-09-2025T07:46:28 - [MESSAGE][PASSED] - Passed

24-09-2025T07:46:30 - [TEST_STEP][PASSED] - Video: Video recording for test case 'Test Cases/2000_tresult/Return Passed' .

24-09-2025T07:46:30 - [MESSAGE][INFO] - Video recording for test case 'Test Cases/2000_tresult/Return Passed' .]]></system-out>
         <system-err><![CDATA[]]></system-err>
      </testcase>
      <testcase name="Test Cases/2000_tresult/Return Passed" time="2.008" classname="Test Cases/2000_tresult/Return Passed" status="PASSED">
         <system-out><![CDATA[24-09-2025T07:46:30 - [TEST_CASE][PASSED] - Test Cases/2000_tresult/Return Passed: Test Cases/2000_tresult/Return Passed

24-09-2025T07:46:30 - [TEST_STEP][PASSED] - markPassed("Passed"): Passed

24-09-2025T07:46:30 - [MESSAGE][PASSED] - Passed

24-09-2025T07:46:32 - [TEST_STEP][PASSED] - Video: Video recording for test case 'Test Cases/2000_tresult/Return Passed' .

24-09-2025T07:46:32 - [MESSAGE][INFO] - Video recording for test case 'Test Cases/2000_tresult/Return Passed' .]]></system-out>
         <system-err><![CDATA[]]></system-err>
      </testcase>
      <testcase name="Test Cases/2000_tresult/Return Passed" time="2.008" classname="Test Cases/2000_tresult/Return Passed" status="PASSED">
         <system-out><![CDATA[24-09-2025T07:46:32 - [TEST_CASE][PASSED] - Test Cases/2000_tresult/Return Passed: Test Cases/2000_tresult/Return Passed

24-09-2025T07:46:32 - [TEST_STEP][PASSED] - markPassed("Passed"): Passed

24-09-2025T07:46:32 - [MESSAGE][PASSED] - Passed

24-09-2025T07:46:34 - [TEST_STEP][PASSED] - Video: Video recording for test case 'Test Cases/2000_tresult/Return Passed' .

24-09-2025T07:46:34 - [MESSAGE][INFO] - Video recording for test case 'Test Cases/2000_tresult/Return Passed' .]]></system-out>
         <system-err><![CDATA[]]></system-err>
      </testcase>
      <testcase name="Test Cases/2000_tresult/Return Passed" time="2.009" classname="Test Cases/2000_tresult/Return Passed" status="PASSED">
         <system-out><![CDATA[24-09-2025T07:46:34 - [TEST_CASE][PASSED] - Test Cases/2000_tresult/Return Passed: Test Cases/2000_tresult/Return Passed

24-09-2025T07:46:34 - [TEST_STEP][PASSED] - markPassed("Passed"): Passed

24-09-2025T07:46:34 - [MESSAGE][PASSED] - Passed

24-09-2025T07:46:36 - [TEST_STEP][PASSED] - Video: Video recording for test case 'Test Cases/2000_tresult/Return Passed' .

24-09-2025T07:46:36 - [MESSAGE][INFO] - Video recording for test case 'Test Cases/2000_tresult/Return Passed' .]]></system-out>
         <system-err><![CDATA[]]></system-err>
      </testcase>
      <testcase name="Test Cases/2000_tresult/Return Passed" time="2.019" classname="Test Cases/2000_tresult/Return Passed" status="PASSED">
         <system-out><![CDATA[24-09-2025T07:46:36 - [TEST_CASE][PASSED] - Test Cases/2000_tresult/Return Passed: Test Cases/2000_tresult/Return Passed

24-09-2025T07:46:36 - [TEST_STEP][PASSED] - markPassed("Passed"): Passed

24-09-2025T07:46:36 - [MESSAGE][PASSED] - Passed

24-09-2025T07:46:38 - [TEST_STEP][PASSED] - Video: Video recording for test case 'Test Cases/2000_tresult/Return Passed' .

24-09-2025T07:46:38 - [MESSAGE][INFO] - Video recording for test case 'Test Cases/2000_tresult/Return Passed' .]]></system-out>
         <system-err><![CDATA[]]></system-err>
      </testcase>
      <testcase name="Test Cases/2000_tresult/Return Passed" time="2.007" classname="Test Cases/2000_tresult/Return Passed" status="PASSED">
         <system-out><![CDATA[24-09-2025T07:46:38 - [TEST_CASE][PASSED] - Test Cases/2000_tresult/Return Passed: Test Cases/2000_tresult/Return Passed

24-09-2025T07:46:38 - [TEST_STEP][PASSED] - markPassed("Passed"): Passed

24-09-2025T07:46:38 - [MESSAGE][PASSED] - Passed

24-09-2025T07:46:40 - [TEST_STEP][PASSED] - Video: Video recording for test case 'Test Cases/2000_tresult/Return Passed' .

24-09-2025T07:46:40 - [MESSAGE][INFO] - Video recording for test case 'Test Cases/2000_tresult/Return Passed' .]]></system-out>
         <system-err><![CDATA[]]></system-err>
      </testcase>
      <testcase name="Test Cases/2000_tresult/Return Passed" time="2.009" classname="Test Cases/2000_tresult/Return Passed" status="PASSED">
         <system-out><![CDATA[24-09-2025T07:46:40 - [TEST_CASE][PASSED] - Test Cases/2000_tresult/Return Passed: Test Cases/2000_tresult/Return Passed

24-09-2025T07:46:40 - [TEST_STEP][PASSED] - markPassed("Passed"): Passed

24-09-2025T07:46:40 - [MESSAGE][PASSED] - Passed

24-09-2025T07:46:42 - [TEST_STEP][PASSED] - Video: Video recording for test case 'Test Cases/2000_tresult/Return Passed' .

24-09-2025T07:46:42 - [MESSAGE][INFO] - Video recording for test case 'Test Cases/2000_tresult/Return Passed' .]]></system-out>
         <system-err><![CDATA[]]></system-err>
      </testcase>
      <testcase name="Test Cases/2000_tresult/Return Passed" time="2.009" classname="Test Cases/2000_tresult/Return Passed" status="PASSED">
         <system-out><![CDATA[24-09-2025T07:46:42 - [TEST_CASE][PASSED] - Test Cases/2000_tresult/Return Passed: Test Cases/2000_tresult/Return Passed

24-09-2025T07:46:42 - [TEST_STEP][PASSED] - markPassed("Passed"): Passed

24-09-2025T07:46:42 - [MESSAGE][PASSED] - Passed

24-09-2025T07:46:44 - [TEST_STEP][PASSED] - Video: Video recording for test case 'Test Cases/2000_tresult/Return Passed' .

24-09-2025T07:46:44 - [MESSAGE][INFO] - Video recording for test case 'Test Cases/2000_tresult/Return Passed' .]]></system-out>
         <system-err><![CDATA[]]></system-err>
      </testcase>
      <testcase name="Test Cases/2000_tresult/Return Passed" time="2.007" classname="Test Cases/2000_tresult/Return Passed" status="PASSED">
         <system-out><![CDATA[24-09-2025T07:46:44 - [TEST_CASE][PASSED] - Test Cases/2000_tresult/Return Passed: Test Cases/2000_tresult/Return Passed

24-09-2025T07:46:44 - [TEST_STEP][PASSED] - markPassed("Passed"): Passed

24-09-2025T07:46:44 - [MESSAGE][PASSED] - Passed

24-09-2025T07:46:46 - [TEST_STEP][PASSED] - Video: Video recording for test case 'Test Cases/2000_tresult/Return Passed' .

24-09-2025T07:46:46 - [MESSAGE][INFO] - Video recording for test case 'Test Cases/2000_tresult/Return Passed' .]]></system-out>
         <system-err><![CDATA[]]></system-err>
      </testcase>
      <testcase name="Test Cases/2000_tresult/Return Passed" time="2.008" classname="Test Cases/2000_tresult/Return Passed" status="PASSED">
         <system-out><![CDATA[24-09-2025T07:46:46 - [TEST_CASE][PASSED] - Test Cases/2000_tresult/Return Passed: Test Cases/2000_tresult/Return Passed

24-09-2025T07:46:46 - [TEST_STEP][PASSED] - markPassed("Passed"): Passed

24-09-2025T07:46:46 - [MESSAGE][PASSED] - Passed

24-09-2025T07:46:48 - [TEST_STEP][PASSED] - Video: Video recording for test case 'Test Cases/2000_tresult/Return Passed' .

24-09-2025T07:46:48 - [MESSAGE][INFO] - Video recording for test case 'Test Cases/2000_tresult/Return Passed' .]]></system-out>
         <system-err><![CDATA[]]></system-err>
      </testcase>
      <testcase name="Test Cases/2000_tresult/Return Passed" time="2.007" classname="Test Cases/2000_tresult/Return Passed" status="PASSED">
         <system-out><![CDATA[24-09-2025T07:46:48 - [TEST_CASE][PASSED] - Test Cases/2000_tresult/Return Passed: Test Cases/2000_tresult/Return Passed

24-09-2025T07:46:48 - [TEST_STEP][PASSED] - markPassed("Passed"): Passed

24-09-2025T07:46:48 - [MESSAGE][PASSED] - Passed

24-09-2025T07:46:50 - [TEST_STEP][PASSED] - Video: Video recording for test case 'Test Cases/2000_tresult/Return Passed' .

24-09-2025T07:46:50 - [MESSAGE][INFO] - Video recording for test case 'Test Cases/2000_tresult/Return Passed' .]]></system-out>
         <system-err><![CDATA[]]></system-err>
      </testcase>
      <testcase name="Test Cases/2000_tresult/Return Passed" time="2.007" classname="Test Cases/2000_tresult/Return Passed" status="PASSED">
         <system-out><![CDATA[24-09-2025T07:46:50 - [TEST_CASE][PASSED] - Test Cases/2000_tresult/Return Passed: Test Cases/2000_tresult/Return Passed

24-09-2025T07:46:50 - [TEST_STEP][PASSED] - markPassed("Passed"): Passed

24-09-2025T07:46:50 - [MESSAGE][PASSED] - Passed

24-09-2025T07:46:52 - [TEST_STEP][PASSED] - Video: Video recording for test case 'Test Cases/2000_tresult/Return Passed' .

24-09-2025T07:46:52 - [MESSAGE][INFO] - Video recording for test case 'Test Cases/2000_tresult/Return Passed' .]]></system-out>
         <system-err><![CDATA[]]></system-err>
      </testcase>
      <testcase name="Test Cases/2000_tresult/Return Passed" time="2.008" classname="Test Cases/2000_tresult/Return Passed" status="PASSED">
         <system-out><![CDATA[24-09-2025T07:46:52 - [TEST_CASE][PASSED] - Test Cases/2000_tresult/Return Passed: Test Cases/2000_tresult/Return Passed

24-09-2025T07:46:52 - [TEST_STEP][PASSED] - markPassed("Passed"): Passed

24-09-2025T07:46:52 - [MESSAGE][PASSED] - Passed

24-09-2025T07:46:54 - [TEST_STEP][PASSED] - Video: Video recording for test case 'Test Cases/2000_tresult/Return Passed' .

24-09-2025T07:46:54 - [MESSAGE][INFO] - Video recording for test case 'Test Cases/2000_tresult/Return Passed' .]]></system-out>
         <system-err><![CDATA[]]></system-err>
      </testcase>
      <testcase name="Test Cases/2000_tresult/Return Passed" time="2.009" classname="Test Cases/2000_tresult/Return Passed" status="PASSED">
         <system-out><![CDATA[24-09-2025T07:46:54 - [TEST_CASE][PASSED] - Test Cases/2000_tresult/Return Passed: Test Cases/2000_tresult/Return Passed

24-09-2025T07:46:54 - [TEST_STEP][PASSED] - markPassed("Passed"): Passed

24-09-2025T07:46:54 - [MESSAGE][PASSED] - Passed

24-09-2025T07:46:56 - [TEST_STEP][PASSED] - Video: Video recording for test case 'Test Cases/2000_tresult/Return Passed' .

24-09-2025T07:46:56 - [MESSAGE][INFO] - Video recording for test case 'Test Cases/2000_tresult/Return Passed' .]]></system-out>
         <system-err><![CDATA[]]></system-err>
      </testcase>
      <testcase name="Test Cases/2000_tresult/Return Passed" time="2.01" classname="Test Cases/2000_tresult/Return Passed" status="PASSED">
         <system-out><![CDATA[24-09-2025T07:46:56 - [TEST_CASE][PASSED] - Test Cases/2000_tresult/Return Passed: Test Cases/2000_tresult/Return Passed

24-09-2025T07:46:56 - [TEST_STEP][PASSED] - markPassed("Passed"): Passed

24-09-2025T07:46:56 - [MESSAGE][PASSED] - Passed

24-09-2025T07:46:58 - [TEST_STEP][PASSED] - Video: Video recording for test case 'Test Cases/2000_tresult/Return Passed' .

24-09-2025T07:46:58 - [MESSAGE][INFO] - Video recording for test case 'Test Cases/2000_tresult/Return Passed' .]]></system-out>
         <system-err><![CDATA[]]></system-err>
      </testcase>
      <testcase name="Test Cases/2000_tresult/Return Passed" time="2.007" classname="Test Cases/2000_tresult/Return Passed" status="PASSED">
         <system-out><![CDATA[24-09-2025T07:46:58 - [TEST_CASE][PASSED] - Test Cases/2000_tresult/Return Passed: Test Cases/2000_tresult/Return Passed

24-09-2025T07:46:58 - [TEST_STEP][PASSED] - markPassed("Passed"): Passed

24-09-2025T07:46:58 - [MESSAGE][PASSED] - Passed

24-09-2025T07:47:00 - [TEST_STEP][PASSED] - Video: Video recording for test case 'Test Cases/2000_tresult/Return Passed' .

24-09-2025T07:47:00 - [MESSAGE][INFO] - Video recording for test case 'Test Cases/2000_tresult/Return Passed' .]]></system-out>
         <system-err><![CDATA[]]></system-err>
      </testcase>
      <testcase name="Test Cases/2000_tresult/Return Passed" time="2.007" classname="Test Cases/2000_tresult/Return Passed" status="PASSED">
         <system-out><![CDATA[24-09-2025T07:47:00 - [TEST_CASE][PASSED] - Test Cases/2000_tresult/Return Passed: Test Cases/2000_tresult/Return Passed

24-09-2025T07:47:00 - [TEST_STEP][PASSED] - markPassed("Passed"): Passed

24-09-2025T07:47:00 - [MESSAGE][PASSED] - Passed

24-09-2025T07:47:02 - [TEST_STEP][PASSED] - Video: Video recording for test case 'Test Cases/2000_tresult/Return Passed' .

24-09-2025T07:47:02 - [MESSAGE][INFO] - Video recording for test case 'Test Cases/2000_tresult/Return Passed' .]]></system-out>
         <system-err><![CDATA[]]></system-err>
      </testcase>
      <testcase name="Test Cases/2000_tresult/Return Passed" time="2.011" classname="Test Cases/2000_tresult/Return Passed" status="PASSED">
         <system-out><![CDATA[24-09-2025T07:47:02 - [TEST_CASE][PASSED] - Test Cases/2000_tresult/Return Passed: Test Cases/2000_tresult/Return Passed

24-09-2025T07:47:02 - [TEST_STEP][PASSED] - markPassed("Passed"): Passed

24-09-2025T07:47:02 - [MESSAGE][PASSED] - Passed

24-09-2025T07:47:04 - [TEST_STEP][PASSED] - Video: Video recording for test case 'Test Cases/2000_tresult/Return Passed' .

24-09-2025T07:47:04 - [MESSAGE][INFO] - Video recording for test case 'Test Cases/2000_tresult/Return Passed' .]]></system-out>
         <system-err><![CDATA[]]></system-err>
      </testcase>
      <testcase name="Test Cases/2000_tresult/Return Passed" time="2.007" classname="Test Cases/2000_tresult/Return Passed" status="PASSED">
         <system-out><![CDATA[24-09-2025T07:47:04 - [TEST_CASE][PASSED] - Test Cases/2000_tresult/Return Passed: Test Cases/2000_tresult/Return Passed

24-09-2025T07:47:04 - [TEST_STEP][PASSED] - markPassed("Passed"): Passed

24-09-2025T07:47:04 - [MESSAGE][PASSED] - Passed

24-09-2025T07:47:06 - [TEST_STEP][PASSED] - Video: Video recording for test case 'Test Cases/2000_tresult/Return Passed' .

24-09-2025T07:47:06 - [MESSAGE][INFO] - Video recording for test case 'Test Cases/2000_tresult/Return Passed' .]]></system-out>
         <system-err><![CDATA[]]></system-err>
      </testcase>
      <testcase name="Test Cases/2000_tresult/Return Passed" time="2.009" classname="Test Cases/2000_tresult/Return Passed" status="PASSED">
         <system-out><![CDATA[24-09-2025T07:47:06 - [TEST_CASE][PASSED] - Test Cases/2000_tresult/Return Passed: Test Cases/2000_tresult/Return Passed

24-09-2025T07:47:06 - [TEST_STEP][PASSED] - markPassed("Passed"): Passed

24-09-2025T07:47:06 - [MESSAGE][PASSED] - Passed

24-09-2025T07:47:08 - [TEST_STEP][PASSED] - Video: Video recording for test case 'Test Cases/2000_tresult/Return Passed' .

24-09-2025T07:47:08 - [MESSAGE][INFO] - Video recording for test case 'Test Cases/2000_tresult/Return Passed' .]]></system-out>
         <system-err><![CDATA[]]></system-err>
      </testcase>
      <system-out><![CDATA[24-09-2025T07:43:47 - [TEST_STEP][PASSED] - Start listener action : sampleBeforeTestSuite: null

24-09-2025T07:43:47 - [TEST_STEP][PASSED] - KatalonHelper.updateInfo(): null

24-09-2025T07:43:47 - [TEST_SUITE][PASSED] - 100_tc: null]]></system-out>
      <system-err><![CDATA[]]></system-err>
   </testsuite>
</testsuites>
