<?xml version="1.0" encoding="UTF-8"?>
<testsuites name="100_tc" time="202.005" tests="100" failures="0" errors="0">
   <testsuite name="100_tc" tests="100" failures="0" errors="0" time="202.005" skipped="0" timestamp="2025-09-24T04:51:07.823Z" hostname="agent - 14475linalllatest-778570-katalon-agent-qkjpz" id="Test Suites/100_tc">
      <properties>
         <property name="deviceName" value=""/>
         <property name="devicePlatform"/>
         <property name="logFolder" value="/work/test-project/56609/Reports/20250924_045101/100_tc/20250924_045102"/>
         <property name="logFiles" value="/work/test-project/56609/Reports/20250924_045101/100_tc/20250924_045102/console0.log, /work/test-project/56609/Reports/20250924_045101/100_tc/20250924_045102/execution0.log"/>
         <property name="attachments" value=""/>
         <property name="userFullName" value="Man Hua"/>
         <property name="hostName" value="agent - 14475linalllatest-778570-katalon-agent-qkjpz"/>
         <property name="hostAddress" value="10.10.9.66"/>
         <property name="projectName" value="Demo-Bulk-Operation"/>
         <property name="os" value="Linux 64bit"/>
         <property name="katalonVersion" value="10.3.1.0"/>
      </properties>
      <testcase name="Test Cases/2000_tresult/Return Passed" time="2.216" classname="Test Cases/2000_tresult/Return Passed" status="PASSED">
         <system-out><![CDATA[24-09-2025T04:51:08 - [TEST_CASE][PASSED] - Test Cases/2000_tresult/Return Passed: Test Cases/2000_tresult/Return Passed

24-09-2025T04:51:08 - [TEST_STEP][PASSED] - markPassed("Passed"): Passed

24-09-2025T04:51:08 - [MESSAGE][PASSED] - Passed

24-09-2025T04:51:10 - [TEST_STEP][PASSED] - Video: Video recording for test case 'Test Cases/2000_tresult/Return Passed' .

24-09-2025T04:51:10 - [MESSAGE][INFO] - Video recording for test case 'Test Cases/2000_tresult/Return Passed' .]]></system-out>
         <system-err><![CDATA[]]></system-err>
      </testcase>
      <testcase name="Test Cases/2000_tresult/Return Passed" time="2.018" classname="Test Cases/2000_tresult/Return Passed" status="PASSED">
         <system-out><![CDATA[24-09-2025T04:51:10 - [TEST_CASE][PASSED] - Test Cases/2000_tresult/Return Passed: Test Cases/2000_tresult/Return Passed

24-09-2025T04:51:10 - [TEST_STEP][PASSED] - markPassed("Passed"): Passed

24-09-2025T04:51:10 - [MESSAGE][PASSED] - Passed

24-09-2025T04:51:12 - [TEST_STEP][PASSED] - Video: Video recording for test case 'Test Cases/2000_tresult/Return Passed' .

24-09-2025T04:51:12 - [MESSAGE][INFO] - Video recording for test case 'Test Cases/2000_tresult/Return Passed' .]]></system-out>
         <system-err><![CDATA[]]></system-err>
      </testcase>
      <testcase name="Test Cases/2000_tresult/Return Passed" time="2.02" classname="Test Cases/2000_tresult/Return Passed" status="PASSED">
         <system-out><![CDATA[24-09-2025T04:51:12 - [TEST_CASE][PASSED] - Test Cases/2000_tresult/Return Passed: Test Cases/2000_tresult/Return Passed

24-09-2025T04:51:12 - [TEST_STEP][PASSED] - markPassed("Passed"): Passed

24-09-2025T04:51:12 - [MESSAGE][PASSED] - Passed

24-09-2025T04:51:14 - [TEST_STEP][PASSED] - Video: Video recording for test case 'Test Cases/2000_tresult/Return Passed' .

24-09-2025T04:51:14 - [MESSAGE][INFO] - Video recording for test case 'Test Cases/2000_tresult/Return Passed' .]]></system-out>
         <system-err><![CDATA[]]></system-err>
      </testcase>
      <testcase name="Test Cases/2000_tresult/Return Passed" time="2.015" classname="Test Cases/2000_tresult/Return Passed" status="PASSED">
         <system-out><![CDATA[24-09-2025T04:51:14 - [TEST_CASE][PASSED] - Test Cases/2000_tresult/Return Passed: Test Cases/2000_tresult/Return Passed

24-09-2025T04:51:14 - [TEST_STEP][PASSED] - markPassed("Passed"): Passed

24-09-2025T04:51:14 - [MESSAGE][PASSED] - Passed

24-09-2025T04:51:16 - [TEST_STEP][PASSED] - Video: Video recording for test case 'Test Cases/2000_tresult/Return Passed' .

24-09-2025T04:51:16 - [MESSAGE][INFO] - Video recording for test case 'Test Cases/2000_tresult/Return Passed' .]]></system-out>
         <system-err><![CDATA[]]></system-err>
      </testcase>
      <testcase name="Test Cases/2000_tresult/Return Passed" time="2.014" classname="Test Cases/2000_tresult/Return Passed" status="PASSED">
         <system-out><![CDATA[24-09-2025T04:51:16 - [TEST_CASE][PASSED] - Test Cases/2000_tresult/Return Passed: Test Cases/2000_tresult/Return Passed

24-09-2025T04:51:16 - [TEST_STEP][PASSED] - markPassed("Passed"): Passed

24-09-2025T04:51:16 - [MESSAGE][PASSED] - Passed

24-09-2025T04:51:18 - [TEST_STEP][PASSED] - Video: Video recording for test case 'Test Cases/2000_tresult/Return Passed' .

24-09-2025T04:51:18 - [MESSAGE][INFO] - Video recording for test case 'Test Cases/2000_tresult/Return Passed' .]]></system-out>
         <system-err><![CDATA[]]></system-err>
      </testcase>
      <testcase name="Test Cases/2000_tresult/Return Passed" time="2.013" classname="Test Cases/2000_tresult/Return Passed" status="PASSED">
         <system-out><![CDATA[24-09-2025T04:51:18 - [TEST_CASE][PASSED] - Test Cases/2000_tresult/Return Passed: Test Cases/2000_tresult/Return Passed

24-09-2025T04:51:18 - [TEST_STEP][PASSED] - markPassed("Passed"): Passed

24-09-2025T04:51:18 - [MESSAGE][PASSED] - Passed

24-09-2025T04:51:20 - [TEST_STEP][PASSED] - Video: Video recording for test case 'Test Cases/2000_tresult/Return Passed' .

24-09-2025T04:51:20 - [MESSAGE][INFO] - Video recording for test case 'Test Cases/2000_tresult/Return Passed' .]]></system-out>
         <system-err><![CDATA[]]></system-err>
      </testcase>
      <testcase name="Test Cases/2000_tresult/Return Passed" time="2.012" classname="Test Cases/2000_tresult/Return Passed" status="PASSED">
         <system-out><![CDATA[24-09-2025T04:51:20 - [TEST_CASE][PASSED] - Test Cases/2000_tresult/Return Passed: Test Cases/2000_tresult/Return Passed

24-09-2025T04:51:20 - [TEST_STEP][PASSED] - markPassed("Passed"): Passed

24-09-2025T04:51:20 - [MESSAGE][PASSED] - Passed

24-09-2025T04:51:22 - [TEST_STEP][PASSED] - Video: Video recording for test case 'Test Cases/2000_tresult/Return Passed' .

24-09-2025T04:51:22 - [MESSAGE][INFO] - Video recording for test case 'Test Cases/2000_tresult/Return Passed' .]]></system-out>
         <system-err><![CDATA[]]></system-err>
      </testcase>
      <testcase name="Test Cases/2000_tresult/Return Passed" time="2.011" classname="Test Cases/2000_tresult/Return Passed" status="PASSED">
         <system-out><![CDATA[24-09-2025T04:51:22 - [TEST_CASE][PASSED] - Test Cases/2000_tresult/Return Passed: Test Cases/2000_tresult/Return Passed

24-09-2025T04:51:22 - [TEST_STEP][PASSED] - markPassed("Passed"): Passed

24-09-2025T04:51:22 - [MESSAGE][PASSED] - Passed

24-09-2025T04:51:24 - [TEST_STEP][PASSED] - Video: Video recording for test case 'Test Cases/2000_tresult/Return Passed' .

24-09-2025T04:51:24 - [MESSAGE][INFO] - Video recording for test case 'Test Cases/2000_tresult/Return Passed' .]]></system-out>
         <system-err><![CDATA[]]></system-err>
      </testcase>
      <testcase name="Test Cases/2000_tresult/Return Passed" time="2.026" classname="Test Cases/2000_tresult/Return Passed" status="PASSED">
         <system-out><![CDATA[24-09-2025T04:51:24 - [TEST_CASE][PASSED] - Test Cases/2000_tresult/Return Passed: Test Cases/2000_tresult/Return Passed

24-09-2025T04:51:24 - [TEST_STEP][PASSED] - markPassed("Passed"): Passed

24-09-2025T04:51:24 - [MESSAGE][PASSED] - Passed

24-09-2025T04:51:26 - [TEST_STEP][PASSED] - Video: Video recording for test case 'Test Cases/2000_tresult/Return Passed' .

24-09-2025T04:51:26 - [MESSAGE][INFO] - Video recording for test case 'Test Cases/2000_tresult/Return Passed' .]]></system-out>
         <system-err><![CDATA[]]></system-err>
      </testcase>
      <testcase name="Test Cases/2000_tresult/Return Passed" time="2.016" classname="Test Cases/2000_tresult/Return Passed" status="PASSED">
         <system-out><![CDATA[24-09-2025T04:51:26 - [TEST_CASE][PASSED] - Test Cases/2000_tresult/Return Passed: Test Cases/2000_tresult/Return Passed

24-09-2025T04:51:26 - [TEST_STEP][PASSED] - markPassed("Passed"): Passed

24-09-2025T04:51:26 - [MESSAGE][PASSED] - Passed

24-09-2025T04:51:28 - [TEST_STEP][PASSED] - Video: Video recording for test case 'Test Cases/2000_tresult/Return Passed' .

24-09-2025T04:51:28 - [MESSAGE][INFO] - Video recording for test case 'Test Cases/2000_tresult/Return Passed' .]]></system-out>
         <system-err><![CDATA[]]></system-err>
      </testcase>
      <testcase name="Test Cases/2000_tresult/Return Passed" time="2.016" classname="Test Cases/2000_tresult/Return Passed" status="PASSED">
         <system-out><![CDATA[24-09-2025T04:51:28 - [TEST_CASE][PASSED] - Test Cases/2000_tresult/Return Passed: Test Cases/2000_tresult/Return Passed

24-09-2025T04:51:28 - [TEST_STEP][PASSED] - markPassed("Passed"): Passed

24-09-2025T04:51:28 - [MESSAGE][PASSED] - Passed

24-09-2025T04:51:30 - [TEST_STEP][PASSED] - Video: Video recording for test case 'Test Cases/2000_tresult/Return Passed' .

24-09-2025T04:51:30 - [MESSAGE][INFO] - Video recording for test case 'Test Cases/2000_tresult/Return Passed' .]]></system-out>
         <system-err><![CDATA[]]></system-err>
      </testcase>
      <testcase name="Test Cases/2000_tresult/Return Passed" time="2.012" classname="Test Cases/2000_tresult/Return Passed" status="PASSED">
         <system-out><![CDATA[24-09-2025T04:51:30 - [TEST_CASE][PASSED] - Test Cases/2000_tresult/Return Passed: Test Cases/2000_tresult/Return Passed

24-09-2025T04:51:30 - [TEST_STEP][PASSED] - markPassed("Passed"): Passed

24-09-2025T04:51:30 - [MESSAGE][PASSED] - Passed

24-09-2025T04:51:32 - [TEST_STEP][PASSED] - Video: Video recording for test case 'Test Cases/2000_tresult/Return Passed' .

24-09-2025T04:51:32 - [MESSAGE][INFO] - Video recording for test case 'Test Cases/2000_tresult/Return Passed' .]]></system-out>
         <system-err><![CDATA[]]></system-err>
      </testcase>
      <testcase name="Test Cases/2000_tresult/Return Passed" time="2.012" classname="Test Cases/2000_tresult/Return Passed" status="PASSED">
         <system-out><![CDATA[24-09-2025T04:51:32 - [TEST_CASE][PASSED] - Test Cases/2000_tresult/Return Passed: Test Cases/2000_tresult/Return Passed

24-09-2025T04:51:32 - [TEST_STEP][PASSED] - markPassed("Passed"): Passed

24-09-2025T04:51:32 - [MESSAGE][PASSED] - Passed

24-09-2025T04:51:34 - [TEST_STEP][PASSED] - Video: Video recording for test case 'Test Cases/2000_tresult/Return Passed' .

24-09-2025T04:51:34 - [MESSAGE][INFO] - Video recording for test case 'Test Cases/2000_tresult/Return Passed' .]]></system-out>
         <system-err><![CDATA[]]></system-err>
      </testcase>
      <testcase name="Test Cases/2000_tresult/Return Passed" time="2.012" classname="Test Cases/2000_tresult/Return Passed" status="PASSED">
         <system-out><![CDATA[24-09-2025T04:51:34 - [TEST_CASE][PASSED] - Test Cases/2000_tresult/Return Passed: Test Cases/2000_tresult/Return Passed

24-09-2025T04:51:34 - [TEST_STEP][PASSED] - markPassed("Passed"): Passed

24-09-2025T04:51:34 - [MESSAGE][PASSED] - Passed

24-09-2025T04:51:36 - [TEST_STEP][PASSED] - Video: Video recording for test case 'Test Cases/2000_tresult/Return Passed' .

24-09-2025T04:51:36 - [MESSAGE][INFO] - Video recording for test case 'Test Cases/2000_tresult/Return Passed' .]]></system-out>
         <system-err><![CDATA[]]></system-err>
      </testcase>
      <testcase name="Test Cases/2000_tresult/Return Passed" time="2.012" classname="Test Cases/2000_tresult/Return Passed" status="PASSED">
         <system-out><![CDATA[24-09-2025T04:51:36 - [TEST_CASE][PASSED] - Test Cases/2000_tresult/Return Passed: Test Cases/2000_tresult/Return Passed

24-09-2025T04:51:36 - [TEST_STEP][PASSED] - markPassed("Passed"): Passed

24-09-2025T04:51:36 - [MESSAGE][PASSED] - Passed

24-09-2025T04:51:38 - [TEST_STEP][PASSED] - Video: Video recording for test case 'Test Cases/2000_tresult/Return Passed' .

24-09-2025T04:51:38 - [MESSAGE][INFO] - Video recording for test case 'Test Cases/2000_tresult/Return Passed' .]]></system-out>
         <system-err><![CDATA[]]></system-err>
      </testcase>
      <testcase name="Test Cases/2000_tresult/Return Passed" time="2.011" classname="Test Cases/2000_tresult/Return Passed" status="PASSED">
         <system-out><![CDATA[24-09-2025T04:51:38 - [TEST_CASE][PASSED] - Test Cases/2000_tresult/Return Passed: Test Cases/2000_tresult/Return Passed

24-09-2025T04:51:38 - [TEST_STEP][PASSED] - markPassed("Passed"): Passed

24-09-2025T04:51:38 - [MESSAGE][PASSED] - Passed

24-09-2025T04:51:40 - [TEST_STEP][PASSED] - Video: Video recording for test case 'Test Cases/2000_tresult/Return Passed' .

24-09-2025T04:51:40 - [MESSAGE][INFO] - Video recording for test case 'Test Cases/2000_tresult/Return Passed' .]]></system-out>
         <system-err><![CDATA[]]></system-err>
      </testcase>
      <testcase name="Test Cases/2000_tresult/Return Passed" time="2.011" classname="Test Cases/2000_tresult/Return Passed" status="PASSED">
         <system-out><![CDATA[24-09-2025T04:51:40 - [TEST_CASE][PASSED] - Test Cases/2000_tresult/Return Passed: Test Cases/2000_tresult/Return Passed

24-09-2025T04:51:40 - [TEST_STEP][PASSED] - markPassed("Passed"): Passed

24-09-2025T04:51:40 - [MESSAGE][PASSED] - Passed

24-09-2025T04:51:42 - [TEST_STEP][PASSED] - Video: Video recording for test case 'Test Cases/2000_tresult/Return Passed' .

24-09-2025T04:51:42 - [MESSAGE][INFO] - Video recording for test case 'Test Cases/2000_tresult/Return Passed' .]]></system-out>
         <system-err><![CDATA[]]></system-err>
      </testcase>
      <testcase name="Test Cases/2000_tresult/Return Passed" time="2.01" classname="Test Cases/2000_tresult/Return Passed" status="PASSED">
         <system-out><![CDATA[24-09-2025T04:51:42 - [TEST_CASE][PASSED] - Test Cases/2000_tresult/Return Passed: Test Cases/2000_tresult/Return Passed

24-09-2025T04:51:42 - [TEST_STEP][PASSED] - markPassed("Passed"): Passed

24-09-2025T04:51:42 - [MESSAGE][PASSED] - Passed

24-09-2025T04:51:44 - [TEST_STEP][PASSED] - Video: Video recording for test case 'Test Cases/2000_tresult/Return Passed' .

24-09-2025T04:51:44 - [MESSAGE][INFO] - Video recording for test case 'Test Cases/2000_tresult/Return Passed' .]]></system-out>
         <system-err><![CDATA[]]></system-err>
      </testcase>
      <testcase name="Test Cases/2000_tresult/Return Passed" time="2.01" classname="Test Cases/2000_tresult/Return Passed" status="PASSED">
         <system-out><![CDATA[24-09-2025T04:51:44 - [TEST_CASE][PASSED] - Test Cases/2000_tresult/Return Passed: Test Cases/2000_tresult/Return Passed

24-09-2025T04:51:44 - [TEST_STEP][PASSED] - markPassed("Passed"): Passed

24-09-2025T04:51:44 - [MESSAGE][PASSED] - Passed

24-09-2025T04:51:46 - [TEST_STEP][PASSED] - Video: Video recording for test case 'Test Cases/2000_tresult/Return Passed' .

24-09-2025T04:51:46 - [MESSAGE][INFO] - Video recording for test case 'Test Cases/2000_tresult/Return Passed' .]]></system-out>
         <system-err><![CDATA[]]></system-err>
      </testcase>
      <testcase name="Test Cases/2000_tresult/Return Passed" time="2.013" classname="Test Cases/2000_tresult/Return Passed" status="PASSED">
         <system-out><![CDATA[24-09-2025T04:51:46 - [TEST_CASE][PASSED] - Test Cases/2000_tresult/Return Passed: Test Cases/2000_tresult/Return Passed

24-09-2025T04:51:46 - [TEST_STEP][PASSED] - markPassed("Passed"): Passed

24-09-2025T04:51:46 - [MESSAGE][PASSED] - Passed

24-09-2025T04:51:48 - [TEST_STEP][PASSED] - Video: Video recording for test case 'Test Cases/2000_tresult/Return Passed' .

24-09-2025T04:51:48 - [MESSAGE][INFO] - Video recording for test case 'Test Cases/2000_tresult/Return Passed' .]]></system-out>
         <system-err><![CDATA[]]></system-err>
      </testcase>
      <testcase name="Test Cases/2000_tresult/Return Passed" time="2.012" classname="Test Cases/2000_tresult/Return Passed" status="PASSED">
         <system-out><![CDATA[24-09-2025T04:51:48 - [TEST_CASE][PASSED] - Test Cases/2000_tresult/Return Passed: Test Cases/2000_tresult/Return Passed

24-09-2025T04:51:48 - [TEST_STEP][PASSED] - markPassed("Passed"): Passed

24-09-2025T04:51:48 - [MESSAGE][PASSED] - Passed

24-09-2025T04:51:50 - [TEST_STEP][PASSED] - Video: Video recording for test case 'Test Cases/2000_tresult/Return Passed' .

24-09-2025T04:51:50 - [MESSAGE][INFO] - Video recording for test case 'Test Cases/2000_tresult/Return Passed' .]]></system-out>
         <system-err><![CDATA[]]></system-err>
      </testcase>
      <testcase name="Test Cases/2000_tresult/Return Passed" time="2.01" classname="Test Cases/2000_tresult/Return Passed" status="PASSED">
         <system-out><![CDATA[24-09-2025T04:51:50 - [TEST_CASE][PASSED] - Test Cases/2000_tresult/Return Passed: Test Cases/2000_tresult/Return Passed

24-09-2025T04:51:50 - [TEST_STEP][PASSED] - markPassed("Passed"): Passed

24-09-2025T04:51:50 - [MESSAGE][PASSED] - Passed

24-09-2025T04:51:52 - [TEST_STEP][PASSED] - Video: Video recording for test case 'Test Cases/2000_tresult/Return Passed' .

24-09-2025T04:51:52 - [MESSAGE][INFO] - Video recording for test case 'Test Cases/2000_tresult/Return Passed' .]]></system-out>
         <system-err><![CDATA[]]></system-err>
      </testcase>
      <testcase name="Test Cases/2000_tresult/Return Passed" time="2.011" classname="Test Cases/2000_tresult/Return Passed" status="PASSED">
         <system-out><![CDATA[24-09-2025T04:51:52 - [TEST_CASE][PASSED] - Test Cases/2000_tresult/Return Passed: Test Cases/2000_tresult/Return Passed

24-09-2025T04:51:52 - [TEST_STEP][PASSED] - markPassed("Passed"): Passed

24-09-2025T04:51:52 - [MESSAGE][PASSED] - Passed

24-09-2025T04:51:54 - [TEST_STEP][PASSED] - Video: Video recording for test case 'Test Cases/2000_tresult/Return Passed' .

24-09-2025T04:51:54 - [MESSAGE][INFO] - Video recording for test case 'Test Cases/2000_tresult/Return Passed' .]]></system-out>
         <system-err><![CDATA[]]></system-err>
      </testcase>
      <testcase name="Test Cases/2000_tresult/Return Passed" time="2.016" classname="Test Cases/2000_tresult/Return Passed" status="PASSED">
         <system-out><![CDATA[24-09-2025T04:51:54 - [TEST_CASE][PASSED] - Test Cases/2000_tresult/Return Passed: Test Cases/2000_tresult/Return Passed

24-09-2025T04:51:54 - [TEST_STEP][PASSED] - markPassed("Passed"): Passed

24-09-2025T04:51:54 - [MESSAGE][PASSED] - Passed

24-09-2025T04:51:56 - [TEST_STEP][PASSED] - Video: Video recording for test case 'Test Cases/2000_tresult/Return Passed' .

24-09-2025T04:51:56 - [MESSAGE][INFO] - Video recording for test case 'Test Cases/2000_tresult/Return Passed' .]]></system-out>
         <system-err><![CDATA[]]></system-err>
      </testcase>
      <testcase name="Test Cases/2000_tresult/Return Passed" time="2.011" classname="Test Cases/2000_tresult/Return Passed" status="PASSED">
         <system-out><![CDATA[24-09-2025T04:51:56 - [TEST_CASE][PASSED] - Test Cases/2000_tresult/Return Passed: Test Cases/2000_tresult/Return Passed

24-09-2025T04:51:56 - [TEST_STEP][PASSED] - markPassed("Passed"): Passed

24-09-2025T04:51:56 - [MESSAGE][PASSED] - Passed

24-09-2025T04:51:58 - [TEST_STEP][PASSED] - Video: Video recording for test case 'Test Cases/2000_tresult/Return Passed' .

24-09-2025T04:51:58 - [MESSAGE][INFO] - Video recording for test case 'Test Cases/2000_tresult/Return Passed' .]]></system-out>
         <system-err><![CDATA[]]></system-err>
      </testcase>
      <testcase name="Test Cases/2000_tresult/Return Passed" time="2.014" classname="Test Cases/2000_tresult/Return Passed" status="PASSED">
         <system-out><![CDATA[24-09-2025T04:51:58 - [TEST_CASE][PASSED] - Test Cases/2000_tresult/Return Passed: Test Cases/2000_tresult/Return Passed

24-09-2025T04:51:58 - [TEST_STEP][PASSED] - markPassed("Passed"): Passed

24-09-2025T04:51:58 - [MESSAGE][PASSED] - Passed

24-09-2025T04:52:00 - [TEST_STEP][PASSED] - Video: Video recording for test case 'Test Cases/2000_tresult/Return Passed' .

24-09-2025T04:52:00 - [MESSAGE][INFO] - Video recording for test case 'Test Cases/2000_tresult/Return Passed' .]]></system-out>
         <system-err><![CDATA[]]></system-err>
      </testcase>
      <testcase name="Test Cases/2000_tresult/Return Passed" time="2.01" classname="Test Cases/2000_tresult/Return Passed" status="PASSED">
         <system-out><![CDATA[24-09-2025T04:52:00 - [TEST_CASE][PASSED] - Test Cases/2000_tresult/Return Passed: Test Cases/2000_tresult/Return Passed

24-09-2025T04:52:00 - [TEST_STEP][PASSED] - markPassed("Passed"): Passed

24-09-2025T04:52:00 - [MESSAGE][PASSED] - Passed

24-09-2025T04:52:02 - [TEST_STEP][PASSED] - Video: Video recording for test case 'Test Cases/2000_tresult/Return Passed' .

24-09-2025T04:52:02 - [MESSAGE][INFO] - Video recording for test case 'Test Cases/2000_tresult/Return Passed' .]]></system-out>
         <system-err><![CDATA[]]></system-err>
      </testcase>
      <testcase name="Test Cases/2000_tresult/Return Passed" time="2.013" classname="Test Cases/2000_tresult/Return Passed" status="PASSED">
         <system-out><![CDATA[24-09-2025T04:52:02 - [TEST_CASE][PASSED] - Test Cases/2000_tresult/Return Passed: Test Cases/2000_tresult/Return Passed

24-09-2025T04:52:02 - [TEST_STEP][PASSED] - markPassed("Passed"): Passed

24-09-2025T04:52:02 - [MESSAGE][PASSED] - Passed

24-09-2025T04:52:04 - [TEST_STEP][PASSED] - Video: Video recording for test case 'Test Cases/2000_tresult/Return Passed' .

24-09-2025T04:52:04 - [MESSAGE][INFO] - Video recording for test case 'Test Cases/2000_tresult/Return Passed' .]]></system-out>
         <system-err><![CDATA[]]></system-err>
      </testcase>
      <testcase name="Test Cases/2000_tresult/Return Passed" time="2.01" classname="Test Cases/2000_tresult/Return Passed" status="PASSED">
         <system-out><![CDATA[24-09-2025T04:52:04 - [TEST_CASE][PASSED] - Test Cases/2000_tresult/Return Passed: Test Cases/2000_tresult/Return Passed

24-09-2025T04:52:04 - [TEST_STEP][PASSED] - markPassed("Passed"): Passed

24-09-2025T04:52:04 - [MESSAGE][PASSED] - Passed

24-09-2025T04:52:06 - [TEST_STEP][PASSED] - Video: Video recording for test case 'Test Cases/2000_tresult/Return Passed' .

24-09-2025T04:52:06 - [MESSAGE][INFO] - Video recording for test case 'Test Cases/2000_tresult/Return Passed' .]]></system-out>
         <system-err><![CDATA[]]></system-err>
      </testcase>
      <testcase name="Test Cases/2000_tresult/Return Passed" time="2.011" classname="Test Cases/2000_tresult/Return Passed" status="PASSED">
         <system-out><![CDATA[24-09-2025T04:52:06 - [TEST_CASE][PASSED] - Test Cases/2000_tresult/Return Passed: Test Cases/2000_tresult/Return Passed

24-09-2025T04:52:06 - [TEST_STEP][PASSED] - markPassed("Passed"): Passed

24-09-2025T04:52:06 - [MESSAGE][PASSED] - Passed

24-09-2025T04:52:08 - [TEST_STEP][PASSED] - Video: Video recording for test case 'Test Cases/2000_tresult/Return Passed' .

24-09-2025T04:52:08 - [MESSAGE][INFO] - Video recording for test case 'Test Cases/2000_tresult/Return Passed' .]]></system-out>
         <system-err><![CDATA[]]></system-err>
      </testcase>
      <testcase name="Test Cases/2000_tresult/Return Passed" time="2.016" classname="Test Cases/2000_tresult/Return Passed" status="PASSED">
         <system-out><![CDATA[24-09-2025T04:52:08 - [TEST_CASE][PASSED] - Test Cases/2000_tresult/Return Passed: Test Cases/2000_tresult/Return Passed

24-09-2025T04:52:08 - [TEST_STEP][PASSED] - markPassed("Passed"): Passed

24-09-2025T04:52:08 - [MESSAGE][PASSED] - Passed

24-09-2025T04:52:11 - [TEST_STEP][PASSED] - Video: Video recording for test case 'Test Cases/2000_tresult/Return Passed' .

24-09-2025T04:52:11 - [MESSAGE][INFO] - Video recording for test case 'Test Cases/2000_tresult/Return Passed' .]]></system-out>
         <system-err><![CDATA[]]></system-err>
      </testcase>
      <testcase name="Test Cases/2000_tresult/Return Passed" time="2.013" classname="Test Cases/2000_tresult/Return Passed" status="PASSED">
         <system-out><![CDATA[24-09-2025T04:52:11 - [TEST_CASE][PASSED] - Test Cases/2000_tresult/Return Passed: Test Cases/2000_tresult/Return Passed

24-09-2025T04:52:11 - [TEST_STEP][PASSED] - markPassed("Passed"): Passed

24-09-2025T04:52:11 - [MESSAGE][PASSED] - Passed

24-09-2025T04:52:13 - [TEST_STEP][PASSED] - Video: Video recording for test case 'Test Cases/2000_tresult/Return Passed' .

24-09-2025T04:52:13 - [MESSAGE][INFO] - Video recording for test case 'Test Cases/2000_tresult/Return Passed' .]]></system-out>
         <system-err><![CDATA[]]></system-err>
      </testcase>
      <testcase name="Test Cases/2000_tresult/Return Passed" time="2.009" classname="Test Cases/2000_tresult/Return Passed" status="PASSED">
         <system-out><![CDATA[24-09-2025T04:52:13 - [TEST_CASE][PASSED] - Test Cases/2000_tresult/Return Passed: Test Cases/2000_tresult/Return Passed

24-09-2025T04:52:13 - [TEST_STEP][PASSED] - markPassed("Passed"): Passed

24-09-2025T04:52:13 - [MESSAGE][PASSED] - Passed

24-09-2025T04:52:15 - [TEST_STEP][PASSED] - Video: Video recording for test case 'Test Cases/2000_tresult/Return Passed' .

24-09-2025T04:52:15 - [MESSAGE][INFO] - Video recording for test case 'Test Cases/2000_tresult/Return Passed' .]]></system-out>
         <system-err><![CDATA[]]></system-err>
      </testcase>
      <testcase name="Test Cases/2000_tresult/Return Passed" time="2.009" classname="Test Cases/2000_tresult/Return Passed" status="PASSED">
         <system-out><![CDATA[24-09-2025T04:52:15 - [TEST_CASE][PASSED] - Test Cases/2000_tresult/Return Passed: Test Cases/2000_tresult/Return Passed

24-09-2025T04:52:15 - [TEST_STEP][PASSED] - markPassed("Passed"): Passed

24-09-2025T04:52:15 - [MESSAGE][PASSED] - Passed

24-09-2025T04:52:17 - [TEST_STEP][PASSED] - Video: Video recording for test case 'Test Cases/2000_tresult/Return Passed' .

24-09-2025T04:52:17 - [MESSAGE][INFO] - Video recording for test case 'Test Cases/2000_tresult/Return Passed' .]]></system-out>
         <system-err><![CDATA[]]></system-err>
      </testcase>
      <testcase name="Test Cases/2000_tresult/Return Passed" time="2.013" classname="Test Cases/2000_tresult/Return Passed" status="PASSED">
         <system-out><![CDATA[24-09-2025T04:52:17 - [TEST_CASE][PASSED] - Test Cases/2000_tresult/Return Passed: Test Cases/2000_tresult/Return Passed

24-09-2025T04:52:17 - [TEST_STEP][PASSED] - markPassed("Passed"): Passed

24-09-2025T04:52:17 - [MESSAGE][PASSED] - Passed

24-09-2025T04:52:19 - [TEST_STEP][PASSED] - Video: Video recording for test case 'Test Cases/2000_tresult/Return Passed' .

24-09-2025T04:52:19 - [MESSAGE][INFO] - Video recording for test case 'Test Cases/2000_tresult/Return Passed' .]]></system-out>
         <system-err><![CDATA[]]></system-err>
      </testcase>
      <testcase name="Test Cases/2000_tresult/Return Passed" time="2.012" classname="Test Cases/2000_tresult/Return Passed" status="PASSED">
         <system-out><![CDATA[24-09-2025T04:52:19 - [TEST_CASE][PASSED] - Test Cases/2000_tresult/Return Passed: Test Cases/2000_tresult/Return Passed

24-09-2025T04:52:19 - [TEST_STEP][PASSED] - markPassed("Passed"): Passed

24-09-2025T04:52:19 - [MESSAGE][PASSED] - Passed

24-09-2025T04:52:21 - [TEST_STEP][PASSED] - Video: Video recording for test case 'Test Cases/2000_tresult/Return Passed' .

24-09-2025T04:52:21 - [MESSAGE][INFO] - Video recording for test case 'Test Cases/2000_tresult/Return Passed' .]]></system-out>
         <system-err><![CDATA[]]></system-err>
      </testcase>
      <testcase name="Test Cases/2000_tresult/Return Passed" time="2.014" classname="Test Cases/2000_tresult/Return Passed" status="PASSED">
         <system-out><![CDATA[24-09-2025T04:52:21 - [TEST_CASE][PASSED] - Test Cases/2000_tresult/Return Passed: Test Cases/2000_tresult/Return Passed

24-09-2025T04:52:21 - [TEST_STEP][PASSED] - markPassed("Passed"): Passed

24-09-2025T04:52:21 - [MESSAGE][PASSED] - Passed

24-09-2025T04:52:23 - [TEST_STEP][PASSED] - Video: Video recording for test case 'Test Cases/2000_tresult/Return Passed' .

24-09-2025T04:52:23 - [MESSAGE][INFO] - Video recording for test case 'Test Cases/2000_tresult/Return Passed' .]]></system-out>
         <system-err><![CDATA[]]></system-err>
      </testcase>
      <testcase name="Test Cases/2000_tresult/Return Passed" time="2.011" classname="Test Cases/2000_tresult/Return Passed" status="PASSED">
         <system-out><![CDATA[24-09-2025T04:52:23 - [TEST_CASE][PASSED] - Test Cases/2000_tresult/Return Passed: Test Cases/2000_tresult/Return Passed

24-09-2025T04:52:23 - [TEST_STEP][PASSED] - markPassed("Passed"): Passed

24-09-2025T04:52:23 - [MESSAGE][PASSED] - Passed

24-09-2025T04:52:25 - [TEST_STEP][PASSED] - Video: Video recording for test case 'Test Cases/2000_tresult/Return Passed' .

24-09-2025T04:52:25 - [MESSAGE][INFO] - Video recording for test case 'Test Cases/2000_tresult/Return Passed' .]]></system-out>
         <system-err><![CDATA[]]></system-err>
      </testcase>
      <testcase name="Test Cases/2000_tresult/Return Passed" time="2.013" classname="Test Cases/2000_tresult/Return Passed" status="PASSED">
         <system-out><![CDATA[24-09-2025T04:52:25 - [TEST_CASE][PASSED] - Test Cases/2000_tresult/Return Passed: Test Cases/2000_tresult/Return Passed

24-09-2025T04:52:25 - [TEST_STEP][PASSED] - markPassed("Passed"): Passed

24-09-2025T04:52:25 - [MESSAGE][PASSED] - Passed

24-09-2025T04:52:27 - [TEST_STEP][PASSED] - Video: Video recording for test case 'Test Cases/2000_tresult/Return Passed' .

24-09-2025T04:52:27 - [MESSAGE][INFO] - Video recording for test case 'Test Cases/2000_tresult/Return Passed' .]]></system-out>
         <system-err><![CDATA[]]></system-err>
      </testcase>
      <testcase name="Test Cases/2000_tresult/Return Passed" time="2.01" classname="Test Cases/2000_tresult/Return Passed" status="PASSED">
         <system-out><![CDATA[24-09-2025T04:52:27 - [TEST_CASE][PASSED] - Test Cases/2000_tresult/Return Passed: Test Cases/2000_tresult/Return Passed

24-09-2025T04:52:27 - [TEST_STEP][PASSED] - markPassed("Passed"): Passed

24-09-2025T04:52:27 - [MESSAGE][PASSED] - Passed

24-09-2025T04:52:29 - [TEST_STEP][PASSED] - Video: Video recording for test case 'Test Cases/2000_tresult/Return Passed' .

24-09-2025T04:52:29 - [MESSAGE][INFO] - Video recording for test case 'Test Cases/2000_tresult/Return Passed' .]]></system-out>
         <system-err><![CDATA[]]></system-err>
      </testcase>
      <testcase name="Test Cases/2000_tresult/Return Passed" time="2.015" classname="Test Cases/2000_tresult/Return Passed" status="PASSED">
         <system-out><![CDATA[24-09-2025T04:52:29 - [TEST_CASE][PASSED] - Test Cases/2000_tresult/Return Passed: Test Cases/2000_tresult/Return Passed

24-09-2025T04:52:29 - [TEST_STEP][PASSED] - markPassed("Passed"): Passed

24-09-2025T04:52:29 - [MESSAGE][PASSED] - Passed

24-09-2025T04:52:31 - [TEST_STEP][PASSED] - Video: Video recording for test case 'Test Cases/2000_tresult/Return Passed' .

24-09-2025T04:52:31 - [MESSAGE][INFO] - Video recording for test case 'Test Cases/2000_tresult/Return Passed' .]]></system-out>
         <system-err><![CDATA[]]></system-err>
      </testcase>
      <testcase name="Test Cases/2000_tresult/Return Passed" time="2.013" classname="Test Cases/2000_tresult/Return Passed" status="PASSED">
         <system-out><![CDATA[24-09-2025T04:52:31 - [TEST_CASE][PASSED] - Test Cases/2000_tresult/Return Passed: Test Cases/2000_tresult/Return Passed

24-09-2025T04:52:31 - [TEST_STEP][PASSED] - markPassed("Passed"): Passed

24-09-2025T04:52:31 - [MESSAGE][PASSED] - Passed

24-09-2025T04:52:33 - [TEST_STEP][PASSED] - Video: Video recording for test case 'Test Cases/2000_tresult/Return Passed' .

24-09-2025T04:52:33 - [MESSAGE][INFO] - Video recording for test case 'Test Cases/2000_tresult/Return Passed' .]]></system-out>
         <system-err><![CDATA[]]></system-err>
      </testcase>
      <testcase name="Test Cases/2000_tresult/Return Passed" time="2.01" classname="Test Cases/2000_tresult/Return Passed" status="PASSED">
         <system-out><![CDATA[24-09-2025T04:52:33 - [TEST_CASE][PASSED] - Test Cases/2000_tresult/Return Passed: Test Cases/2000_tresult/Return Passed

24-09-2025T04:52:33 - [TEST_STEP][PASSED] - markPassed("Passed"): Passed

24-09-2025T04:52:33 - [MESSAGE][PASSED] - Passed

24-09-2025T04:52:35 - [TEST_STEP][PASSED] - Video: Video recording for test case 'Test Cases/2000_tresult/Return Passed' .

24-09-2025T04:52:35 - [MESSAGE][INFO] - Video recording for test case 'Test Cases/2000_tresult/Return Passed' .]]></system-out>
         <system-err><![CDATA[]]></system-err>
      </testcase>
      <testcase name="Test Cases/2000_tresult/Return Passed" time="2.009" classname="Test Cases/2000_tresult/Return Passed" status="PASSED">
         <system-out><![CDATA[24-09-2025T04:52:35 - [TEST_CASE][PASSED] - Test Cases/2000_tresult/Return Passed: Test Cases/2000_tresult/Return Passed

24-09-2025T04:52:35 - [TEST_STEP][PASSED] - markPassed("Passed"): Passed

24-09-2025T04:52:35 - [MESSAGE][PASSED] - Passed

24-09-2025T04:52:37 - [TEST_STEP][PASSED] - Video: Video recording for test case 'Test Cases/2000_tresult/Return Passed' .

24-09-2025T04:52:37 - [MESSAGE][INFO] - Video recording for test case 'Test Cases/2000_tresult/Return Passed' .]]></system-out>
         <system-err><![CDATA[]]></system-err>
      </testcase>
      <testcase name="Test Cases/2000_tresult/Return Passed" time="2.013" classname="Test Cases/2000_tresult/Return Passed" status="PASSED">
         <system-out><![CDATA[24-09-2025T04:52:37 - [TEST_CASE][PASSED] - Test Cases/2000_tresult/Return Passed: Test Cases/2000_tresult/Return Passed

24-09-2025T04:52:37 - [TEST_STEP][PASSED] - markPassed("Passed"): Passed

24-09-2025T04:52:37 - [MESSAGE][PASSED] - Passed

24-09-2025T04:52:39 - [TEST_STEP][PASSED] - Video: Video recording for test case 'Test Cases/2000_tresult/Return Passed' .

24-09-2025T04:52:39 - [MESSAGE][INFO] - Video recording for test case 'Test Cases/2000_tresult/Return Passed' .]]></system-out>
         <system-err><![CDATA[]]></system-err>
      </testcase>
      <testcase name="Test Cases/2000_tresult/Return Passed" time="2.01" classname="Test Cases/2000_tresult/Return Passed" status="PASSED">
         <system-out><![CDATA[24-09-2025T04:52:39 - [TEST_CASE][PASSED] - Test Cases/2000_tresult/Return Passed: Test Cases/2000_tresult/Return Passed

24-09-2025T04:52:39 - [TEST_STEP][PASSED] - markPassed("Passed"): Passed

24-09-2025T04:52:39 - [MESSAGE][PASSED] - Passed

24-09-2025T04:52:41 - [TEST_STEP][PASSED] - Video: Video recording for test case 'Test Cases/2000_tresult/Return Passed' .

24-09-2025T04:52:41 - [MESSAGE][INFO] - Video recording for test case 'Test Cases/2000_tresult/Return Passed' .]]></system-out>
         <system-err><![CDATA[]]></system-err>
      </testcase>
      <testcase name="Test Cases/2000_tresult/Return Passed" time="2.01" classname="Test Cases/2000_tresult/Return Passed" status="PASSED">
         <system-out><![CDATA[24-09-2025T04:52:41 - [TEST_CASE][PASSED] - Test Cases/2000_tresult/Return Passed: Test Cases/2000_tresult/Return Passed

24-09-2025T04:52:41 - [TEST_STEP][PASSED] - markPassed("Passed"): Passed

24-09-2025T04:52:41 - [MESSAGE][PASSED] - Passed

24-09-2025T04:52:43 - [TEST_STEP][PASSED] - Video: Video recording for test case 'Test Cases/2000_tresult/Return Passed' .

24-09-2025T04:52:43 - [MESSAGE][INFO] - Video recording for test case 'Test Cases/2000_tresult/Return Passed' .]]></system-out>
         <system-err><![CDATA[]]></system-err>
      </testcase>
      <testcase name="Test Cases/2000_tresult/Return Passed" time="2.011" classname="Test Cases/2000_tresult/Return Passed" status="PASSED">
         <system-out><![CDATA[24-09-2025T04:52:43 - [TEST_CASE][PASSED] - Test Cases/2000_tresult/Return Passed: Test Cases/2000_tresult/Return Passed

24-09-2025T04:52:43 - [TEST_STEP][PASSED] - markPassed("Passed"): Passed

24-09-2025T04:52:43 - [MESSAGE][PASSED] - Passed

24-09-2025T04:52:45 - [TEST_STEP][PASSED] - Video: Video recording for test case 'Test Cases/2000_tresult/Return Passed' .

24-09-2025T04:52:45 - [MESSAGE][INFO] - Video recording for test case 'Test Cases/2000_tresult/Return Passed' .]]></system-out>
         <system-err><![CDATA[]]></system-err>
      </testcase>
      <testcase name="Test Cases/2000_tresult/Return Passed" time="2.009" classname="Test Cases/2000_tresult/Return Passed" status="PASSED">
         <system-out><![CDATA[24-09-2025T04:52:45 - [TEST_CASE][PASSED] - Test Cases/2000_tresult/Return Passed: Test Cases/2000_tresult/Return Passed

24-09-2025T04:52:45 - [TEST_STEP][PASSED] - markPassed("Passed"): Passed

24-09-2025T04:52:45 - [MESSAGE][PASSED] - Passed

24-09-2025T04:52:47 - [TEST_STEP][PASSED] - Video: Video recording for test case 'Test Cases/2000_tresult/Return Passed' .

24-09-2025T04:52:47 - [MESSAGE][INFO] - Video recording for test case 'Test Cases/2000_tresult/Return Passed' .]]></system-out>
         <system-err><![CDATA[]]></system-err>
      </testcase>
      <testcase name="Test Cases/2000_tresult/Return Passed" time="2.01" classname="Test Cases/2000_tresult/Return Passed" status="PASSED">
         <system-out><![CDATA[24-09-2025T04:52:47 - [TEST_CASE][PASSED] - Test Cases/2000_tresult/Return Passed: Test Cases/2000_tresult/Return Passed

24-09-2025T04:52:47 - [TEST_STEP][PASSED] - markPassed("Passed"): Passed

24-09-2025T04:52:47 - [MESSAGE][PASSED] - Passed

24-09-2025T04:52:49 - [TEST_STEP][PASSED] - Video: Video recording for test case 'Test Cases/2000_tresult/Return Passed' .

24-09-2025T04:52:49 - [MESSAGE][INFO] - Video recording for test case 'Test Cases/2000_tresult/Return Passed' .]]></system-out>
         <system-err><![CDATA[]]></system-err>
      </testcase>
      <testcase name="Test Cases/2000_tresult/Return Passed" time="2.009" classname="Test Cases/2000_tresult/Return Passed" status="PASSED">
         <system-out><![CDATA[24-09-2025T04:52:49 - [TEST_CASE][PASSED] - Test Cases/2000_tresult/Return Passed: Test Cases/2000_tresult/Return Passed

24-09-2025T04:52:49 - [TEST_STEP][PASSED] - markPassed("Passed"): Passed

24-09-2025T04:52:49 - [MESSAGE][PASSED] - Passed

24-09-2025T04:52:51 - [TEST_STEP][PASSED] - Video: Video recording for test case 'Test Cases/2000_tresult/Return Passed' .

24-09-2025T04:52:51 - [MESSAGE][INFO] - Video recording for test case 'Test Cases/2000_tresult/Return Passed' .]]></system-out>
         <system-err><![CDATA[]]></system-err>
      </testcase>
      <testcase name="Test Cases/2000_tresult/Return Passed" time="2.011" classname="Test Cases/2000_tresult/Return Passed" status="PASSED">
         <system-out><![CDATA[24-09-2025T04:52:51 - [TEST_CASE][PASSED] - Test Cases/2000_tresult/Return Passed: Test Cases/2000_tresult/Return Passed

24-09-2025T04:52:51 - [TEST_STEP][PASSED] - markPassed("Passed"): Passed

24-09-2025T04:52:51 - [MESSAGE][PASSED] - Passed

24-09-2025T04:52:53 - [TEST_STEP][PASSED] - Video: Video recording for test case 'Test Cases/2000_tresult/Return Passed' .

24-09-2025T04:52:53 - [MESSAGE][INFO] - Video recording for test case 'Test Cases/2000_tresult/Return Passed' .]]></system-out>
         <system-err><![CDATA[]]></system-err>
      </testcase>
      <testcase name="Test Cases/2000_tresult/Return Passed" time="2.009" classname="Test Cases/2000_tresult/Return Passed" status="PASSED">
         <system-out><![CDATA[24-09-2025T04:52:53 - [TEST_CASE][PASSED] - Test Cases/2000_tresult/Return Passed: Test Cases/2000_tresult/Return Passed

24-09-2025T04:52:53 - [TEST_STEP][PASSED] - markPassed("Passed"): Passed

24-09-2025T04:52:53 - [MESSAGE][PASSED] - Passed

24-09-2025T04:52:55 - [TEST_STEP][PASSED] - Video: Video recording for test case 'Test Cases/2000_tresult/Return Passed' .

24-09-2025T04:52:55 - [MESSAGE][INFO] - Video recording for test case 'Test Cases/2000_tresult/Return Passed' .]]></system-out>
         <system-err><![CDATA[]]></system-err>
      </testcase>
      <testcase name="Test Cases/2000_tresult/Return Passed" time="2.009" classname="Test Cases/2000_tresult/Return Passed" status="PASSED">
         <system-out><![CDATA[24-09-2025T04:52:55 - [TEST_CASE][PASSED] - Test Cases/2000_tresult/Return Passed: Test Cases/2000_tresult/Return Passed

24-09-2025T04:52:55 - [TEST_STEP][PASSED] - markPassed("Passed"): Passed

24-09-2025T04:52:55 - [MESSAGE][PASSED] - Passed

24-09-2025T04:52:57 - [TEST_STEP][PASSED] - Video: Video recording for test case 'Test Cases/2000_tresult/Return Passed' .

24-09-2025T04:52:57 - [MESSAGE][INFO] - Video recording for test case 'Test Cases/2000_tresult/Return Passed' .]]></system-out>
         <system-err><![CDATA[]]></system-err>
      </testcase>
      <testcase name="Test Cases/2000_tresult/Return Passed" time="2.009" classname="Test Cases/2000_tresult/Return Passed" status="PASSED">
         <system-out><![CDATA[24-09-2025T04:52:57 - [TEST_CASE][PASSED] - Test Cases/2000_tresult/Return Passed: Test Cases/2000_tresult/Return Passed

24-09-2025T04:52:57 - [TEST_STEP][PASSED] - markPassed("Passed"): Passed

24-09-2025T04:52:57 - [MESSAGE][PASSED] - Passed

24-09-2025T04:52:59 - [TEST_STEP][PASSED] - Video: Video recording for test case 'Test Cases/2000_tresult/Return Passed' .

24-09-2025T04:52:59 - [MESSAGE][INFO] - Video recording for test case 'Test Cases/2000_tresult/Return Passed' .]]></system-out>
         <system-err><![CDATA[]]></system-err>
      </testcase>
      <testcase name="Test Cases/2000_tresult/Return Passed" time="2.008" classname="Test Cases/2000_tresult/Return Passed" status="PASSED">
         <system-out><![CDATA[24-09-2025T04:52:59 - [TEST_CASE][PASSED] - Test Cases/2000_tresult/Return Passed: Test Cases/2000_tresult/Return Passed

24-09-2025T04:52:59 - [TEST_STEP][PASSED] - markPassed("Passed"): Passed

24-09-2025T04:52:59 - [MESSAGE][PASSED] - Passed

24-09-2025T04:53:01 - [TEST_STEP][PASSED] - Video: Video recording for test case 'Test Cases/2000_tresult/Return Passed' .

24-09-2025T04:53:01 - [MESSAGE][INFO] - Video recording for test case 'Test Cases/2000_tresult/Return Passed' .]]></system-out>
         <system-err><![CDATA[]]></system-err>
      </testcase>
      <testcase name="Test Cases/2000_tresult/Return Passed" time="2.01" classname="Test Cases/2000_tresult/Return Passed" status="PASSED">
         <system-out><![CDATA[24-09-2025T04:53:01 - [TEST_CASE][PASSED] - Test Cases/2000_tresult/Return Passed: Test Cases/2000_tresult/Return Passed

24-09-2025T04:53:01 - [TEST_STEP][PASSED] - markPassed("Passed"): Passed

24-09-2025T04:53:01 - [MESSAGE][PASSED] - Passed

24-09-2025T04:53:03 - [TEST_STEP][PASSED] - Video: Video recording for test case 'Test Cases/2000_tresult/Return Passed' .

24-09-2025T04:53:03 - [MESSAGE][INFO] - Video recording for test case 'Test Cases/2000_tresult/Return Passed' .]]></system-out>
         <system-err><![CDATA[]]></system-err>
      </testcase>
      <testcase name="Test Cases/2000_tresult/Return Passed" time="2.01" classname="Test Cases/2000_tresult/Return Passed" status="PASSED">
         <system-out><![CDATA[24-09-2025T04:53:03 - [TEST_CASE][PASSED] - Test Cases/2000_tresult/Return Passed: Test Cases/2000_tresult/Return Passed

24-09-2025T04:53:03 - [TEST_STEP][PASSED] - markPassed("Passed"): Passed

24-09-2025T04:53:03 - [MESSAGE][PASSED] - Passed

24-09-2025T04:53:05 - [TEST_STEP][PASSED] - Video: Video recording for test case 'Test Cases/2000_tresult/Return Passed' .

24-09-2025T04:53:05 - [MESSAGE][INFO] - Video recording for test case 'Test Cases/2000_tresult/Return Passed' .]]></system-out>
         <system-err><![CDATA[]]></system-err>
      </testcase>
      <testcase name="Test Cases/2000_tresult/Return Passed" time="2.017" classname="Test Cases/2000_tresult/Return Passed" status="PASSED">
         <system-out><![CDATA[24-09-2025T04:53:05 - [TEST_CASE][PASSED] - Test Cases/2000_tresult/Return Passed: Test Cases/2000_tresult/Return Passed

24-09-2025T04:53:05 - [TEST_STEP][PASSED] - markPassed("Passed"): Passed

24-09-2025T04:53:05 - [MESSAGE][PASSED] - Passed

24-09-2025T04:53:07 - [TEST_STEP][PASSED] - Video: Video recording for test case 'Test Cases/2000_tresult/Return Passed' .

24-09-2025T04:53:07 - [MESSAGE][INFO] - Video recording for test case 'Test Cases/2000_tresult/Return Passed' .]]></system-out>
         <system-err><![CDATA[]]></system-err>
      </testcase>
      <testcase name="Test Cases/2000_tresult/Return Passed" time="2.009" classname="Test Cases/2000_tresult/Return Passed" status="PASSED">
         <system-out><![CDATA[24-09-2025T04:53:07 - [TEST_CASE][PASSED] - Test Cases/2000_tresult/Return Passed: Test Cases/2000_tresult/Return Passed

24-09-2025T04:53:07 - [TEST_STEP][PASSED] - markPassed("Passed"): Passed

24-09-2025T04:53:07 - [MESSAGE][PASSED] - Passed

24-09-2025T04:53:09 - [TEST_STEP][PASSED] - Video: Video recording for test case 'Test Cases/2000_tresult/Return Passed' .

24-09-2025T04:53:09 - [MESSAGE][INFO] - Video recording for test case 'Test Cases/2000_tresult/Return Passed' .]]></system-out>
         <system-err><![CDATA[]]></system-err>
      </testcase>
      <testcase name="Test Cases/2000_tresult/Return Passed" time="2.01" classname="Test Cases/2000_tresult/Return Passed" status="PASSED">
         <system-out><![CDATA[24-09-2025T04:53:09 - [TEST_CASE][PASSED] - Test Cases/2000_tresult/Return Passed: Test Cases/2000_tresult/Return Passed

24-09-2025T04:53:09 - [TEST_STEP][PASSED] - markPassed("Passed"): Passed

24-09-2025T04:53:09 - [MESSAGE][PASSED] - Passed

24-09-2025T04:53:11 - [TEST_STEP][PASSED] - Video: Video recording for test case 'Test Cases/2000_tresult/Return Passed' .

24-09-2025T04:53:11 - [MESSAGE][INFO] - Video recording for test case 'Test Cases/2000_tresult/Return Passed' .]]></system-out>
         <system-err><![CDATA[]]></system-err>
      </testcase>
      <testcase name="Test Cases/2000_tresult/Return Passed" time="2.009" classname="Test Cases/2000_tresult/Return Passed" status="PASSED">
         <system-out><![CDATA[24-09-2025T04:53:11 - [TEST_CASE][PASSED] - Test Cases/2000_tresult/Return Passed: Test Cases/2000_tresult/Return Passed

24-09-2025T04:53:11 - [TEST_STEP][PASSED] - markPassed("Passed"): Passed

24-09-2025T04:53:11 - [MESSAGE][PASSED] - Passed

24-09-2025T04:53:13 - [TEST_STEP][PASSED] - Video: Video recording for test case 'Test Cases/2000_tresult/Return Passed' .

24-09-2025T04:53:13 - [MESSAGE][INFO] - Video recording for test case 'Test Cases/2000_tresult/Return Passed' .]]></system-out>
         <system-err><![CDATA[]]></system-err>
      </testcase>
      <testcase name="Test Cases/2000_tresult/Return Passed" time="2.015" classname="Test Cases/2000_tresult/Return Passed" status="PASSED">
         <system-out><![CDATA[24-09-2025T04:53:13 - [TEST_CASE][PASSED] - Test Cases/2000_tresult/Return Passed: Test Cases/2000_tresult/Return Passed

24-09-2025T04:53:13 - [TEST_STEP][PASSED] - markPassed("Passed"): Passed

24-09-2025T04:53:13 - [MESSAGE][PASSED] - Passed

24-09-2025T04:53:15 - [TEST_STEP][PASSED] - Video: Video recording for test case 'Test Cases/2000_tresult/Return Passed' .

24-09-2025T04:53:15 - [MESSAGE][INFO] - Video recording for test case 'Test Cases/2000_tresult/Return Passed' .]]></system-out>
         <system-err><![CDATA[]]></system-err>
      </testcase>
      <testcase name="Test Cases/2000_tresult/Return Passed" time="2.009" classname="Test Cases/2000_tresult/Return Passed" status="PASSED">
         <system-out><![CDATA[24-09-2025T04:53:15 - [TEST_CASE][PASSED] - Test Cases/2000_tresult/Return Passed: Test Cases/2000_tresult/Return Passed

24-09-2025T04:53:15 - [TEST_STEP][PASSED] - markPassed("Passed"): Passed

24-09-2025T04:53:15 - [MESSAGE][PASSED] - Passed

24-09-2025T04:53:17 - [TEST_STEP][PASSED] - Video: Video recording for test case 'Test Cases/2000_tresult/Return Passed' .

24-09-2025T04:53:17 - [MESSAGE][INFO] - Video recording for test case 'Test Cases/2000_tresult/Return Passed' .]]></system-out>
         <system-err><![CDATA[]]></system-err>
      </testcase>
      <testcase name="Test Cases/2000_tresult/Return Passed" time="2.009" classname="Test Cases/2000_tresult/Return Passed" status="PASSED">
         <system-out><![CDATA[24-09-2025T04:53:17 - [TEST_CASE][PASSED] - Test Cases/2000_tresult/Return Passed: Test Cases/2000_tresult/Return Passed

24-09-2025T04:53:17 - [TEST_STEP][PASSED] - markPassed("Passed"): Passed

24-09-2025T04:53:17 - [MESSAGE][PASSED] - Passed

24-09-2025T04:53:19 - [TEST_STEP][PASSED] - Video: Video recording for test case 'Test Cases/2000_tresult/Return Passed' .

24-09-2025T04:53:19 - [MESSAGE][INFO] - Video recording for test case 'Test Cases/2000_tresult/Return Passed' .]]></system-out>
         <system-err><![CDATA[]]></system-err>
      </testcase>
      <testcase name="Test Cases/2000_tresult/Return Passed" time="2.008" classname="Test Cases/2000_tresult/Return Passed" status="PASSED">
         <system-out><![CDATA[24-09-2025T04:53:19 - [TEST_CASE][PASSED] - Test Cases/2000_tresult/Return Passed: Test Cases/2000_tresult/Return Passed

24-09-2025T04:53:19 - [TEST_STEP][PASSED] - markPassed("Passed"): Passed

24-09-2025T04:53:19 - [MESSAGE][PASSED] - Passed

24-09-2025T04:53:21 - [TEST_STEP][PASSED] - Video: Video recording for test case 'Test Cases/2000_tresult/Return Passed' .

24-09-2025T04:53:21 - [MESSAGE][INFO] - Video recording for test case 'Test Cases/2000_tresult/Return Passed' .]]></system-out>
         <system-err><![CDATA[]]></system-err>
      </testcase>
      <testcase name="Test Cases/2000_tresult/Return Passed" time="2.01" classname="Test Cases/2000_tresult/Return Passed" status="PASSED">
         <system-out><![CDATA[24-09-2025T04:53:21 - [TEST_CASE][PASSED] - Test Cases/2000_tresult/Return Passed: Test Cases/2000_tresult/Return Passed

24-09-2025T04:53:21 - [TEST_STEP][PASSED] - markPassed("Passed"): Passed

24-09-2025T04:53:21 - [MESSAGE][PASSED] - Passed

24-09-2025T04:53:23 - [TEST_STEP][PASSED] - Video: Video recording for test case 'Test Cases/2000_tresult/Return Passed' .

24-09-2025T04:53:23 - [MESSAGE][INFO] - Video recording for test case 'Test Cases/2000_tresult/Return Passed' .]]></system-out>
         <system-err><![CDATA[]]></system-err>
      </testcase>
      <testcase name="Test Cases/2000_tresult/Return Passed" time="2.008" classname="Test Cases/2000_tresult/Return Passed" status="PASSED">
         <system-out><![CDATA[24-09-2025T04:53:23 - [TEST_CASE][PASSED] - Test Cases/2000_tresult/Return Passed: Test Cases/2000_tresult/Return Passed

24-09-2025T04:53:23 - [TEST_STEP][PASSED] - markPassed("Passed"): Passed

24-09-2025T04:53:23 - [MESSAGE][PASSED] - Passed

24-09-2025T04:53:25 - [TEST_STEP][PASSED] - Video: Video recording for test case 'Test Cases/2000_tresult/Return Passed' .

24-09-2025T04:53:25 - [MESSAGE][INFO] - Video recording for test case 'Test Cases/2000_tresult/Return Passed' .]]></system-out>
         <system-err><![CDATA[]]></system-err>
      </testcase>
      <testcase name="Test Cases/2000_tresult/Return Passed" time="2.008" classname="Test Cases/2000_tresult/Return Passed" status="PASSED">
         <system-out><![CDATA[24-09-2025T04:53:25 - [TEST_CASE][PASSED] - Test Cases/2000_tresult/Return Passed: Test Cases/2000_tresult/Return Passed

24-09-2025T04:53:25 - [TEST_STEP][PASSED] - markPassed("Passed"): Passed

24-09-2025T04:53:25 - [MESSAGE][PASSED] - Passed

24-09-2025T04:53:27 - [TEST_STEP][PASSED] - Video: Video recording for test case 'Test Cases/2000_tresult/Return Passed' .

24-09-2025T04:53:27 - [MESSAGE][INFO] - Video recording for test case 'Test Cases/2000_tresult/Return Passed' .]]></system-out>
         <system-err><![CDATA[]]></system-err>
      </testcase>
      <testcase name="Test Cases/2000_tresult/Return Passed" time="2.008" classname="Test Cases/2000_tresult/Return Passed" status="PASSED">
         <system-out><![CDATA[24-09-2025T04:53:27 - [TEST_CASE][PASSED] - Test Cases/2000_tresult/Return Passed: Test Cases/2000_tresult/Return Passed

24-09-2025T04:53:27 - [TEST_STEP][PASSED] - markPassed("Passed"): Passed

24-09-2025T04:53:27 - [MESSAGE][PASSED] - Passed

24-09-2025T04:53:29 - [TEST_STEP][PASSED] - Video: Video recording for test case 'Test Cases/2000_tresult/Return Passed' .

24-09-2025T04:53:29 - [MESSAGE][INFO] - Video recording for test case 'Test Cases/2000_tresult/Return Passed' .]]></system-out>
         <system-err><![CDATA[]]></system-err>
      </testcase>
      <testcase name="Test Cases/2000_tresult/Return Passed" time="2.012" classname="Test Cases/2000_tresult/Return Passed" status="PASSED">
         <system-out><![CDATA[24-09-2025T04:53:29 - [TEST_CASE][PASSED] - Test Cases/2000_tresult/Return Passed: Test Cases/2000_tresult/Return Passed

24-09-2025T04:53:29 - [TEST_STEP][PASSED] - markPassed("Passed"): Passed

24-09-2025T04:53:29 - [MESSAGE][PASSED] - Passed

24-09-2025T04:53:31 - [TEST_STEP][PASSED] - Video: Video recording for test case 'Test Cases/2000_tresult/Return Passed' .

24-09-2025T04:53:31 - [MESSAGE][INFO] - Video recording for test case 'Test Cases/2000_tresult/Return Passed' .]]></system-out>
         <system-err><![CDATA[]]></system-err>
      </testcase>
      <testcase name="Test Cases/2000_tresult/Return Passed" time="2.008" classname="Test Cases/2000_tresult/Return Passed" status="PASSED">
         <system-out><![CDATA[24-09-2025T04:53:31 - [TEST_CASE][PASSED] - Test Cases/2000_tresult/Return Passed: Test Cases/2000_tresult/Return Passed

24-09-2025T04:53:31 - [TEST_STEP][PASSED] - markPassed("Passed"): Passed

24-09-2025T04:53:31 - [MESSAGE][PASSED] - Passed

24-09-2025T04:53:33 - [TEST_STEP][PASSED] - Video: Video recording for test case 'Test Cases/2000_tresult/Return Passed' .

24-09-2025T04:53:33 - [MESSAGE][INFO] - Video recording for test case 'Test Cases/2000_tresult/Return Passed' .]]></system-out>
         <system-err><![CDATA[]]></system-err>
      </testcase>
      <testcase name="Test Cases/2000_tresult/Return Passed" time="2.009" classname="Test Cases/2000_tresult/Return Passed" status="PASSED">
         <system-out><![CDATA[24-09-2025T04:53:33 - [TEST_CASE][PASSED] - Test Cases/2000_tresult/Return Passed: Test Cases/2000_tresult/Return Passed

24-09-2025T04:53:33 - [TEST_STEP][PASSED] - markPassed("Passed"): Passed

24-09-2025T04:53:33 - [MESSAGE][PASSED] - Passed

24-09-2025T04:53:35 - [TEST_STEP][PASSED] - Video: Video recording for test case 'Test Cases/2000_tresult/Return Passed' .

24-09-2025T04:53:35 - [MESSAGE][INFO] - Video recording for test case 'Test Cases/2000_tresult/Return Passed' .]]></system-out>
         <system-err><![CDATA[]]></system-err>
      </testcase>
      <testcase name="Test Cases/2000_tresult/Return Passed" time="2.007" classname="Test Cases/2000_tresult/Return Passed" status="PASSED">
         <system-out><![CDATA[24-09-2025T04:53:35 - [TEST_CASE][PASSED] - Test Cases/2000_tresult/Return Passed: Test Cases/2000_tresult/Return Passed

24-09-2025T04:53:35 - [TEST_STEP][PASSED] - markPassed("Passed"): Passed

24-09-2025T04:53:35 - [MESSAGE][PASSED] - Passed

24-09-2025T04:53:37 - [TEST_STEP][PASSED] - Video: Video recording for test case 'Test Cases/2000_tresult/Return Passed' .

24-09-2025T04:53:37 - [MESSAGE][INFO] - Video recording for test case 'Test Cases/2000_tresult/Return Passed' .]]></system-out>
         <system-err><![CDATA[]]></system-err>
      </testcase>
      <testcase name="Test Cases/2000_tresult/Return Passed" time="2.008" classname="Test Cases/2000_tresult/Return Passed" status="PASSED">
         <system-out><![CDATA[24-09-2025T04:53:37 - [TEST_CASE][PASSED] - Test Cases/2000_tresult/Return Passed: Test Cases/2000_tresult/Return Passed

24-09-2025T04:53:37 - [TEST_STEP][PASSED] - markPassed("Passed"): Passed

24-09-2025T04:53:37 - [MESSAGE][PASSED] - Passed

24-09-2025T04:53:39 - [TEST_STEP][PASSED] - Video: Video recording for test case 'Test Cases/2000_tresult/Return Passed' .

24-09-2025T04:53:39 - [MESSAGE][INFO] - Video recording for test case 'Test Cases/2000_tresult/Return Passed' .]]></system-out>
         <system-err><![CDATA[]]></system-err>
      </testcase>
      <testcase name="Test Cases/2000_tresult/Return Passed" time="2.009" classname="Test Cases/2000_tresult/Return Passed" status="PASSED">
         <system-out><![CDATA[24-09-2025T04:53:39 - [TEST_CASE][PASSED] - Test Cases/2000_tresult/Return Passed: Test Cases/2000_tresult/Return Passed

24-09-2025T04:53:39 - [TEST_STEP][PASSED] - markPassed("Passed"): Passed

24-09-2025T04:53:39 - [MESSAGE][PASSED] - Passed

24-09-2025T04:53:41 - [TEST_STEP][PASSED] - Video: Video recording for test case 'Test Cases/2000_tresult/Return Passed' .

24-09-2025T04:53:41 - [MESSAGE][INFO] - Video recording for test case 'Test Cases/2000_tresult/Return Passed' .]]></system-out>
         <system-err><![CDATA[]]></system-err>
      </testcase>
      <testcase name="Test Cases/2000_tresult/Return Passed" time="2.008" classname="Test Cases/2000_tresult/Return Passed" status="PASSED">
         <system-out><![CDATA[24-09-2025T04:53:41 - [TEST_CASE][PASSED] - Test Cases/2000_tresult/Return Passed: Test Cases/2000_tresult/Return Passed

24-09-2025T04:53:41 - [TEST_STEP][PASSED] - markPassed("Passed"): Passed

24-09-2025T04:53:41 - [MESSAGE][PASSED] - Passed

24-09-2025T04:53:43 - [TEST_STEP][PASSED] - Video: Video recording for test case 'Test Cases/2000_tresult/Return Passed' .

24-09-2025T04:53:43 - [MESSAGE][INFO] - Video recording for test case 'Test Cases/2000_tresult/Return Passed' .]]></system-out>
         <system-err><![CDATA[]]></system-err>
      </testcase>
      <testcase name="Test Cases/2000_tresult/Return Passed" time="2.008" classname="Test Cases/2000_tresult/Return Passed" status="PASSED">
         <system-out><![CDATA[24-09-2025T04:53:43 - [TEST_CASE][PASSED] - Test Cases/2000_tresult/Return Passed: Test Cases/2000_tresult/Return Passed

24-09-2025T04:53:43 - [TEST_STEP][PASSED] - markPassed("Passed"): Passed

24-09-2025T04:53:43 - [MESSAGE][PASSED] - Passed

24-09-2025T04:53:45 - [TEST_STEP][PASSED] - Video: Video recording for test case 'Test Cases/2000_tresult/Return Passed' .

24-09-2025T04:53:45 - [MESSAGE][INFO] - Video recording for test case 'Test Cases/2000_tresult/Return Passed' .]]></system-out>
         <system-err><![CDATA[]]></system-err>
      </testcase>
      <testcase name="Test Cases/2000_tresult/Return Passed" time="2.01" classname="Test Cases/2000_tresult/Return Passed" status="PASSED">
         <system-out><![CDATA[24-09-2025T04:53:45 - [TEST_CASE][PASSED] - Test Cases/2000_tresult/Return Passed: Test Cases/2000_tresult/Return Passed

24-09-2025T04:53:45 - [TEST_STEP][PASSED] - markPassed("Passed"): Passed

24-09-2025T04:53:45 - [MESSAGE][PASSED] - Passed

24-09-2025T04:53:47 - [TEST_STEP][PASSED] - Video: Video recording for test case 'Test Cases/2000_tresult/Return Passed' .

24-09-2025T04:53:47 - [MESSAGE][INFO] - Video recording for test case 'Test Cases/2000_tresult/Return Passed' .]]></system-out>
         <system-err><![CDATA[]]></system-err>
      </testcase>
      <testcase name="Test Cases/2000_tresult/Return Passed" time="2.009" classname="Test Cases/2000_tresult/Return Passed" status="PASSED">
         <system-out><![CDATA[24-09-2025T04:53:47 - [TEST_CASE][PASSED] - Test Cases/2000_tresult/Return Passed: Test Cases/2000_tresult/Return Passed

24-09-2025T04:53:47 - [TEST_STEP][PASSED] - markPassed("Passed"): Passed

24-09-2025T04:53:47 - [MESSAGE][PASSED] - Passed

24-09-2025T04:53:49 - [TEST_STEP][PASSED] - Video: Video recording for test case 'Test Cases/2000_tresult/Return Passed' .

24-09-2025T04:53:49 - [MESSAGE][INFO] - Video recording for test case 'Test Cases/2000_tresult/Return Passed' .]]></system-out>
         <system-err><![CDATA[]]></system-err>
      </testcase>
      <testcase name="Test Cases/2000_tresult/Return Passed" time="2.01" classname="Test Cases/2000_tresult/Return Passed" status="PASSED">
         <system-out><![CDATA[24-09-2025T04:53:49 - [TEST_CASE][PASSED] - Test Cases/2000_tresult/Return Passed: Test Cases/2000_tresult/Return Passed

24-09-2025T04:53:49 - [TEST_STEP][PASSED] - markPassed("Passed"): Passed

24-09-2025T04:53:49 - [MESSAGE][PASSED] - Passed

24-09-2025T04:53:51 - [TEST_STEP][PASSED] - Video: Video recording for test case 'Test Cases/2000_tresult/Return Passed' .

24-09-2025T04:53:51 - [MESSAGE][INFO] - Video recording for test case 'Test Cases/2000_tresult/Return Passed' .]]></system-out>
         <system-err><![CDATA[]]></system-err>
      </testcase>
      <testcase name="Test Cases/2000_tresult/Return Passed" time="2.009" classname="Test Cases/2000_tresult/Return Passed" status="PASSED">
         <system-out><![CDATA[24-09-2025T04:53:51 - [TEST_CASE][PASSED] - Test Cases/2000_tresult/Return Passed: Test Cases/2000_tresult/Return Passed

24-09-2025T04:53:51 - [TEST_STEP][PASSED] - markPassed("Passed"): Passed

24-09-2025T04:53:51 - [MESSAGE][PASSED] - Passed

24-09-2025T04:53:53 - [TEST_STEP][PASSED] - Video: Video recording for test case 'Test Cases/2000_tresult/Return Passed' .

24-09-2025T04:53:53 - [MESSAGE][INFO] - Video recording for test case 'Test Cases/2000_tresult/Return Passed' .]]></system-out>
         <system-err><![CDATA[]]></system-err>
      </testcase>
      <testcase name="Test Cases/2000_tresult/Return Passed" time="2.008" classname="Test Cases/2000_tresult/Return Passed" status="PASSED">
         <system-out><![CDATA[24-09-2025T04:53:53 - [TEST_CASE][PASSED] - Test Cases/2000_tresult/Return Passed: Test Cases/2000_tresult/Return Passed

24-09-2025T04:53:53 - [TEST_STEP][PASSED] - markPassed("Passed"): Passed

24-09-2025T04:53:53 - [MESSAGE][PASSED] - Passed

24-09-2025T04:53:55 - [TEST_STEP][PASSED] - Video: Video recording for test case 'Test Cases/2000_tresult/Return Passed' .

24-09-2025T04:53:55 - [MESSAGE][INFO] - Video recording for test case 'Test Cases/2000_tresult/Return Passed' .]]></system-out>
         <system-err><![CDATA[]]></system-err>
      </testcase>
      <testcase name="Test Cases/2000_tresult/Return Passed" time="2.009" classname="Test Cases/2000_tresult/Return Passed" status="PASSED">
         <system-out><![CDATA[24-09-2025T04:53:55 - [TEST_CASE][PASSED] - Test Cases/2000_tresult/Return Passed: Test Cases/2000_tresult/Return Passed

24-09-2025T04:53:55 - [TEST_STEP][PASSED] - markPassed("Passed"): Passed

24-09-2025T04:53:55 - [MESSAGE][PASSED] - Passed

24-09-2025T04:53:57 - [TEST_STEP][PASSED] - Video: Video recording for test case 'Test Cases/2000_tresult/Return Passed' .

24-09-2025T04:53:57 - [MESSAGE][INFO] - Video recording for test case 'Test Cases/2000_tresult/Return Passed' .]]></system-out>
         <system-err><![CDATA[]]></system-err>
      </testcase>
      <testcase name="Test Cases/2000_tresult/Return Passed" time="2.009" classname="Test Cases/2000_tresult/Return Passed" status="PASSED">
         <system-out><![CDATA[24-09-2025T04:53:57 - [TEST_CASE][PASSED] - Test Cases/2000_tresult/Return Passed: Test Cases/2000_tresult/Return Passed

24-09-2025T04:53:57 - [TEST_STEP][PASSED] - markPassed("Passed"): Passed

24-09-2025T04:53:57 - [MESSAGE][PASSED] - Passed

24-09-2025T04:53:59 - [TEST_STEP][PASSED] - Video: Video recording for test case 'Test Cases/2000_tresult/Return Passed' .

24-09-2025T04:53:59 - [MESSAGE][INFO] - Video recording for test case 'Test Cases/2000_tresult/Return Passed' .]]></system-out>
         <system-err><![CDATA[]]></system-err>
      </testcase>
      <testcase name="Test Cases/2000_tresult/Return Passed" time="2.008" classname="Test Cases/2000_tresult/Return Passed" status="PASSED">
         <system-out><![CDATA[24-09-2025T04:53:59 - [TEST_CASE][PASSED] - Test Cases/2000_tresult/Return Passed: Test Cases/2000_tresult/Return Passed

24-09-2025T04:53:59 - [TEST_STEP][PASSED] - markPassed("Passed"): Passed

24-09-2025T04:53:59 - [MESSAGE][PASSED] - Passed

24-09-2025T04:54:01 - [TEST_STEP][PASSED] - Video: Video recording for test case 'Test Cases/2000_tresult/Return Passed' .

24-09-2025T04:54:01 - [MESSAGE][INFO] - Video recording for test case 'Test Cases/2000_tresult/Return Passed' .]]></system-out>
         <system-err><![CDATA[]]></system-err>
      </testcase>
      <testcase name="Test Cases/2000_tresult/Return Passed" time="2.008" classname="Test Cases/2000_tresult/Return Passed" status="PASSED">
         <system-out><![CDATA[24-09-2025T04:54:01 - [TEST_CASE][PASSED] - Test Cases/2000_tresult/Return Passed: Test Cases/2000_tresult/Return Passed

24-09-2025T04:54:01 - [TEST_STEP][PASSED] - markPassed("Passed"): Passed

24-09-2025T04:54:01 - [MESSAGE][PASSED] - Passed

24-09-2025T04:54:03 - [TEST_STEP][PASSED] - Video: Video recording for test case 'Test Cases/2000_tresult/Return Passed' .

24-09-2025T04:54:03 - [MESSAGE][INFO] - Video recording for test case 'Test Cases/2000_tresult/Return Passed' .]]></system-out>
         <system-err><![CDATA[]]></system-err>
      </testcase>
      <testcase name="Test Cases/2000_tresult/Return Passed" time="2.008" classname="Test Cases/2000_tresult/Return Passed" status="PASSED">
         <system-out><![CDATA[24-09-2025T04:54:03 - [TEST_CASE][PASSED] - Test Cases/2000_tresult/Return Passed: Test Cases/2000_tresult/Return Passed

24-09-2025T04:54:03 - [TEST_STEP][PASSED] - markPassed("Passed"): Passed

24-09-2025T04:54:03 - [MESSAGE][PASSED] - Passed

24-09-2025T04:54:05 - [TEST_STEP][PASSED] - Video: Video recording for test case 'Test Cases/2000_tresult/Return Passed' .

24-09-2025T04:54:05 - [MESSAGE][INFO] - Video recording for test case 'Test Cases/2000_tresult/Return Passed' .]]></system-out>
         <system-err><![CDATA[]]></system-err>
      </testcase>
      <testcase name="Test Cases/2000_tresult/Return Passed" time="2.008" classname="Test Cases/2000_tresult/Return Passed" status="PASSED">
         <system-out><![CDATA[24-09-2025T04:54:05 - [TEST_CASE][PASSED] - Test Cases/2000_tresult/Return Passed: Test Cases/2000_tresult/Return Passed

24-09-2025T04:54:05 - [TEST_STEP][PASSED] - markPassed("Passed"): Passed

24-09-2025T04:54:05 - [MESSAGE][PASSED] - Passed

24-09-2025T04:54:07 - [TEST_STEP][PASSED] - Video: Video recording for test case 'Test Cases/2000_tresult/Return Passed' .

24-09-2025T04:54:07 - [MESSAGE][INFO] - Video recording for test case 'Test Cases/2000_tresult/Return Passed' .]]></system-out>
         <system-err><![CDATA[]]></system-err>
      </testcase>
      <testcase name="Test Cases/2000_tresult/Return Passed" time="2.009" classname="Test Cases/2000_tresult/Return Passed" status="PASSED">
         <system-out><![CDATA[24-09-2025T04:54:07 - [TEST_CASE][PASSED] - Test Cases/2000_tresult/Return Passed: Test Cases/2000_tresult/Return Passed

24-09-2025T04:54:07 - [TEST_STEP][PASSED] - markPassed("Passed"): Passed

24-09-2025T04:54:07 - [MESSAGE][PASSED] - Passed

24-09-2025T04:54:09 - [TEST_STEP][PASSED] - Video: Video recording for test case 'Test Cases/2000_tresult/Return Passed' .

24-09-2025T04:54:09 - [MESSAGE][INFO] - Video recording for test case 'Test Cases/2000_tresult/Return Passed' .]]></system-out>
         <system-err><![CDATA[]]></system-err>
      </testcase>
      <testcase name="Test Cases/2000_tresult/Return Passed" time="2.008" classname="Test Cases/2000_tresult/Return Passed" status="PASSED">
         <system-out><![CDATA[24-09-2025T04:54:09 - [TEST_CASE][PASSED] - Test Cases/2000_tresult/Return Passed: Test Cases/2000_tresult/Return Passed

24-09-2025T04:54:09 - [TEST_STEP][PASSED] - markPassed("Passed"): Passed

24-09-2025T04:54:09 - [MESSAGE][PASSED] - Passed

24-09-2025T04:54:11 - [TEST_STEP][PASSED] - Video: Video recording for test case 'Test Cases/2000_tresult/Return Passed' .

24-09-2025T04:54:11 - [MESSAGE][INFO] - Video recording for test case 'Test Cases/2000_tresult/Return Passed' .]]></system-out>
         <system-err><![CDATA[]]></system-err>
      </testcase>
      <testcase name="Test Cases/2000_tresult/Return Passed" time="2.01" classname="Test Cases/2000_tresult/Return Passed" status="PASSED">
         <system-out><![CDATA[24-09-2025T04:54:11 - [TEST_CASE][PASSED] - Test Cases/2000_tresult/Return Passed: Test Cases/2000_tresult/Return Passed

24-09-2025T04:54:11 - [TEST_STEP][PASSED] - markPassed("Passed"): Passed

24-09-2025T04:54:11 - [MESSAGE][PASSED] - Passed

24-09-2025T04:54:13 - [TEST_STEP][PASSED] - Video: Video recording for test case 'Test Cases/2000_tresult/Return Passed' .

24-09-2025T04:54:13 - [MESSAGE][INFO] - Video recording for test case 'Test Cases/2000_tresult/Return Passed' .]]></system-out>
         <system-err><![CDATA[]]></system-err>
      </testcase>
      <testcase name="Test Cases/2000_tresult/Return Passed" time="2.008" classname="Test Cases/2000_tresult/Return Passed" status="PASSED">
         <system-out><![CDATA[24-09-2025T04:54:13 - [TEST_CASE][PASSED] - Test Cases/2000_tresult/Return Passed: Test Cases/2000_tresult/Return Passed

24-09-2025T04:54:13 - [TEST_STEP][PASSED] - markPassed("Passed"): Passed

24-09-2025T04:54:13 - [MESSAGE][PASSED] - Passed

24-09-2025T04:54:15 - [TEST_STEP][PASSED] - Video: Video recording for test case 'Test Cases/2000_tresult/Return Passed' .

24-09-2025T04:54:15 - [MESSAGE][INFO] - Video recording for test case 'Test Cases/2000_tresult/Return Passed' .]]></system-out>
         <system-err><![CDATA[]]></system-err>
      </testcase>
      <testcase name="Test Cases/2000_tresult/Return Passed" time="2.008" classname="Test Cases/2000_tresult/Return Passed" status="PASSED">
         <system-out><![CDATA[24-09-2025T04:54:15 - [TEST_CASE][PASSED] - Test Cases/2000_tresult/Return Passed: Test Cases/2000_tresult/Return Passed

24-09-2025T04:54:15 - [TEST_STEP][PASSED] - markPassed("Passed"): Passed

24-09-2025T04:54:15 - [MESSAGE][PASSED] - Passed

24-09-2025T04:54:17 - [TEST_STEP][PASSED] - Video: Video recording for test case 'Test Cases/2000_tresult/Return Passed' .

24-09-2025T04:54:17 - [MESSAGE][INFO] - Video recording for test case 'Test Cases/2000_tresult/Return Passed' .]]></system-out>
         <system-err><![CDATA[]]></system-err>
      </testcase>
      <testcase name="Test Cases/2000_tresult/Return Passed" time="2.01" classname="Test Cases/2000_tresult/Return Passed" status="PASSED">
         <system-out><![CDATA[24-09-2025T04:54:17 - [TEST_CASE][PASSED] - Test Cases/2000_tresult/Return Passed: Test Cases/2000_tresult/Return Passed

24-09-2025T04:54:17 - [TEST_STEP][PASSED] - markPassed("Passed"): Passed

24-09-2025T04:54:17 - [MESSAGE][PASSED] - Passed

24-09-2025T04:54:19 - [TEST_STEP][PASSED] - Video: Video recording for test case 'Test Cases/2000_tresult/Return Passed' .

24-09-2025T04:54:19 - [MESSAGE][INFO] - Video recording for test case 'Test Cases/2000_tresult/Return Passed' .]]></system-out>
         <system-err><![CDATA[]]></system-err>
      </testcase>
      <testcase name="Test Cases/2000_tresult/Return Passed" time="2.01" classname="Test Cases/2000_tresult/Return Passed" status="PASSED">
         <system-out><![CDATA[24-09-2025T04:54:19 - [TEST_CASE][PASSED] - Test Cases/2000_tresult/Return Passed: Test Cases/2000_tresult/Return Passed

24-09-2025T04:54:19 - [TEST_STEP][PASSED] - markPassed("Passed"): Passed

24-09-2025T04:54:19 - [MESSAGE][PASSED] - Passed

24-09-2025T04:54:21 - [TEST_STEP][PASSED] - Video: Video recording for test case 'Test Cases/2000_tresult/Return Passed' .

24-09-2025T04:54:21 - [MESSAGE][INFO] - Video recording for test case 'Test Cases/2000_tresult/Return Passed' .]]></system-out>
         <system-err><![CDATA[]]></system-err>
      </testcase>
      <testcase name="Test Cases/2000_tresult/Return Passed" time="2.008" classname="Test Cases/2000_tresult/Return Passed" status="PASSED">
         <system-out><![CDATA[24-09-2025T04:54:21 - [TEST_CASE][PASSED] - Test Cases/2000_tresult/Return Passed: Test Cases/2000_tresult/Return Passed

24-09-2025T04:54:21 - [TEST_STEP][PASSED] - markPassed("Passed"): Passed

24-09-2025T04:54:21 - [MESSAGE][PASSED] - Passed

24-09-2025T04:54:23 - [TEST_STEP][PASSED] - Video: Video recording for test case 'Test Cases/2000_tresult/Return Passed' .

24-09-2025T04:54:23 - [MESSAGE][INFO] - Video recording for test case 'Test Cases/2000_tresult/Return Passed' .]]></system-out>
         <system-err><![CDATA[]]></system-err>
      </testcase>
      <testcase name="Test Cases/2000_tresult/Return Passed" time="2.008" classname="Test Cases/2000_tresult/Return Passed" status="PASSED">
         <system-out><![CDATA[24-09-2025T04:54:23 - [TEST_CASE][PASSED] - Test Cases/2000_tresult/Return Passed: Test Cases/2000_tresult/Return Passed

24-09-2025T04:54:23 - [TEST_STEP][PASSED] - markPassed("Passed"): Passed

24-09-2025T04:54:23 - [MESSAGE][PASSED] - Passed

24-09-2025T04:54:25 - [TEST_STEP][PASSED] - Video: Video recording for test case 'Test Cases/2000_tresult/Return Passed' .

24-09-2025T04:54:25 - [MESSAGE][INFO] - Video recording for test case 'Test Cases/2000_tresult/Return Passed' .]]></system-out>
         <system-err><![CDATA[]]></system-err>
      </testcase>
      <testcase name="Test Cases/2000_tresult/Return Passed" time="2.011" classname="Test Cases/2000_tresult/Return Passed" status="PASSED">
         <system-out><![CDATA[24-09-2025T04:54:25 - [TEST_CASE][PASSED] - Test Cases/2000_tresult/Return Passed: Test Cases/2000_tresult/Return Passed

24-09-2025T04:54:25 - [TEST_STEP][PASSED] - markPassed("Passed"): Passed

24-09-2025T04:54:25 - [MESSAGE][PASSED] - Passed

24-09-2025T04:54:27 - [TEST_STEP][PASSED] - Video: Video recording for test case 'Test Cases/2000_tresult/Return Passed' .

24-09-2025T04:54:27 - [MESSAGE][INFO] - Video recording for test case 'Test Cases/2000_tresult/Return Passed' .]]></system-out>
         <system-err><![CDATA[]]></system-err>
      </testcase>
      <testcase name="Test Cases/2000_tresult/Return Passed" time="2.008" classname="Test Cases/2000_tresult/Return Passed" status="PASSED">
         <system-out><![CDATA[24-09-2025T04:54:27 - [TEST_CASE][PASSED] - Test Cases/2000_tresult/Return Passed: Test Cases/2000_tresult/Return Passed

24-09-2025T04:54:27 - [TEST_STEP][PASSED] - markPassed("Passed"): Passed

24-09-2025T04:54:27 - [MESSAGE][PASSED] - Passed

24-09-2025T04:54:29 - [TEST_STEP][PASSED] - Video: Video recording for test case 'Test Cases/2000_tresult/Return Passed' .

24-09-2025T04:54:29 - [MESSAGE][INFO] - Video recording for test case 'Test Cases/2000_tresult/Return Passed' .]]></system-out>
         <system-err><![CDATA[]]></system-err>
      </testcase>
      <system-out><![CDATA[24-09-2025T04:51:07 - [TEST_STEP][PASSED] - Start listener action : sampleBeforeTestSuite: null

24-09-2025T04:51:07 - [TEST_STEP][PASSED] - KatalonHelper.updateInfo(): null

24-09-2025T04:51:07 - [TEST_SUITE][PASSED] - 100_tc: null]]></system-out>
      <system-err><![CDATA[]]></system-err>
   </testsuite>
</testsuites>
