<?xml version="1.0" encoding="UTF-8"?>
<testsuites name="100_tc" time="202.648" tests="100" failures="0" errors="0">
   <testsuite name="100_tc" tests="100" failures="0" errors="0" time="202.648" skipped="0" timestamp="2025-09-24T07:42:13.490Z" hostname="agent - 14475linalllatest-778642-katalon-agent-fz29f" id="Test Suites/100_tc">
      <properties>
         <property name="deviceName" value=""/>
         <property name="devicePlatform"/>
         <property name="logFolder" value="/work/test-project/56609/Reports/20250924_074206/100_tc/20250924_074207"/>
         <property name="logFiles" value="/work/test-project/56609/Reports/20250924_074206/100_tc/20250924_074207/console0.log, /work/test-project/56609/Reports/20250924_074206/100_tc/20250924_074207/execution0.log"/>
         <property name="attachments" value=""/>
         <property name="userFullName" value="Man Hua"/>
         <property name="hostName" value="agent - 14475linalllatest-778642-katalon-agent-fz29f"/>
         <property name="hostAddress" value="10.10.7.200"/>
         <property name="projectName" value="Demo-Bulk-Operation"/>
         <property name="os" value="Linux 64bit"/>
         <property name="katalonVersion" value="10.3.1.0"/>
      </properties>
      <testcase name="Test Cases/2000_tresult/Return Passed" time="2.611" classname="Test Cases/2000_tresult/Return Passed" status="PASSED">
         <system-out><![CDATA[24-09-2025T07:42:14 - [TEST_CASE][PASSED] - Test Cases/2000_tresult/Return Passed: Test Cases/2000_tresult/Return Passed

24-09-2025T07:42:14 - [TEST_STEP][PASSED] - markPassed("Passed"): Passed

24-09-2025T07:42:14 - [MESSAGE][PASSED] - Passed

24-09-2025T07:42:16 - [TEST_STEP][PASSED] - Video: Video recording for test case 'Test Cases/2000_tresult/Return Passed' .

24-09-2025T07:42:16 - [MESSAGE][INFO] - Video recording for test case 'Test Cases/2000_tresult/Return Passed' .]]></system-out>
         <system-err><![CDATA[]]></system-err>
      </testcase>
      <testcase name="Test Cases/2000_tresult/Return Passed" time="2.081" classname="Test Cases/2000_tresult/Return Passed" status="PASSED">
         <system-out><![CDATA[24-09-2025T07:42:16 - [TEST_CASE][PASSED] - Test Cases/2000_tresult/Return Passed: Test Cases/2000_tresult/Return Passed

24-09-2025T07:42:16 - [TEST_STEP][PASSED] - markPassed("Passed"): Passed

24-09-2025T07:42:16 - [MESSAGE][PASSED] - Passed

24-09-2025T07:42:18 - [TEST_STEP][PASSED] - Video: Video recording for test case 'Test Cases/2000_tresult/Return Passed' .

24-09-2025T07:42:18 - [MESSAGE][INFO] - Video recording for test case 'Test Cases/2000_tresult/Return Passed' .]]></system-out>
         <system-err><![CDATA[]]></system-err>
      </testcase>
      <testcase name="Test Cases/2000_tresult/Return Passed" time="2.02" classname="Test Cases/2000_tresult/Return Passed" status="PASSED">
         <system-out><![CDATA[24-09-2025T07:42:18 - [TEST_CASE][PASSED] - Test Cases/2000_tresult/Return Passed: Test Cases/2000_tresult/Return Passed

24-09-2025T07:42:18 - [TEST_STEP][PASSED] - markPassed("Passed"): Passed

24-09-2025T07:42:18 - [MESSAGE][PASSED] - Passed

24-09-2025T07:42:20 - [TEST_STEP][PASSED] - Video: Video recording for test case 'Test Cases/2000_tresult/Return Passed' .

24-09-2025T07:42:20 - [MESSAGE][INFO] - Video recording for test case 'Test Cases/2000_tresult/Return Passed' .]]></system-out>
         <system-err><![CDATA[]]></system-err>
      </testcase>
      <testcase name="Test Cases/2000_tresult/Return Passed" time="2.062" classname="Test Cases/2000_tresult/Return Passed" status="PASSED">
         <system-out><![CDATA[24-09-2025T07:42:20 - [TEST_CASE][PASSED] - Test Cases/2000_tresult/Return Passed: Test Cases/2000_tresult/Return Passed

24-09-2025T07:42:20 - [TEST_STEP][PASSED] - markPassed("Passed"): Passed

24-09-2025T07:42:20 - [MESSAGE][PASSED] - Passed

24-09-2025T07:42:22 - [TEST_STEP][PASSED] - Video: Video recording for test case 'Test Cases/2000_tresult/Return Passed' .

24-09-2025T07:42:22 - [MESSAGE][INFO] - Video recording for test case 'Test Cases/2000_tresult/Return Passed' .]]></system-out>
         <system-err><![CDATA[]]></system-err>
      </testcase>
      <testcase name="Test Cases/2000_tresult/Return Passed" time="2.015" classname="Test Cases/2000_tresult/Return Passed" status="PASSED">
         <system-out><![CDATA[24-09-2025T07:42:22 - [TEST_CASE][PASSED] - Test Cases/2000_tresult/Return Passed: Test Cases/2000_tresult/Return Passed

24-09-2025T07:42:22 - [TEST_STEP][PASSED] - markPassed("Passed"): Passed

24-09-2025T07:42:22 - [MESSAGE][PASSED] - Passed

24-09-2025T07:42:24 - [TEST_STEP][PASSED] - Video: Video recording for test case 'Test Cases/2000_tresult/Return Passed' .

24-09-2025T07:42:24 - [MESSAGE][INFO] - Video recording for test case 'Test Cases/2000_tresult/Return Passed' .]]></system-out>
         <system-err><![CDATA[]]></system-err>
      </testcase>
      <testcase name="Test Cases/2000_tresult/Return Passed" time="2.016" classname="Test Cases/2000_tresult/Return Passed" status="PASSED">
         <system-out><![CDATA[24-09-2025T07:42:24 - [TEST_CASE][PASSED] - Test Cases/2000_tresult/Return Passed: Test Cases/2000_tresult/Return Passed

24-09-2025T07:42:24 - [TEST_STEP][PASSED] - markPassed("Passed"): Passed

24-09-2025T07:42:24 - [MESSAGE][PASSED] - Passed

24-09-2025T07:42:26 - [TEST_STEP][PASSED] - Video: Video recording for test case 'Test Cases/2000_tresult/Return Passed' .

24-09-2025T07:42:26 - [MESSAGE][INFO] - Video recording for test case 'Test Cases/2000_tresult/Return Passed' .]]></system-out>
         <system-err><![CDATA[]]></system-err>
      </testcase>
      <testcase name="Test Cases/2000_tresult/Return Passed" time="2.011" classname="Test Cases/2000_tresult/Return Passed" status="PASSED">
         <system-out><![CDATA[24-09-2025T07:42:26 - [TEST_CASE][PASSED] - Test Cases/2000_tresult/Return Passed: Test Cases/2000_tresult/Return Passed

24-09-2025T07:42:26 - [TEST_STEP][PASSED] - markPassed("Passed"): Passed

24-09-2025T07:42:26 - [MESSAGE][PASSED] - Passed

24-09-2025T07:42:28 - [TEST_STEP][PASSED] - Video: Video recording for test case 'Test Cases/2000_tresult/Return Passed' .

24-09-2025T07:42:28 - [MESSAGE][INFO] - Video recording for test case 'Test Cases/2000_tresult/Return Passed' .]]></system-out>
         <system-err><![CDATA[]]></system-err>
      </testcase>
      <testcase name="Test Cases/2000_tresult/Return Passed" time="2.011" classname="Test Cases/2000_tresult/Return Passed" status="PASSED">
         <system-out><![CDATA[24-09-2025T07:42:28 - [TEST_CASE][PASSED] - Test Cases/2000_tresult/Return Passed: Test Cases/2000_tresult/Return Passed

24-09-2025T07:42:28 - [TEST_STEP][PASSED] - markPassed("Passed"): Passed

24-09-2025T07:42:28 - [MESSAGE][PASSED] - Passed

24-09-2025T07:42:31 - [TEST_STEP][PASSED] - Video: Video recording for test case 'Test Cases/2000_tresult/Return Passed' .

24-09-2025T07:42:31 - [MESSAGE][INFO] - Video recording for test case 'Test Cases/2000_tresult/Return Passed' .]]></system-out>
         <system-err><![CDATA[]]></system-err>
      </testcase>
      <testcase name="Test Cases/2000_tresult/Return Passed" time="2.015" classname="Test Cases/2000_tresult/Return Passed" status="PASSED">
         <system-out><![CDATA[24-09-2025T07:42:31 - [TEST_CASE][PASSED] - Test Cases/2000_tresult/Return Passed: Test Cases/2000_tresult/Return Passed

24-09-2025T07:42:31 - [TEST_STEP][PASSED] - markPassed("Passed"): Passed

24-09-2025T07:42:31 - [MESSAGE][PASSED] - Passed

24-09-2025T07:42:33 - [TEST_STEP][PASSED] - Video: Video recording for test case 'Test Cases/2000_tresult/Return Passed' .

24-09-2025T07:42:33 - [MESSAGE][INFO] - Video recording for test case 'Test Cases/2000_tresult/Return Passed' .]]></system-out>
         <system-err><![CDATA[]]></system-err>
      </testcase>
      <testcase name="Test Cases/2000_tresult/Return Passed" time="2.013" classname="Test Cases/2000_tresult/Return Passed" status="PASSED">
         <system-out><![CDATA[24-09-2025T07:42:33 - [TEST_CASE][PASSED] - Test Cases/2000_tresult/Return Passed: Test Cases/2000_tresult/Return Passed

24-09-2025T07:42:33 - [TEST_STEP][PASSED] - markPassed("Passed"): Passed

24-09-2025T07:42:33 - [MESSAGE][PASSED] - Passed

24-09-2025T07:42:35 - [TEST_STEP][PASSED] - Video: Video recording for test case 'Test Cases/2000_tresult/Return Passed' .

24-09-2025T07:42:35 - [MESSAGE][INFO] - Video recording for test case 'Test Cases/2000_tresult/Return Passed' .]]></system-out>
         <system-err><![CDATA[]]></system-err>
      </testcase>
      <testcase name="Test Cases/2000_tresult/Return Passed" time="2.013" classname="Test Cases/2000_tresult/Return Passed" status="PASSED">
         <system-out><![CDATA[24-09-2025T07:42:35 - [TEST_CASE][PASSED] - Test Cases/2000_tresult/Return Passed: Test Cases/2000_tresult/Return Passed

24-09-2025T07:42:35 - [TEST_STEP][PASSED] - markPassed("Passed"): Passed

24-09-2025T07:42:35 - [MESSAGE][PASSED] - Passed

24-09-2025T07:42:37 - [TEST_STEP][PASSED] - Video: Video recording for test case 'Test Cases/2000_tresult/Return Passed' .

24-09-2025T07:42:37 - [MESSAGE][INFO] - Video recording for test case 'Test Cases/2000_tresult/Return Passed' .]]></system-out>
         <system-err><![CDATA[]]></system-err>
      </testcase>
      <testcase name="Test Cases/2000_tresult/Return Passed" time="2.011" classname="Test Cases/2000_tresult/Return Passed" status="PASSED">
         <system-out><![CDATA[24-09-2025T07:42:37 - [TEST_CASE][PASSED] - Test Cases/2000_tresult/Return Passed: Test Cases/2000_tresult/Return Passed

24-09-2025T07:42:37 - [TEST_STEP][PASSED] - markPassed("Passed"): Passed

24-09-2025T07:42:37 - [MESSAGE][PASSED] - Passed

24-09-2025T07:42:39 - [TEST_STEP][PASSED] - Video: Video recording for test case 'Test Cases/2000_tresult/Return Passed' .

24-09-2025T07:42:39 - [MESSAGE][INFO] - Video recording for test case 'Test Cases/2000_tresult/Return Passed' .]]></system-out>
         <system-err><![CDATA[]]></system-err>
      </testcase>
      <testcase name="Test Cases/2000_tresult/Return Passed" time="2.012" classname="Test Cases/2000_tresult/Return Passed" status="PASSED">
         <system-out><![CDATA[24-09-2025T07:42:39 - [TEST_CASE][PASSED] - Test Cases/2000_tresult/Return Passed: Test Cases/2000_tresult/Return Passed

24-09-2025T07:42:39 - [TEST_STEP][PASSED] - markPassed("Passed"): Passed

24-09-2025T07:42:39 - [MESSAGE][PASSED] - Passed

24-09-2025T07:42:41 - [TEST_STEP][PASSED] - Video: Video recording for test case 'Test Cases/2000_tresult/Return Passed' .

24-09-2025T07:42:41 - [MESSAGE][INFO] - Video recording for test case 'Test Cases/2000_tresult/Return Passed' .]]></system-out>
         <system-err><![CDATA[]]></system-err>
      </testcase>
      <testcase name="Test Cases/2000_tresult/Return Passed" time="2.011" classname="Test Cases/2000_tresult/Return Passed" status="PASSED">
         <system-out><![CDATA[24-09-2025T07:42:41 - [TEST_CASE][PASSED] - Test Cases/2000_tresult/Return Passed: Test Cases/2000_tresult/Return Passed

24-09-2025T07:42:41 - [TEST_STEP][PASSED] - markPassed("Passed"): Passed

24-09-2025T07:42:41 - [MESSAGE][PASSED] - Passed

24-09-2025T07:42:43 - [TEST_STEP][PASSED] - Video: Video recording for test case 'Test Cases/2000_tresult/Return Passed' .

24-09-2025T07:42:43 - [MESSAGE][INFO] - Video recording for test case 'Test Cases/2000_tresult/Return Passed' .]]></system-out>
         <system-err><![CDATA[]]></system-err>
      </testcase>
      <testcase name="Test Cases/2000_tresult/Return Passed" time="2.011" classname="Test Cases/2000_tresult/Return Passed" status="PASSED">
         <system-out><![CDATA[24-09-2025T07:42:43 - [TEST_CASE][PASSED] - Test Cases/2000_tresult/Return Passed: Test Cases/2000_tresult/Return Passed

24-09-2025T07:42:43 - [TEST_STEP][PASSED] - markPassed("Passed"): Passed

24-09-2025T07:42:43 - [MESSAGE][PASSED] - Passed

24-09-2025T07:42:45 - [TEST_STEP][PASSED] - Video: Video recording for test case 'Test Cases/2000_tresult/Return Passed' .

24-09-2025T07:42:45 - [MESSAGE][INFO] - Video recording for test case 'Test Cases/2000_tresult/Return Passed' .]]></system-out>
         <system-err><![CDATA[]]></system-err>
      </testcase>
      <testcase name="Test Cases/2000_tresult/Return Passed" time="2.015" classname="Test Cases/2000_tresult/Return Passed" status="PASSED">
         <system-out><![CDATA[24-09-2025T07:42:45 - [TEST_CASE][PASSED] - Test Cases/2000_tresult/Return Passed: Test Cases/2000_tresult/Return Passed

24-09-2025T07:42:45 - [TEST_STEP][PASSED] - markPassed("Passed"): Passed

24-09-2025T07:42:45 - [MESSAGE][PASSED] - Passed

24-09-2025T07:42:47 - [TEST_STEP][PASSED] - Video: Video recording for test case 'Test Cases/2000_tresult/Return Passed' .

24-09-2025T07:42:47 - [MESSAGE][INFO] - Video recording for test case 'Test Cases/2000_tresult/Return Passed' .]]></system-out>
         <system-err><![CDATA[]]></system-err>
      </testcase>
      <testcase name="Test Cases/2000_tresult/Return Passed" time="2.01" classname="Test Cases/2000_tresult/Return Passed" status="PASSED">
         <system-out><![CDATA[24-09-2025T07:42:47 - [TEST_CASE][PASSED] - Test Cases/2000_tresult/Return Passed: Test Cases/2000_tresult/Return Passed

24-09-2025T07:42:47 - [TEST_STEP][PASSED] - markPassed("Passed"): Passed

24-09-2025T07:42:47 - [MESSAGE][PASSED] - Passed

24-09-2025T07:42:49 - [TEST_STEP][PASSED] - Video: Video recording for test case 'Test Cases/2000_tresult/Return Passed' .

24-09-2025T07:42:49 - [MESSAGE][INFO] - Video recording for test case 'Test Cases/2000_tresult/Return Passed' .]]></system-out>
         <system-err><![CDATA[]]></system-err>
      </testcase>
      <testcase name="Test Cases/2000_tresult/Return Passed" time="2.012" classname="Test Cases/2000_tresult/Return Passed" status="PASSED">
         <system-out><![CDATA[24-09-2025T07:42:49 - [TEST_CASE][PASSED] - Test Cases/2000_tresult/Return Passed: Test Cases/2000_tresult/Return Passed

24-09-2025T07:42:49 - [TEST_STEP][PASSED] - markPassed("Passed"): Passed

24-09-2025T07:42:49 - [MESSAGE][PASSED] - Passed

24-09-2025T07:42:51 - [TEST_STEP][PASSED] - Video: Video recording for test case 'Test Cases/2000_tresult/Return Passed' .

24-09-2025T07:42:51 - [MESSAGE][INFO] - Video recording for test case 'Test Cases/2000_tresult/Return Passed' .]]></system-out>
         <system-err><![CDATA[]]></system-err>
      </testcase>
      <testcase name="Test Cases/2000_tresult/Return Passed" time="2.013" classname="Test Cases/2000_tresult/Return Passed" status="PASSED">
         <system-out><![CDATA[24-09-2025T07:42:51 - [TEST_CASE][PASSED] - Test Cases/2000_tresult/Return Passed: Test Cases/2000_tresult/Return Passed

24-09-2025T07:42:51 - [TEST_STEP][PASSED] - markPassed("Passed"): Passed

24-09-2025T07:42:51 - [MESSAGE][PASSED] - Passed

24-09-2025T07:42:53 - [TEST_STEP][PASSED] - Video: Video recording for test case 'Test Cases/2000_tresult/Return Passed' .

24-09-2025T07:42:53 - [MESSAGE][INFO] - Video recording for test case 'Test Cases/2000_tresult/Return Passed' .]]></system-out>
         <system-err><![CDATA[]]></system-err>
      </testcase>
      <testcase name="Test Cases/2000_tresult/Return Passed" time="2.01" classname="Test Cases/2000_tresult/Return Passed" status="PASSED">
         <system-out><![CDATA[24-09-2025T07:42:53 - [TEST_CASE][PASSED] - Test Cases/2000_tresult/Return Passed: Test Cases/2000_tresult/Return Passed

24-09-2025T07:42:53 - [TEST_STEP][PASSED] - markPassed("Passed"): Passed

24-09-2025T07:42:53 - [MESSAGE][PASSED] - Passed

24-09-2025T07:42:55 - [TEST_STEP][PASSED] - Video: Video recording for test case 'Test Cases/2000_tresult/Return Passed' .

24-09-2025T07:42:55 - [MESSAGE][INFO] - Video recording for test case 'Test Cases/2000_tresult/Return Passed' .]]></system-out>
         <system-err><![CDATA[]]></system-err>
      </testcase>
      <testcase name="Test Cases/2000_tresult/Return Passed" time="2.009" classname="Test Cases/2000_tresult/Return Passed" status="PASSED">
         <system-out><![CDATA[24-09-2025T07:42:55 - [TEST_CASE][PASSED] - Test Cases/2000_tresult/Return Passed: Test Cases/2000_tresult/Return Passed

24-09-2025T07:42:55 - [TEST_STEP][PASSED] - markPassed("Passed"): Passed

24-09-2025T07:42:55 - [MESSAGE][PASSED] - Passed

24-09-2025T07:42:57 - [TEST_STEP][PASSED] - Video: Video recording for test case 'Test Cases/2000_tresult/Return Passed' .

24-09-2025T07:42:57 - [MESSAGE][INFO] - Video recording for test case 'Test Cases/2000_tresult/Return Passed' .]]></system-out>
         <system-err><![CDATA[]]></system-err>
      </testcase>
      <testcase name="Test Cases/2000_tresult/Return Passed" time="2.009" classname="Test Cases/2000_tresult/Return Passed" status="PASSED">
         <system-out><![CDATA[24-09-2025T07:42:57 - [TEST_CASE][PASSED] - Test Cases/2000_tresult/Return Passed: Test Cases/2000_tresult/Return Passed

24-09-2025T07:42:57 - [TEST_STEP][PASSED] - markPassed("Passed"): Passed

24-09-2025T07:42:57 - [MESSAGE][PASSED] - Passed

24-09-2025T07:42:59 - [TEST_STEP][PASSED] - Video: Video recording for test case 'Test Cases/2000_tresult/Return Passed' .

24-09-2025T07:42:59 - [MESSAGE][INFO] - Video recording for test case 'Test Cases/2000_tresult/Return Passed' .]]></system-out>
         <system-err><![CDATA[]]></system-err>
      </testcase>
      <testcase name="Test Cases/2000_tresult/Return Passed" time="2.009" classname="Test Cases/2000_tresult/Return Passed" status="PASSED">
         <system-out><![CDATA[24-09-2025T07:42:59 - [TEST_CASE][PASSED] - Test Cases/2000_tresult/Return Passed: Test Cases/2000_tresult/Return Passed

24-09-2025T07:42:59 - [TEST_STEP][PASSED] - markPassed("Passed"): Passed

24-09-2025T07:42:59 - [MESSAGE][PASSED] - Passed

24-09-2025T07:43:01 - [TEST_STEP][PASSED] - Video: Video recording for test case 'Test Cases/2000_tresult/Return Passed' .

24-09-2025T07:43:01 - [MESSAGE][INFO] - Video recording for test case 'Test Cases/2000_tresult/Return Passed' .]]></system-out>
         <system-err><![CDATA[]]></system-err>
      </testcase>
      <testcase name="Test Cases/2000_tresult/Return Passed" time="2.009" classname="Test Cases/2000_tresult/Return Passed" status="PASSED">
         <system-out><![CDATA[24-09-2025T07:43:01 - [TEST_CASE][PASSED] - Test Cases/2000_tresult/Return Passed: Test Cases/2000_tresult/Return Passed

24-09-2025T07:43:01 - [TEST_STEP][PASSED] - markPassed("Passed"): Passed

24-09-2025T07:43:01 - [MESSAGE][PASSED] - Passed

24-09-2025T07:43:03 - [TEST_STEP][PASSED] - Video: Video recording for test case 'Test Cases/2000_tresult/Return Passed' .

24-09-2025T07:43:03 - [MESSAGE][INFO] - Video recording for test case 'Test Cases/2000_tresult/Return Passed' .]]></system-out>
         <system-err><![CDATA[]]></system-err>
      </testcase>
      <testcase name="Test Cases/2000_tresult/Return Passed" time="2.009" classname="Test Cases/2000_tresult/Return Passed" status="PASSED">
         <system-out><![CDATA[24-09-2025T07:43:03 - [TEST_CASE][PASSED] - Test Cases/2000_tresult/Return Passed: Test Cases/2000_tresult/Return Passed

24-09-2025T07:43:03 - [TEST_STEP][PASSED] - markPassed("Passed"): Passed

24-09-2025T07:43:03 - [MESSAGE][PASSED] - Passed

24-09-2025T07:43:05 - [TEST_STEP][PASSED] - Video: Video recording for test case 'Test Cases/2000_tresult/Return Passed' .

24-09-2025T07:43:05 - [MESSAGE][INFO] - Video recording for test case 'Test Cases/2000_tresult/Return Passed' .]]></system-out>
         <system-err><![CDATA[]]></system-err>
      </testcase>
      <testcase name="Test Cases/2000_tresult/Return Passed" time="2.01" classname="Test Cases/2000_tresult/Return Passed" status="PASSED">
         <system-out><![CDATA[24-09-2025T07:43:05 - [TEST_CASE][PASSED] - Test Cases/2000_tresult/Return Passed: Test Cases/2000_tresult/Return Passed

24-09-2025T07:43:05 - [TEST_STEP][PASSED] - markPassed("Passed"): Passed

24-09-2025T07:43:05 - [MESSAGE][PASSED] - Passed

24-09-2025T07:43:07 - [TEST_STEP][PASSED] - Video: Video recording for test case 'Test Cases/2000_tresult/Return Passed' .

24-09-2025T07:43:07 - [MESSAGE][INFO] - Video recording for test case 'Test Cases/2000_tresult/Return Passed' .]]></system-out>
         <system-err><![CDATA[]]></system-err>
      </testcase>
      <testcase name="Test Cases/2000_tresult/Return Passed" time="2.009" classname="Test Cases/2000_tresult/Return Passed" status="PASSED">
         <system-out><![CDATA[24-09-2025T07:43:07 - [TEST_CASE][PASSED] - Test Cases/2000_tresult/Return Passed: Test Cases/2000_tresult/Return Passed

24-09-2025T07:43:07 - [TEST_STEP][PASSED] - markPassed("Passed"): Passed

24-09-2025T07:43:07 - [MESSAGE][PASSED] - Passed

24-09-2025T07:43:09 - [TEST_STEP][PASSED] - Video: Video recording for test case 'Test Cases/2000_tresult/Return Passed' .

24-09-2025T07:43:09 - [MESSAGE][INFO] - Video recording for test case 'Test Cases/2000_tresult/Return Passed' .]]></system-out>
         <system-err><![CDATA[]]></system-err>
      </testcase>
      <testcase name="Test Cases/2000_tresult/Return Passed" time="2.011" classname="Test Cases/2000_tresult/Return Passed" status="PASSED">
         <system-out><![CDATA[24-09-2025T07:43:09 - [TEST_CASE][PASSED] - Test Cases/2000_tresult/Return Passed: Test Cases/2000_tresult/Return Passed

24-09-2025T07:43:09 - [TEST_STEP][PASSED] - markPassed("Passed"): Passed

24-09-2025T07:43:09 - [MESSAGE][PASSED] - Passed

24-09-2025T07:43:11 - [TEST_STEP][PASSED] - Video: Video recording for test case 'Test Cases/2000_tresult/Return Passed' .

24-09-2025T07:43:11 - [MESSAGE][INFO] - Video recording for test case 'Test Cases/2000_tresult/Return Passed' .]]></system-out>
         <system-err><![CDATA[]]></system-err>
      </testcase>
      <testcase name="Test Cases/2000_tresult/Return Passed" time="2.009" classname="Test Cases/2000_tresult/Return Passed" status="PASSED">
         <system-out><![CDATA[24-09-2025T07:43:11 - [TEST_CASE][PASSED] - Test Cases/2000_tresult/Return Passed: Test Cases/2000_tresult/Return Passed

24-09-2025T07:43:11 - [TEST_STEP][PASSED] - markPassed("Passed"): Passed

24-09-2025T07:43:11 - [MESSAGE][PASSED] - Passed

24-09-2025T07:43:13 - [TEST_STEP][PASSED] - Video: Video recording for test case 'Test Cases/2000_tresult/Return Passed' .

24-09-2025T07:43:13 - [MESSAGE][INFO] - Video recording for test case 'Test Cases/2000_tresult/Return Passed' .]]></system-out>
         <system-err><![CDATA[]]></system-err>
      </testcase>
      <testcase name="Test Cases/2000_tresult/Return Passed" time="2.01" classname="Test Cases/2000_tresult/Return Passed" status="PASSED">
         <system-out><![CDATA[24-09-2025T07:43:13 - [TEST_CASE][PASSED] - Test Cases/2000_tresult/Return Passed: Test Cases/2000_tresult/Return Passed

24-09-2025T07:43:13 - [TEST_STEP][PASSED] - markPassed("Passed"): Passed

24-09-2025T07:43:13 - [MESSAGE][PASSED] - Passed

24-09-2025T07:43:15 - [TEST_STEP][PASSED] - Video: Video recording for test case 'Test Cases/2000_tresult/Return Passed' .

24-09-2025T07:43:15 - [MESSAGE][INFO] - Video recording for test case 'Test Cases/2000_tresult/Return Passed' .]]></system-out>
         <system-err><![CDATA[]]></system-err>
      </testcase>
      <testcase name="Test Cases/2000_tresult/Return Passed" time="2.009" classname="Test Cases/2000_tresult/Return Passed" status="PASSED">
         <system-out><![CDATA[24-09-2025T07:43:15 - [TEST_CASE][PASSED] - Test Cases/2000_tresult/Return Passed: Test Cases/2000_tresult/Return Passed

24-09-2025T07:43:15 - [TEST_STEP][PASSED] - markPassed("Passed"): Passed

24-09-2025T07:43:15 - [MESSAGE][PASSED] - Passed

24-09-2025T07:43:17 - [TEST_STEP][PASSED] - Video: Video recording for test case 'Test Cases/2000_tresult/Return Passed' .

24-09-2025T07:43:17 - [MESSAGE][INFO] - Video recording for test case 'Test Cases/2000_tresult/Return Passed' .]]></system-out>
         <system-err><![CDATA[]]></system-err>
      </testcase>
      <testcase name="Test Cases/2000_tresult/Return Passed" time="2.011" classname="Test Cases/2000_tresult/Return Passed" status="PASSED">
         <system-out><![CDATA[24-09-2025T07:43:17 - [TEST_CASE][PASSED] - Test Cases/2000_tresult/Return Passed: Test Cases/2000_tresult/Return Passed

24-09-2025T07:43:17 - [TEST_STEP][PASSED] - markPassed("Passed"): Passed

24-09-2025T07:43:17 - [MESSAGE][PASSED] - Passed

24-09-2025T07:43:19 - [TEST_STEP][PASSED] - Video: Video recording for test case 'Test Cases/2000_tresult/Return Passed' .

24-09-2025T07:43:19 - [MESSAGE][INFO] - Video recording for test case 'Test Cases/2000_tresult/Return Passed' .]]></system-out>
         <system-err><![CDATA[]]></system-err>
      </testcase>
      <testcase name="Test Cases/2000_tresult/Return Passed" time="2.011" classname="Test Cases/2000_tresult/Return Passed" status="PASSED">
         <system-out><![CDATA[24-09-2025T07:43:19 - [TEST_CASE][PASSED] - Test Cases/2000_tresult/Return Passed: Test Cases/2000_tresult/Return Passed

24-09-2025T07:43:19 - [TEST_STEP][PASSED] - markPassed("Passed"): Passed

24-09-2025T07:43:19 - [MESSAGE][PASSED] - Passed

24-09-2025T07:43:21 - [TEST_STEP][PASSED] - Video: Video recording for test case 'Test Cases/2000_tresult/Return Passed' .

24-09-2025T07:43:21 - [MESSAGE][INFO] - Video recording for test case 'Test Cases/2000_tresult/Return Passed' .]]></system-out>
         <system-err><![CDATA[]]></system-err>
      </testcase>
      <testcase name="Test Cases/2000_tresult/Return Passed" time="2.009" classname="Test Cases/2000_tresult/Return Passed" status="PASSED">
         <system-out><![CDATA[24-09-2025T07:43:21 - [TEST_CASE][PASSED] - Test Cases/2000_tresult/Return Passed: Test Cases/2000_tresult/Return Passed

24-09-2025T07:43:21 - [TEST_STEP][PASSED] - markPassed("Passed"): Passed

24-09-2025T07:43:21 - [MESSAGE][PASSED] - Passed

24-09-2025T07:43:23 - [TEST_STEP][PASSED] - Video: Video recording for test case 'Test Cases/2000_tresult/Return Passed' .

24-09-2025T07:43:23 - [MESSAGE][INFO] - Video recording for test case 'Test Cases/2000_tresult/Return Passed' .]]></system-out>
         <system-err><![CDATA[]]></system-err>
      </testcase>
      <testcase name="Test Cases/2000_tresult/Return Passed" time="2.009" classname="Test Cases/2000_tresult/Return Passed" status="PASSED">
         <system-out><![CDATA[24-09-2025T07:43:23 - [TEST_CASE][PASSED] - Test Cases/2000_tresult/Return Passed: Test Cases/2000_tresult/Return Passed

24-09-2025T07:43:23 - [TEST_STEP][PASSED] - markPassed("Passed"): Passed

24-09-2025T07:43:23 - [MESSAGE][PASSED] - Passed

24-09-2025T07:43:25 - [TEST_STEP][PASSED] - Video: Video recording for test case 'Test Cases/2000_tresult/Return Passed' .

24-09-2025T07:43:25 - [MESSAGE][INFO] - Video recording for test case 'Test Cases/2000_tresult/Return Passed' .]]></system-out>
         <system-err><![CDATA[]]></system-err>
      </testcase>
      <testcase name="Test Cases/2000_tresult/Return Passed" time="2.008" classname="Test Cases/2000_tresult/Return Passed" status="PASSED">
         <system-out><![CDATA[24-09-2025T07:43:25 - [TEST_CASE][PASSED] - Test Cases/2000_tresult/Return Passed: Test Cases/2000_tresult/Return Passed

24-09-2025T07:43:25 - [TEST_STEP][PASSED] - markPassed("Passed"): Passed

24-09-2025T07:43:25 - [MESSAGE][PASSED] - Passed

24-09-2025T07:43:27 - [TEST_STEP][PASSED] - Video: Video recording for test case 'Test Cases/2000_tresult/Return Passed' .

24-09-2025T07:43:27 - [MESSAGE][INFO] - Video recording for test case 'Test Cases/2000_tresult/Return Passed' .]]></system-out>
         <system-err><![CDATA[]]></system-err>
      </testcase>
      <testcase name="Test Cases/2000_tresult/Return Passed" time="2.009" classname="Test Cases/2000_tresult/Return Passed" status="PASSED">
         <system-out><![CDATA[24-09-2025T07:43:27 - [TEST_CASE][PASSED] - Test Cases/2000_tresult/Return Passed: Test Cases/2000_tresult/Return Passed

24-09-2025T07:43:27 - [TEST_STEP][PASSED] - markPassed("Passed"): Passed

24-09-2025T07:43:27 - [MESSAGE][PASSED] - Passed

24-09-2025T07:43:29 - [TEST_STEP][PASSED] - Video: Video recording for test case 'Test Cases/2000_tresult/Return Passed' .

24-09-2025T07:43:29 - [MESSAGE][INFO] - Video recording for test case 'Test Cases/2000_tresult/Return Passed' .]]></system-out>
         <system-err><![CDATA[]]></system-err>
      </testcase>
      <testcase name="Test Cases/2000_tresult/Return Passed" time="2.009" classname="Test Cases/2000_tresult/Return Passed" status="PASSED">
         <system-out><![CDATA[24-09-2025T07:43:29 - [TEST_CASE][PASSED] - Test Cases/2000_tresult/Return Passed: Test Cases/2000_tresult/Return Passed

24-09-2025T07:43:29 - [TEST_STEP][PASSED] - markPassed("Passed"): Passed

24-09-2025T07:43:29 - [MESSAGE][PASSED] - Passed

24-09-2025T07:43:31 - [TEST_STEP][PASSED] - Video: Video recording for test case 'Test Cases/2000_tresult/Return Passed' .

24-09-2025T07:43:31 - [MESSAGE][INFO] - Video recording for test case 'Test Cases/2000_tresult/Return Passed' .]]></system-out>
         <system-err><![CDATA[]]></system-err>
      </testcase>
      <testcase name="Test Cases/2000_tresult/Return Passed" time="2.009" classname="Test Cases/2000_tresult/Return Passed" status="PASSED">
         <system-out><![CDATA[24-09-2025T07:43:31 - [TEST_CASE][PASSED] - Test Cases/2000_tresult/Return Passed: Test Cases/2000_tresult/Return Passed

24-09-2025T07:43:31 - [TEST_STEP][PASSED] - markPassed("Passed"): Passed

24-09-2025T07:43:31 - [MESSAGE][PASSED] - Passed

24-09-2025T07:43:33 - [TEST_STEP][PASSED] - Video: Video recording for test case 'Test Cases/2000_tresult/Return Passed' .

24-09-2025T07:43:33 - [MESSAGE][INFO] - Video recording for test case 'Test Cases/2000_tresult/Return Passed' .]]></system-out>
         <system-err><![CDATA[]]></system-err>
      </testcase>
      <testcase name="Test Cases/2000_tresult/Return Passed" time="2.01" classname="Test Cases/2000_tresult/Return Passed" status="PASSED">
         <system-out><![CDATA[24-09-2025T07:43:33 - [TEST_CASE][PASSED] - Test Cases/2000_tresult/Return Passed: Test Cases/2000_tresult/Return Passed

24-09-2025T07:43:33 - [TEST_STEP][PASSED] - markPassed("Passed"): Passed

24-09-2025T07:43:33 - [MESSAGE][PASSED] - Passed

24-09-2025T07:43:35 - [TEST_STEP][PASSED] - Video: Video recording for test case 'Test Cases/2000_tresult/Return Passed' .

24-09-2025T07:43:35 - [MESSAGE][INFO] - Video recording for test case 'Test Cases/2000_tresult/Return Passed' .]]></system-out>
         <system-err><![CDATA[]]></system-err>
      </testcase>
      <testcase name="Test Cases/2000_tresult/Return Passed" time="2.009" classname="Test Cases/2000_tresult/Return Passed" status="PASSED">
         <system-out><![CDATA[24-09-2025T07:43:35 - [TEST_CASE][PASSED] - Test Cases/2000_tresult/Return Passed: Test Cases/2000_tresult/Return Passed

24-09-2025T07:43:35 - [TEST_STEP][PASSED] - markPassed("Passed"): Passed

24-09-2025T07:43:35 - [MESSAGE][PASSED] - Passed

24-09-2025T07:43:37 - [TEST_STEP][PASSED] - Video: Video recording for test case 'Test Cases/2000_tresult/Return Passed' .

24-09-2025T07:43:37 - [MESSAGE][INFO] - Video recording for test case 'Test Cases/2000_tresult/Return Passed' .]]></system-out>
         <system-err><![CDATA[]]></system-err>
      </testcase>
      <testcase name="Test Cases/2000_tresult/Return Passed" time="2.013" classname="Test Cases/2000_tresult/Return Passed" status="PASSED">
         <system-out><![CDATA[24-09-2025T07:43:37 - [TEST_CASE][PASSED] - Test Cases/2000_tresult/Return Passed: Test Cases/2000_tresult/Return Passed

24-09-2025T07:43:37 - [TEST_STEP][PASSED] - markPassed("Passed"): Passed

24-09-2025T07:43:37 - [MESSAGE][PASSED] - Passed

24-09-2025T07:43:39 - [TEST_STEP][PASSED] - Video: Video recording for test case 'Test Cases/2000_tresult/Return Passed' .

24-09-2025T07:43:39 - [MESSAGE][INFO] - Video recording for test case 'Test Cases/2000_tresult/Return Passed' .]]></system-out>
         <system-err><![CDATA[]]></system-err>
      </testcase>
      <testcase name="Test Cases/2000_tresult/Return Passed" time="2.009" classname="Test Cases/2000_tresult/Return Passed" status="PASSED">
         <system-out><![CDATA[24-09-2025T07:43:39 - [TEST_CASE][PASSED] - Test Cases/2000_tresult/Return Passed: Test Cases/2000_tresult/Return Passed

24-09-2025T07:43:39 - [TEST_STEP][PASSED] - markPassed("Passed"): Passed

24-09-2025T07:43:39 - [MESSAGE][PASSED] - Passed

24-09-2025T07:43:41 - [TEST_STEP][PASSED] - Video: Video recording for test case 'Test Cases/2000_tresult/Return Passed' .

24-09-2025T07:43:41 - [MESSAGE][INFO] - Video recording for test case 'Test Cases/2000_tresult/Return Passed' .]]></system-out>
         <system-err><![CDATA[]]></system-err>
      </testcase>
      <testcase name="Test Cases/2000_tresult/Return Passed" time="2.009" classname="Test Cases/2000_tresult/Return Passed" status="PASSED">
         <system-out><![CDATA[24-09-2025T07:43:41 - [TEST_CASE][PASSED] - Test Cases/2000_tresult/Return Passed: Test Cases/2000_tresult/Return Passed

24-09-2025T07:43:41 - [TEST_STEP][PASSED] - markPassed("Passed"): Passed

24-09-2025T07:43:41 - [MESSAGE][PASSED] - Passed

24-09-2025T07:43:43 - [TEST_STEP][PASSED] - Video: Video recording for test case 'Test Cases/2000_tresult/Return Passed' .

24-09-2025T07:43:43 - [MESSAGE][INFO] - Video recording for test case 'Test Cases/2000_tresult/Return Passed' .]]></system-out>
         <system-err><![CDATA[]]></system-err>
      </testcase>
      <testcase name="Test Cases/2000_tresult/Return Passed" time="2.009" classname="Test Cases/2000_tresult/Return Passed" status="PASSED">
         <system-out><![CDATA[24-09-2025T07:43:43 - [TEST_CASE][PASSED] - Test Cases/2000_tresult/Return Passed: Test Cases/2000_tresult/Return Passed

24-09-2025T07:43:43 - [TEST_STEP][PASSED] - markPassed("Passed"): Passed

24-09-2025T07:43:43 - [MESSAGE][PASSED] - Passed

24-09-2025T07:43:45 - [TEST_STEP][PASSED] - Video: Video recording for test case 'Test Cases/2000_tresult/Return Passed' .

24-09-2025T07:43:45 - [MESSAGE][INFO] - Video recording for test case 'Test Cases/2000_tresult/Return Passed' .]]></system-out>
         <system-err><![CDATA[]]></system-err>
      </testcase>
      <testcase name="Test Cases/2000_tresult/Return Passed" time="2.009" classname="Test Cases/2000_tresult/Return Passed" status="PASSED">
         <system-out><![CDATA[24-09-2025T07:43:45 - [TEST_CASE][PASSED] - Test Cases/2000_tresult/Return Passed: Test Cases/2000_tresult/Return Passed

24-09-2025T07:43:45 - [TEST_STEP][PASSED] - markPassed("Passed"): Passed

24-09-2025T07:43:45 - [MESSAGE][PASSED] - Passed

24-09-2025T07:43:47 - [TEST_STEP][PASSED] - Video: Video recording for test case 'Test Cases/2000_tresult/Return Passed' .

24-09-2025T07:43:47 - [MESSAGE][INFO] - Video recording for test case 'Test Cases/2000_tresult/Return Passed' .]]></system-out>
         <system-err><![CDATA[]]></system-err>
      </testcase>
      <testcase name="Test Cases/2000_tresult/Return Passed" time="2.01" classname="Test Cases/2000_tresult/Return Passed" status="PASSED">
         <system-out><![CDATA[24-09-2025T07:43:47 - [TEST_CASE][PASSED] - Test Cases/2000_tresult/Return Passed: Test Cases/2000_tresult/Return Passed

24-09-2025T07:43:47 - [TEST_STEP][PASSED] - markPassed("Passed"): Passed

24-09-2025T07:43:47 - [MESSAGE][PASSED] - Passed

24-09-2025T07:43:49 - [TEST_STEP][PASSED] - Video: Video recording for test case 'Test Cases/2000_tresult/Return Passed' .

24-09-2025T07:43:49 - [MESSAGE][INFO] - Video recording for test case 'Test Cases/2000_tresult/Return Passed' .]]></system-out>
         <system-err><![CDATA[]]></system-err>
      </testcase>
      <testcase name="Test Cases/2000_tresult/Return Passed" time="2.01" classname="Test Cases/2000_tresult/Return Passed" status="PASSED">
         <system-out><![CDATA[24-09-2025T07:43:49 - [TEST_CASE][PASSED] - Test Cases/2000_tresult/Return Passed: Test Cases/2000_tresult/Return Passed

24-09-2025T07:43:49 - [TEST_STEP][PASSED] - markPassed("Passed"): Passed

24-09-2025T07:43:49 - [MESSAGE][PASSED] - Passed

24-09-2025T07:43:51 - [TEST_STEP][PASSED] - Video: Video recording for test case 'Test Cases/2000_tresult/Return Passed' .

24-09-2025T07:43:51 - [MESSAGE][INFO] - Video recording for test case 'Test Cases/2000_tresult/Return Passed' .]]></system-out>
         <system-err><![CDATA[]]></system-err>
      </testcase>
      <testcase name="Test Cases/2000_tresult/Return Passed" time="2.008" classname="Test Cases/2000_tresult/Return Passed" status="PASSED">
         <system-out><![CDATA[24-09-2025T07:43:51 - [TEST_CASE][PASSED] - Test Cases/2000_tresult/Return Passed: Test Cases/2000_tresult/Return Passed

24-09-2025T07:43:51 - [TEST_STEP][PASSED] - markPassed("Passed"): Passed

24-09-2025T07:43:51 - [MESSAGE][PASSED] - Passed

24-09-2025T07:43:53 - [TEST_STEP][PASSED] - Video: Video recording for test case 'Test Cases/2000_tresult/Return Passed' .

24-09-2025T07:43:53 - [MESSAGE][INFO] - Video recording for test case 'Test Cases/2000_tresult/Return Passed' .]]></system-out>
         <system-err><![CDATA[]]></system-err>
      </testcase>
      <testcase name="Test Cases/2000_tresult/Return Passed" time="2.009" classname="Test Cases/2000_tresult/Return Passed" status="PASSED">
         <system-out><![CDATA[24-09-2025T07:43:53 - [TEST_CASE][PASSED] - Test Cases/2000_tresult/Return Passed: Test Cases/2000_tresult/Return Passed

24-09-2025T07:43:53 - [TEST_STEP][PASSED] - markPassed("Passed"): Passed

24-09-2025T07:43:53 - [MESSAGE][PASSED] - Passed

24-09-2025T07:43:55 - [TEST_STEP][PASSED] - Video: Video recording for test case 'Test Cases/2000_tresult/Return Passed' .

24-09-2025T07:43:55 - [MESSAGE][INFO] - Video recording for test case 'Test Cases/2000_tresult/Return Passed' .]]></system-out>
         <system-err><![CDATA[]]></system-err>
      </testcase>
      <testcase name="Test Cases/2000_tresult/Return Passed" time="2.01" classname="Test Cases/2000_tresult/Return Passed" status="PASSED">
         <system-out><![CDATA[24-09-2025T07:43:55 - [TEST_CASE][PASSED] - Test Cases/2000_tresult/Return Passed: Test Cases/2000_tresult/Return Passed

24-09-2025T07:43:55 - [TEST_STEP][PASSED] - markPassed("Passed"): Passed

24-09-2025T07:43:55 - [MESSAGE][PASSED] - Passed

24-09-2025T07:43:57 - [TEST_STEP][PASSED] - Video: Video recording for test case 'Test Cases/2000_tresult/Return Passed' .

24-09-2025T07:43:57 - [MESSAGE][INFO] - Video recording for test case 'Test Cases/2000_tresult/Return Passed' .]]></system-out>
         <system-err><![CDATA[]]></system-err>
      </testcase>
      <testcase name="Test Cases/2000_tresult/Return Passed" time="2.009" classname="Test Cases/2000_tresult/Return Passed" status="PASSED">
         <system-out><![CDATA[24-09-2025T07:43:57 - [TEST_CASE][PASSED] - Test Cases/2000_tresult/Return Passed: Test Cases/2000_tresult/Return Passed

24-09-2025T07:43:57 - [TEST_STEP][PASSED] - markPassed("Passed"): Passed

24-09-2025T07:43:57 - [MESSAGE][PASSED] - Passed

24-09-2025T07:43:59 - [TEST_STEP][PASSED] - Video: Video recording for test case 'Test Cases/2000_tresult/Return Passed' .

24-09-2025T07:43:59 - [MESSAGE][INFO] - Video recording for test case 'Test Cases/2000_tresult/Return Passed' .]]></system-out>
         <system-err><![CDATA[]]></system-err>
      </testcase>
      <testcase name="Test Cases/2000_tresult/Return Passed" time="2.011" classname="Test Cases/2000_tresult/Return Passed" status="PASSED">
         <system-out><![CDATA[24-09-2025T07:43:59 - [TEST_CASE][PASSED] - Test Cases/2000_tresult/Return Passed: Test Cases/2000_tresult/Return Passed

24-09-2025T07:43:59 - [TEST_STEP][PASSED] - markPassed("Passed"): Passed

24-09-2025T07:43:59 - [MESSAGE][PASSED] - Passed

24-09-2025T07:44:01 - [TEST_STEP][PASSED] - Video: Video recording for test case 'Test Cases/2000_tresult/Return Passed' .

24-09-2025T07:44:01 - [MESSAGE][INFO] - Video recording for test case 'Test Cases/2000_tresult/Return Passed' .]]></system-out>
         <system-err><![CDATA[]]></system-err>
      </testcase>
      <testcase name="Test Cases/2000_tresult/Return Passed" time="2.009" classname="Test Cases/2000_tresult/Return Passed" status="PASSED">
         <system-out><![CDATA[24-09-2025T07:44:01 - [TEST_CASE][PASSED] - Test Cases/2000_tresult/Return Passed: Test Cases/2000_tresult/Return Passed

24-09-2025T07:44:01 - [TEST_STEP][PASSED] - markPassed("Passed"): Passed

24-09-2025T07:44:01 - [MESSAGE][PASSED] - Passed

24-09-2025T07:44:03 - [TEST_STEP][PASSED] - Video: Video recording for test case 'Test Cases/2000_tresult/Return Passed' .

24-09-2025T07:44:03 - [MESSAGE][INFO] - Video recording for test case 'Test Cases/2000_tresult/Return Passed' .]]></system-out>
         <system-err><![CDATA[]]></system-err>
      </testcase>
      <testcase name="Test Cases/2000_tresult/Return Passed" time="2.008" classname="Test Cases/2000_tresult/Return Passed" status="PASSED">
         <system-out><![CDATA[24-09-2025T07:44:03 - [TEST_CASE][PASSED] - Test Cases/2000_tresult/Return Passed: Test Cases/2000_tresult/Return Passed

24-09-2025T07:44:03 - [TEST_STEP][PASSED] - markPassed("Passed"): Passed

24-09-2025T07:44:03 - [MESSAGE][PASSED] - Passed

24-09-2025T07:44:05 - [TEST_STEP][PASSED] - Video: Video recording for test case 'Test Cases/2000_tresult/Return Passed' .

24-09-2025T07:44:05 - [MESSAGE][INFO] - Video recording for test case 'Test Cases/2000_tresult/Return Passed' .]]></system-out>
         <system-err><![CDATA[]]></system-err>
      </testcase>
      <testcase name="Test Cases/2000_tresult/Return Passed" time="2.01" classname="Test Cases/2000_tresult/Return Passed" status="PASSED">
         <system-out><![CDATA[24-09-2025T07:44:05 - [TEST_CASE][PASSED] - Test Cases/2000_tresult/Return Passed: Test Cases/2000_tresult/Return Passed

24-09-2025T07:44:05 - [TEST_STEP][PASSED] - markPassed("Passed"): Passed

24-09-2025T07:44:05 - [MESSAGE][PASSED] - Passed

24-09-2025T07:44:07 - [TEST_STEP][PASSED] - Video: Video recording for test case 'Test Cases/2000_tresult/Return Passed' .

24-09-2025T07:44:07 - [MESSAGE][INFO] - Video recording for test case 'Test Cases/2000_tresult/Return Passed' .]]></system-out>
         <system-err><![CDATA[]]></system-err>
      </testcase>
      <testcase name="Test Cases/2000_tresult/Return Passed" time="2.008" classname="Test Cases/2000_tresult/Return Passed" status="PASSED">
         <system-out><![CDATA[24-09-2025T07:44:07 - [TEST_CASE][PASSED] - Test Cases/2000_tresult/Return Passed: Test Cases/2000_tresult/Return Passed

24-09-2025T07:44:07 - [TEST_STEP][PASSED] - markPassed("Passed"): Passed

24-09-2025T07:44:07 - [MESSAGE][PASSED] - Passed

24-09-2025T07:44:09 - [TEST_STEP][PASSED] - Video: Video recording for test case 'Test Cases/2000_tresult/Return Passed' .

24-09-2025T07:44:09 - [MESSAGE][INFO] - Video recording for test case 'Test Cases/2000_tresult/Return Passed' .]]></system-out>
         <system-err><![CDATA[]]></system-err>
      </testcase>
      <testcase name="Test Cases/2000_tresult/Return Passed" time="2.009" classname="Test Cases/2000_tresult/Return Passed" status="PASSED">
         <system-out><![CDATA[24-09-2025T07:44:09 - [TEST_CASE][PASSED] - Test Cases/2000_tresult/Return Passed: Test Cases/2000_tresult/Return Passed

24-09-2025T07:44:09 - [TEST_STEP][PASSED] - markPassed("Passed"): Passed

24-09-2025T07:44:09 - [MESSAGE][PASSED] - Passed

24-09-2025T07:44:11 - [TEST_STEP][PASSED] - Video: Video recording for test case 'Test Cases/2000_tresult/Return Passed' .

24-09-2025T07:44:11 - [MESSAGE][INFO] - Video recording for test case 'Test Cases/2000_tresult/Return Passed' .]]></system-out>
         <system-err><![CDATA[]]></system-err>
      </testcase>
      <testcase name="Test Cases/2000_tresult/Return Passed" time="2.017" classname="Test Cases/2000_tresult/Return Passed" status="PASSED">
         <system-out><![CDATA[24-09-2025T07:44:11 - [TEST_CASE][PASSED] - Test Cases/2000_tresult/Return Passed: Test Cases/2000_tresult/Return Passed

24-09-2025T07:44:11 - [TEST_STEP][PASSED] - markPassed("Passed"): Passed

24-09-2025T07:44:11 - [MESSAGE][PASSED] - Passed

24-09-2025T07:44:13 - [TEST_STEP][PASSED] - Video: Video recording for test case 'Test Cases/2000_tresult/Return Passed' .

24-09-2025T07:44:13 - [MESSAGE][INFO] - Video recording for test case 'Test Cases/2000_tresult/Return Passed' .]]></system-out>
         <system-err><![CDATA[]]></system-err>
      </testcase>
      <testcase name="Test Cases/2000_tresult/Return Passed" time="2.008" classname="Test Cases/2000_tresult/Return Passed" status="PASSED">
         <system-out><![CDATA[24-09-2025T07:44:13 - [TEST_CASE][PASSED] - Test Cases/2000_tresult/Return Passed: Test Cases/2000_tresult/Return Passed

24-09-2025T07:44:13 - [TEST_STEP][PASSED] - markPassed("Passed"): Passed

24-09-2025T07:44:13 - [MESSAGE][PASSED] - Passed

24-09-2025T07:44:15 - [TEST_STEP][PASSED] - Video: Video recording for test case 'Test Cases/2000_tresult/Return Passed' .

24-09-2025T07:44:15 - [MESSAGE][INFO] - Video recording for test case 'Test Cases/2000_tresult/Return Passed' .]]></system-out>
         <system-err><![CDATA[]]></system-err>
      </testcase>
      <testcase name="Test Cases/2000_tresult/Return Passed" time="2.008" classname="Test Cases/2000_tresult/Return Passed" status="PASSED">
         <system-out><![CDATA[24-09-2025T07:44:15 - [TEST_CASE][PASSED] - Test Cases/2000_tresult/Return Passed: Test Cases/2000_tresult/Return Passed

24-09-2025T07:44:15 - [TEST_STEP][PASSED] - markPassed("Passed"): Passed

24-09-2025T07:44:15 - [MESSAGE][PASSED] - Passed

24-09-2025T07:44:17 - [TEST_STEP][PASSED] - Video: Video recording for test case 'Test Cases/2000_tresult/Return Passed' .

24-09-2025T07:44:17 - [MESSAGE][INFO] - Video recording for test case 'Test Cases/2000_tresult/Return Passed' .]]></system-out>
         <system-err><![CDATA[]]></system-err>
      </testcase>
      <testcase name="Test Cases/2000_tresult/Return Passed" time="2.008" classname="Test Cases/2000_tresult/Return Passed" status="PASSED">
         <system-out><![CDATA[24-09-2025T07:44:17 - [TEST_CASE][PASSED] - Test Cases/2000_tresult/Return Passed: Test Cases/2000_tresult/Return Passed

24-09-2025T07:44:17 - [TEST_STEP][PASSED] - markPassed("Passed"): Passed

24-09-2025T07:44:17 - [MESSAGE][PASSED] - Passed

24-09-2025T07:44:19 - [TEST_STEP][PASSED] - Video: Video recording for test case 'Test Cases/2000_tresult/Return Passed' .

24-09-2025T07:44:19 - [MESSAGE][INFO] - Video recording for test case 'Test Cases/2000_tresult/Return Passed' .]]></system-out>
         <system-err><![CDATA[]]></system-err>
      </testcase>
      <testcase name="Test Cases/2000_tresult/Return Passed" time="2.011" classname="Test Cases/2000_tresult/Return Passed" status="PASSED">
         <system-out><![CDATA[24-09-2025T07:44:19 - [TEST_CASE][PASSED] - Test Cases/2000_tresult/Return Passed: Test Cases/2000_tresult/Return Passed

24-09-2025T07:44:19 - [TEST_STEP][PASSED] - markPassed("Passed"): Passed

24-09-2025T07:44:19 - [MESSAGE][PASSED] - Passed

24-09-2025T07:44:21 - [TEST_STEP][PASSED] - Video: Video recording for test case 'Test Cases/2000_tresult/Return Passed' .

24-09-2025T07:44:21 - [MESSAGE][INFO] - Video recording for test case 'Test Cases/2000_tresult/Return Passed' .]]></system-out>
         <system-err><![CDATA[]]></system-err>
      </testcase>
      <testcase name="Test Cases/2000_tresult/Return Passed" time="2.009" classname="Test Cases/2000_tresult/Return Passed" status="PASSED">
         <system-out><![CDATA[24-09-2025T07:44:21 - [TEST_CASE][PASSED] - Test Cases/2000_tresult/Return Passed: Test Cases/2000_tresult/Return Passed

24-09-2025T07:44:21 - [TEST_STEP][PASSED] - markPassed("Passed"): Passed

24-09-2025T07:44:21 - [MESSAGE][PASSED] - Passed

24-09-2025T07:44:23 - [TEST_STEP][PASSED] - Video: Video recording for test case 'Test Cases/2000_tresult/Return Passed' .

24-09-2025T07:44:23 - [MESSAGE][INFO] - Video recording for test case 'Test Cases/2000_tresult/Return Passed' .]]></system-out>
         <system-err><![CDATA[]]></system-err>
      </testcase>
      <testcase name="Test Cases/2000_tresult/Return Passed" time="2.008" classname="Test Cases/2000_tresult/Return Passed" status="PASSED">
         <system-out><![CDATA[24-09-2025T07:44:23 - [TEST_CASE][PASSED] - Test Cases/2000_tresult/Return Passed: Test Cases/2000_tresult/Return Passed

24-09-2025T07:44:23 - [TEST_STEP][PASSED] - markPassed("Passed"): Passed

24-09-2025T07:44:23 - [MESSAGE][PASSED] - Passed

24-09-2025T07:44:25 - [TEST_STEP][PASSED] - Video: Video recording for test case 'Test Cases/2000_tresult/Return Passed' .

24-09-2025T07:44:25 - [MESSAGE][INFO] - Video recording for test case 'Test Cases/2000_tresult/Return Passed' .]]></system-out>
         <system-err><![CDATA[]]></system-err>
      </testcase>
      <testcase name="Test Cases/2000_tresult/Return Passed" time="2.012" classname="Test Cases/2000_tresult/Return Passed" status="PASSED">
         <system-out><![CDATA[24-09-2025T07:44:25 - [TEST_CASE][PASSED] - Test Cases/2000_tresult/Return Passed: Test Cases/2000_tresult/Return Passed

24-09-2025T07:44:25 - [TEST_STEP][PASSED] - markPassed("Passed"): Passed

24-09-2025T07:44:25 - [MESSAGE][PASSED] - Passed

24-09-2025T07:44:27 - [TEST_STEP][PASSED] - Video: Video recording for test case 'Test Cases/2000_tresult/Return Passed' .

24-09-2025T07:44:27 - [MESSAGE][INFO] - Video recording for test case 'Test Cases/2000_tresult/Return Passed' .]]></system-out>
         <system-err><![CDATA[]]></system-err>
      </testcase>
      <testcase name="Test Cases/2000_tresult/Return Passed" time="2.011" classname="Test Cases/2000_tresult/Return Passed" status="PASSED">
         <system-out><![CDATA[24-09-2025T07:44:27 - [TEST_CASE][PASSED] - Test Cases/2000_tresult/Return Passed: Test Cases/2000_tresult/Return Passed

24-09-2025T07:44:27 - [TEST_STEP][PASSED] - markPassed("Passed"): Passed

24-09-2025T07:44:27 - [MESSAGE][PASSED] - Passed

24-09-2025T07:44:29 - [TEST_STEP][PASSED] - Video: Video recording for test case 'Test Cases/2000_tresult/Return Passed' .

24-09-2025T07:44:29 - [MESSAGE][INFO] - Video recording for test case 'Test Cases/2000_tresult/Return Passed' .]]></system-out>
         <system-err><![CDATA[]]></system-err>
      </testcase>
      <testcase name="Test Cases/2000_tresult/Return Passed" time="2.009" classname="Test Cases/2000_tresult/Return Passed" status="PASSED">
         <system-out><![CDATA[24-09-2025T07:44:29 - [TEST_CASE][PASSED] - Test Cases/2000_tresult/Return Passed: Test Cases/2000_tresult/Return Passed

24-09-2025T07:44:29 - [TEST_STEP][PASSED] - markPassed("Passed"): Passed

24-09-2025T07:44:29 - [MESSAGE][PASSED] - Passed

24-09-2025T07:44:31 - [TEST_STEP][PASSED] - Video: Video recording for test case 'Test Cases/2000_tresult/Return Passed' .

24-09-2025T07:44:31 - [MESSAGE][INFO] - Video recording for test case 'Test Cases/2000_tresult/Return Passed' .]]></system-out>
         <system-err><![CDATA[]]></system-err>
      </testcase>
      <testcase name="Test Cases/2000_tresult/Return Passed" time="2.008" classname="Test Cases/2000_tresult/Return Passed" status="PASSED">
         <system-out><![CDATA[24-09-2025T07:44:31 - [TEST_CASE][PASSED] - Test Cases/2000_tresult/Return Passed: Test Cases/2000_tresult/Return Passed

24-09-2025T07:44:31 - [TEST_STEP][PASSED] - markPassed("Passed"): Passed

24-09-2025T07:44:31 - [MESSAGE][PASSED] - Passed

24-09-2025T07:44:33 - [TEST_STEP][PASSED] - Video: Video recording for test case 'Test Cases/2000_tresult/Return Passed' .

24-09-2025T07:44:33 - [MESSAGE][INFO] - Video recording for test case 'Test Cases/2000_tresult/Return Passed' .]]></system-out>
         <system-err><![CDATA[]]></system-err>
      </testcase>
      <testcase name="Test Cases/2000_tresult/Return Passed" time="2.008" classname="Test Cases/2000_tresult/Return Passed" status="PASSED">
         <system-out><![CDATA[24-09-2025T07:44:33 - [TEST_CASE][PASSED] - Test Cases/2000_tresult/Return Passed: Test Cases/2000_tresult/Return Passed

24-09-2025T07:44:33 - [TEST_STEP][PASSED] - markPassed("Passed"): Passed

24-09-2025T07:44:33 - [MESSAGE][PASSED] - Passed

24-09-2025T07:44:35 - [TEST_STEP][PASSED] - Video: Video recording for test case 'Test Cases/2000_tresult/Return Passed' .

24-09-2025T07:44:35 - [MESSAGE][INFO] - Video recording for test case 'Test Cases/2000_tresult/Return Passed' .]]></system-out>
         <system-err><![CDATA[]]></system-err>
      </testcase>
      <testcase name="Test Cases/2000_tresult/Return Passed" time="2.008" classname="Test Cases/2000_tresult/Return Passed" status="PASSED">
         <system-out><![CDATA[24-09-2025T07:44:35 - [TEST_CASE][PASSED] - Test Cases/2000_tresult/Return Passed: Test Cases/2000_tresult/Return Passed

24-09-2025T07:44:35 - [TEST_STEP][PASSED] - markPassed("Passed"): Passed

24-09-2025T07:44:35 - [MESSAGE][PASSED] - Passed

24-09-2025T07:44:37 - [TEST_STEP][PASSED] - Video: Video recording for test case 'Test Cases/2000_tresult/Return Passed' .

24-09-2025T07:44:37 - [MESSAGE][INFO] - Video recording for test case 'Test Cases/2000_tresult/Return Passed' .]]></system-out>
         <system-err><![CDATA[]]></system-err>
      </testcase>
      <testcase name="Test Cases/2000_tresult/Return Passed" time="2.009" classname="Test Cases/2000_tresult/Return Passed" status="PASSED">
         <system-out><![CDATA[24-09-2025T07:44:37 - [TEST_CASE][PASSED] - Test Cases/2000_tresult/Return Passed: Test Cases/2000_tresult/Return Passed

24-09-2025T07:44:37 - [TEST_STEP][PASSED] - markPassed("Passed"): Passed

24-09-2025T07:44:37 - [MESSAGE][PASSED] - Passed

24-09-2025T07:44:39 - [TEST_STEP][PASSED] - Video: Video recording for test case 'Test Cases/2000_tresult/Return Passed' .

24-09-2025T07:44:39 - [MESSAGE][INFO] - Video recording for test case 'Test Cases/2000_tresult/Return Passed' .]]></system-out>
         <system-err><![CDATA[]]></system-err>
      </testcase>
      <testcase name="Test Cases/2000_tresult/Return Passed" time="2.008" classname="Test Cases/2000_tresult/Return Passed" status="PASSED">
         <system-out><![CDATA[24-09-2025T07:44:39 - [TEST_CASE][PASSED] - Test Cases/2000_tresult/Return Passed: Test Cases/2000_tresult/Return Passed

24-09-2025T07:44:39 - [TEST_STEP][PASSED] - markPassed("Passed"): Passed

24-09-2025T07:44:39 - [MESSAGE][PASSED] - Passed

24-09-2025T07:44:41 - [TEST_STEP][PASSED] - Video: Video recording for test case 'Test Cases/2000_tresult/Return Passed' .

24-09-2025T07:44:41 - [MESSAGE][INFO] - Video recording for test case 'Test Cases/2000_tresult/Return Passed' .]]></system-out>
         <system-err><![CDATA[]]></system-err>
      </testcase>
      <testcase name="Test Cases/2000_tresult/Return Passed" time="2.008" classname="Test Cases/2000_tresult/Return Passed" status="PASSED">
         <system-out><![CDATA[24-09-2025T07:44:41 - [TEST_CASE][PASSED] - Test Cases/2000_tresult/Return Passed: Test Cases/2000_tresult/Return Passed

24-09-2025T07:44:41 - [TEST_STEP][PASSED] - markPassed("Passed"): Passed

24-09-2025T07:44:41 - [MESSAGE][PASSED] - Passed

24-09-2025T07:44:43 - [TEST_STEP][PASSED] - Video: Video recording for test case 'Test Cases/2000_tresult/Return Passed' .

24-09-2025T07:44:43 - [MESSAGE][INFO] - Video recording for test case 'Test Cases/2000_tresult/Return Passed' .]]></system-out>
         <system-err><![CDATA[]]></system-err>
      </testcase>
      <testcase name="Test Cases/2000_tresult/Return Passed" time="2.009" classname="Test Cases/2000_tresult/Return Passed" status="PASSED">
         <system-out><![CDATA[24-09-2025T07:44:43 - [TEST_CASE][PASSED] - Test Cases/2000_tresult/Return Passed: Test Cases/2000_tresult/Return Passed

24-09-2025T07:44:43 - [TEST_STEP][PASSED] - markPassed("Passed"): Passed

24-09-2025T07:44:43 - [MESSAGE][PASSED] - Passed

24-09-2025T07:44:45 - [TEST_STEP][PASSED] - Video: Video recording for test case 'Test Cases/2000_tresult/Return Passed' .

24-09-2025T07:44:45 - [MESSAGE][INFO] - Video recording for test case 'Test Cases/2000_tresult/Return Passed' .]]></system-out>
         <system-err><![CDATA[]]></system-err>
      </testcase>
      <testcase name="Test Cases/2000_tresult/Return Passed" time="2.008" classname="Test Cases/2000_tresult/Return Passed" status="PASSED">
         <system-out><![CDATA[24-09-2025T07:44:45 - [TEST_CASE][PASSED] - Test Cases/2000_tresult/Return Passed: Test Cases/2000_tresult/Return Passed

24-09-2025T07:44:45 - [TEST_STEP][PASSED] - markPassed("Passed"): Passed

24-09-2025T07:44:45 - [MESSAGE][PASSED] - Passed

24-09-2025T07:44:47 - [TEST_STEP][PASSED] - Video: Video recording for test case 'Test Cases/2000_tresult/Return Passed' .

24-09-2025T07:44:47 - [MESSAGE][INFO] - Video recording for test case 'Test Cases/2000_tresult/Return Passed' .]]></system-out>
         <system-err><![CDATA[]]></system-err>
      </testcase>
      <testcase name="Test Cases/2000_tresult/Return Passed" time="2.008" classname="Test Cases/2000_tresult/Return Passed" status="PASSED">
         <system-out><![CDATA[24-09-2025T07:44:47 - [TEST_CASE][PASSED] - Test Cases/2000_tresult/Return Passed: Test Cases/2000_tresult/Return Passed

24-09-2025T07:44:47 - [TEST_STEP][PASSED] - markPassed("Passed"): Passed

24-09-2025T07:44:47 - [MESSAGE][PASSED] - Passed

24-09-2025T07:44:49 - [TEST_STEP][PASSED] - Video: Video recording for test case 'Test Cases/2000_tresult/Return Passed' .

24-09-2025T07:44:49 - [MESSAGE][INFO] - Video recording for test case 'Test Cases/2000_tresult/Return Passed' .]]></system-out>
         <system-err><![CDATA[]]></system-err>
      </testcase>
      <testcase name="Test Cases/2000_tresult/Return Passed" time="2.01" classname="Test Cases/2000_tresult/Return Passed" status="PASSED">
         <system-out><![CDATA[24-09-2025T07:44:49 - [TEST_CASE][PASSED] - Test Cases/2000_tresult/Return Passed: Test Cases/2000_tresult/Return Passed

24-09-2025T07:44:49 - [TEST_STEP][PASSED] - markPassed("Passed"): Passed

24-09-2025T07:44:49 - [MESSAGE][PASSED] - Passed

24-09-2025T07:44:51 - [TEST_STEP][PASSED] - Video: Video recording for test case 'Test Cases/2000_tresult/Return Passed' .

24-09-2025T07:44:51 - [MESSAGE][INFO] - Video recording for test case 'Test Cases/2000_tresult/Return Passed' .]]></system-out>
         <system-err><![CDATA[]]></system-err>
      </testcase>
      <testcase name="Test Cases/2000_tresult/Return Passed" time="2.009" classname="Test Cases/2000_tresult/Return Passed" status="PASSED">
         <system-out><![CDATA[24-09-2025T07:44:51 - [TEST_CASE][PASSED] - Test Cases/2000_tresult/Return Passed: Test Cases/2000_tresult/Return Passed

24-09-2025T07:44:51 - [TEST_STEP][PASSED] - markPassed("Passed"): Passed

24-09-2025T07:44:51 - [MESSAGE][PASSED] - Passed

24-09-2025T07:44:53 - [TEST_STEP][PASSED] - Video: Video recording for test case 'Test Cases/2000_tresult/Return Passed' .

24-09-2025T07:44:53 - [MESSAGE][INFO] - Video recording for test case 'Test Cases/2000_tresult/Return Passed' .]]></system-out>
         <system-err><![CDATA[]]></system-err>
      </testcase>
      <testcase name="Test Cases/2000_tresult/Return Passed" time="2.009" classname="Test Cases/2000_tresult/Return Passed" status="PASSED">
         <system-out><![CDATA[24-09-2025T07:44:53 - [TEST_CASE][PASSED] - Test Cases/2000_tresult/Return Passed: Test Cases/2000_tresult/Return Passed

24-09-2025T07:44:53 - [TEST_STEP][PASSED] - markPassed("Passed"): Passed

24-09-2025T07:44:53 - [MESSAGE][PASSED] - Passed

24-09-2025T07:44:55 - [TEST_STEP][PASSED] - Video: Video recording for test case 'Test Cases/2000_tresult/Return Passed' .

24-09-2025T07:44:55 - [MESSAGE][INFO] - Video recording for test case 'Test Cases/2000_tresult/Return Passed' .]]></system-out>
         <system-err><![CDATA[]]></system-err>
      </testcase>
      <testcase name="Test Cases/2000_tresult/Return Passed" time="2.008" classname="Test Cases/2000_tresult/Return Passed" status="PASSED">
         <system-out><![CDATA[24-09-2025T07:44:55 - [TEST_CASE][PASSED] - Test Cases/2000_tresult/Return Passed: Test Cases/2000_tresult/Return Passed

24-09-2025T07:44:55 - [TEST_STEP][PASSED] - markPassed("Passed"): Passed

24-09-2025T07:44:55 - [MESSAGE][PASSED] - Passed

24-09-2025T07:44:57 - [TEST_STEP][PASSED] - Video: Video recording for test case 'Test Cases/2000_tresult/Return Passed' .

24-09-2025T07:44:57 - [MESSAGE][INFO] - Video recording for test case 'Test Cases/2000_tresult/Return Passed' .]]></system-out>
         <system-err><![CDATA[]]></system-err>
      </testcase>
      <testcase name="Test Cases/2000_tresult/Return Passed" time="2.008" classname="Test Cases/2000_tresult/Return Passed" status="PASSED">
         <system-out><![CDATA[24-09-2025T07:44:57 - [TEST_CASE][PASSED] - Test Cases/2000_tresult/Return Passed: Test Cases/2000_tresult/Return Passed

24-09-2025T07:44:57 - [TEST_STEP][PASSED] - markPassed("Passed"): Passed

24-09-2025T07:44:57 - [MESSAGE][PASSED] - Passed

24-09-2025T07:44:59 - [TEST_STEP][PASSED] - Video: Video recording for test case 'Test Cases/2000_tresult/Return Passed' .

24-09-2025T07:44:59 - [MESSAGE][INFO] - Video recording for test case 'Test Cases/2000_tresult/Return Passed' .]]></system-out>
         <system-err><![CDATA[]]></system-err>
      </testcase>
      <testcase name="Test Cases/2000_tresult/Return Passed" time="2.009" classname="Test Cases/2000_tresult/Return Passed" status="PASSED">
         <system-out><![CDATA[24-09-2025T07:44:59 - [TEST_CASE][PASSED] - Test Cases/2000_tresult/Return Passed: Test Cases/2000_tresult/Return Passed

24-09-2025T07:44:59 - [TEST_STEP][PASSED] - markPassed("Passed"): Passed

24-09-2025T07:44:59 - [MESSAGE][PASSED] - Passed

24-09-2025T07:45:01 - [TEST_STEP][PASSED] - Video: Video recording for test case 'Test Cases/2000_tresult/Return Passed' .

24-09-2025T07:45:01 - [MESSAGE][INFO] - Video recording for test case 'Test Cases/2000_tresult/Return Passed' .]]></system-out>
         <system-err><![CDATA[]]></system-err>
      </testcase>
      <testcase name="Test Cases/2000_tresult/Return Passed" time="2.009" classname="Test Cases/2000_tresult/Return Passed" status="PASSED">
         <system-out><![CDATA[24-09-2025T07:45:01 - [TEST_CASE][PASSED] - Test Cases/2000_tresult/Return Passed: Test Cases/2000_tresult/Return Passed

24-09-2025T07:45:01 - [TEST_STEP][PASSED] - markPassed("Passed"): Passed

24-09-2025T07:45:01 - [MESSAGE][PASSED] - Passed

24-09-2025T07:45:03 - [TEST_STEP][PASSED] - Video: Video recording for test case 'Test Cases/2000_tresult/Return Passed' .

24-09-2025T07:45:03 - [MESSAGE][INFO] - Video recording for test case 'Test Cases/2000_tresult/Return Passed' .]]></system-out>
         <system-err><![CDATA[]]></system-err>
      </testcase>
      <testcase name="Test Cases/2000_tresult/Return Passed" time="2.009" classname="Test Cases/2000_tresult/Return Passed" status="PASSED">
         <system-out><![CDATA[24-09-2025T07:45:03 - [TEST_CASE][PASSED] - Test Cases/2000_tresult/Return Passed: Test Cases/2000_tresult/Return Passed

24-09-2025T07:45:03 - [TEST_STEP][PASSED] - markPassed("Passed"): Passed

24-09-2025T07:45:03 - [MESSAGE][PASSED] - Passed

24-09-2025T07:45:05 - [TEST_STEP][PASSED] - Video: Video recording for test case 'Test Cases/2000_tresult/Return Passed' .

24-09-2025T07:45:05 - [MESSAGE][INFO] - Video recording for test case 'Test Cases/2000_tresult/Return Passed' .]]></system-out>
         <system-err><![CDATA[]]></system-err>
      </testcase>
      <testcase name="Test Cases/2000_tresult/Return Passed" time="2.011" classname="Test Cases/2000_tresult/Return Passed" status="PASSED">
         <system-out><![CDATA[24-09-2025T07:45:05 - [TEST_CASE][PASSED] - Test Cases/2000_tresult/Return Passed: Test Cases/2000_tresult/Return Passed

24-09-2025T07:45:05 - [TEST_STEP][PASSED] - markPassed("Passed"): Passed

24-09-2025T07:45:05 - [MESSAGE][PASSED] - Passed

24-09-2025T07:45:07 - [TEST_STEP][PASSED] - Video: Video recording for test case 'Test Cases/2000_tresult/Return Passed' .

24-09-2025T07:45:07 - [MESSAGE][INFO] - Video recording for test case 'Test Cases/2000_tresult/Return Passed' .]]></system-out>
         <system-err><![CDATA[]]></system-err>
      </testcase>
      <testcase name="Test Cases/2000_tresult/Return Passed" time="2.007" classname="Test Cases/2000_tresult/Return Passed" status="PASSED">
         <system-out><![CDATA[24-09-2025T07:45:07 - [TEST_CASE][PASSED] - Test Cases/2000_tresult/Return Passed: Test Cases/2000_tresult/Return Passed

24-09-2025T07:45:07 - [TEST_STEP][PASSED] - markPassed("Passed"): Passed

24-09-2025T07:45:07 - [MESSAGE][PASSED] - Passed

24-09-2025T07:45:09 - [TEST_STEP][PASSED] - Video: Video recording for test case 'Test Cases/2000_tresult/Return Passed' .

24-09-2025T07:45:09 - [MESSAGE][INFO] - Video recording for test case 'Test Cases/2000_tresult/Return Passed' .]]></system-out>
         <system-err><![CDATA[]]></system-err>
      </testcase>
      <testcase name="Test Cases/2000_tresult/Return Passed" time="2.01" classname="Test Cases/2000_tresult/Return Passed" status="PASSED">
         <system-out><![CDATA[24-09-2025T07:45:10 - [TEST_CASE][PASSED] - Test Cases/2000_tresult/Return Passed: Test Cases/2000_tresult/Return Passed

24-09-2025T07:45:10 - [TEST_STEP][PASSED] - markPassed("Passed"): Passed

24-09-2025T07:45:10 - [MESSAGE][PASSED] - Passed

24-09-2025T07:45:12 - [TEST_STEP][PASSED] - Video: Video recording for test case 'Test Cases/2000_tresult/Return Passed' .

24-09-2025T07:45:12 - [MESSAGE][INFO] - Video recording for test case 'Test Cases/2000_tresult/Return Passed' .]]></system-out>
         <system-err><![CDATA[]]></system-err>
      </testcase>
      <testcase name="Test Cases/2000_tresult/Return Passed" time="2.007" classname="Test Cases/2000_tresult/Return Passed" status="PASSED">
         <system-out><![CDATA[24-09-2025T07:45:12 - [TEST_CASE][PASSED] - Test Cases/2000_tresult/Return Passed: Test Cases/2000_tresult/Return Passed

24-09-2025T07:45:12 - [TEST_STEP][PASSED] - markPassed("Passed"): Passed

24-09-2025T07:45:12 - [MESSAGE][PASSED] - Passed

24-09-2025T07:45:14 - [TEST_STEP][PASSED] - Video: Video recording for test case 'Test Cases/2000_tresult/Return Passed' .

24-09-2025T07:45:14 - [MESSAGE][INFO] - Video recording for test case 'Test Cases/2000_tresult/Return Passed' .]]></system-out>
         <system-err><![CDATA[]]></system-err>
      </testcase>
      <testcase name="Test Cases/2000_tresult/Return Passed" time="2.01" classname="Test Cases/2000_tresult/Return Passed" status="PASSED">
         <system-out><![CDATA[24-09-2025T07:45:14 - [TEST_CASE][PASSED] - Test Cases/2000_tresult/Return Passed: Test Cases/2000_tresult/Return Passed

24-09-2025T07:45:14 - [TEST_STEP][PASSED] - markPassed("Passed"): Passed

24-09-2025T07:45:14 - [MESSAGE][PASSED] - Passed

24-09-2025T07:45:16 - [TEST_STEP][PASSED] - Video: Video recording for test case 'Test Cases/2000_tresult/Return Passed' .

24-09-2025T07:45:16 - [MESSAGE][INFO] - Video recording for test case 'Test Cases/2000_tresult/Return Passed' .]]></system-out>
         <system-err><![CDATA[]]></system-err>
      </testcase>
      <testcase name="Test Cases/2000_tresult/Return Passed" time="2.01" classname="Test Cases/2000_tresult/Return Passed" status="PASSED">
         <system-out><![CDATA[24-09-2025T07:45:16 - [TEST_CASE][PASSED] - Test Cases/2000_tresult/Return Passed: Test Cases/2000_tresult/Return Passed

24-09-2025T07:45:16 - [TEST_STEP][PASSED] - markPassed("Passed"): Passed

24-09-2025T07:45:16 - [MESSAGE][PASSED] - Passed

24-09-2025T07:45:18 - [TEST_STEP][PASSED] - Video: Video recording for test case 'Test Cases/2000_tresult/Return Passed' .

24-09-2025T07:45:18 - [MESSAGE][INFO] - Video recording for test case 'Test Cases/2000_tresult/Return Passed' .]]></system-out>
         <system-err><![CDATA[]]></system-err>
      </testcase>
      <testcase name="Test Cases/2000_tresult/Return Passed" time="2.008" classname="Test Cases/2000_tresult/Return Passed" status="PASSED">
         <system-out><![CDATA[24-09-2025T07:45:18 - [TEST_CASE][PASSED] - Test Cases/2000_tresult/Return Passed: Test Cases/2000_tresult/Return Passed

24-09-2025T07:45:18 - [TEST_STEP][PASSED] - markPassed("Passed"): Passed

24-09-2025T07:45:18 - [MESSAGE][PASSED] - Passed

24-09-2025T07:45:20 - [TEST_STEP][PASSED] - Video: Video recording for test case 'Test Cases/2000_tresult/Return Passed' .

24-09-2025T07:45:20 - [MESSAGE][INFO] - Video recording for test case 'Test Cases/2000_tresult/Return Passed' .]]></system-out>
         <system-err><![CDATA[]]></system-err>
      </testcase>
      <testcase name="Test Cases/2000_tresult/Return Passed" time="2.008" classname="Test Cases/2000_tresult/Return Passed" status="PASSED">
         <system-out><![CDATA[24-09-2025T07:45:20 - [TEST_CASE][PASSED] - Test Cases/2000_tresult/Return Passed: Test Cases/2000_tresult/Return Passed

24-09-2025T07:45:20 - [TEST_STEP][PASSED] - markPassed("Passed"): Passed

24-09-2025T07:45:20 - [MESSAGE][PASSED] - Passed

24-09-2025T07:45:22 - [TEST_STEP][PASSED] - Video: Video recording for test case 'Test Cases/2000_tresult/Return Passed' .

24-09-2025T07:45:22 - [MESSAGE][INFO] - Video recording for test case 'Test Cases/2000_tresult/Return Passed' .]]></system-out>
         <system-err><![CDATA[]]></system-err>
      </testcase>
      <testcase name="Test Cases/2000_tresult/Return Passed" time="2.01" classname="Test Cases/2000_tresult/Return Passed" status="PASSED">
         <system-out><![CDATA[24-09-2025T07:45:22 - [TEST_CASE][PASSED] - Test Cases/2000_tresult/Return Passed: Test Cases/2000_tresult/Return Passed

24-09-2025T07:45:22 - [TEST_STEP][PASSED] - markPassed("Passed"): Passed

24-09-2025T07:45:22 - [MESSAGE][PASSED] - Passed

24-09-2025T07:45:24 - [TEST_STEP][PASSED] - Video: Video recording for test case 'Test Cases/2000_tresult/Return Passed' .

24-09-2025T07:45:24 - [MESSAGE][INFO] - Video recording for test case 'Test Cases/2000_tresult/Return Passed' .]]></system-out>
         <system-err><![CDATA[]]></system-err>
      </testcase>
      <testcase name="Test Cases/2000_tresult/Return Passed" time="2.008" classname="Test Cases/2000_tresult/Return Passed" status="PASSED">
         <system-out><![CDATA[24-09-2025T07:45:24 - [TEST_CASE][PASSED] - Test Cases/2000_tresult/Return Passed: Test Cases/2000_tresult/Return Passed

24-09-2025T07:45:24 - [TEST_STEP][PASSED] - markPassed("Passed"): Passed

24-09-2025T07:45:24 - [MESSAGE][PASSED] - Passed

24-09-2025T07:45:26 - [TEST_STEP][PASSED] - Video: Video recording for test case 'Test Cases/2000_tresult/Return Passed' .

24-09-2025T07:45:26 - [MESSAGE][INFO] - Video recording for test case 'Test Cases/2000_tresult/Return Passed' .]]></system-out>
         <system-err><![CDATA[]]></system-err>
      </testcase>
      <testcase name="Test Cases/2000_tresult/Return Passed" time="2.011" classname="Test Cases/2000_tresult/Return Passed" status="PASSED">
         <system-out><![CDATA[24-09-2025T07:45:26 - [TEST_CASE][PASSED] - Test Cases/2000_tresult/Return Passed: Test Cases/2000_tresult/Return Passed

24-09-2025T07:45:26 - [TEST_STEP][PASSED] - markPassed("Passed"): Passed

24-09-2025T07:45:26 - [MESSAGE][PASSED] - Passed

24-09-2025T07:45:28 - [TEST_STEP][PASSED] - Video: Video recording for test case 'Test Cases/2000_tresult/Return Passed' .

24-09-2025T07:45:28 - [MESSAGE][INFO] - Video recording for test case 'Test Cases/2000_tresult/Return Passed' .]]></system-out>
         <system-err><![CDATA[]]></system-err>
      </testcase>
      <testcase name="Test Cases/2000_tresult/Return Passed" time="2.007" classname="Test Cases/2000_tresult/Return Passed" status="PASSED">
         <system-out><![CDATA[24-09-2025T07:45:28 - [TEST_CASE][PASSED] - Test Cases/2000_tresult/Return Passed: Test Cases/2000_tresult/Return Passed

24-09-2025T07:45:28 - [TEST_STEP][PASSED] - markPassed("Passed"): Passed

24-09-2025T07:45:28 - [MESSAGE][PASSED] - Passed

24-09-2025T07:45:30 - [TEST_STEP][PASSED] - Video: Video recording for test case 'Test Cases/2000_tresult/Return Passed' .

24-09-2025T07:45:30 - [MESSAGE][INFO] - Video recording for test case 'Test Cases/2000_tresult/Return Passed' .]]></system-out>
         <system-err><![CDATA[]]></system-err>
      </testcase>
      <testcase name="Test Cases/2000_tresult/Return Passed" time="2.008" classname="Test Cases/2000_tresult/Return Passed" status="PASSED">
         <system-out><![CDATA[24-09-2025T07:45:30 - [TEST_CASE][PASSED] - Test Cases/2000_tresult/Return Passed: Test Cases/2000_tresult/Return Passed

24-09-2025T07:45:30 - [TEST_STEP][PASSED] - markPassed("Passed"): Passed

24-09-2025T07:45:30 - [MESSAGE][PASSED] - Passed

24-09-2025T07:45:32 - [TEST_STEP][PASSED] - Video: Video recording for test case 'Test Cases/2000_tresult/Return Passed' .

24-09-2025T07:45:32 - [MESSAGE][INFO] - Video recording for test case 'Test Cases/2000_tresult/Return Passed' .]]></system-out>
         <system-err><![CDATA[]]></system-err>
      </testcase>
      <testcase name="Test Cases/2000_tresult/Return Passed" time="2.008" classname="Test Cases/2000_tresult/Return Passed" status="PASSED">
         <system-out><![CDATA[24-09-2025T07:45:32 - [TEST_CASE][PASSED] - Test Cases/2000_tresult/Return Passed: Test Cases/2000_tresult/Return Passed

24-09-2025T07:45:32 - [TEST_STEP][PASSED] - markPassed("Passed"): Passed

24-09-2025T07:45:32 - [MESSAGE][PASSED] - Passed

24-09-2025T07:45:34 - [TEST_STEP][PASSED] - Video: Video recording for test case 'Test Cases/2000_tresult/Return Passed' .

24-09-2025T07:45:34 - [MESSAGE][INFO] - Video recording for test case 'Test Cases/2000_tresult/Return Passed' .]]></system-out>
         <system-err><![CDATA[]]></system-err>
      </testcase>
      <testcase name="Test Cases/2000_tresult/Return Passed" time="2.008" classname="Test Cases/2000_tresult/Return Passed" status="PASSED">
         <system-out><![CDATA[24-09-2025T07:45:34 - [TEST_CASE][PASSED] - Test Cases/2000_tresult/Return Passed: Test Cases/2000_tresult/Return Passed

24-09-2025T07:45:34 - [TEST_STEP][PASSED] - markPassed("Passed"): Passed

24-09-2025T07:45:34 - [MESSAGE][PASSED] - Passed

24-09-2025T07:45:36 - [TEST_STEP][PASSED] - Video: Video recording for test case 'Test Cases/2000_tresult/Return Passed' .

24-09-2025T07:45:36 - [MESSAGE][INFO] - Video recording for test case 'Test Cases/2000_tresult/Return Passed' .]]></system-out>
         <system-err><![CDATA[]]></system-err>
      </testcase>
      <system-out><![CDATA[24-09-2025T07:42:13 - [TEST_STEP][PASSED] - Start listener action : sampleBeforeTestSuite: null

24-09-2025T07:42:13 - [TEST_STEP][PASSED] - KatalonHelper.updateInfo(): null

24-09-2025T07:42:13 - [TEST_SUITE][PASSED] - 100_tc: null]]></system-out>
      <system-err><![CDATA[]]></system-err>
   </testsuite>
</testsuites>
