<?xml version="1.0" encoding="UTF-8"?>
<testsuites name="100_tc" time="201.823" tests="100" failures="0" errors="0">
   <testsuite name="100_tc" tests="100" failures="0" errors="0" time="201.823" skipped="0" timestamp="2025-09-24T04:51:09.090Z" hostname="agent - 14475linalllatest-778572-katalon-agent-9rhf2" id="Test Suites/100_tc">
      <properties>
         <property name="deviceName" value=""/>
         <property name="devicePlatform"/>
         <property name="logFolder" value="/work/test-project/56609/Reports/20250924_045102/100_tc/20250924_045103"/>
         <property name="logFiles" value="/work/test-project/56609/Reports/20250924_045102/100_tc/20250924_045103/console0.log, /work/test-project/56609/Reports/20250924_045102/100_tc/20250924_045103/execution0.log"/>
         <property name="attachments" value=""/>
         <property name="userFullName" value="Man Hua"/>
         <property name="hostName" value="agent - 14475linalllatest-778572-katalon-agent-9rhf2"/>
         <property name="hostAddress" value="10.10.9.68"/>
         <property name="projectName" value="Demo-Bulk-Operation"/>
         <property name="os" value="Linux 64bit"/>
         <property name="katalonVersion" value="10.3.1.0"/>
      </properties>
      <testcase name="Test Cases/2000_tresult/Return Passed" time="2.143" classname="Test Cases/2000_tresult/Return Passed" status="PASSED">
         <system-out><![CDATA[24-09-2025T04:51:09 - [TEST_CASE][PASSED] - Test Cases/2000_tresult/Return Passed: Test Cases/2000_tresult/Return Passed

24-09-2025T04:51:09 - [TEST_STEP][PASSED] - markPassed("Passed"): Passed

24-09-2025T04:51:09 - [MESSAGE][PASSED] - Passed

24-09-2025T04:51:11 - [TEST_STEP][PASSED] - Video: Video recording for test case 'Test Cases/2000_tresult/Return Passed' .

24-09-2025T04:51:11 - [MESSAGE][INFO] - Video recording for test case 'Test Cases/2000_tresult/Return Passed' .]]></system-out>
         <system-err><![CDATA[]]></system-err>
      </testcase>
      <testcase name="Test Cases/2000_tresult/Return Passed" time="2.016" classname="Test Cases/2000_tresult/Return Passed" status="PASSED">
         <system-out><![CDATA[24-09-2025T04:51:11 - [TEST_CASE][PASSED] - Test Cases/2000_tresult/Return Passed: Test Cases/2000_tresult/Return Passed

24-09-2025T04:51:11 - [TEST_STEP][PASSED] - markPassed("Passed"): Passed

24-09-2025T04:51:11 - [MESSAGE][PASSED] - Passed

24-09-2025T04:51:13 - [TEST_STEP][PASSED] - Video: Video recording for test case 'Test Cases/2000_tresult/Return Passed' .

24-09-2025T04:51:13 - [MESSAGE][INFO] - Video recording for test case 'Test Cases/2000_tresult/Return Passed' .]]></system-out>
         <system-err><![CDATA[]]></system-err>
      </testcase>
      <testcase name="Test Cases/2000_tresult/Return Passed" time="2.015" classname="Test Cases/2000_tresult/Return Passed" status="PASSED">
         <system-out><![CDATA[24-09-2025T04:51:13 - [TEST_CASE][PASSED] - Test Cases/2000_tresult/Return Passed: Test Cases/2000_tresult/Return Passed

24-09-2025T04:51:13 - [TEST_STEP][PASSED] - markPassed("Passed"): Passed

24-09-2025T04:51:13 - [MESSAGE][PASSED] - Passed

24-09-2025T04:51:15 - [TEST_STEP][PASSED] - Video: Video recording for test case 'Test Cases/2000_tresult/Return Passed' .

24-09-2025T04:51:15 - [MESSAGE][INFO] - Video recording for test case 'Test Cases/2000_tresult/Return Passed' .]]></system-out>
         <system-err><![CDATA[]]></system-err>
      </testcase>
      <testcase name="Test Cases/2000_tresult/Return Passed" time="2.012" classname="Test Cases/2000_tresult/Return Passed" status="PASSED">
         <system-out><![CDATA[24-09-2025T04:51:15 - [TEST_CASE][PASSED] - Test Cases/2000_tresult/Return Passed: Test Cases/2000_tresult/Return Passed

24-09-2025T04:51:15 - [TEST_STEP][PASSED] - markPassed("Passed"): Passed

24-09-2025T04:51:15 - [MESSAGE][PASSED] - Passed

24-09-2025T04:51:17 - [TEST_STEP][PASSED] - Video: Video recording for test case 'Test Cases/2000_tresult/Return Passed' .

24-09-2025T04:51:17 - [MESSAGE][INFO] - Video recording for test case 'Test Cases/2000_tresult/Return Passed' .]]></system-out>
         <system-err><![CDATA[]]></system-err>
      </testcase>
      <testcase name="Test Cases/2000_tresult/Return Passed" time="2.012" classname="Test Cases/2000_tresult/Return Passed" status="PASSED">
         <system-out><![CDATA[24-09-2025T04:51:17 - [TEST_CASE][PASSED] - Test Cases/2000_tresult/Return Passed: Test Cases/2000_tresult/Return Passed

24-09-2025T04:51:17 - [TEST_STEP][PASSED] - markPassed("Passed"): Passed

24-09-2025T04:51:17 - [MESSAGE][PASSED] - Passed

24-09-2025T04:51:19 - [TEST_STEP][PASSED] - Video: Video recording for test case 'Test Cases/2000_tresult/Return Passed' .

24-09-2025T04:51:19 - [MESSAGE][INFO] - Video recording for test case 'Test Cases/2000_tresult/Return Passed' .]]></system-out>
         <system-err><![CDATA[]]></system-err>
      </testcase>
      <testcase name="Test Cases/2000_tresult/Return Passed" time="2.013" classname="Test Cases/2000_tresult/Return Passed" status="PASSED">
         <system-out><![CDATA[24-09-2025T04:51:19 - [TEST_CASE][PASSED] - Test Cases/2000_tresult/Return Passed: Test Cases/2000_tresult/Return Passed

24-09-2025T04:51:19 - [TEST_STEP][PASSED] - markPassed("Passed"): Passed

24-09-2025T04:51:19 - [MESSAGE][PASSED] - Passed

24-09-2025T04:51:21 - [TEST_STEP][PASSED] - Video: Video recording for test case 'Test Cases/2000_tresult/Return Passed' .

24-09-2025T04:51:21 - [MESSAGE][INFO] - Video recording for test case 'Test Cases/2000_tresult/Return Passed' .]]></system-out>
         <system-err><![CDATA[]]></system-err>
      </testcase>
      <testcase name="Test Cases/2000_tresult/Return Passed" time="2.016" classname="Test Cases/2000_tresult/Return Passed" status="PASSED">
         <system-out><![CDATA[24-09-2025T04:51:21 - [TEST_CASE][PASSED] - Test Cases/2000_tresult/Return Passed: Test Cases/2000_tresult/Return Passed

24-09-2025T04:51:21 - [TEST_STEP][PASSED] - markPassed("Passed"): Passed

24-09-2025T04:51:21 - [MESSAGE][PASSED] - Passed

24-09-2025T04:51:23 - [TEST_STEP][PASSED] - Video: Video recording for test case 'Test Cases/2000_tresult/Return Passed' .

24-09-2025T04:51:23 - [MESSAGE][INFO] - Video recording for test case 'Test Cases/2000_tresult/Return Passed' .]]></system-out>
         <system-err><![CDATA[]]></system-err>
      </testcase>
      <testcase name="Test Cases/2000_tresult/Return Passed" time="2.014" classname="Test Cases/2000_tresult/Return Passed" status="PASSED">
         <system-out><![CDATA[24-09-2025T04:51:23 - [TEST_CASE][PASSED] - Test Cases/2000_tresult/Return Passed: Test Cases/2000_tresult/Return Passed

24-09-2025T04:51:23 - [TEST_STEP][PASSED] - markPassed("Passed"): Passed

24-09-2025T04:51:23 - [MESSAGE][PASSED] - Passed

24-09-2025T04:51:25 - [TEST_STEP][PASSED] - Video: Video recording for test case 'Test Cases/2000_tresult/Return Passed' .

24-09-2025T04:51:25 - [MESSAGE][INFO] - Video recording for test case 'Test Cases/2000_tresult/Return Passed' .]]></system-out>
         <system-err><![CDATA[]]></system-err>
      </testcase>
      <testcase name="Test Cases/2000_tresult/Return Passed" time="2.016" classname="Test Cases/2000_tresult/Return Passed" status="PASSED">
         <system-out><![CDATA[24-09-2025T04:51:25 - [TEST_CASE][PASSED] - Test Cases/2000_tresult/Return Passed: Test Cases/2000_tresult/Return Passed

24-09-2025T04:51:25 - [TEST_STEP][PASSED] - markPassed("Passed"): Passed

24-09-2025T04:51:25 - [MESSAGE][PASSED] - Passed

24-09-2025T04:51:27 - [TEST_STEP][PASSED] - Video: Video recording for test case 'Test Cases/2000_tresult/Return Passed' .

24-09-2025T04:51:27 - [MESSAGE][INFO] - Video recording for test case 'Test Cases/2000_tresult/Return Passed' .]]></system-out>
         <system-err><![CDATA[]]></system-err>
      </testcase>
      <testcase name="Test Cases/2000_tresult/Return Passed" time="2.021" classname="Test Cases/2000_tresult/Return Passed" status="PASSED">
         <system-out><![CDATA[24-09-2025T04:51:27 - [TEST_CASE][PASSED] - Test Cases/2000_tresult/Return Passed: Test Cases/2000_tresult/Return Passed

24-09-2025T04:51:27 - [TEST_STEP][PASSED] - markPassed("Passed"): Passed

24-09-2025T04:51:27 - [MESSAGE][PASSED] - Passed

24-09-2025T04:51:29 - [TEST_STEP][PASSED] - Video: Video recording for test case 'Test Cases/2000_tresult/Return Passed' .

24-09-2025T04:51:29 - [MESSAGE][INFO] - Video recording for test case 'Test Cases/2000_tresult/Return Passed' .]]></system-out>
         <system-err><![CDATA[]]></system-err>
      </testcase>
      <testcase name="Test Cases/2000_tresult/Return Passed" time="2.013" classname="Test Cases/2000_tresult/Return Passed" status="PASSED">
         <system-out><![CDATA[24-09-2025T04:51:29 - [TEST_CASE][PASSED] - Test Cases/2000_tresult/Return Passed: Test Cases/2000_tresult/Return Passed

24-09-2025T04:51:29 - [TEST_STEP][PASSED] - markPassed("Passed"): Passed

24-09-2025T04:51:29 - [MESSAGE][PASSED] - Passed

24-09-2025T04:51:31 - [TEST_STEP][PASSED] - Video: Video recording for test case 'Test Cases/2000_tresult/Return Passed' .

24-09-2025T04:51:31 - [MESSAGE][INFO] - Video recording for test case 'Test Cases/2000_tresult/Return Passed' .]]></system-out>
         <system-err><![CDATA[]]></system-err>
      </testcase>
      <testcase name="Test Cases/2000_tresult/Return Passed" time="2.013" classname="Test Cases/2000_tresult/Return Passed" status="PASSED">
         <system-out><![CDATA[24-09-2025T04:51:31 - [TEST_CASE][PASSED] - Test Cases/2000_tresult/Return Passed: Test Cases/2000_tresult/Return Passed

24-09-2025T04:51:31 - [TEST_STEP][PASSED] - markPassed("Passed"): Passed

24-09-2025T04:51:31 - [MESSAGE][PASSED] - Passed

24-09-2025T04:51:33 - [TEST_STEP][PASSED] - Video: Video recording for test case 'Test Cases/2000_tresult/Return Passed' .

24-09-2025T04:51:33 - [MESSAGE][INFO] - Video recording for test case 'Test Cases/2000_tresult/Return Passed' .]]></system-out>
         <system-err><![CDATA[]]></system-err>
      </testcase>
      <testcase name="Test Cases/2000_tresult/Return Passed" time="2.016" classname="Test Cases/2000_tresult/Return Passed" status="PASSED">
         <system-out><![CDATA[24-09-2025T04:51:33 - [TEST_CASE][PASSED] - Test Cases/2000_tresult/Return Passed: Test Cases/2000_tresult/Return Passed

24-09-2025T04:51:33 - [TEST_STEP][PASSED] - markPassed("Passed"): Passed

24-09-2025T04:51:33 - [MESSAGE][PASSED] - Passed

24-09-2025T04:51:35 - [TEST_STEP][PASSED] - Video: Video recording for test case 'Test Cases/2000_tresult/Return Passed' .

24-09-2025T04:51:35 - [MESSAGE][INFO] - Video recording for test case 'Test Cases/2000_tresult/Return Passed' .]]></system-out>
         <system-err><![CDATA[]]></system-err>
      </testcase>
      <testcase name="Test Cases/2000_tresult/Return Passed" time="2.013" classname="Test Cases/2000_tresult/Return Passed" status="PASSED">
         <system-out><![CDATA[24-09-2025T04:51:35 - [TEST_CASE][PASSED] - Test Cases/2000_tresult/Return Passed: Test Cases/2000_tresult/Return Passed

24-09-2025T04:51:35 - [TEST_STEP][PASSED] - markPassed("Passed"): Passed

24-09-2025T04:51:35 - [MESSAGE][PASSED] - Passed

24-09-2025T04:51:37 - [TEST_STEP][PASSED] - Video: Video recording for test case 'Test Cases/2000_tresult/Return Passed' .

24-09-2025T04:51:37 - [MESSAGE][INFO] - Video recording for test case 'Test Cases/2000_tresult/Return Passed' .]]></system-out>
         <system-err><![CDATA[]]></system-err>
      </testcase>
      <testcase name="Test Cases/2000_tresult/Return Passed" time="2.012" classname="Test Cases/2000_tresult/Return Passed" status="PASSED">
         <system-out><![CDATA[24-09-2025T04:51:37 - [TEST_CASE][PASSED] - Test Cases/2000_tresult/Return Passed: Test Cases/2000_tresult/Return Passed

24-09-2025T04:51:37 - [TEST_STEP][PASSED] - markPassed("Passed"): Passed

24-09-2025T04:51:37 - [MESSAGE][PASSED] - Passed

24-09-2025T04:51:39 - [TEST_STEP][PASSED] - Video: Video recording for test case 'Test Cases/2000_tresult/Return Passed' .

24-09-2025T04:51:39 - [MESSAGE][INFO] - Video recording for test case 'Test Cases/2000_tresult/Return Passed' .]]></system-out>
         <system-err><![CDATA[]]></system-err>
      </testcase>
      <testcase name="Test Cases/2000_tresult/Return Passed" time="2.017" classname="Test Cases/2000_tresult/Return Passed" status="PASSED">
         <system-out><![CDATA[24-09-2025T04:51:39 - [TEST_CASE][PASSED] - Test Cases/2000_tresult/Return Passed: Test Cases/2000_tresult/Return Passed

24-09-2025T04:51:39 - [TEST_STEP][PASSED] - markPassed("Passed"): Passed

24-09-2025T04:51:39 - [MESSAGE][PASSED] - Passed

24-09-2025T04:51:41 - [TEST_STEP][PASSED] - Video: Video recording for test case 'Test Cases/2000_tresult/Return Passed' .

24-09-2025T04:51:41 - [MESSAGE][INFO] - Video recording for test case 'Test Cases/2000_tresult/Return Passed' .]]></system-out>
         <system-err><![CDATA[]]></system-err>
      </testcase>
      <testcase name="Test Cases/2000_tresult/Return Passed" time="2.014" classname="Test Cases/2000_tresult/Return Passed" status="PASSED">
         <system-out><![CDATA[24-09-2025T04:51:41 - [TEST_CASE][PASSED] - Test Cases/2000_tresult/Return Passed: Test Cases/2000_tresult/Return Passed

24-09-2025T04:51:41 - [TEST_STEP][PASSED] - markPassed("Passed"): Passed

24-09-2025T04:51:41 - [MESSAGE][PASSED] - Passed

24-09-2025T04:51:43 - [TEST_STEP][PASSED] - Video: Video recording for test case 'Test Cases/2000_tresult/Return Passed' .

24-09-2025T04:51:43 - [MESSAGE][INFO] - Video recording for test case 'Test Cases/2000_tresult/Return Passed' .]]></system-out>
         <system-err><![CDATA[]]></system-err>
      </testcase>
      <testcase name="Test Cases/2000_tresult/Return Passed" time="2.011" classname="Test Cases/2000_tresult/Return Passed" status="PASSED">
         <system-out><![CDATA[24-09-2025T04:51:43 - [TEST_CASE][PASSED] - Test Cases/2000_tresult/Return Passed: Test Cases/2000_tresult/Return Passed

24-09-2025T04:51:43 - [TEST_STEP][PASSED] - markPassed("Passed"): Passed

24-09-2025T04:51:43 - [MESSAGE][PASSED] - Passed

24-09-2025T04:51:45 - [TEST_STEP][PASSED] - Video: Video recording for test case 'Test Cases/2000_tresult/Return Passed' .

24-09-2025T04:51:45 - [MESSAGE][INFO] - Video recording for test case 'Test Cases/2000_tresult/Return Passed' .]]></system-out>
         <system-err><![CDATA[]]></system-err>
      </testcase>
      <testcase name="Test Cases/2000_tresult/Return Passed" time="2.013" classname="Test Cases/2000_tresult/Return Passed" status="PASSED">
         <system-out><![CDATA[24-09-2025T04:51:45 - [TEST_CASE][PASSED] - Test Cases/2000_tresult/Return Passed: Test Cases/2000_tresult/Return Passed

24-09-2025T04:51:45 - [TEST_STEP][PASSED] - markPassed("Passed"): Passed

24-09-2025T04:51:45 - [MESSAGE][PASSED] - Passed

24-09-2025T04:51:47 - [TEST_STEP][PASSED] - Video: Video recording for test case 'Test Cases/2000_tresult/Return Passed' .

24-09-2025T04:51:47 - [MESSAGE][INFO] - Video recording for test case 'Test Cases/2000_tresult/Return Passed' .]]></system-out>
         <system-err><![CDATA[]]></system-err>
      </testcase>
      <testcase name="Test Cases/2000_tresult/Return Passed" time="2.02" classname="Test Cases/2000_tresult/Return Passed" status="PASSED">
         <system-out><![CDATA[24-09-2025T04:51:47 - [TEST_CASE][PASSED] - Test Cases/2000_tresult/Return Passed: Test Cases/2000_tresult/Return Passed

24-09-2025T04:51:47 - [TEST_STEP][PASSED] - markPassed("Passed"): Passed

24-09-2025T04:51:47 - [MESSAGE][PASSED] - Passed

24-09-2025T04:51:49 - [TEST_STEP][PASSED] - Video: Video recording for test case 'Test Cases/2000_tresult/Return Passed' .

24-09-2025T04:51:49 - [MESSAGE][INFO] - Video recording for test case 'Test Cases/2000_tresult/Return Passed' .]]></system-out>
         <system-err><![CDATA[]]></system-err>
      </testcase>
      <testcase name="Test Cases/2000_tresult/Return Passed" time="2.012" classname="Test Cases/2000_tresult/Return Passed" status="PASSED">
         <system-out><![CDATA[24-09-2025T04:51:49 - [TEST_CASE][PASSED] - Test Cases/2000_tresult/Return Passed: Test Cases/2000_tresult/Return Passed

24-09-2025T04:51:49 - [TEST_STEP][PASSED] - markPassed("Passed"): Passed

24-09-2025T04:51:49 - [MESSAGE][PASSED] - Passed

24-09-2025T04:51:51 - [TEST_STEP][PASSED] - Video: Video recording for test case 'Test Cases/2000_tresult/Return Passed' .

24-09-2025T04:51:51 - [MESSAGE][INFO] - Video recording for test case 'Test Cases/2000_tresult/Return Passed' .]]></system-out>
         <system-err><![CDATA[]]></system-err>
      </testcase>
      <testcase name="Test Cases/2000_tresult/Return Passed" time="2.012" classname="Test Cases/2000_tresult/Return Passed" status="PASSED">
         <system-out><![CDATA[24-09-2025T04:51:51 - [TEST_CASE][PASSED] - Test Cases/2000_tresult/Return Passed: Test Cases/2000_tresult/Return Passed

24-09-2025T04:51:51 - [TEST_STEP][PASSED] - markPassed("Passed"): Passed

24-09-2025T04:51:51 - [MESSAGE][PASSED] - Passed

24-09-2025T04:51:53 - [TEST_STEP][PASSED] - Video: Video recording for test case 'Test Cases/2000_tresult/Return Passed' .

24-09-2025T04:51:53 - [MESSAGE][INFO] - Video recording for test case 'Test Cases/2000_tresult/Return Passed' .]]></system-out>
         <system-err><![CDATA[]]></system-err>
      </testcase>
      <testcase name="Test Cases/2000_tresult/Return Passed" time="2.01" classname="Test Cases/2000_tresult/Return Passed" status="PASSED">
         <system-out><![CDATA[24-09-2025T04:51:53 - [TEST_CASE][PASSED] - Test Cases/2000_tresult/Return Passed: Test Cases/2000_tresult/Return Passed

24-09-2025T04:51:53 - [TEST_STEP][PASSED] - markPassed("Passed"): Passed

24-09-2025T04:51:53 - [MESSAGE][PASSED] - Passed

24-09-2025T04:51:55 - [TEST_STEP][PASSED] - Video: Video recording for test case 'Test Cases/2000_tresult/Return Passed' .

24-09-2025T04:51:55 - [MESSAGE][INFO] - Video recording for test case 'Test Cases/2000_tresult/Return Passed' .]]></system-out>
         <system-err><![CDATA[]]></system-err>
      </testcase>
      <testcase name="Test Cases/2000_tresult/Return Passed" time="2.013" classname="Test Cases/2000_tresult/Return Passed" status="PASSED">
         <system-out><![CDATA[24-09-2025T04:51:55 - [TEST_CASE][PASSED] - Test Cases/2000_tresult/Return Passed: Test Cases/2000_tresult/Return Passed

24-09-2025T04:51:55 - [TEST_STEP][PASSED] - markPassed("Passed"): Passed

24-09-2025T04:51:55 - [MESSAGE][PASSED] - Passed

24-09-2025T04:51:57 - [TEST_STEP][PASSED] - Video: Video recording for test case 'Test Cases/2000_tresult/Return Passed' .

24-09-2025T04:51:57 - [MESSAGE][INFO] - Video recording for test case 'Test Cases/2000_tresult/Return Passed' .]]></system-out>
         <system-err><![CDATA[]]></system-err>
      </testcase>
      <testcase name="Test Cases/2000_tresult/Return Passed" time="2.01" classname="Test Cases/2000_tresult/Return Passed" status="PASSED">
         <system-out><![CDATA[24-09-2025T04:51:57 - [TEST_CASE][PASSED] - Test Cases/2000_tresult/Return Passed: Test Cases/2000_tresult/Return Passed

24-09-2025T04:51:57 - [TEST_STEP][PASSED] - markPassed("Passed"): Passed

24-09-2025T04:51:57 - [MESSAGE][PASSED] - Passed

24-09-2025T04:51:59 - [TEST_STEP][PASSED] - Video: Video recording for test case 'Test Cases/2000_tresult/Return Passed' .

24-09-2025T04:51:59 - [MESSAGE][INFO] - Video recording for test case 'Test Cases/2000_tresult/Return Passed' .]]></system-out>
         <system-err><![CDATA[]]></system-err>
      </testcase>
      <testcase name="Test Cases/2000_tresult/Return Passed" time="2.014" classname="Test Cases/2000_tresult/Return Passed" status="PASSED">
         <system-out><![CDATA[24-09-2025T04:51:59 - [TEST_CASE][PASSED] - Test Cases/2000_tresult/Return Passed: Test Cases/2000_tresult/Return Passed

24-09-2025T04:51:59 - [TEST_STEP][PASSED] - markPassed("Passed"): Passed

24-09-2025T04:51:59 - [MESSAGE][PASSED] - Passed

24-09-2025T04:52:02 - [TEST_STEP][PASSED] - Video: Video recording for test case 'Test Cases/2000_tresult/Return Passed' .

24-09-2025T04:52:02 - [MESSAGE][INFO] - Video recording for test case 'Test Cases/2000_tresult/Return Passed' .]]></system-out>
         <system-err><![CDATA[]]></system-err>
      </testcase>
      <testcase name="Test Cases/2000_tresult/Return Passed" time="2.011" classname="Test Cases/2000_tresult/Return Passed" status="PASSED">
         <system-out><![CDATA[24-09-2025T04:52:02 - [TEST_CASE][PASSED] - Test Cases/2000_tresult/Return Passed: Test Cases/2000_tresult/Return Passed

24-09-2025T04:52:02 - [TEST_STEP][PASSED] - markPassed("Passed"): Passed

24-09-2025T04:52:02 - [MESSAGE][PASSED] - Passed

24-09-2025T04:52:04 - [TEST_STEP][PASSED] - Video: Video recording for test case 'Test Cases/2000_tresult/Return Passed' .

24-09-2025T04:52:04 - [MESSAGE][INFO] - Video recording for test case 'Test Cases/2000_tresult/Return Passed' .]]></system-out>
         <system-err><![CDATA[]]></system-err>
      </testcase>
      <testcase name="Test Cases/2000_tresult/Return Passed" time="2.011" classname="Test Cases/2000_tresult/Return Passed" status="PASSED">
         <system-out><![CDATA[24-09-2025T04:52:04 - [TEST_CASE][PASSED] - Test Cases/2000_tresult/Return Passed: Test Cases/2000_tresult/Return Passed

24-09-2025T04:52:04 - [TEST_STEP][PASSED] - markPassed("Passed"): Passed

24-09-2025T04:52:04 - [MESSAGE][PASSED] - Passed

24-09-2025T04:52:06 - [TEST_STEP][PASSED] - Video: Video recording for test case 'Test Cases/2000_tresult/Return Passed' .

24-09-2025T04:52:06 - [MESSAGE][INFO] - Video recording for test case 'Test Cases/2000_tresult/Return Passed' .]]></system-out>
         <system-err><![CDATA[]]></system-err>
      </testcase>
      <testcase name="Test Cases/2000_tresult/Return Passed" time="2.011" classname="Test Cases/2000_tresult/Return Passed" status="PASSED">
         <system-out><![CDATA[24-09-2025T04:52:06 - [TEST_CASE][PASSED] - Test Cases/2000_tresult/Return Passed: Test Cases/2000_tresult/Return Passed

24-09-2025T04:52:06 - [TEST_STEP][PASSED] - markPassed("Passed"): Passed

24-09-2025T04:52:06 - [MESSAGE][PASSED] - Passed

24-09-2025T04:52:08 - [TEST_STEP][PASSED] - Video: Video recording for test case 'Test Cases/2000_tresult/Return Passed' .

24-09-2025T04:52:08 - [MESSAGE][INFO] - Video recording for test case 'Test Cases/2000_tresult/Return Passed' .]]></system-out>
         <system-err><![CDATA[]]></system-err>
      </testcase>
      <testcase name="Test Cases/2000_tresult/Return Passed" time="2.011" classname="Test Cases/2000_tresult/Return Passed" status="PASSED">
         <system-out><![CDATA[24-09-2025T04:52:08 - [TEST_CASE][PASSED] - Test Cases/2000_tresult/Return Passed: Test Cases/2000_tresult/Return Passed

24-09-2025T04:52:08 - [TEST_STEP][PASSED] - markPassed("Passed"): Passed

24-09-2025T04:52:08 - [MESSAGE][PASSED] - Passed

24-09-2025T04:52:10 - [TEST_STEP][PASSED] - Video: Video recording for test case 'Test Cases/2000_tresult/Return Passed' .

24-09-2025T04:52:10 - [MESSAGE][INFO] - Video recording for test case 'Test Cases/2000_tresult/Return Passed' .]]></system-out>
         <system-err><![CDATA[]]></system-err>
      </testcase>
      <testcase name="Test Cases/2000_tresult/Return Passed" time="2.014" classname="Test Cases/2000_tresult/Return Passed" status="PASSED">
         <system-out><![CDATA[24-09-2025T04:52:10 - [TEST_CASE][PASSED] - Test Cases/2000_tresult/Return Passed: Test Cases/2000_tresult/Return Passed

24-09-2025T04:52:10 - [TEST_STEP][PASSED] - markPassed("Passed"): Passed

24-09-2025T04:52:10 - [MESSAGE][PASSED] - Passed

24-09-2025T04:52:12 - [TEST_STEP][PASSED] - Video: Video recording for test case 'Test Cases/2000_tresult/Return Passed' .

24-09-2025T04:52:12 - [MESSAGE][INFO] - Video recording for test case 'Test Cases/2000_tresult/Return Passed' .]]></system-out>
         <system-err><![CDATA[]]></system-err>
      </testcase>
      <testcase name="Test Cases/2000_tresult/Return Passed" time="2.011" classname="Test Cases/2000_tresult/Return Passed" status="PASSED">
         <system-out><![CDATA[24-09-2025T04:52:12 - [TEST_CASE][PASSED] - Test Cases/2000_tresult/Return Passed: Test Cases/2000_tresult/Return Passed

24-09-2025T04:52:12 - [TEST_STEP][PASSED] - markPassed("Passed"): Passed

24-09-2025T04:52:12 - [MESSAGE][PASSED] - Passed

24-09-2025T04:52:14 - [TEST_STEP][PASSED] - Video: Video recording for test case 'Test Cases/2000_tresult/Return Passed' .

24-09-2025T04:52:14 - [MESSAGE][INFO] - Video recording for test case 'Test Cases/2000_tresult/Return Passed' .]]></system-out>
         <system-err><![CDATA[]]></system-err>
      </testcase>
      <testcase name="Test Cases/2000_tresult/Return Passed" time="2.013" classname="Test Cases/2000_tresult/Return Passed" status="PASSED">
         <system-out><![CDATA[24-09-2025T04:52:14 - [TEST_CASE][PASSED] - Test Cases/2000_tresult/Return Passed: Test Cases/2000_tresult/Return Passed

24-09-2025T04:52:14 - [TEST_STEP][PASSED] - markPassed("Passed"): Passed

24-09-2025T04:52:14 - [MESSAGE][PASSED] - Passed

24-09-2025T04:52:16 - [TEST_STEP][PASSED] - Video: Video recording for test case 'Test Cases/2000_tresult/Return Passed' .

24-09-2025T04:52:16 - [MESSAGE][INFO] - Video recording for test case 'Test Cases/2000_tresult/Return Passed' .]]></system-out>
         <system-err><![CDATA[]]></system-err>
      </testcase>
      <testcase name="Test Cases/2000_tresult/Return Passed" time="2.011" classname="Test Cases/2000_tresult/Return Passed" status="PASSED">
         <system-out><![CDATA[24-09-2025T04:52:16 - [TEST_CASE][PASSED] - Test Cases/2000_tresult/Return Passed: Test Cases/2000_tresult/Return Passed

24-09-2025T04:52:16 - [TEST_STEP][PASSED] - markPassed("Passed"): Passed

24-09-2025T04:52:16 - [MESSAGE][PASSED] - Passed

24-09-2025T04:52:18 - [TEST_STEP][PASSED] - Video: Video recording for test case 'Test Cases/2000_tresult/Return Passed' .

24-09-2025T04:52:18 - [MESSAGE][INFO] - Video recording for test case 'Test Cases/2000_tresult/Return Passed' .]]></system-out>
         <system-err><![CDATA[]]></system-err>
      </testcase>
      <testcase name="Test Cases/2000_tresult/Return Passed" time="2.01" classname="Test Cases/2000_tresult/Return Passed" status="PASSED">
         <system-out><![CDATA[24-09-2025T04:52:18 - [TEST_CASE][PASSED] - Test Cases/2000_tresult/Return Passed: Test Cases/2000_tresult/Return Passed

24-09-2025T04:52:18 - [TEST_STEP][PASSED] - markPassed("Passed"): Passed

24-09-2025T04:52:18 - [MESSAGE][PASSED] - Passed

24-09-2025T04:52:20 - [TEST_STEP][PASSED] - Video: Video recording for test case 'Test Cases/2000_tresult/Return Passed' .

24-09-2025T04:52:20 - [MESSAGE][INFO] - Video recording for test case 'Test Cases/2000_tresult/Return Passed' .]]></system-out>
         <system-err><![CDATA[]]></system-err>
      </testcase>
      <testcase name="Test Cases/2000_tresult/Return Passed" time="2.012" classname="Test Cases/2000_tresult/Return Passed" status="PASSED">
         <system-out><![CDATA[24-09-2025T04:52:20 - [TEST_CASE][PASSED] - Test Cases/2000_tresult/Return Passed: Test Cases/2000_tresult/Return Passed

24-09-2025T04:52:20 - [TEST_STEP][PASSED] - markPassed("Passed"): Passed

24-09-2025T04:52:20 - [MESSAGE][PASSED] - Passed

24-09-2025T04:52:22 - [TEST_STEP][PASSED] - Video: Video recording for test case 'Test Cases/2000_tresult/Return Passed' .

24-09-2025T04:52:22 - [MESSAGE][INFO] - Video recording for test case 'Test Cases/2000_tresult/Return Passed' .]]></system-out>
         <system-err><![CDATA[]]></system-err>
      </testcase>
      <testcase name="Test Cases/2000_tresult/Return Passed" time="2.011" classname="Test Cases/2000_tresult/Return Passed" status="PASSED">
         <system-out><![CDATA[24-09-2025T04:52:22 - [TEST_CASE][PASSED] - Test Cases/2000_tresult/Return Passed: Test Cases/2000_tresult/Return Passed

24-09-2025T04:52:22 - [TEST_STEP][PASSED] - markPassed("Passed"): Passed

24-09-2025T04:52:22 - [MESSAGE][PASSED] - Passed

24-09-2025T04:52:24 - [TEST_STEP][PASSED] - Video: Video recording for test case 'Test Cases/2000_tresult/Return Passed' .

24-09-2025T04:52:24 - [MESSAGE][INFO] - Video recording for test case 'Test Cases/2000_tresult/Return Passed' .]]></system-out>
         <system-err><![CDATA[]]></system-err>
      </testcase>
      <testcase name="Test Cases/2000_tresult/Return Passed" time="2.01" classname="Test Cases/2000_tresult/Return Passed" status="PASSED">
         <system-out><![CDATA[24-09-2025T04:52:24 - [TEST_CASE][PASSED] - Test Cases/2000_tresult/Return Passed: Test Cases/2000_tresult/Return Passed

24-09-2025T04:52:24 - [TEST_STEP][PASSED] - markPassed("Passed"): Passed

24-09-2025T04:52:24 - [MESSAGE][PASSED] - Passed

24-09-2025T04:52:26 - [TEST_STEP][PASSED] - Video: Video recording for test case 'Test Cases/2000_tresult/Return Passed' .

24-09-2025T04:52:26 - [MESSAGE][INFO] - Video recording for test case 'Test Cases/2000_tresult/Return Passed' .]]></system-out>
         <system-err><![CDATA[]]></system-err>
      </testcase>
      <testcase name="Test Cases/2000_tresult/Return Passed" time="2.009" classname="Test Cases/2000_tresult/Return Passed" status="PASSED">
         <system-out><![CDATA[24-09-2025T04:52:26 - [TEST_CASE][PASSED] - Test Cases/2000_tresult/Return Passed: Test Cases/2000_tresult/Return Passed

24-09-2025T04:52:26 - [TEST_STEP][PASSED] - markPassed("Passed"): Passed

24-09-2025T04:52:26 - [MESSAGE][PASSED] - Passed

24-09-2025T04:52:28 - [TEST_STEP][PASSED] - Video: Video recording for test case 'Test Cases/2000_tresult/Return Passed' .

24-09-2025T04:52:28 - [MESSAGE][INFO] - Video recording for test case 'Test Cases/2000_tresult/Return Passed' .]]></system-out>
         <system-err><![CDATA[]]></system-err>
      </testcase>
      <testcase name="Test Cases/2000_tresult/Return Passed" time="2.018" classname="Test Cases/2000_tresult/Return Passed" status="PASSED">
         <system-out><![CDATA[24-09-2025T04:52:28 - [TEST_CASE][PASSED] - Test Cases/2000_tresult/Return Passed: Test Cases/2000_tresult/Return Passed

24-09-2025T04:52:28 - [TEST_STEP][PASSED] - markPassed("Passed"): Passed

24-09-2025T04:52:28 - [MESSAGE][PASSED] - Passed

24-09-2025T04:52:30 - [TEST_STEP][PASSED] - Video: Video recording for test case 'Test Cases/2000_tresult/Return Passed' .

24-09-2025T04:52:30 - [MESSAGE][INFO] - Video recording for test case 'Test Cases/2000_tresult/Return Passed' .]]></system-out>
         <system-err><![CDATA[]]></system-err>
      </testcase>
      <testcase name="Test Cases/2000_tresult/Return Passed" time="2.01" classname="Test Cases/2000_tresult/Return Passed" status="PASSED">
         <system-out><![CDATA[24-09-2025T04:52:30 - [TEST_CASE][PASSED] - Test Cases/2000_tresult/Return Passed: Test Cases/2000_tresult/Return Passed

24-09-2025T04:52:30 - [TEST_STEP][PASSED] - markPassed("Passed"): Passed

24-09-2025T04:52:30 - [MESSAGE][PASSED] - Passed

24-09-2025T04:52:32 - [TEST_STEP][PASSED] - Video: Video recording for test case 'Test Cases/2000_tresult/Return Passed' .

24-09-2025T04:52:32 - [MESSAGE][INFO] - Video recording for test case 'Test Cases/2000_tresult/Return Passed' .]]></system-out>
         <system-err><![CDATA[]]></system-err>
      </testcase>
      <testcase name="Test Cases/2000_tresult/Return Passed" time="2.012" classname="Test Cases/2000_tresult/Return Passed" status="PASSED">
         <system-out><![CDATA[24-09-2025T04:52:32 - [TEST_CASE][PASSED] - Test Cases/2000_tresult/Return Passed: Test Cases/2000_tresult/Return Passed

24-09-2025T04:52:32 - [TEST_STEP][PASSED] - markPassed("Passed"): Passed

24-09-2025T04:52:32 - [MESSAGE][PASSED] - Passed

24-09-2025T04:52:34 - [TEST_STEP][PASSED] - Video: Video recording for test case 'Test Cases/2000_tresult/Return Passed' .

24-09-2025T04:52:34 - [MESSAGE][INFO] - Video recording for test case 'Test Cases/2000_tresult/Return Passed' .]]></system-out>
         <system-err><![CDATA[]]></system-err>
      </testcase>
      <testcase name="Test Cases/2000_tresult/Return Passed" time="2.011" classname="Test Cases/2000_tresult/Return Passed" status="PASSED">
         <system-out><![CDATA[24-09-2025T04:52:34 - [TEST_CASE][PASSED] - Test Cases/2000_tresult/Return Passed: Test Cases/2000_tresult/Return Passed

24-09-2025T04:52:34 - [TEST_STEP][PASSED] - markPassed("Passed"): Passed

24-09-2025T04:52:34 - [MESSAGE][PASSED] - Passed

24-09-2025T04:52:36 - [TEST_STEP][PASSED] - Video: Video recording for test case 'Test Cases/2000_tresult/Return Passed' .

24-09-2025T04:52:36 - [MESSAGE][INFO] - Video recording for test case 'Test Cases/2000_tresult/Return Passed' .]]></system-out>
         <system-err><![CDATA[]]></system-err>
      </testcase>
      <testcase name="Test Cases/2000_tresult/Return Passed" time="2.01" classname="Test Cases/2000_tresult/Return Passed" status="PASSED">
         <system-out><![CDATA[24-09-2025T04:52:36 - [TEST_CASE][PASSED] - Test Cases/2000_tresult/Return Passed: Test Cases/2000_tresult/Return Passed

24-09-2025T04:52:36 - [TEST_STEP][PASSED] - markPassed("Passed"): Passed

24-09-2025T04:52:36 - [MESSAGE][PASSED] - Passed

24-09-2025T04:52:38 - [TEST_STEP][PASSED] - Video: Video recording for test case 'Test Cases/2000_tresult/Return Passed' .

24-09-2025T04:52:38 - [MESSAGE][INFO] - Video recording for test case 'Test Cases/2000_tresult/Return Passed' .]]></system-out>
         <system-err><![CDATA[]]></system-err>
      </testcase>
      <testcase name="Test Cases/2000_tresult/Return Passed" time="2.01" classname="Test Cases/2000_tresult/Return Passed" status="PASSED">
         <system-out><![CDATA[24-09-2025T04:52:38 - [TEST_CASE][PASSED] - Test Cases/2000_tresult/Return Passed: Test Cases/2000_tresult/Return Passed

24-09-2025T04:52:38 - [TEST_STEP][PASSED] - markPassed("Passed"): Passed

24-09-2025T04:52:38 - [MESSAGE][PASSED] - Passed

24-09-2025T04:52:40 - [TEST_STEP][PASSED] - Video: Video recording for test case 'Test Cases/2000_tresult/Return Passed' .

24-09-2025T04:52:40 - [MESSAGE][INFO] - Video recording for test case 'Test Cases/2000_tresult/Return Passed' .]]></system-out>
         <system-err><![CDATA[]]></system-err>
      </testcase>
      <testcase name="Test Cases/2000_tresult/Return Passed" time="2.01" classname="Test Cases/2000_tresult/Return Passed" status="PASSED">
         <system-out><![CDATA[24-09-2025T04:52:40 - [TEST_CASE][PASSED] - Test Cases/2000_tresult/Return Passed: Test Cases/2000_tresult/Return Passed

24-09-2025T04:52:40 - [TEST_STEP][PASSED] - markPassed("Passed"): Passed

24-09-2025T04:52:40 - [MESSAGE][PASSED] - Passed

24-09-2025T04:52:42 - [TEST_STEP][PASSED] - Video: Video recording for test case 'Test Cases/2000_tresult/Return Passed' .

24-09-2025T04:52:42 - [MESSAGE][INFO] - Video recording for test case 'Test Cases/2000_tresult/Return Passed' .]]></system-out>
         <system-err><![CDATA[]]></system-err>
      </testcase>
      <testcase name="Test Cases/2000_tresult/Return Passed" time="2.009" classname="Test Cases/2000_tresult/Return Passed" status="PASSED">
         <system-out><![CDATA[24-09-2025T04:52:42 - [TEST_CASE][PASSED] - Test Cases/2000_tresult/Return Passed: Test Cases/2000_tresult/Return Passed

24-09-2025T04:52:42 - [TEST_STEP][PASSED] - markPassed("Passed"): Passed

24-09-2025T04:52:42 - [MESSAGE][PASSED] - Passed

24-09-2025T04:52:44 - [TEST_STEP][PASSED] - Video: Video recording for test case 'Test Cases/2000_tresult/Return Passed' .

24-09-2025T04:52:44 - [MESSAGE][INFO] - Video recording for test case 'Test Cases/2000_tresult/Return Passed' .]]></system-out>
         <system-err><![CDATA[]]></system-err>
      </testcase>
      <testcase name="Test Cases/2000_tresult/Return Passed" time="2.012" classname="Test Cases/2000_tresult/Return Passed" status="PASSED">
         <system-out><![CDATA[24-09-2025T04:52:44 - [TEST_CASE][PASSED] - Test Cases/2000_tresult/Return Passed: Test Cases/2000_tresult/Return Passed

24-09-2025T04:52:44 - [TEST_STEP][PASSED] - markPassed("Passed"): Passed

24-09-2025T04:52:44 - [MESSAGE][PASSED] - Passed

24-09-2025T04:52:46 - [TEST_STEP][PASSED] - Video: Video recording for test case 'Test Cases/2000_tresult/Return Passed' .

24-09-2025T04:52:46 - [MESSAGE][INFO] - Video recording for test case 'Test Cases/2000_tresult/Return Passed' .]]></system-out>
         <system-err><![CDATA[]]></system-err>
      </testcase>
      <testcase name="Test Cases/2000_tresult/Return Passed" time="2.012" classname="Test Cases/2000_tresult/Return Passed" status="PASSED">
         <system-out><![CDATA[24-09-2025T04:52:46 - [TEST_CASE][PASSED] - Test Cases/2000_tresult/Return Passed: Test Cases/2000_tresult/Return Passed

24-09-2025T04:52:46 - [TEST_STEP][PASSED] - markPassed("Passed"): Passed

24-09-2025T04:52:46 - [MESSAGE][PASSED] - Passed

24-09-2025T04:52:48 - [TEST_STEP][PASSED] - Video: Video recording for test case 'Test Cases/2000_tresult/Return Passed' .

24-09-2025T04:52:48 - [MESSAGE][INFO] - Video recording for test case 'Test Cases/2000_tresult/Return Passed' .]]></system-out>
         <system-err><![CDATA[]]></system-err>
      </testcase>
      <testcase name="Test Cases/2000_tresult/Return Passed" time="2.011" classname="Test Cases/2000_tresult/Return Passed" status="PASSED">
         <system-out><![CDATA[24-09-2025T04:52:48 - [TEST_CASE][PASSED] - Test Cases/2000_tresult/Return Passed: Test Cases/2000_tresult/Return Passed

24-09-2025T04:52:48 - [TEST_STEP][PASSED] - markPassed("Passed"): Passed

24-09-2025T04:52:48 - [MESSAGE][PASSED] - Passed

24-09-2025T04:52:50 - [TEST_STEP][PASSED] - Video: Video recording for test case 'Test Cases/2000_tresult/Return Passed' .

24-09-2025T04:52:50 - [MESSAGE][INFO] - Video recording for test case 'Test Cases/2000_tresult/Return Passed' .]]></system-out>
         <system-err><![CDATA[]]></system-err>
      </testcase>
      <testcase name="Test Cases/2000_tresult/Return Passed" time="2.009" classname="Test Cases/2000_tresult/Return Passed" status="PASSED">
         <system-out><![CDATA[24-09-2025T04:52:50 - [TEST_CASE][PASSED] - Test Cases/2000_tresult/Return Passed: Test Cases/2000_tresult/Return Passed

24-09-2025T04:52:50 - [TEST_STEP][PASSED] - markPassed("Passed"): Passed

24-09-2025T04:52:50 - [MESSAGE][PASSED] - Passed

24-09-2025T04:52:52 - [TEST_STEP][PASSED] - Video: Video recording for test case 'Test Cases/2000_tresult/Return Passed' .

24-09-2025T04:52:52 - [MESSAGE][INFO] - Video recording for test case 'Test Cases/2000_tresult/Return Passed' .]]></system-out>
         <system-err><![CDATA[]]></system-err>
      </testcase>
      <testcase name="Test Cases/2000_tresult/Return Passed" time="2.009" classname="Test Cases/2000_tresult/Return Passed" status="PASSED">
         <system-out><![CDATA[24-09-2025T04:52:52 - [TEST_CASE][PASSED] - Test Cases/2000_tresult/Return Passed: Test Cases/2000_tresult/Return Passed

24-09-2025T04:52:52 - [TEST_STEP][PASSED] - markPassed("Passed"): Passed

24-09-2025T04:52:52 - [MESSAGE][PASSED] - Passed

24-09-2025T04:52:54 - [TEST_STEP][PASSED] - Video: Video recording for test case 'Test Cases/2000_tresult/Return Passed' .

24-09-2025T04:52:54 - [MESSAGE][INFO] - Video recording for test case 'Test Cases/2000_tresult/Return Passed' .]]></system-out>
         <system-err><![CDATA[]]></system-err>
      </testcase>
      <testcase name="Test Cases/2000_tresult/Return Passed" time="2.012" classname="Test Cases/2000_tresult/Return Passed" status="PASSED">
         <system-out><![CDATA[24-09-2025T04:52:54 - [TEST_CASE][PASSED] - Test Cases/2000_tresult/Return Passed: Test Cases/2000_tresult/Return Passed

24-09-2025T04:52:54 - [TEST_STEP][PASSED] - markPassed("Passed"): Passed

24-09-2025T04:52:54 - [MESSAGE][PASSED] - Passed

24-09-2025T04:52:56 - [TEST_STEP][PASSED] - Video: Video recording for test case 'Test Cases/2000_tresult/Return Passed' .

24-09-2025T04:52:56 - [MESSAGE][INFO] - Video recording for test case 'Test Cases/2000_tresult/Return Passed' .]]></system-out>
         <system-err><![CDATA[]]></system-err>
      </testcase>
      <testcase name="Test Cases/2000_tresult/Return Passed" time="2.009" classname="Test Cases/2000_tresult/Return Passed" status="PASSED">
         <system-out><![CDATA[24-09-2025T04:52:56 - [TEST_CASE][PASSED] - Test Cases/2000_tresult/Return Passed: Test Cases/2000_tresult/Return Passed

24-09-2025T04:52:56 - [TEST_STEP][PASSED] - markPassed("Passed"): Passed

24-09-2025T04:52:56 - [MESSAGE][PASSED] - Passed

24-09-2025T04:52:58 - [TEST_STEP][PASSED] - Video: Video recording for test case 'Test Cases/2000_tresult/Return Passed' .

24-09-2025T04:52:58 - [MESSAGE][INFO] - Video recording for test case 'Test Cases/2000_tresult/Return Passed' .]]></system-out>
         <system-err><![CDATA[]]></system-err>
      </testcase>
      <testcase name="Test Cases/2000_tresult/Return Passed" time="2.008" classname="Test Cases/2000_tresult/Return Passed" status="PASSED">
         <system-out><![CDATA[24-09-2025T04:52:58 - [TEST_CASE][PASSED] - Test Cases/2000_tresult/Return Passed: Test Cases/2000_tresult/Return Passed

24-09-2025T04:52:58 - [TEST_STEP][PASSED] - markPassed("Passed"): Passed

24-09-2025T04:52:58 - [MESSAGE][PASSED] - Passed

24-09-2025T04:53:00 - [TEST_STEP][PASSED] - Video: Video recording for test case 'Test Cases/2000_tresult/Return Passed' .

24-09-2025T04:53:00 - [MESSAGE][INFO] - Video recording for test case 'Test Cases/2000_tresult/Return Passed' .]]></system-out>
         <system-err><![CDATA[]]></system-err>
      </testcase>
      <testcase name="Test Cases/2000_tresult/Return Passed" time="2.008" classname="Test Cases/2000_tresult/Return Passed" status="PASSED">
         <system-out><![CDATA[24-09-2025T04:53:00 - [TEST_CASE][PASSED] - Test Cases/2000_tresult/Return Passed: Test Cases/2000_tresult/Return Passed

24-09-2025T04:53:00 - [TEST_STEP][PASSED] - markPassed("Passed"): Passed

24-09-2025T04:53:00 - [MESSAGE][PASSED] - Passed

24-09-2025T04:53:02 - [TEST_STEP][PASSED] - Video: Video recording for test case 'Test Cases/2000_tresult/Return Passed' .

24-09-2025T04:53:02 - [MESSAGE][INFO] - Video recording for test case 'Test Cases/2000_tresult/Return Passed' .]]></system-out>
         <system-err><![CDATA[]]></system-err>
      </testcase>
      <testcase name="Test Cases/2000_tresult/Return Passed" time="2.01" classname="Test Cases/2000_tresult/Return Passed" status="PASSED">
         <system-out><![CDATA[24-09-2025T04:53:02 - [TEST_CASE][PASSED] - Test Cases/2000_tresult/Return Passed: Test Cases/2000_tresult/Return Passed

24-09-2025T04:53:02 - [TEST_STEP][PASSED] - markPassed("Passed"): Passed

24-09-2025T04:53:02 - [MESSAGE][PASSED] - Passed

24-09-2025T04:53:04 - [TEST_STEP][PASSED] - Video: Video recording for test case 'Test Cases/2000_tresult/Return Passed' .

24-09-2025T04:53:04 - [MESSAGE][INFO] - Video recording for test case 'Test Cases/2000_tresult/Return Passed' .]]></system-out>
         <system-err><![CDATA[]]></system-err>
      </testcase>
      <testcase name="Test Cases/2000_tresult/Return Passed" time="2.01" classname="Test Cases/2000_tresult/Return Passed" status="PASSED">
         <system-out><![CDATA[24-09-2025T04:53:04 - [TEST_CASE][PASSED] - Test Cases/2000_tresult/Return Passed: Test Cases/2000_tresult/Return Passed

24-09-2025T04:53:04 - [TEST_STEP][PASSED] - markPassed("Passed"): Passed

24-09-2025T04:53:04 - [MESSAGE][PASSED] - Passed

24-09-2025T04:53:06 - [TEST_STEP][PASSED] - Video: Video recording for test case 'Test Cases/2000_tresult/Return Passed' .

24-09-2025T04:53:06 - [MESSAGE][INFO] - Video recording for test case 'Test Cases/2000_tresult/Return Passed' .]]></system-out>
         <system-err><![CDATA[]]></system-err>
      </testcase>
      <testcase name="Test Cases/2000_tresult/Return Passed" time="2.024" classname="Test Cases/2000_tresult/Return Passed" status="PASSED">
         <system-out><![CDATA[24-09-2025T04:53:06 - [TEST_CASE][PASSED] - Test Cases/2000_tresult/Return Passed: Test Cases/2000_tresult/Return Passed

24-09-2025T04:53:06 - [TEST_STEP][PASSED] - markPassed("Passed"): Passed

24-09-2025T04:53:06 - [MESSAGE][PASSED] - Passed

24-09-2025T04:53:08 - [TEST_STEP][PASSED] - Video: Video recording for test case 'Test Cases/2000_tresult/Return Passed' .

24-09-2025T04:53:08 - [MESSAGE][INFO] - Video recording for test case 'Test Cases/2000_tresult/Return Passed' .]]></system-out>
         <system-err><![CDATA[]]></system-err>
      </testcase>
      <testcase name="Test Cases/2000_tresult/Return Passed" time="2.009" classname="Test Cases/2000_tresult/Return Passed" status="PASSED">
         <system-out><![CDATA[24-09-2025T04:53:08 - [TEST_CASE][PASSED] - Test Cases/2000_tresult/Return Passed: Test Cases/2000_tresult/Return Passed

24-09-2025T04:53:08 - [TEST_STEP][PASSED] - markPassed("Passed"): Passed

24-09-2025T04:53:08 - [MESSAGE][PASSED] - Passed

24-09-2025T04:53:10 - [TEST_STEP][PASSED] - Video: Video recording for test case 'Test Cases/2000_tresult/Return Passed' .

24-09-2025T04:53:10 - [MESSAGE][INFO] - Video recording for test case 'Test Cases/2000_tresult/Return Passed' .]]></system-out>
         <system-err><![CDATA[]]></system-err>
      </testcase>
      <testcase name="Test Cases/2000_tresult/Return Passed" time="2.009" classname="Test Cases/2000_tresult/Return Passed" status="PASSED">
         <system-out><![CDATA[24-09-2025T04:53:10 - [TEST_CASE][PASSED] - Test Cases/2000_tresult/Return Passed: Test Cases/2000_tresult/Return Passed

24-09-2025T04:53:10 - [TEST_STEP][PASSED] - markPassed("Passed"): Passed

24-09-2025T04:53:10 - [MESSAGE][PASSED] - Passed

24-09-2025T04:53:12 - [TEST_STEP][PASSED] - Video: Video recording for test case 'Test Cases/2000_tresult/Return Passed' .

24-09-2025T04:53:12 - [MESSAGE][INFO] - Video recording for test case 'Test Cases/2000_tresult/Return Passed' .]]></system-out>
         <system-err><![CDATA[]]></system-err>
      </testcase>
      <testcase name="Test Cases/2000_tresult/Return Passed" time="2.01" classname="Test Cases/2000_tresult/Return Passed" status="PASSED">
         <system-out><![CDATA[24-09-2025T04:53:12 - [TEST_CASE][PASSED] - Test Cases/2000_tresult/Return Passed: Test Cases/2000_tresult/Return Passed

24-09-2025T04:53:12 - [TEST_STEP][PASSED] - markPassed("Passed"): Passed

24-09-2025T04:53:12 - [MESSAGE][PASSED] - Passed

24-09-2025T04:53:14 - [TEST_STEP][PASSED] - Video: Video recording for test case 'Test Cases/2000_tresult/Return Passed' .

24-09-2025T04:53:14 - [MESSAGE][INFO] - Video recording for test case 'Test Cases/2000_tresult/Return Passed' .]]></system-out>
         <system-err><![CDATA[]]></system-err>
      </testcase>
      <testcase name="Test Cases/2000_tresult/Return Passed" time="2.009" classname="Test Cases/2000_tresult/Return Passed" status="PASSED">
         <system-out><![CDATA[24-09-2025T04:53:14 - [TEST_CASE][PASSED] - Test Cases/2000_tresult/Return Passed: Test Cases/2000_tresult/Return Passed

24-09-2025T04:53:14 - [TEST_STEP][PASSED] - markPassed("Passed"): Passed

24-09-2025T04:53:14 - [MESSAGE][PASSED] - Passed

24-09-2025T04:53:16 - [TEST_STEP][PASSED] - Video: Video recording for test case 'Test Cases/2000_tresult/Return Passed' .

24-09-2025T04:53:16 - [MESSAGE][INFO] - Video recording for test case 'Test Cases/2000_tresult/Return Passed' .]]></system-out>
         <system-err><![CDATA[]]></system-err>
      </testcase>
      <testcase name="Test Cases/2000_tresult/Return Passed" time="2.01" classname="Test Cases/2000_tresult/Return Passed" status="PASSED">
         <system-out><![CDATA[24-09-2025T04:53:16 - [TEST_CASE][PASSED] - Test Cases/2000_tresult/Return Passed: Test Cases/2000_tresult/Return Passed

24-09-2025T04:53:16 - [TEST_STEP][PASSED] - markPassed("Passed"): Passed

24-09-2025T04:53:16 - [MESSAGE][PASSED] - Passed

24-09-2025T04:53:18 - [TEST_STEP][PASSED] - Video: Video recording for test case 'Test Cases/2000_tresult/Return Passed' .

24-09-2025T04:53:18 - [MESSAGE][INFO] - Video recording for test case 'Test Cases/2000_tresult/Return Passed' .]]></system-out>
         <system-err><![CDATA[]]></system-err>
      </testcase>
      <testcase name="Test Cases/2000_tresult/Return Passed" time="2.009" classname="Test Cases/2000_tresult/Return Passed" status="PASSED">
         <system-out><![CDATA[24-09-2025T04:53:18 - [TEST_CASE][PASSED] - Test Cases/2000_tresult/Return Passed: Test Cases/2000_tresult/Return Passed

24-09-2025T04:53:18 - [TEST_STEP][PASSED] - markPassed("Passed"): Passed

24-09-2025T04:53:18 - [MESSAGE][PASSED] - Passed

24-09-2025T04:53:20 - [TEST_STEP][PASSED] - Video: Video recording for test case 'Test Cases/2000_tresult/Return Passed' .

24-09-2025T04:53:20 - [MESSAGE][INFO] - Video recording for test case 'Test Cases/2000_tresult/Return Passed' .]]></system-out>
         <system-err><![CDATA[]]></system-err>
      </testcase>
      <testcase name="Test Cases/2000_tresult/Return Passed" time="2.009" classname="Test Cases/2000_tresult/Return Passed" status="PASSED">
         <system-out><![CDATA[24-09-2025T04:53:20 - [TEST_CASE][PASSED] - Test Cases/2000_tresult/Return Passed: Test Cases/2000_tresult/Return Passed

24-09-2025T04:53:20 - [TEST_STEP][PASSED] - markPassed("Passed"): Passed

24-09-2025T04:53:20 - [MESSAGE][PASSED] - Passed

24-09-2025T04:53:22 - [TEST_STEP][PASSED] - Video: Video recording for test case 'Test Cases/2000_tresult/Return Passed' .

24-09-2025T04:53:22 - [MESSAGE][INFO] - Video recording for test case 'Test Cases/2000_tresult/Return Passed' .]]></system-out>
         <system-err><![CDATA[]]></system-err>
      </testcase>
      <testcase name="Test Cases/2000_tresult/Return Passed" time="2.008" classname="Test Cases/2000_tresult/Return Passed" status="PASSED">
         <system-out><![CDATA[24-09-2025T04:53:22 - [TEST_CASE][PASSED] - Test Cases/2000_tresult/Return Passed: Test Cases/2000_tresult/Return Passed

24-09-2025T04:53:22 - [TEST_STEP][PASSED] - markPassed("Passed"): Passed

24-09-2025T04:53:22 - [MESSAGE][PASSED] - Passed

24-09-2025T04:53:24 - [TEST_STEP][PASSED] - Video: Video recording for test case 'Test Cases/2000_tresult/Return Passed' .

24-09-2025T04:53:24 - [MESSAGE][INFO] - Video recording for test case 'Test Cases/2000_tresult/Return Passed' .]]></system-out>
         <system-err><![CDATA[]]></system-err>
      </testcase>
      <testcase name="Test Cases/2000_tresult/Return Passed" time="2.011" classname="Test Cases/2000_tresult/Return Passed" status="PASSED">
         <system-out><![CDATA[24-09-2025T04:53:24 - [TEST_CASE][PASSED] - Test Cases/2000_tresult/Return Passed: Test Cases/2000_tresult/Return Passed

24-09-2025T04:53:24 - [TEST_STEP][PASSED] - markPassed("Passed"): Passed

24-09-2025T04:53:24 - [MESSAGE][PASSED] - Passed

24-09-2025T04:53:26 - [TEST_STEP][PASSED] - Video: Video recording for test case 'Test Cases/2000_tresult/Return Passed' .

24-09-2025T04:53:26 - [MESSAGE][INFO] - Video recording for test case 'Test Cases/2000_tresult/Return Passed' .]]></system-out>
         <system-err><![CDATA[]]></system-err>
      </testcase>
      <testcase name="Test Cases/2000_tresult/Return Passed" time="2.009" classname="Test Cases/2000_tresult/Return Passed" status="PASSED">
         <system-out><![CDATA[24-09-2025T04:53:26 - [TEST_CASE][PASSED] - Test Cases/2000_tresult/Return Passed: Test Cases/2000_tresult/Return Passed

24-09-2025T04:53:26 - [TEST_STEP][PASSED] - markPassed("Passed"): Passed

24-09-2025T04:53:26 - [MESSAGE][PASSED] - Passed

24-09-2025T04:53:28 - [TEST_STEP][PASSED] - Video: Video recording for test case 'Test Cases/2000_tresult/Return Passed' .

24-09-2025T04:53:28 - [MESSAGE][INFO] - Video recording for test case 'Test Cases/2000_tresult/Return Passed' .]]></system-out>
         <system-err><![CDATA[]]></system-err>
      </testcase>
      <testcase name="Test Cases/2000_tresult/Return Passed" time="2.009" classname="Test Cases/2000_tresult/Return Passed" status="PASSED">
         <system-out><![CDATA[24-09-2025T04:53:28 - [TEST_CASE][PASSED] - Test Cases/2000_tresult/Return Passed: Test Cases/2000_tresult/Return Passed

24-09-2025T04:53:28 - [TEST_STEP][PASSED] - markPassed("Passed"): Passed

24-09-2025T04:53:28 - [MESSAGE][PASSED] - Passed

24-09-2025T04:53:30 - [TEST_STEP][PASSED] - Video: Video recording for test case 'Test Cases/2000_tresult/Return Passed' .

24-09-2025T04:53:30 - [MESSAGE][INFO] - Video recording for test case 'Test Cases/2000_tresult/Return Passed' .]]></system-out>
         <system-err><![CDATA[]]></system-err>
      </testcase>
      <testcase name="Test Cases/2000_tresult/Return Passed" time="2.011" classname="Test Cases/2000_tresult/Return Passed" status="PASSED">
         <system-out><![CDATA[24-09-2025T04:53:30 - [TEST_CASE][PASSED] - Test Cases/2000_tresult/Return Passed: Test Cases/2000_tresult/Return Passed

24-09-2025T04:53:30 - [TEST_STEP][PASSED] - markPassed("Passed"): Passed

24-09-2025T04:53:30 - [MESSAGE][PASSED] - Passed

24-09-2025T04:53:32 - [TEST_STEP][PASSED] - Video: Video recording for test case 'Test Cases/2000_tresult/Return Passed' .

24-09-2025T04:53:32 - [MESSAGE][INFO] - Video recording for test case 'Test Cases/2000_tresult/Return Passed' .]]></system-out>
         <system-err><![CDATA[]]></system-err>
      </testcase>
      <testcase name="Test Cases/2000_tresult/Return Passed" time="2.008" classname="Test Cases/2000_tresult/Return Passed" status="PASSED">
         <system-out><![CDATA[24-09-2025T04:53:32 - [TEST_CASE][PASSED] - Test Cases/2000_tresult/Return Passed: Test Cases/2000_tresult/Return Passed

24-09-2025T04:53:32 - [TEST_STEP][PASSED] - markPassed("Passed"): Passed

24-09-2025T04:53:32 - [MESSAGE][PASSED] - Passed

24-09-2025T04:53:34 - [TEST_STEP][PASSED] - Video: Video recording for test case 'Test Cases/2000_tresult/Return Passed' .

24-09-2025T04:53:34 - [MESSAGE][INFO] - Video recording for test case 'Test Cases/2000_tresult/Return Passed' .]]></system-out>
         <system-err><![CDATA[]]></system-err>
      </testcase>
      <testcase name="Test Cases/2000_tresult/Return Passed" time="2.008" classname="Test Cases/2000_tresult/Return Passed" status="PASSED">
         <system-out><![CDATA[24-09-2025T04:53:34 - [TEST_CASE][PASSED] - Test Cases/2000_tresult/Return Passed: Test Cases/2000_tresult/Return Passed

24-09-2025T04:53:34 - [TEST_STEP][PASSED] - markPassed("Passed"): Passed

24-09-2025T04:53:34 - [MESSAGE][PASSED] - Passed

24-09-2025T04:53:36 - [TEST_STEP][PASSED] - Video: Video recording for test case 'Test Cases/2000_tresult/Return Passed' .

24-09-2025T04:53:36 - [MESSAGE][INFO] - Video recording for test case 'Test Cases/2000_tresult/Return Passed' .]]></system-out>
         <system-err><![CDATA[]]></system-err>
      </testcase>
      <testcase name="Test Cases/2000_tresult/Return Passed" time="2.009" classname="Test Cases/2000_tresult/Return Passed" status="PASSED">
         <system-out><![CDATA[24-09-2025T04:53:36 - [TEST_CASE][PASSED] - Test Cases/2000_tresult/Return Passed: Test Cases/2000_tresult/Return Passed

24-09-2025T04:53:36 - [TEST_STEP][PASSED] - markPassed("Passed"): Passed

24-09-2025T04:53:36 - [MESSAGE][PASSED] - Passed

24-09-2025T04:53:38 - [TEST_STEP][PASSED] - Video: Video recording for test case 'Test Cases/2000_tresult/Return Passed' .

24-09-2025T04:53:38 - [MESSAGE][INFO] - Video recording for test case 'Test Cases/2000_tresult/Return Passed' .]]></system-out>
         <system-err><![CDATA[]]></system-err>
      </testcase>
      <testcase name="Test Cases/2000_tresult/Return Passed" time="2.008" classname="Test Cases/2000_tresult/Return Passed" status="PASSED">
         <system-out><![CDATA[24-09-2025T04:53:38 - [TEST_CASE][PASSED] - Test Cases/2000_tresult/Return Passed: Test Cases/2000_tresult/Return Passed

24-09-2025T04:53:38 - [TEST_STEP][PASSED] - markPassed("Passed"): Passed

24-09-2025T04:53:38 - [MESSAGE][PASSED] - Passed

24-09-2025T04:53:40 - [TEST_STEP][PASSED] - Video: Video recording for test case 'Test Cases/2000_tresult/Return Passed' .

24-09-2025T04:53:40 - [MESSAGE][INFO] - Video recording for test case 'Test Cases/2000_tresult/Return Passed' .]]></system-out>
         <system-err><![CDATA[]]></system-err>
      </testcase>
      <testcase name="Test Cases/2000_tresult/Return Passed" time="2.008" classname="Test Cases/2000_tresult/Return Passed" status="PASSED">
         <system-out><![CDATA[24-09-2025T04:53:40 - [TEST_CASE][PASSED] - Test Cases/2000_tresult/Return Passed: Test Cases/2000_tresult/Return Passed

24-09-2025T04:53:40 - [TEST_STEP][PASSED] - markPassed("Passed"): Passed

24-09-2025T04:53:40 - [MESSAGE][PASSED] - Passed

24-09-2025T04:53:42 - [TEST_STEP][PASSED] - Video: Video recording for test case 'Test Cases/2000_tresult/Return Passed' .

24-09-2025T04:53:42 - [MESSAGE][INFO] - Video recording for test case 'Test Cases/2000_tresult/Return Passed' .]]></system-out>
         <system-err><![CDATA[]]></system-err>
      </testcase>
      <testcase name="Test Cases/2000_tresult/Return Passed" time="2.009" classname="Test Cases/2000_tresult/Return Passed" status="PASSED">
         <system-out><![CDATA[24-09-2025T04:53:42 - [TEST_CASE][PASSED] - Test Cases/2000_tresult/Return Passed: Test Cases/2000_tresult/Return Passed

24-09-2025T04:53:42 - [TEST_STEP][PASSED] - markPassed("Passed"): Passed

24-09-2025T04:53:42 - [MESSAGE][PASSED] - Passed

24-09-2025T04:53:44 - [TEST_STEP][PASSED] - Video: Video recording for test case 'Test Cases/2000_tresult/Return Passed' .

24-09-2025T04:53:44 - [MESSAGE][INFO] - Video recording for test case 'Test Cases/2000_tresult/Return Passed' .]]></system-out>
         <system-err><![CDATA[]]></system-err>
      </testcase>
      <testcase name="Test Cases/2000_tresult/Return Passed" time="2.008" classname="Test Cases/2000_tresult/Return Passed" status="PASSED">
         <system-out><![CDATA[24-09-2025T04:53:44 - [TEST_CASE][PASSED] - Test Cases/2000_tresult/Return Passed: Test Cases/2000_tresult/Return Passed

24-09-2025T04:53:44 - [TEST_STEP][PASSED] - markPassed("Passed"): Passed

24-09-2025T04:53:44 - [MESSAGE][PASSED] - Passed

24-09-2025T04:53:46 - [TEST_STEP][PASSED] - Video: Video recording for test case 'Test Cases/2000_tresult/Return Passed' .

24-09-2025T04:53:46 - [MESSAGE][INFO] - Video recording for test case 'Test Cases/2000_tresult/Return Passed' .]]></system-out>
         <system-err><![CDATA[]]></system-err>
      </testcase>
      <testcase name="Test Cases/2000_tresult/Return Passed" time="2.008" classname="Test Cases/2000_tresult/Return Passed" status="PASSED">
         <system-out><![CDATA[24-09-2025T04:53:46 - [TEST_CASE][PASSED] - Test Cases/2000_tresult/Return Passed: Test Cases/2000_tresult/Return Passed

24-09-2025T04:53:46 - [TEST_STEP][PASSED] - markPassed("Passed"): Passed

24-09-2025T04:53:46 - [MESSAGE][PASSED] - Passed

24-09-2025T04:53:48 - [TEST_STEP][PASSED] - Video: Video recording for test case 'Test Cases/2000_tresult/Return Passed' .

24-09-2025T04:53:48 - [MESSAGE][INFO] - Video recording for test case 'Test Cases/2000_tresult/Return Passed' .]]></system-out>
         <system-err><![CDATA[]]></system-err>
      </testcase>
      <testcase name="Test Cases/2000_tresult/Return Passed" time="2.009" classname="Test Cases/2000_tresult/Return Passed" status="PASSED">
         <system-out><![CDATA[24-09-2025T04:53:48 - [TEST_CASE][PASSED] - Test Cases/2000_tresult/Return Passed: Test Cases/2000_tresult/Return Passed

24-09-2025T04:53:48 - [TEST_STEP][PASSED] - markPassed("Passed"): Passed

24-09-2025T04:53:48 - [MESSAGE][PASSED] - Passed

24-09-2025T04:53:50 - [TEST_STEP][PASSED] - Video: Video recording for test case 'Test Cases/2000_tresult/Return Passed' .

24-09-2025T04:53:50 - [MESSAGE][INFO] - Video recording for test case 'Test Cases/2000_tresult/Return Passed' .]]></system-out>
         <system-err><![CDATA[]]></system-err>
      </testcase>
      <testcase name="Test Cases/2000_tresult/Return Passed" time="2.01" classname="Test Cases/2000_tresult/Return Passed" status="PASSED">
         <system-out><![CDATA[24-09-2025T04:53:50 - [TEST_CASE][PASSED] - Test Cases/2000_tresult/Return Passed: Test Cases/2000_tresult/Return Passed

24-09-2025T04:53:50 - [TEST_STEP][PASSED] - markPassed("Passed"): Passed

24-09-2025T04:53:50 - [MESSAGE][PASSED] - Passed

24-09-2025T04:53:52 - [TEST_STEP][PASSED] - Video: Video recording for test case 'Test Cases/2000_tresult/Return Passed' .

24-09-2025T04:53:52 - [MESSAGE][INFO] - Video recording for test case 'Test Cases/2000_tresult/Return Passed' .]]></system-out>
         <system-err><![CDATA[]]></system-err>
      </testcase>
      <testcase name="Test Cases/2000_tresult/Return Passed" time="2.008" classname="Test Cases/2000_tresult/Return Passed" status="PASSED">
         <system-out><![CDATA[24-09-2025T04:53:52 - [TEST_CASE][PASSED] - Test Cases/2000_tresult/Return Passed: Test Cases/2000_tresult/Return Passed

24-09-2025T04:53:52 - [TEST_STEP][PASSED] - markPassed("Passed"): Passed

24-09-2025T04:53:52 - [MESSAGE][PASSED] - Passed

24-09-2025T04:53:54 - [TEST_STEP][PASSED] - Video: Video recording for test case 'Test Cases/2000_tresult/Return Passed' .

24-09-2025T04:53:54 - [MESSAGE][INFO] - Video recording for test case 'Test Cases/2000_tresult/Return Passed' .]]></system-out>
         <system-err><![CDATA[]]></system-err>
      </testcase>
      <testcase name="Test Cases/2000_tresult/Return Passed" time="2.01" classname="Test Cases/2000_tresult/Return Passed" status="PASSED">
         <system-out><![CDATA[24-09-2025T04:53:54 - [TEST_CASE][PASSED] - Test Cases/2000_tresult/Return Passed: Test Cases/2000_tresult/Return Passed

24-09-2025T04:53:54 - [TEST_STEP][PASSED] - markPassed("Passed"): Passed

24-09-2025T04:53:54 - [MESSAGE][PASSED] - Passed

24-09-2025T04:53:56 - [TEST_STEP][PASSED] - Video: Video recording for test case 'Test Cases/2000_tresult/Return Passed' .

24-09-2025T04:53:56 - [MESSAGE][INFO] - Video recording for test case 'Test Cases/2000_tresult/Return Passed' .]]></system-out>
         <system-err><![CDATA[]]></system-err>
      </testcase>
      <testcase name="Test Cases/2000_tresult/Return Passed" time="2.009" classname="Test Cases/2000_tresult/Return Passed" status="PASSED">
         <system-out><![CDATA[24-09-2025T04:53:56 - [TEST_CASE][PASSED] - Test Cases/2000_tresult/Return Passed: Test Cases/2000_tresult/Return Passed

24-09-2025T04:53:56 - [TEST_STEP][PASSED] - markPassed("Passed"): Passed

24-09-2025T04:53:56 - [MESSAGE][PASSED] - Passed

24-09-2025T04:53:58 - [TEST_STEP][PASSED] - Video: Video recording for test case 'Test Cases/2000_tresult/Return Passed' .

24-09-2025T04:53:58 - [MESSAGE][INFO] - Video recording for test case 'Test Cases/2000_tresult/Return Passed' .]]></system-out>
         <system-err><![CDATA[]]></system-err>
      </testcase>
      <testcase name="Test Cases/2000_tresult/Return Passed" time="2.008" classname="Test Cases/2000_tresult/Return Passed" status="PASSED">
         <system-out><![CDATA[24-09-2025T04:53:58 - [TEST_CASE][PASSED] - Test Cases/2000_tresult/Return Passed: Test Cases/2000_tresult/Return Passed

24-09-2025T04:53:58 - [TEST_STEP][PASSED] - markPassed("Passed"): Passed

24-09-2025T04:53:58 - [MESSAGE][PASSED] - Passed

24-09-2025T04:54:00 - [TEST_STEP][PASSED] - Video: Video recording for test case 'Test Cases/2000_tresult/Return Passed' .

24-09-2025T04:54:00 - [MESSAGE][INFO] - Video recording for test case 'Test Cases/2000_tresult/Return Passed' .]]></system-out>
         <system-err><![CDATA[]]></system-err>
      </testcase>
      <testcase name="Test Cases/2000_tresult/Return Passed" time="2.014" classname="Test Cases/2000_tresult/Return Passed" status="PASSED">
         <system-out><![CDATA[24-09-2025T04:54:00 - [TEST_CASE][PASSED] - Test Cases/2000_tresult/Return Passed: Test Cases/2000_tresult/Return Passed

24-09-2025T04:54:00 - [TEST_STEP][PASSED] - markPassed("Passed"): Passed

24-09-2025T04:54:00 - [MESSAGE][PASSED] - Passed

24-09-2025T04:54:02 - [TEST_STEP][PASSED] - Video: Video recording for test case 'Test Cases/2000_tresult/Return Passed' .

24-09-2025T04:54:02 - [MESSAGE][INFO] - Video recording for test case 'Test Cases/2000_tresult/Return Passed' .]]></system-out>
         <system-err><![CDATA[]]></system-err>
      </testcase>
      <testcase name="Test Cases/2000_tresult/Return Passed" time="2.008" classname="Test Cases/2000_tresult/Return Passed" status="PASSED">
         <system-out><![CDATA[24-09-2025T04:54:02 - [TEST_CASE][PASSED] - Test Cases/2000_tresult/Return Passed: Test Cases/2000_tresult/Return Passed

24-09-2025T04:54:02 - [TEST_STEP][PASSED] - markPassed("Passed"): Passed

24-09-2025T04:54:02 - [MESSAGE][PASSED] - Passed

24-09-2025T04:54:04 - [TEST_STEP][PASSED] - Video: Video recording for test case 'Test Cases/2000_tresult/Return Passed' .

24-09-2025T04:54:04 - [MESSAGE][INFO] - Video recording for test case 'Test Cases/2000_tresult/Return Passed' .]]></system-out>
         <system-err><![CDATA[]]></system-err>
      </testcase>
      <testcase name="Test Cases/2000_tresult/Return Passed" time="2.009" classname="Test Cases/2000_tresult/Return Passed" status="PASSED">
         <system-out><![CDATA[24-09-2025T04:54:04 - [TEST_CASE][PASSED] - Test Cases/2000_tresult/Return Passed: Test Cases/2000_tresult/Return Passed

24-09-2025T04:54:04 - [TEST_STEP][PASSED] - markPassed("Passed"): Passed

24-09-2025T04:54:04 - [MESSAGE][PASSED] - Passed

24-09-2025T04:54:06 - [TEST_STEP][PASSED] - Video: Video recording for test case 'Test Cases/2000_tresult/Return Passed' .

24-09-2025T04:54:06 - [MESSAGE][INFO] - Video recording for test case 'Test Cases/2000_tresult/Return Passed' .]]></system-out>
         <system-err><![CDATA[]]></system-err>
      </testcase>
      <testcase name="Test Cases/2000_tresult/Return Passed" time="2.008" classname="Test Cases/2000_tresult/Return Passed" status="PASSED">
         <system-out><![CDATA[24-09-2025T04:54:06 - [TEST_CASE][PASSED] - Test Cases/2000_tresult/Return Passed: Test Cases/2000_tresult/Return Passed

24-09-2025T04:54:06 - [TEST_STEP][PASSED] - markPassed("Passed"): Passed

24-09-2025T04:54:06 - [MESSAGE][PASSED] - Passed

24-09-2025T04:54:08 - [TEST_STEP][PASSED] - Video: Video recording for test case 'Test Cases/2000_tresult/Return Passed' .

24-09-2025T04:54:08 - [MESSAGE][INFO] - Video recording for test case 'Test Cases/2000_tresult/Return Passed' .]]></system-out>
         <system-err><![CDATA[]]></system-err>
      </testcase>
      <testcase name="Test Cases/2000_tresult/Return Passed" time="2.01" classname="Test Cases/2000_tresult/Return Passed" status="PASSED">
         <system-out><![CDATA[24-09-2025T04:54:08 - [TEST_CASE][PASSED] - Test Cases/2000_tresult/Return Passed: Test Cases/2000_tresult/Return Passed

24-09-2025T04:54:08 - [TEST_STEP][PASSED] - markPassed("Passed"): Passed

24-09-2025T04:54:08 - [MESSAGE][PASSED] - Passed

24-09-2025T04:54:10 - [TEST_STEP][PASSED] - Video: Video recording for test case 'Test Cases/2000_tresult/Return Passed' .

24-09-2025T04:54:10 - [MESSAGE][INFO] - Video recording for test case 'Test Cases/2000_tresult/Return Passed' .]]></system-out>
         <system-err><![CDATA[]]></system-err>
      </testcase>
      <testcase name="Test Cases/2000_tresult/Return Passed" time="2.008" classname="Test Cases/2000_tresult/Return Passed" status="PASSED">
         <system-out><![CDATA[24-09-2025T04:54:10 - [TEST_CASE][PASSED] - Test Cases/2000_tresult/Return Passed: Test Cases/2000_tresult/Return Passed

24-09-2025T04:54:10 - [TEST_STEP][PASSED] - markPassed("Passed"): Passed

24-09-2025T04:54:10 - [MESSAGE][PASSED] - Passed

24-09-2025T04:54:12 - [TEST_STEP][PASSED] - Video: Video recording for test case 'Test Cases/2000_tresult/Return Passed' .

24-09-2025T04:54:12 - [MESSAGE][INFO] - Video recording for test case 'Test Cases/2000_tresult/Return Passed' .]]></system-out>
         <system-err><![CDATA[]]></system-err>
      </testcase>
      <testcase name="Test Cases/2000_tresult/Return Passed" time="2.007" classname="Test Cases/2000_tresult/Return Passed" status="PASSED">
         <system-out><![CDATA[24-09-2025T04:54:12 - [TEST_CASE][PASSED] - Test Cases/2000_tresult/Return Passed: Test Cases/2000_tresult/Return Passed

24-09-2025T04:54:12 - [TEST_STEP][PASSED] - markPassed("Passed"): Passed

24-09-2025T04:54:12 - [MESSAGE][PASSED] - Passed

24-09-2025T04:54:14 - [TEST_STEP][PASSED] - Video: Video recording for test case 'Test Cases/2000_tresult/Return Passed' .

24-09-2025T04:54:14 - [MESSAGE][INFO] - Video recording for test case 'Test Cases/2000_tresult/Return Passed' .]]></system-out>
         <system-err><![CDATA[]]></system-err>
      </testcase>
      <testcase name="Test Cases/2000_tresult/Return Passed" time="2.008" classname="Test Cases/2000_tresult/Return Passed" status="PASSED">
         <system-out><![CDATA[24-09-2025T04:54:14 - [TEST_CASE][PASSED] - Test Cases/2000_tresult/Return Passed: Test Cases/2000_tresult/Return Passed

24-09-2025T04:54:14 - [TEST_STEP][PASSED] - markPassed("Passed"): Passed

24-09-2025T04:54:14 - [MESSAGE][PASSED] - Passed

24-09-2025T04:54:16 - [TEST_STEP][PASSED] - Video: Video recording for test case 'Test Cases/2000_tresult/Return Passed' .

24-09-2025T04:54:16 - [MESSAGE][INFO] - Video recording for test case 'Test Cases/2000_tresult/Return Passed' .]]></system-out>
         <system-err><![CDATA[]]></system-err>
      </testcase>
      <testcase name="Test Cases/2000_tresult/Return Passed" time="2.008" classname="Test Cases/2000_tresult/Return Passed" status="PASSED">
         <system-out><![CDATA[24-09-2025T04:54:16 - [TEST_CASE][PASSED] - Test Cases/2000_tresult/Return Passed: Test Cases/2000_tresult/Return Passed

24-09-2025T04:54:16 - [TEST_STEP][PASSED] - markPassed("Passed"): Passed

24-09-2025T04:54:16 - [MESSAGE][PASSED] - Passed

24-09-2025T04:54:18 - [TEST_STEP][PASSED] - Video: Video recording for test case 'Test Cases/2000_tresult/Return Passed' .

24-09-2025T04:54:18 - [MESSAGE][INFO] - Video recording for test case 'Test Cases/2000_tresult/Return Passed' .]]></system-out>
         <system-err><![CDATA[]]></system-err>
      </testcase>
      <testcase name="Test Cases/2000_tresult/Return Passed" time="2.007" classname="Test Cases/2000_tresult/Return Passed" status="PASSED">
         <system-out><![CDATA[24-09-2025T04:54:18 - [TEST_CASE][PASSED] - Test Cases/2000_tresult/Return Passed: Test Cases/2000_tresult/Return Passed

24-09-2025T04:54:18 - [TEST_STEP][PASSED] - markPassed("Passed"): Passed

24-09-2025T04:54:18 - [MESSAGE][PASSED] - Passed

24-09-2025T04:54:20 - [TEST_STEP][PASSED] - Video: Video recording for test case 'Test Cases/2000_tresult/Return Passed' .

24-09-2025T04:54:20 - [MESSAGE][INFO] - Video recording for test case 'Test Cases/2000_tresult/Return Passed' .]]></system-out>
         <system-err><![CDATA[]]></system-err>
      </testcase>
      <testcase name="Test Cases/2000_tresult/Return Passed" time="2.009" classname="Test Cases/2000_tresult/Return Passed" status="PASSED">
         <system-out><![CDATA[24-09-2025T04:54:20 - [TEST_CASE][PASSED] - Test Cases/2000_tresult/Return Passed: Test Cases/2000_tresult/Return Passed

24-09-2025T04:54:20 - [TEST_STEP][PASSED] - markPassed("Passed"): Passed

24-09-2025T04:54:20 - [MESSAGE][PASSED] - Passed

24-09-2025T04:54:22 - [TEST_STEP][PASSED] - Video: Video recording for test case 'Test Cases/2000_tresult/Return Passed' .

24-09-2025T04:54:22 - [MESSAGE][INFO] - Video recording for test case 'Test Cases/2000_tresult/Return Passed' .]]></system-out>
         <system-err><![CDATA[]]></system-err>
      </testcase>
      <testcase name="Test Cases/2000_tresult/Return Passed" time="2.008" classname="Test Cases/2000_tresult/Return Passed" status="PASSED">
         <system-out><![CDATA[24-09-2025T04:54:22 - [TEST_CASE][PASSED] - Test Cases/2000_tresult/Return Passed: Test Cases/2000_tresult/Return Passed

24-09-2025T04:54:22 - [TEST_STEP][PASSED] - markPassed("Passed"): Passed

24-09-2025T04:54:22 - [MESSAGE][PASSED] - Passed

24-09-2025T04:54:24 - [TEST_STEP][PASSED] - Video: Video recording for test case 'Test Cases/2000_tresult/Return Passed' .

24-09-2025T04:54:24 - [MESSAGE][INFO] - Video recording for test case 'Test Cases/2000_tresult/Return Passed' .]]></system-out>
         <system-err><![CDATA[]]></system-err>
      </testcase>
      <testcase name="Test Cases/2000_tresult/Return Passed" time="2.007" classname="Test Cases/2000_tresult/Return Passed" status="PASSED">
         <system-out><![CDATA[24-09-2025T04:54:24 - [TEST_CASE][PASSED] - Test Cases/2000_tresult/Return Passed: Test Cases/2000_tresult/Return Passed

24-09-2025T04:54:24 - [TEST_STEP][PASSED] - markPassed("Passed"): Passed

24-09-2025T04:54:24 - [MESSAGE][PASSED] - Passed

24-09-2025T04:54:26 - [TEST_STEP][PASSED] - Video: Video recording for test case 'Test Cases/2000_tresult/Return Passed' .

24-09-2025T04:54:26 - [MESSAGE][INFO] - Video recording for test case 'Test Cases/2000_tresult/Return Passed' .]]></system-out>
         <system-err><![CDATA[]]></system-err>
      </testcase>
      <testcase name="Test Cases/2000_tresult/Return Passed" time="2.009" classname="Test Cases/2000_tresult/Return Passed" status="PASSED">
         <system-out><![CDATA[24-09-2025T04:54:26 - [TEST_CASE][PASSED] - Test Cases/2000_tresult/Return Passed: Test Cases/2000_tresult/Return Passed

24-09-2025T04:54:26 - [TEST_STEP][PASSED] - markPassed("Passed"): Passed

24-09-2025T04:54:26 - [MESSAGE][PASSED] - Passed

24-09-2025T04:54:28 - [TEST_STEP][PASSED] - Video: Video recording for test case 'Test Cases/2000_tresult/Return Passed' .

24-09-2025T04:54:28 - [MESSAGE][INFO] - Video recording for test case 'Test Cases/2000_tresult/Return Passed' .]]></system-out>
         <system-err><![CDATA[]]></system-err>
      </testcase>
      <testcase name="Test Cases/2000_tresult/Return Passed" time="2.019" classname="Test Cases/2000_tresult/Return Passed" status="PASSED">
         <system-out><![CDATA[24-09-2025T04:54:28 - [TEST_CASE][PASSED] - Test Cases/2000_tresult/Return Passed: Test Cases/2000_tresult/Return Passed

24-09-2025T04:54:28 - [TEST_STEP][PASSED] - markPassed("Passed"): Passed

24-09-2025T04:54:28 - [MESSAGE][PASSED] - Passed

24-09-2025T04:54:30 - [TEST_STEP][PASSED] - Video: Video recording for test case 'Test Cases/2000_tresult/Return Passed' .

24-09-2025T04:54:30 - [MESSAGE][INFO] - Video recording for test case 'Test Cases/2000_tresult/Return Passed' .]]></system-out>
         <system-err><![CDATA[]]></system-err>
      </testcase>
      <system-out><![CDATA[24-09-2025T04:51:09 - [TEST_STEP][PASSED] - Start listener action : sampleBeforeTestSuite: null

24-09-2025T04:51:09 - [TEST_STEP][PASSED] - KatalonHelper.updateInfo(): null

24-09-2025T04:51:09 - [TEST_SUITE][PASSED] - 100_tc: null]]></system-out>
      <system-err><![CDATA[]]></system-err>
   </testsuite>
</testsuites>
