<?xml version="1.0" encoding="UTF-8"?>
<testsuites name="100_tc" time="202.464" tests="100" failures="0" errors="0">
   <testsuite name="100_tc" tests="100" failures="0" errors="0" time="202.464" skipped="0" timestamp="2025-09-24T07:43:57.477Z" hostname="agent - 14475linalllatest-778647-katalon-agent-gdgcp" id="Test Suites/100_tc">
      <properties>
         <property name="deviceName" value=""/>
         <property name="devicePlatform"/>
         <property name="logFolder" value="/work/test-project/56609/Reports/20250924_074348/100_tc/20250924_074349"/>
         <property name="logFiles" value="/work/test-project/56609/Reports/20250924_074348/100_tc/20250924_074349/console0.log, /work/test-project/56609/Reports/20250924_074348/100_tc/20250924_074349/execution0.log"/>
         <property name="attachments" value=""/>
         <property name="userFullName" value="Man Hua"/>
         <property name="hostName" value="agent - 14475linalllatest-778647-katalon-agent-gdgcp"/>
         <property name="hostAddress" value="10.10.8.161"/>
         <property name="projectName" value="Demo-Bulk-Operation"/>
         <property name="os" value="Linux 64bit"/>
         <property name="katalonVersion" value="10.3.1.0"/>
      </properties>
      <testcase name="Test Cases/2000_tresult/Return Passed" time="2.408" classname="Test Cases/2000_tresult/Return Passed" status="PASSED">
         <system-out><![CDATA[24-09-2025T07:43:58 - [TEST_CASE][PASSED] - Test Cases/2000_tresult/Return Passed: Test Cases/2000_tresult/Return Passed

24-09-2025T07:43:58 - [TEST_STEP][PASSED] - markPassed("Passed"): Passed

24-09-2025T07:43:58 - [MESSAGE][PASSED] - Passed

24-09-2025T07:44:00 - [TEST_STEP][PASSED] - Video: Video recording for test case 'Test Cases/2000_tresult/Return Passed' .

24-09-2025T07:44:00 - [MESSAGE][INFO] - Video recording for test case 'Test Cases/2000_tresult/Return Passed' .]]></system-out>
         <system-err><![CDATA[]]></system-err>
      </testcase>
      <testcase name="Test Cases/2000_tresult/Return Passed" time="2.014" classname="Test Cases/2000_tresult/Return Passed" status="PASSED">
         <system-out><![CDATA[24-09-2025T07:44:00 - [TEST_CASE][PASSED] - Test Cases/2000_tresult/Return Passed: Test Cases/2000_tresult/Return Passed

24-09-2025T07:44:00 - [TEST_STEP][PASSED] - markPassed("Passed"): Passed

24-09-2025T07:44:00 - [MESSAGE][PASSED] - Passed

24-09-2025T07:44:02 - [TEST_STEP][PASSED] - Video: Video recording for test case 'Test Cases/2000_tresult/Return Passed' .

24-09-2025T07:44:02 - [MESSAGE][INFO] - Video recording for test case 'Test Cases/2000_tresult/Return Passed' .]]></system-out>
         <system-err><![CDATA[]]></system-err>
      </testcase>
      <testcase name="Test Cases/2000_tresult/Return Passed" time="2.018" classname="Test Cases/2000_tresult/Return Passed" status="PASSED">
         <system-out><![CDATA[24-09-2025T07:44:02 - [TEST_CASE][PASSED] - Test Cases/2000_tresult/Return Passed: Test Cases/2000_tresult/Return Passed

24-09-2025T07:44:02 - [TEST_STEP][PASSED] - markPassed("Passed"): Passed

24-09-2025T07:44:02 - [MESSAGE][PASSED] - Passed

24-09-2025T07:44:04 - [TEST_STEP][PASSED] - Video: Video recording for test case 'Test Cases/2000_tresult/Return Passed' .

24-09-2025T07:44:04 - [MESSAGE][INFO] - Video recording for test case 'Test Cases/2000_tresult/Return Passed' .]]></system-out>
         <system-err><![CDATA[]]></system-err>
      </testcase>
      <testcase name="Test Cases/2000_tresult/Return Passed" time="2.012" classname="Test Cases/2000_tresult/Return Passed" status="PASSED">
         <system-out><![CDATA[24-09-2025T07:44:04 - [TEST_CASE][PASSED] - Test Cases/2000_tresult/Return Passed: Test Cases/2000_tresult/Return Passed

24-09-2025T07:44:04 - [TEST_STEP][PASSED] - markPassed("Passed"): Passed

24-09-2025T07:44:04 - [MESSAGE][PASSED] - Passed

24-09-2025T07:44:06 - [TEST_STEP][PASSED] - Video: Video recording for test case 'Test Cases/2000_tresult/Return Passed' .

24-09-2025T07:44:06 - [MESSAGE][INFO] - Video recording for test case 'Test Cases/2000_tresult/Return Passed' .]]></system-out>
         <system-err><![CDATA[]]></system-err>
      </testcase>
      <testcase name="Test Cases/2000_tresult/Return Passed" time="2.019" classname="Test Cases/2000_tresult/Return Passed" status="PASSED">
         <system-out><![CDATA[24-09-2025T07:44:06 - [TEST_CASE][PASSED] - Test Cases/2000_tresult/Return Passed: Test Cases/2000_tresult/Return Passed

24-09-2025T07:44:06 - [TEST_STEP][PASSED] - markPassed("Passed"): Passed

24-09-2025T07:44:06 - [MESSAGE][PASSED] - Passed

24-09-2025T07:44:08 - [TEST_STEP][PASSED] - Video: Video recording for test case 'Test Cases/2000_tresult/Return Passed' .

24-09-2025T07:44:08 - [MESSAGE][INFO] - Video recording for test case 'Test Cases/2000_tresult/Return Passed' .]]></system-out>
         <system-err><![CDATA[]]></system-err>
      </testcase>
      <testcase name="Test Cases/2000_tresult/Return Passed" time="2.015" classname="Test Cases/2000_tresult/Return Passed" status="PASSED">
         <system-out><![CDATA[24-09-2025T07:44:08 - [TEST_CASE][PASSED] - Test Cases/2000_tresult/Return Passed: Test Cases/2000_tresult/Return Passed

24-09-2025T07:44:08 - [TEST_STEP][PASSED] - markPassed("Passed"): Passed

24-09-2025T07:44:08 - [MESSAGE][PASSED] - Passed

24-09-2025T07:44:10 - [TEST_STEP][PASSED] - Video: Video recording for test case 'Test Cases/2000_tresult/Return Passed' .

24-09-2025T07:44:10 - [MESSAGE][INFO] - Video recording for test case 'Test Cases/2000_tresult/Return Passed' .]]></system-out>
         <system-err><![CDATA[]]></system-err>
      </testcase>
      <testcase name="Test Cases/2000_tresult/Return Passed" time="2.011" classname="Test Cases/2000_tresult/Return Passed" status="PASSED">
         <system-out><![CDATA[24-09-2025T07:44:10 - [TEST_CASE][PASSED] - Test Cases/2000_tresult/Return Passed: Test Cases/2000_tresult/Return Passed

24-09-2025T07:44:10 - [TEST_STEP][PASSED] - markPassed("Passed"): Passed

24-09-2025T07:44:10 - [MESSAGE][PASSED] - Passed

24-09-2025T07:44:12 - [TEST_STEP][PASSED] - Video: Video recording for test case 'Test Cases/2000_tresult/Return Passed' .

24-09-2025T07:44:12 - [MESSAGE][INFO] - Video recording for test case 'Test Cases/2000_tresult/Return Passed' .]]></system-out>
         <system-err><![CDATA[]]></system-err>
      </testcase>
      <testcase name="Test Cases/2000_tresult/Return Passed" time="2.013" classname="Test Cases/2000_tresult/Return Passed" status="PASSED">
         <system-out><![CDATA[24-09-2025T07:44:12 - [TEST_CASE][PASSED] - Test Cases/2000_tresult/Return Passed: Test Cases/2000_tresult/Return Passed

24-09-2025T07:44:12 - [TEST_STEP][PASSED] - markPassed("Passed"): Passed

24-09-2025T07:44:12 - [MESSAGE][PASSED] - Passed

24-09-2025T07:44:14 - [TEST_STEP][PASSED] - Video: Video recording for test case 'Test Cases/2000_tresult/Return Passed' .

24-09-2025T07:44:14 - [MESSAGE][INFO] - Video recording for test case 'Test Cases/2000_tresult/Return Passed' .]]></system-out>
         <system-err><![CDATA[]]></system-err>
      </testcase>
      <testcase name="Test Cases/2000_tresult/Return Passed" time="2.012" classname="Test Cases/2000_tresult/Return Passed" status="PASSED">
         <system-out><![CDATA[24-09-2025T07:44:14 - [TEST_CASE][PASSED] - Test Cases/2000_tresult/Return Passed: Test Cases/2000_tresult/Return Passed

24-09-2025T07:44:14 - [TEST_STEP][PASSED] - markPassed("Passed"): Passed

24-09-2025T07:44:14 - [MESSAGE][PASSED] - Passed

24-09-2025T07:44:16 - [TEST_STEP][PASSED] - Video: Video recording for test case 'Test Cases/2000_tresult/Return Passed' .

24-09-2025T07:44:16 - [MESSAGE][INFO] - Video recording for test case 'Test Cases/2000_tresult/Return Passed' .]]></system-out>
         <system-err><![CDATA[]]></system-err>
      </testcase>
      <testcase name="Test Cases/2000_tresult/Return Passed" time="2.019" classname="Test Cases/2000_tresult/Return Passed" status="PASSED">
         <system-out><![CDATA[24-09-2025T07:44:16 - [TEST_CASE][PASSED] - Test Cases/2000_tresult/Return Passed: Test Cases/2000_tresult/Return Passed

24-09-2025T07:44:16 - [TEST_STEP][PASSED] - markPassed("Passed"): Passed

24-09-2025T07:44:16 - [MESSAGE][PASSED] - Passed

24-09-2025T07:44:18 - [TEST_STEP][PASSED] - Video: Video recording for test case 'Test Cases/2000_tresult/Return Passed' .

24-09-2025T07:44:18 - [MESSAGE][INFO] - Video recording for test case 'Test Cases/2000_tresult/Return Passed' .]]></system-out>
         <system-err><![CDATA[]]></system-err>
      </testcase>
      <testcase name="Test Cases/2000_tresult/Return Passed" time="2.011" classname="Test Cases/2000_tresult/Return Passed" status="PASSED">
         <system-out><![CDATA[24-09-2025T07:44:18 - [TEST_CASE][PASSED] - Test Cases/2000_tresult/Return Passed: Test Cases/2000_tresult/Return Passed

24-09-2025T07:44:18 - [TEST_STEP][PASSED] - markPassed("Passed"): Passed

24-09-2025T07:44:18 - [MESSAGE][PASSED] - Passed

24-09-2025T07:44:20 - [TEST_STEP][PASSED] - Video: Video recording for test case 'Test Cases/2000_tresult/Return Passed' .

24-09-2025T07:44:20 - [MESSAGE][INFO] - Video recording for test case 'Test Cases/2000_tresult/Return Passed' .]]></system-out>
         <system-err><![CDATA[]]></system-err>
      </testcase>
      <testcase name="Test Cases/2000_tresult/Return Passed" time="2.022" classname="Test Cases/2000_tresult/Return Passed" status="PASSED">
         <system-out><![CDATA[24-09-2025T07:44:20 - [TEST_CASE][PASSED] - Test Cases/2000_tresult/Return Passed: Test Cases/2000_tresult/Return Passed

24-09-2025T07:44:20 - [TEST_STEP][PASSED] - markPassed("Passed"): Passed

24-09-2025T07:44:20 - [MESSAGE][PASSED] - Passed

24-09-2025T07:44:22 - [TEST_STEP][PASSED] - Video: Video recording for test case 'Test Cases/2000_tresult/Return Passed' .

24-09-2025T07:44:22 - [MESSAGE][INFO] - Video recording for test case 'Test Cases/2000_tresult/Return Passed' .]]></system-out>
         <system-err><![CDATA[]]></system-err>
      </testcase>
      <testcase name="Test Cases/2000_tresult/Return Passed" time="2.011" classname="Test Cases/2000_tresult/Return Passed" status="PASSED">
         <system-out><![CDATA[24-09-2025T07:44:22 - [TEST_CASE][PASSED] - Test Cases/2000_tresult/Return Passed: Test Cases/2000_tresult/Return Passed

24-09-2025T07:44:22 - [TEST_STEP][PASSED] - markPassed("Passed"): Passed

24-09-2025T07:44:22 - [MESSAGE][PASSED] - Passed

24-09-2025T07:44:24 - [TEST_STEP][PASSED] - Video: Video recording for test case 'Test Cases/2000_tresult/Return Passed' .

24-09-2025T07:44:24 - [MESSAGE][INFO] - Video recording for test case 'Test Cases/2000_tresult/Return Passed' .]]></system-out>
         <system-err><![CDATA[]]></system-err>
      </testcase>
      <testcase name="Test Cases/2000_tresult/Return Passed" time="2.009" classname="Test Cases/2000_tresult/Return Passed" status="PASSED">
         <system-out><![CDATA[24-09-2025T07:44:25 - [TEST_CASE][PASSED] - Test Cases/2000_tresult/Return Passed: Test Cases/2000_tresult/Return Passed

24-09-2025T07:44:25 - [TEST_STEP][PASSED] - markPassed("Passed"): Passed

24-09-2025T07:44:25 - [MESSAGE][PASSED] - Passed

24-09-2025T07:44:27 - [TEST_STEP][PASSED] - Video: Video recording for test case 'Test Cases/2000_tresult/Return Passed' .

24-09-2025T07:44:27 - [MESSAGE][INFO] - Video recording for test case 'Test Cases/2000_tresult/Return Passed' .]]></system-out>
         <system-err><![CDATA[]]></system-err>
      </testcase>
      <testcase name="Test Cases/2000_tresult/Return Passed" time="2.01" classname="Test Cases/2000_tresult/Return Passed" status="PASSED">
         <system-out><![CDATA[24-09-2025T07:44:27 - [TEST_CASE][PASSED] - Test Cases/2000_tresult/Return Passed: Test Cases/2000_tresult/Return Passed

24-09-2025T07:44:27 - [TEST_STEP][PASSED] - markPassed("Passed"): Passed

24-09-2025T07:44:27 - [MESSAGE][PASSED] - Passed

24-09-2025T07:44:29 - [TEST_STEP][PASSED] - Video: Video recording for test case 'Test Cases/2000_tresult/Return Passed' .

24-09-2025T07:44:29 - [MESSAGE][INFO] - Video recording for test case 'Test Cases/2000_tresult/Return Passed' .]]></system-out>
         <system-err><![CDATA[]]></system-err>
      </testcase>
      <testcase name="Test Cases/2000_tresult/Return Passed" time="2.01" classname="Test Cases/2000_tresult/Return Passed" status="PASSED">
         <system-out><![CDATA[24-09-2025T07:44:29 - [TEST_CASE][PASSED] - Test Cases/2000_tresult/Return Passed: Test Cases/2000_tresult/Return Passed

24-09-2025T07:44:29 - [TEST_STEP][PASSED] - markPassed("Passed"): Passed

24-09-2025T07:44:29 - [MESSAGE][PASSED] - Passed

24-09-2025T07:44:31 - [TEST_STEP][PASSED] - Video: Video recording for test case 'Test Cases/2000_tresult/Return Passed' .

24-09-2025T07:44:31 - [MESSAGE][INFO] - Video recording for test case 'Test Cases/2000_tresult/Return Passed' .]]></system-out>
         <system-err><![CDATA[]]></system-err>
      </testcase>
      <testcase name="Test Cases/2000_tresult/Return Passed" time="2.01" classname="Test Cases/2000_tresult/Return Passed" status="PASSED">
         <system-out><![CDATA[24-09-2025T07:44:31 - [TEST_CASE][PASSED] - Test Cases/2000_tresult/Return Passed: Test Cases/2000_tresult/Return Passed

24-09-2025T07:44:31 - [TEST_STEP][PASSED] - markPassed("Passed"): Passed

24-09-2025T07:44:31 - [MESSAGE][PASSED] - Passed

24-09-2025T07:44:33 - [TEST_STEP][PASSED] - Video: Video recording for test case 'Test Cases/2000_tresult/Return Passed' .

24-09-2025T07:44:33 - [MESSAGE][INFO] - Video recording for test case 'Test Cases/2000_tresult/Return Passed' .]]></system-out>
         <system-err><![CDATA[]]></system-err>
      </testcase>
      <testcase name="Test Cases/2000_tresult/Return Passed" time="2.011" classname="Test Cases/2000_tresult/Return Passed" status="PASSED">
         <system-out><![CDATA[24-09-2025T07:44:33 - [TEST_CASE][PASSED] - Test Cases/2000_tresult/Return Passed: Test Cases/2000_tresult/Return Passed

24-09-2025T07:44:33 - [TEST_STEP][PASSED] - markPassed("Passed"): Passed

24-09-2025T07:44:33 - [MESSAGE][PASSED] - Passed

24-09-2025T07:44:35 - [TEST_STEP][PASSED] - Video: Video recording for test case 'Test Cases/2000_tresult/Return Passed' .

24-09-2025T07:44:35 - [MESSAGE][INFO] - Video recording for test case 'Test Cases/2000_tresult/Return Passed' .]]></system-out>
         <system-err><![CDATA[]]></system-err>
      </testcase>
      <testcase name="Test Cases/2000_tresult/Return Passed" time="2.011" classname="Test Cases/2000_tresult/Return Passed" status="PASSED">
         <system-out><![CDATA[24-09-2025T07:44:35 - [TEST_CASE][PASSED] - Test Cases/2000_tresult/Return Passed: Test Cases/2000_tresult/Return Passed

24-09-2025T07:44:35 - [TEST_STEP][PASSED] - markPassed("Passed"): Passed

24-09-2025T07:44:35 - [MESSAGE][PASSED] - Passed

24-09-2025T07:44:37 - [TEST_STEP][PASSED] - Video: Video recording for test case 'Test Cases/2000_tresult/Return Passed' .

24-09-2025T07:44:37 - [MESSAGE][INFO] - Video recording for test case 'Test Cases/2000_tresult/Return Passed' .]]></system-out>
         <system-err><![CDATA[]]></system-err>
      </testcase>
      <testcase name="Test Cases/2000_tresult/Return Passed" time="2.01" classname="Test Cases/2000_tresult/Return Passed" status="PASSED">
         <system-out><![CDATA[24-09-2025T07:44:37 - [TEST_CASE][PASSED] - Test Cases/2000_tresult/Return Passed: Test Cases/2000_tresult/Return Passed

24-09-2025T07:44:37 - [TEST_STEP][PASSED] - markPassed("Passed"): Passed

24-09-2025T07:44:37 - [MESSAGE][PASSED] - Passed

24-09-2025T07:44:39 - [TEST_STEP][PASSED] - Video: Video recording for test case 'Test Cases/2000_tresult/Return Passed' .

24-09-2025T07:44:39 - [MESSAGE][INFO] - Video recording for test case 'Test Cases/2000_tresult/Return Passed' .]]></system-out>
         <system-err><![CDATA[]]></system-err>
      </testcase>
      <testcase name="Test Cases/2000_tresult/Return Passed" time="2.009" classname="Test Cases/2000_tresult/Return Passed" status="PASSED">
         <system-out><![CDATA[24-09-2025T07:44:39 - [TEST_CASE][PASSED] - Test Cases/2000_tresult/Return Passed: Test Cases/2000_tresult/Return Passed

24-09-2025T07:44:39 - [TEST_STEP][PASSED] - markPassed("Passed"): Passed

24-09-2025T07:44:39 - [MESSAGE][PASSED] - Passed

24-09-2025T07:44:41 - [TEST_STEP][PASSED] - Video: Video recording for test case 'Test Cases/2000_tresult/Return Passed' .

24-09-2025T07:44:41 - [MESSAGE][INFO] - Video recording for test case 'Test Cases/2000_tresult/Return Passed' .]]></system-out>
         <system-err><![CDATA[]]></system-err>
      </testcase>
      <testcase name="Test Cases/2000_tresult/Return Passed" time="2.015" classname="Test Cases/2000_tresult/Return Passed" status="PASSED">
         <system-out><![CDATA[24-09-2025T07:44:41 - [TEST_CASE][PASSED] - Test Cases/2000_tresult/Return Passed: Test Cases/2000_tresult/Return Passed

24-09-2025T07:44:41 - [TEST_STEP][PASSED] - markPassed("Passed"): Passed

24-09-2025T07:44:41 - [MESSAGE][PASSED] - Passed

24-09-2025T07:44:43 - [TEST_STEP][PASSED] - Video: Video recording for test case 'Test Cases/2000_tresult/Return Passed' .

24-09-2025T07:44:43 - [MESSAGE][INFO] - Video recording for test case 'Test Cases/2000_tresult/Return Passed' .]]></system-out>
         <system-err><![CDATA[]]></system-err>
      </testcase>
      <testcase name="Test Cases/2000_tresult/Return Passed" time="2.009" classname="Test Cases/2000_tresult/Return Passed" status="PASSED">
         <system-out><![CDATA[24-09-2025T07:44:43 - [TEST_CASE][PASSED] - Test Cases/2000_tresult/Return Passed: Test Cases/2000_tresult/Return Passed

24-09-2025T07:44:43 - [TEST_STEP][PASSED] - markPassed("Passed"): Passed

24-09-2025T07:44:43 - [MESSAGE][PASSED] - Passed

24-09-2025T07:44:45 - [TEST_STEP][PASSED] - Video: Video recording for test case 'Test Cases/2000_tresult/Return Passed' .

24-09-2025T07:44:45 - [MESSAGE][INFO] - Video recording for test case 'Test Cases/2000_tresult/Return Passed' .]]></system-out>
         <system-err><![CDATA[]]></system-err>
      </testcase>
      <testcase name="Test Cases/2000_tresult/Return Passed" time="2.012" classname="Test Cases/2000_tresult/Return Passed" status="PASSED">
         <system-out><![CDATA[24-09-2025T07:44:45 - [TEST_CASE][PASSED] - Test Cases/2000_tresult/Return Passed: Test Cases/2000_tresult/Return Passed

24-09-2025T07:44:45 - [TEST_STEP][PASSED] - markPassed("Passed"): Passed

24-09-2025T07:44:45 - [MESSAGE][PASSED] - Passed

24-09-2025T07:44:47 - [TEST_STEP][PASSED] - Video: Video recording for test case 'Test Cases/2000_tresult/Return Passed' .

24-09-2025T07:44:47 - [MESSAGE][INFO] - Video recording for test case 'Test Cases/2000_tresult/Return Passed' .]]></system-out>
         <system-err><![CDATA[]]></system-err>
      </testcase>
      <testcase name="Test Cases/2000_tresult/Return Passed" time="2.011" classname="Test Cases/2000_tresult/Return Passed" status="PASSED">
         <system-out><![CDATA[24-09-2025T07:44:47 - [TEST_CASE][PASSED] - Test Cases/2000_tresult/Return Passed: Test Cases/2000_tresult/Return Passed

24-09-2025T07:44:47 - [TEST_STEP][PASSED] - markPassed("Passed"): Passed

24-09-2025T07:44:47 - [MESSAGE][PASSED] - Passed

24-09-2025T07:44:49 - [TEST_STEP][PASSED] - Video: Video recording for test case 'Test Cases/2000_tresult/Return Passed' .

24-09-2025T07:44:49 - [MESSAGE][INFO] - Video recording for test case 'Test Cases/2000_tresult/Return Passed' .]]></system-out>
         <system-err><![CDATA[]]></system-err>
      </testcase>
      <testcase name="Test Cases/2000_tresult/Return Passed" time="2.01" classname="Test Cases/2000_tresult/Return Passed" status="PASSED">
         <system-out><![CDATA[24-09-2025T07:44:49 - [TEST_CASE][PASSED] - Test Cases/2000_tresult/Return Passed: Test Cases/2000_tresult/Return Passed

24-09-2025T07:44:49 - [TEST_STEP][PASSED] - markPassed("Passed"): Passed

24-09-2025T07:44:49 - [MESSAGE][PASSED] - Passed

24-09-2025T07:44:51 - [TEST_STEP][PASSED] - Video: Video recording for test case 'Test Cases/2000_tresult/Return Passed' .

24-09-2025T07:44:51 - [MESSAGE][INFO] - Video recording for test case 'Test Cases/2000_tresult/Return Passed' .]]></system-out>
         <system-err><![CDATA[]]></system-err>
      </testcase>
      <testcase name="Test Cases/2000_tresult/Return Passed" time="2.012" classname="Test Cases/2000_tresult/Return Passed" status="PASSED">
         <system-out><![CDATA[24-09-2025T07:44:51 - [TEST_CASE][PASSED] - Test Cases/2000_tresult/Return Passed: Test Cases/2000_tresult/Return Passed

24-09-2025T07:44:51 - [TEST_STEP][PASSED] - markPassed("Passed"): Passed

24-09-2025T07:44:51 - [MESSAGE][PASSED] - Passed

24-09-2025T07:44:53 - [TEST_STEP][PASSED] - Video: Video recording for test case 'Test Cases/2000_tresult/Return Passed' .

24-09-2025T07:44:53 - [MESSAGE][INFO] - Video recording for test case 'Test Cases/2000_tresult/Return Passed' .]]></system-out>
         <system-err><![CDATA[]]></system-err>
      </testcase>
      <testcase name="Test Cases/2000_tresult/Return Passed" time="2.011" classname="Test Cases/2000_tresult/Return Passed" status="PASSED">
         <system-out><![CDATA[24-09-2025T07:44:53 - [TEST_CASE][PASSED] - Test Cases/2000_tresult/Return Passed: Test Cases/2000_tresult/Return Passed

24-09-2025T07:44:53 - [TEST_STEP][PASSED] - markPassed("Passed"): Passed

24-09-2025T07:44:53 - [MESSAGE][PASSED] - Passed

24-09-2025T07:44:55 - [TEST_STEP][PASSED] - Video: Video recording for test case 'Test Cases/2000_tresult/Return Passed' .

24-09-2025T07:44:55 - [MESSAGE][INFO] - Video recording for test case 'Test Cases/2000_tresult/Return Passed' .]]></system-out>
         <system-err><![CDATA[]]></system-err>
      </testcase>
      <testcase name="Test Cases/2000_tresult/Return Passed" time="2.01" classname="Test Cases/2000_tresult/Return Passed" status="PASSED">
         <system-out><![CDATA[24-09-2025T07:44:55 - [TEST_CASE][PASSED] - Test Cases/2000_tresult/Return Passed: Test Cases/2000_tresult/Return Passed

24-09-2025T07:44:55 - [TEST_STEP][PASSED] - markPassed("Passed"): Passed

24-09-2025T07:44:55 - [MESSAGE][PASSED] - Passed

24-09-2025T07:44:57 - [TEST_STEP][PASSED] - Video: Video recording for test case 'Test Cases/2000_tresult/Return Passed' .

24-09-2025T07:44:57 - [MESSAGE][INFO] - Video recording for test case 'Test Cases/2000_tresult/Return Passed' .]]></system-out>
         <system-err><![CDATA[]]></system-err>
      </testcase>
      <testcase name="Test Cases/2000_tresult/Return Passed" time="2.009" classname="Test Cases/2000_tresult/Return Passed" status="PASSED">
         <system-out><![CDATA[24-09-2025T07:44:57 - [TEST_CASE][PASSED] - Test Cases/2000_tresult/Return Passed: Test Cases/2000_tresult/Return Passed

24-09-2025T07:44:57 - [TEST_STEP][PASSED] - markPassed("Passed"): Passed

24-09-2025T07:44:57 - [MESSAGE][PASSED] - Passed

24-09-2025T07:44:59 - [TEST_STEP][PASSED] - Video: Video recording for test case 'Test Cases/2000_tresult/Return Passed' .

24-09-2025T07:44:59 - [MESSAGE][INFO] - Video recording for test case 'Test Cases/2000_tresult/Return Passed' .]]></system-out>
         <system-err><![CDATA[]]></system-err>
      </testcase>
      <testcase name="Test Cases/2000_tresult/Return Passed" time="2.011" classname="Test Cases/2000_tresult/Return Passed" status="PASSED">
         <system-out><![CDATA[24-09-2025T07:44:59 - [TEST_CASE][PASSED] - Test Cases/2000_tresult/Return Passed: Test Cases/2000_tresult/Return Passed

24-09-2025T07:44:59 - [TEST_STEP][PASSED] - markPassed("Passed"): Passed

24-09-2025T07:44:59 - [MESSAGE][PASSED] - Passed

24-09-2025T07:45:01 - [TEST_STEP][PASSED] - Video: Video recording for test case 'Test Cases/2000_tresult/Return Passed' .

24-09-2025T07:45:01 - [MESSAGE][INFO] - Video recording for test case 'Test Cases/2000_tresult/Return Passed' .]]></system-out>
         <system-err><![CDATA[]]></system-err>
      </testcase>
      <testcase name="Test Cases/2000_tresult/Return Passed" time="2.013" classname="Test Cases/2000_tresult/Return Passed" status="PASSED">
         <system-out><![CDATA[24-09-2025T07:45:01 - [TEST_CASE][PASSED] - Test Cases/2000_tresult/Return Passed: Test Cases/2000_tresult/Return Passed

24-09-2025T07:45:01 - [TEST_STEP][PASSED] - markPassed("Passed"): Passed

24-09-2025T07:45:01 - [MESSAGE][PASSED] - Passed

24-09-2025T07:45:03 - [TEST_STEP][PASSED] - Video: Video recording for test case 'Test Cases/2000_tresult/Return Passed' .

24-09-2025T07:45:03 - [MESSAGE][INFO] - Video recording for test case 'Test Cases/2000_tresult/Return Passed' .]]></system-out>
         <system-err><![CDATA[]]></system-err>
      </testcase>
      <testcase name="Test Cases/2000_tresult/Return Passed" time="2.009" classname="Test Cases/2000_tresult/Return Passed" status="PASSED">
         <system-out><![CDATA[24-09-2025T07:45:03 - [TEST_CASE][PASSED] - Test Cases/2000_tresult/Return Passed: Test Cases/2000_tresult/Return Passed

24-09-2025T07:45:03 - [TEST_STEP][PASSED] - markPassed("Passed"): Passed

24-09-2025T07:45:03 - [MESSAGE][PASSED] - Passed

24-09-2025T07:45:05 - [TEST_STEP][PASSED] - Video: Video recording for test case 'Test Cases/2000_tresult/Return Passed' .

24-09-2025T07:45:05 - [MESSAGE][INFO] - Video recording for test case 'Test Cases/2000_tresult/Return Passed' .]]></system-out>
         <system-err><![CDATA[]]></system-err>
      </testcase>
      <testcase name="Test Cases/2000_tresult/Return Passed" time="2.009" classname="Test Cases/2000_tresult/Return Passed" status="PASSED">
         <system-out><![CDATA[24-09-2025T07:45:05 - [TEST_CASE][PASSED] - Test Cases/2000_tresult/Return Passed: Test Cases/2000_tresult/Return Passed

24-09-2025T07:45:05 - [TEST_STEP][PASSED] - markPassed("Passed"): Passed

24-09-2025T07:45:05 - [MESSAGE][PASSED] - Passed

24-09-2025T07:45:07 - [TEST_STEP][PASSED] - Video: Video recording for test case 'Test Cases/2000_tresult/Return Passed' .

24-09-2025T07:45:07 - [MESSAGE][INFO] - Video recording for test case 'Test Cases/2000_tresult/Return Passed' .]]></system-out>
         <system-err><![CDATA[]]></system-err>
      </testcase>
      <testcase name="Test Cases/2000_tresult/Return Passed" time="2.009" classname="Test Cases/2000_tresult/Return Passed" status="PASSED">
         <system-out><![CDATA[24-09-2025T07:45:07 - [TEST_CASE][PASSED] - Test Cases/2000_tresult/Return Passed: Test Cases/2000_tresult/Return Passed

24-09-2025T07:45:07 - [TEST_STEP][PASSED] - markPassed("Passed"): Passed

24-09-2025T07:45:07 - [MESSAGE][PASSED] - Passed

24-09-2025T07:45:09 - [TEST_STEP][PASSED] - Video: Video recording for test case 'Test Cases/2000_tresult/Return Passed' .

24-09-2025T07:45:09 - [MESSAGE][INFO] - Video recording for test case 'Test Cases/2000_tresult/Return Passed' .]]></system-out>
         <system-err><![CDATA[]]></system-err>
      </testcase>
      <testcase name="Test Cases/2000_tresult/Return Passed" time="2.01" classname="Test Cases/2000_tresult/Return Passed" status="PASSED">
         <system-out><![CDATA[24-09-2025T07:45:09 - [TEST_CASE][PASSED] - Test Cases/2000_tresult/Return Passed: Test Cases/2000_tresult/Return Passed

24-09-2025T07:45:09 - [TEST_STEP][PASSED] - markPassed("Passed"): Passed

24-09-2025T07:45:09 - [MESSAGE][PASSED] - Passed

24-09-2025T07:45:11 - [TEST_STEP][PASSED] - Video: Video recording for test case 'Test Cases/2000_tresult/Return Passed' .

24-09-2025T07:45:11 - [MESSAGE][INFO] - Video recording for test case 'Test Cases/2000_tresult/Return Passed' .]]></system-out>
         <system-err><![CDATA[]]></system-err>
      </testcase>
      <testcase name="Test Cases/2000_tresult/Return Passed" time="2.013" classname="Test Cases/2000_tresult/Return Passed" status="PASSED">
         <system-out><![CDATA[24-09-2025T07:45:11 - [TEST_CASE][PASSED] - Test Cases/2000_tresult/Return Passed: Test Cases/2000_tresult/Return Passed

24-09-2025T07:45:11 - [TEST_STEP][PASSED] - markPassed("Passed"): Passed

24-09-2025T07:45:11 - [MESSAGE][PASSED] - Passed

24-09-2025T07:45:13 - [TEST_STEP][PASSED] - Video: Video recording for test case 'Test Cases/2000_tresult/Return Passed' .

24-09-2025T07:45:13 - [MESSAGE][INFO] - Video recording for test case 'Test Cases/2000_tresult/Return Passed' .]]></system-out>
         <system-err><![CDATA[]]></system-err>
      </testcase>
      <testcase name="Test Cases/2000_tresult/Return Passed" time="2.009" classname="Test Cases/2000_tresult/Return Passed" status="PASSED">
         <system-out><![CDATA[24-09-2025T07:45:13 - [TEST_CASE][PASSED] - Test Cases/2000_tresult/Return Passed: Test Cases/2000_tresult/Return Passed

24-09-2025T07:45:13 - [TEST_STEP][PASSED] - markPassed("Passed"): Passed

24-09-2025T07:45:13 - [MESSAGE][PASSED] - Passed

24-09-2025T07:45:15 - [TEST_STEP][PASSED] - Video: Video recording for test case 'Test Cases/2000_tresult/Return Passed' .

24-09-2025T07:45:15 - [MESSAGE][INFO] - Video recording for test case 'Test Cases/2000_tresult/Return Passed' .]]></system-out>
         <system-err><![CDATA[]]></system-err>
      </testcase>
      <testcase name="Test Cases/2000_tresult/Return Passed" time="2.009" classname="Test Cases/2000_tresult/Return Passed" status="PASSED">
         <system-out><![CDATA[24-09-2025T07:45:15 - [TEST_CASE][PASSED] - Test Cases/2000_tresult/Return Passed: Test Cases/2000_tresult/Return Passed

24-09-2025T07:45:15 - [TEST_STEP][PASSED] - markPassed("Passed"): Passed

24-09-2025T07:45:15 - [MESSAGE][PASSED] - Passed

24-09-2025T07:45:17 - [TEST_STEP][PASSED] - Video: Video recording for test case 'Test Cases/2000_tresult/Return Passed' .

24-09-2025T07:45:17 - [MESSAGE][INFO] - Video recording for test case 'Test Cases/2000_tresult/Return Passed' .]]></system-out>
         <system-err><![CDATA[]]></system-err>
      </testcase>
      <testcase name="Test Cases/2000_tresult/Return Passed" time="2.01" classname="Test Cases/2000_tresult/Return Passed" status="PASSED">
         <system-out><![CDATA[24-09-2025T07:45:17 - [TEST_CASE][PASSED] - Test Cases/2000_tresult/Return Passed: Test Cases/2000_tresult/Return Passed

24-09-2025T07:45:17 - [TEST_STEP][PASSED] - markPassed("Passed"): Passed

24-09-2025T07:45:17 - [MESSAGE][PASSED] - Passed

24-09-2025T07:45:19 - [TEST_STEP][PASSED] - Video: Video recording for test case 'Test Cases/2000_tresult/Return Passed' .

24-09-2025T07:45:19 - [MESSAGE][INFO] - Video recording for test case 'Test Cases/2000_tresult/Return Passed' .]]></system-out>
         <system-err><![CDATA[]]></system-err>
      </testcase>
      <testcase name="Test Cases/2000_tresult/Return Passed" time="2.009" classname="Test Cases/2000_tresult/Return Passed" status="PASSED">
         <system-out><![CDATA[24-09-2025T07:45:19 - [TEST_CASE][PASSED] - Test Cases/2000_tresult/Return Passed: Test Cases/2000_tresult/Return Passed

24-09-2025T07:45:19 - [TEST_STEP][PASSED] - markPassed("Passed"): Passed

24-09-2025T07:45:19 - [MESSAGE][PASSED] - Passed

24-09-2025T07:45:21 - [TEST_STEP][PASSED] - Video: Video recording for test case 'Test Cases/2000_tresult/Return Passed' .

24-09-2025T07:45:21 - [MESSAGE][INFO] - Video recording for test case 'Test Cases/2000_tresult/Return Passed' .]]></system-out>
         <system-err><![CDATA[]]></system-err>
      </testcase>
      <testcase name="Test Cases/2000_tresult/Return Passed" time="2.009" classname="Test Cases/2000_tresult/Return Passed" status="PASSED">
         <system-out><![CDATA[24-09-2025T07:45:21 - [TEST_CASE][PASSED] - Test Cases/2000_tresult/Return Passed: Test Cases/2000_tresult/Return Passed

24-09-2025T07:45:21 - [TEST_STEP][PASSED] - markPassed("Passed"): Passed

24-09-2025T07:45:21 - [MESSAGE][PASSED] - Passed

24-09-2025T07:45:23 - [TEST_STEP][PASSED] - Video: Video recording for test case 'Test Cases/2000_tresult/Return Passed' .

24-09-2025T07:45:23 - [MESSAGE][INFO] - Video recording for test case 'Test Cases/2000_tresult/Return Passed' .]]></system-out>
         <system-err><![CDATA[]]></system-err>
      </testcase>
      <testcase name="Test Cases/2000_tresult/Return Passed" time="2.009" classname="Test Cases/2000_tresult/Return Passed" status="PASSED">
         <system-out><![CDATA[24-09-2025T07:45:23 - [TEST_CASE][PASSED] - Test Cases/2000_tresult/Return Passed: Test Cases/2000_tresult/Return Passed

24-09-2025T07:45:23 - [TEST_STEP][PASSED] - markPassed("Passed"): Passed

24-09-2025T07:45:23 - [MESSAGE][PASSED] - Passed

24-09-2025T07:45:25 - [TEST_STEP][PASSED] - Video: Video recording for test case 'Test Cases/2000_tresult/Return Passed' .

24-09-2025T07:45:25 - [MESSAGE][INFO] - Video recording for test case 'Test Cases/2000_tresult/Return Passed' .]]></system-out>
         <system-err><![CDATA[]]></system-err>
      </testcase>
      <testcase name="Test Cases/2000_tresult/Return Passed" time="2.008" classname="Test Cases/2000_tresult/Return Passed" status="PASSED">
         <system-out><![CDATA[24-09-2025T07:45:25 - [TEST_CASE][PASSED] - Test Cases/2000_tresult/Return Passed: Test Cases/2000_tresult/Return Passed

24-09-2025T07:45:25 - [TEST_STEP][PASSED] - markPassed("Passed"): Passed

24-09-2025T07:45:25 - [MESSAGE][PASSED] - Passed

24-09-2025T07:45:27 - [TEST_STEP][PASSED] - Video: Video recording for test case 'Test Cases/2000_tresult/Return Passed' .

24-09-2025T07:45:27 - [MESSAGE][INFO] - Video recording for test case 'Test Cases/2000_tresult/Return Passed' .]]></system-out>
         <system-err><![CDATA[]]></system-err>
      </testcase>
      <testcase name="Test Cases/2000_tresult/Return Passed" time="2.011" classname="Test Cases/2000_tresult/Return Passed" status="PASSED">
         <system-out><![CDATA[24-09-2025T07:45:27 - [TEST_CASE][PASSED] - Test Cases/2000_tresult/Return Passed: Test Cases/2000_tresult/Return Passed

24-09-2025T07:45:27 - [TEST_STEP][PASSED] - markPassed("Passed"): Passed

24-09-2025T07:45:27 - [MESSAGE][PASSED] - Passed

24-09-2025T07:45:29 - [TEST_STEP][PASSED] - Video: Video recording for test case 'Test Cases/2000_tresult/Return Passed' .

24-09-2025T07:45:29 - [MESSAGE][INFO] - Video recording for test case 'Test Cases/2000_tresult/Return Passed' .]]></system-out>
         <system-err><![CDATA[]]></system-err>
      </testcase>
      <testcase name="Test Cases/2000_tresult/Return Passed" time="2.008" classname="Test Cases/2000_tresult/Return Passed" status="PASSED">
         <system-out><![CDATA[24-09-2025T07:45:29 - [TEST_CASE][PASSED] - Test Cases/2000_tresult/Return Passed: Test Cases/2000_tresult/Return Passed

24-09-2025T07:45:29 - [TEST_STEP][PASSED] - markPassed("Passed"): Passed

24-09-2025T07:45:29 - [MESSAGE][PASSED] - Passed

24-09-2025T07:45:31 - [TEST_STEP][PASSED] - Video: Video recording for test case 'Test Cases/2000_tresult/Return Passed' .

24-09-2025T07:45:31 - [MESSAGE][INFO] - Video recording for test case 'Test Cases/2000_tresult/Return Passed' .]]></system-out>
         <system-err><![CDATA[]]></system-err>
      </testcase>
      <testcase name="Test Cases/2000_tresult/Return Passed" time="2.009" classname="Test Cases/2000_tresult/Return Passed" status="PASSED">
         <system-out><![CDATA[24-09-2025T07:45:31 - [TEST_CASE][PASSED] - Test Cases/2000_tresult/Return Passed: Test Cases/2000_tresult/Return Passed

24-09-2025T07:45:31 - [TEST_STEP][PASSED] - markPassed("Passed"): Passed

24-09-2025T07:45:31 - [MESSAGE][PASSED] - Passed

24-09-2025T07:45:33 - [TEST_STEP][PASSED] - Video: Video recording for test case 'Test Cases/2000_tresult/Return Passed' .

24-09-2025T07:45:33 - [MESSAGE][INFO] - Video recording for test case 'Test Cases/2000_tresult/Return Passed' .]]></system-out>
         <system-err><![CDATA[]]></system-err>
      </testcase>
      <testcase name="Test Cases/2000_tresult/Return Passed" time="2.009" classname="Test Cases/2000_tresult/Return Passed" status="PASSED">
         <system-out><![CDATA[24-09-2025T07:45:33 - [TEST_CASE][PASSED] - Test Cases/2000_tresult/Return Passed: Test Cases/2000_tresult/Return Passed

24-09-2025T07:45:33 - [TEST_STEP][PASSED] - markPassed("Passed"): Passed

24-09-2025T07:45:33 - [MESSAGE][PASSED] - Passed

24-09-2025T07:45:35 - [TEST_STEP][PASSED] - Video: Video recording for test case 'Test Cases/2000_tresult/Return Passed' .

24-09-2025T07:45:35 - [MESSAGE][INFO] - Video recording for test case 'Test Cases/2000_tresult/Return Passed' .]]></system-out>
         <system-err><![CDATA[]]></system-err>
      </testcase>
      <testcase name="Test Cases/2000_tresult/Return Passed" time="2.009" classname="Test Cases/2000_tresult/Return Passed" status="PASSED">
         <system-out><![CDATA[24-09-2025T07:45:35 - [TEST_CASE][PASSED] - Test Cases/2000_tresult/Return Passed: Test Cases/2000_tresult/Return Passed

24-09-2025T07:45:35 - [TEST_STEP][PASSED] - markPassed("Passed"): Passed

24-09-2025T07:45:35 - [MESSAGE][PASSED] - Passed

24-09-2025T07:45:37 - [TEST_STEP][PASSED] - Video: Video recording for test case 'Test Cases/2000_tresult/Return Passed' .

24-09-2025T07:45:37 - [MESSAGE][INFO] - Video recording for test case 'Test Cases/2000_tresult/Return Passed' .]]></system-out>
         <system-err><![CDATA[]]></system-err>
      </testcase>
      <testcase name="Test Cases/2000_tresult/Return Passed" time="2.008" classname="Test Cases/2000_tresult/Return Passed" status="PASSED">
         <system-out><![CDATA[24-09-2025T07:45:37 - [TEST_CASE][PASSED] - Test Cases/2000_tresult/Return Passed: Test Cases/2000_tresult/Return Passed

24-09-2025T07:45:37 - [TEST_STEP][PASSED] - markPassed("Passed"): Passed

24-09-2025T07:45:37 - [MESSAGE][PASSED] - Passed

24-09-2025T07:45:39 - [TEST_STEP][PASSED] - Video: Video recording for test case 'Test Cases/2000_tresult/Return Passed' .

24-09-2025T07:45:39 - [MESSAGE][INFO] - Video recording for test case 'Test Cases/2000_tresult/Return Passed' .]]></system-out>
         <system-err><![CDATA[]]></system-err>
      </testcase>
      <testcase name="Test Cases/2000_tresult/Return Passed" time="2.008" classname="Test Cases/2000_tresult/Return Passed" status="PASSED">
         <system-out><![CDATA[24-09-2025T07:45:39 - [TEST_CASE][PASSED] - Test Cases/2000_tresult/Return Passed: Test Cases/2000_tresult/Return Passed

24-09-2025T07:45:39 - [TEST_STEP][PASSED] - markPassed("Passed"): Passed

24-09-2025T07:45:39 - [MESSAGE][PASSED] - Passed

24-09-2025T07:45:41 - [TEST_STEP][PASSED] - Video: Video recording for test case 'Test Cases/2000_tresult/Return Passed' .

24-09-2025T07:45:41 - [MESSAGE][INFO] - Video recording for test case 'Test Cases/2000_tresult/Return Passed' .]]></system-out>
         <system-err><![CDATA[]]></system-err>
      </testcase>
      <testcase name="Test Cases/2000_tresult/Return Passed" time="2.008" classname="Test Cases/2000_tresult/Return Passed" status="PASSED">
         <system-out><![CDATA[24-09-2025T07:45:41 - [TEST_CASE][PASSED] - Test Cases/2000_tresult/Return Passed: Test Cases/2000_tresult/Return Passed

24-09-2025T07:45:41 - [TEST_STEP][PASSED] - markPassed("Passed"): Passed

24-09-2025T07:45:41 - [MESSAGE][PASSED] - Passed

24-09-2025T07:45:43 - [TEST_STEP][PASSED] - Video: Video recording for test case 'Test Cases/2000_tresult/Return Passed' .

24-09-2025T07:45:43 - [MESSAGE][INFO] - Video recording for test case 'Test Cases/2000_tresult/Return Passed' .]]></system-out>
         <system-err><![CDATA[]]></system-err>
      </testcase>
      <testcase name="Test Cases/2000_tresult/Return Passed" time="2.008" classname="Test Cases/2000_tresult/Return Passed" status="PASSED">
         <system-out><![CDATA[24-09-2025T07:45:43 - [TEST_CASE][PASSED] - Test Cases/2000_tresult/Return Passed: Test Cases/2000_tresult/Return Passed

24-09-2025T07:45:43 - [TEST_STEP][PASSED] - markPassed("Passed"): Passed

24-09-2025T07:45:43 - [MESSAGE][PASSED] - Passed

24-09-2025T07:45:45 - [TEST_STEP][PASSED] - Video: Video recording for test case 'Test Cases/2000_tresult/Return Passed' .

24-09-2025T07:45:45 - [MESSAGE][INFO] - Video recording for test case 'Test Cases/2000_tresult/Return Passed' .]]></system-out>
         <system-err><![CDATA[]]></system-err>
      </testcase>
      <testcase name="Test Cases/2000_tresult/Return Passed" time="2.008" classname="Test Cases/2000_tresult/Return Passed" status="PASSED">
         <system-out><![CDATA[24-09-2025T07:45:45 - [TEST_CASE][PASSED] - Test Cases/2000_tresult/Return Passed: Test Cases/2000_tresult/Return Passed

24-09-2025T07:45:45 - [TEST_STEP][PASSED] - markPassed("Passed"): Passed

24-09-2025T07:45:45 - [MESSAGE][PASSED] - Passed

24-09-2025T07:45:47 - [TEST_STEP][PASSED] - Video: Video recording for test case 'Test Cases/2000_tresult/Return Passed' .

24-09-2025T07:45:47 - [MESSAGE][INFO] - Video recording for test case 'Test Cases/2000_tresult/Return Passed' .]]></system-out>
         <system-err><![CDATA[]]></system-err>
      </testcase>
      <testcase name="Test Cases/2000_tresult/Return Passed" time="2.008" classname="Test Cases/2000_tresult/Return Passed" status="PASSED">
         <system-out><![CDATA[24-09-2025T07:45:47 - [TEST_CASE][PASSED] - Test Cases/2000_tresult/Return Passed: Test Cases/2000_tresult/Return Passed

24-09-2025T07:45:47 - [TEST_STEP][PASSED] - markPassed("Passed"): Passed

24-09-2025T07:45:47 - [MESSAGE][PASSED] - Passed

24-09-2025T07:45:49 - [TEST_STEP][PASSED] - Video: Video recording for test case 'Test Cases/2000_tresult/Return Passed' .

24-09-2025T07:45:49 - [MESSAGE][INFO] - Video recording for test case 'Test Cases/2000_tresult/Return Passed' .]]></system-out>
         <system-err><![CDATA[]]></system-err>
      </testcase>
      <testcase name="Test Cases/2000_tresult/Return Passed" time="2.009" classname="Test Cases/2000_tresult/Return Passed" status="PASSED">
         <system-out><![CDATA[24-09-2025T07:45:49 - [TEST_CASE][PASSED] - Test Cases/2000_tresult/Return Passed: Test Cases/2000_tresult/Return Passed

24-09-2025T07:45:49 - [TEST_STEP][PASSED] - markPassed("Passed"): Passed

24-09-2025T07:45:49 - [MESSAGE][PASSED] - Passed

24-09-2025T07:45:51 - [TEST_STEP][PASSED] - Video: Video recording for test case 'Test Cases/2000_tresult/Return Passed' .

24-09-2025T07:45:51 - [MESSAGE][INFO] - Video recording for test case 'Test Cases/2000_tresult/Return Passed' .]]></system-out>
         <system-err><![CDATA[]]></system-err>
      </testcase>
      <testcase name="Test Cases/2000_tresult/Return Passed" time="2.008" classname="Test Cases/2000_tresult/Return Passed" status="PASSED">
         <system-out><![CDATA[24-09-2025T07:45:51 - [TEST_CASE][PASSED] - Test Cases/2000_tresult/Return Passed: Test Cases/2000_tresult/Return Passed

24-09-2025T07:45:51 - [TEST_STEP][PASSED] - markPassed("Passed"): Passed

24-09-2025T07:45:51 - [MESSAGE][PASSED] - Passed

24-09-2025T07:45:53 - [TEST_STEP][PASSED] - Video: Video recording for test case 'Test Cases/2000_tresult/Return Passed' .

24-09-2025T07:45:53 - [MESSAGE][INFO] - Video recording for test case 'Test Cases/2000_tresult/Return Passed' .]]></system-out>
         <system-err><![CDATA[]]></system-err>
      </testcase>
      <testcase name="Test Cases/2000_tresult/Return Passed" time="2.008" classname="Test Cases/2000_tresult/Return Passed" status="PASSED">
         <system-out><![CDATA[24-09-2025T07:45:53 - [TEST_CASE][PASSED] - Test Cases/2000_tresult/Return Passed: Test Cases/2000_tresult/Return Passed

24-09-2025T07:45:53 - [TEST_STEP][PASSED] - markPassed("Passed"): Passed

24-09-2025T07:45:53 - [MESSAGE][PASSED] - Passed

24-09-2025T07:45:55 - [TEST_STEP][PASSED] - Video: Video recording for test case 'Test Cases/2000_tresult/Return Passed' .

24-09-2025T07:45:55 - [MESSAGE][INFO] - Video recording for test case 'Test Cases/2000_tresult/Return Passed' .]]></system-out>
         <system-err><![CDATA[]]></system-err>
      </testcase>
      <testcase name="Test Cases/2000_tresult/Return Passed" time="2.018" classname="Test Cases/2000_tresult/Return Passed" status="PASSED">
         <system-out><![CDATA[24-09-2025T07:45:55 - [TEST_CASE][PASSED] - Test Cases/2000_tresult/Return Passed: Test Cases/2000_tresult/Return Passed

24-09-2025T07:45:55 - [TEST_STEP][PASSED] - markPassed("Passed"): Passed

24-09-2025T07:45:55 - [MESSAGE][PASSED] - Passed

24-09-2025T07:45:57 - [TEST_STEP][PASSED] - Video: Video recording for test case 'Test Cases/2000_tresult/Return Passed' .

24-09-2025T07:45:57 - [MESSAGE][INFO] - Video recording for test case 'Test Cases/2000_tresult/Return Passed' .]]></system-out>
         <system-err><![CDATA[]]></system-err>
      </testcase>
      <testcase name="Test Cases/2000_tresult/Return Passed" time="2.008" classname="Test Cases/2000_tresult/Return Passed" status="PASSED">
         <system-out><![CDATA[24-09-2025T07:45:57 - [TEST_CASE][PASSED] - Test Cases/2000_tresult/Return Passed: Test Cases/2000_tresult/Return Passed

24-09-2025T07:45:57 - [TEST_STEP][PASSED] - markPassed("Passed"): Passed

24-09-2025T07:45:57 - [MESSAGE][PASSED] - Passed

24-09-2025T07:45:59 - [TEST_STEP][PASSED] - Video: Video recording for test case 'Test Cases/2000_tresult/Return Passed' .

24-09-2025T07:45:59 - [MESSAGE][INFO] - Video recording for test case 'Test Cases/2000_tresult/Return Passed' .]]></system-out>
         <system-err><![CDATA[]]></system-err>
      </testcase>
      <testcase name="Test Cases/2000_tresult/Return Passed" time="2.008" classname="Test Cases/2000_tresult/Return Passed" status="PASSED">
         <system-out><![CDATA[24-09-2025T07:45:59 - [TEST_CASE][PASSED] - Test Cases/2000_tresult/Return Passed: Test Cases/2000_tresult/Return Passed

24-09-2025T07:45:59 - [TEST_STEP][PASSED] - markPassed("Passed"): Passed

24-09-2025T07:45:59 - [MESSAGE][PASSED] - Passed

24-09-2025T07:46:01 - [TEST_STEP][PASSED] - Video: Video recording for test case 'Test Cases/2000_tresult/Return Passed' .

24-09-2025T07:46:01 - [MESSAGE][INFO] - Video recording for test case 'Test Cases/2000_tresult/Return Passed' .]]></system-out>
         <system-err><![CDATA[]]></system-err>
      </testcase>
      <testcase name="Test Cases/2000_tresult/Return Passed" time="2.008" classname="Test Cases/2000_tresult/Return Passed" status="PASSED">
         <system-out><![CDATA[24-09-2025T07:46:01 - [TEST_CASE][PASSED] - Test Cases/2000_tresult/Return Passed: Test Cases/2000_tresult/Return Passed

24-09-2025T07:46:01 - [TEST_STEP][PASSED] - markPassed("Passed"): Passed

24-09-2025T07:46:01 - [MESSAGE][PASSED] - Passed

24-09-2025T07:46:03 - [TEST_STEP][PASSED] - Video: Video recording for test case 'Test Cases/2000_tresult/Return Passed' .

24-09-2025T07:46:03 - [MESSAGE][INFO] - Video recording for test case 'Test Cases/2000_tresult/Return Passed' .]]></system-out>
         <system-err><![CDATA[]]></system-err>
      </testcase>
      <testcase name="Test Cases/2000_tresult/Return Passed" time="2.008" classname="Test Cases/2000_tresult/Return Passed" status="PASSED">
         <system-out><![CDATA[24-09-2025T07:46:03 - [TEST_CASE][PASSED] - Test Cases/2000_tresult/Return Passed: Test Cases/2000_tresult/Return Passed

24-09-2025T07:46:03 - [TEST_STEP][PASSED] - markPassed("Passed"): Passed

24-09-2025T07:46:03 - [MESSAGE][PASSED] - Passed

24-09-2025T07:46:05 - [TEST_STEP][PASSED] - Video: Video recording for test case 'Test Cases/2000_tresult/Return Passed' .

24-09-2025T07:46:05 - [MESSAGE][INFO] - Video recording for test case 'Test Cases/2000_tresult/Return Passed' .]]></system-out>
         <system-err><![CDATA[]]></system-err>
      </testcase>
      <testcase name="Test Cases/2000_tresult/Return Passed" time="2.008" classname="Test Cases/2000_tresult/Return Passed" status="PASSED">
         <system-out><![CDATA[24-09-2025T07:46:05 - [TEST_CASE][PASSED] - Test Cases/2000_tresult/Return Passed: Test Cases/2000_tresult/Return Passed

24-09-2025T07:46:05 - [TEST_STEP][PASSED] - markPassed("Passed"): Passed

24-09-2025T07:46:05 - [MESSAGE][PASSED] - Passed

24-09-2025T07:46:07 - [TEST_STEP][PASSED] - Video: Video recording for test case 'Test Cases/2000_tresult/Return Passed' .

24-09-2025T07:46:07 - [MESSAGE][INFO] - Video recording for test case 'Test Cases/2000_tresult/Return Passed' .]]></system-out>
         <system-err><![CDATA[]]></system-err>
      </testcase>
      <testcase name="Test Cases/2000_tresult/Return Passed" time="2.008" classname="Test Cases/2000_tresult/Return Passed" status="PASSED">
         <system-out><![CDATA[24-09-2025T07:46:07 - [TEST_CASE][PASSED] - Test Cases/2000_tresult/Return Passed: Test Cases/2000_tresult/Return Passed

24-09-2025T07:46:07 - [TEST_STEP][PASSED] - markPassed("Passed"): Passed

24-09-2025T07:46:07 - [MESSAGE][PASSED] - Passed

24-09-2025T07:46:09 - [TEST_STEP][PASSED] - Video: Video recording for test case 'Test Cases/2000_tresult/Return Passed' .

24-09-2025T07:46:09 - [MESSAGE][INFO] - Video recording for test case 'Test Cases/2000_tresult/Return Passed' .]]></system-out>
         <system-err><![CDATA[]]></system-err>
      </testcase>
      <testcase name="Test Cases/2000_tresult/Return Passed" time="2.007" classname="Test Cases/2000_tresult/Return Passed" status="PASSED">
         <system-out><![CDATA[24-09-2025T07:46:09 - [TEST_CASE][PASSED] - Test Cases/2000_tresult/Return Passed: Test Cases/2000_tresult/Return Passed

24-09-2025T07:46:09 - [TEST_STEP][PASSED] - markPassed("Passed"): Passed

24-09-2025T07:46:09 - [MESSAGE][PASSED] - Passed

24-09-2025T07:46:11 - [TEST_STEP][PASSED] - Video: Video recording for test case 'Test Cases/2000_tresult/Return Passed' .

24-09-2025T07:46:11 - [MESSAGE][INFO] - Video recording for test case 'Test Cases/2000_tresult/Return Passed' .]]></system-out>
         <system-err><![CDATA[]]></system-err>
      </testcase>
      <testcase name="Test Cases/2000_tresult/Return Passed" time="2.008" classname="Test Cases/2000_tresult/Return Passed" status="PASSED">
         <system-out><![CDATA[24-09-2025T07:46:11 - [TEST_CASE][PASSED] - Test Cases/2000_tresult/Return Passed: Test Cases/2000_tresult/Return Passed

24-09-2025T07:46:11 - [TEST_STEP][PASSED] - markPassed("Passed"): Passed

24-09-2025T07:46:11 - [MESSAGE][PASSED] - Passed

24-09-2025T07:46:13 - [TEST_STEP][PASSED] - Video: Video recording for test case 'Test Cases/2000_tresult/Return Passed' .

24-09-2025T07:46:13 - [MESSAGE][INFO] - Video recording for test case 'Test Cases/2000_tresult/Return Passed' .]]></system-out>
         <system-err><![CDATA[]]></system-err>
      </testcase>
      <testcase name="Test Cases/2000_tresult/Return Passed" time="2.008" classname="Test Cases/2000_tresult/Return Passed" status="PASSED">
         <system-out><![CDATA[24-09-2025T07:46:13 - [TEST_CASE][PASSED] - Test Cases/2000_tresult/Return Passed: Test Cases/2000_tresult/Return Passed

24-09-2025T07:46:13 - [TEST_STEP][PASSED] - markPassed("Passed"): Passed

24-09-2025T07:46:13 - [MESSAGE][PASSED] - Passed

24-09-2025T07:46:15 - [TEST_STEP][PASSED] - Video: Video recording for test case 'Test Cases/2000_tresult/Return Passed' .

24-09-2025T07:46:15 - [MESSAGE][INFO] - Video recording for test case 'Test Cases/2000_tresult/Return Passed' .]]></system-out>
         <system-err><![CDATA[]]></system-err>
      </testcase>
      <testcase name="Test Cases/2000_tresult/Return Passed" time="2.008" classname="Test Cases/2000_tresult/Return Passed" status="PASSED">
         <system-out><![CDATA[24-09-2025T07:46:15 - [TEST_CASE][PASSED] - Test Cases/2000_tresult/Return Passed: Test Cases/2000_tresult/Return Passed

24-09-2025T07:46:15 - [TEST_STEP][PASSED] - markPassed("Passed"): Passed

24-09-2025T07:46:15 - [MESSAGE][PASSED] - Passed

24-09-2025T07:46:17 - [TEST_STEP][PASSED] - Video: Video recording for test case 'Test Cases/2000_tresult/Return Passed' .

24-09-2025T07:46:17 - [MESSAGE][INFO] - Video recording for test case 'Test Cases/2000_tresult/Return Passed' .]]></system-out>
         <system-err><![CDATA[]]></system-err>
      </testcase>
      <testcase name="Test Cases/2000_tresult/Return Passed" time="2.008" classname="Test Cases/2000_tresult/Return Passed" status="PASSED">
         <system-out><![CDATA[24-09-2025T07:46:17 - [TEST_CASE][PASSED] - Test Cases/2000_tresult/Return Passed: Test Cases/2000_tresult/Return Passed

24-09-2025T07:46:17 - [TEST_STEP][PASSED] - markPassed("Passed"): Passed

24-09-2025T07:46:17 - [MESSAGE][PASSED] - Passed

24-09-2025T07:46:19 - [TEST_STEP][PASSED] - Video: Video recording for test case 'Test Cases/2000_tresult/Return Passed' .

24-09-2025T07:46:19 - [MESSAGE][INFO] - Video recording for test case 'Test Cases/2000_tresult/Return Passed' .]]></system-out>
         <system-err><![CDATA[]]></system-err>
      </testcase>
      <testcase name="Test Cases/2000_tresult/Return Passed" time="2.008" classname="Test Cases/2000_tresult/Return Passed" status="PASSED">
         <system-out><![CDATA[24-09-2025T07:46:19 - [TEST_CASE][PASSED] - Test Cases/2000_tresult/Return Passed: Test Cases/2000_tresult/Return Passed

24-09-2025T07:46:19 - [TEST_STEP][PASSED] - markPassed("Passed"): Passed

24-09-2025T07:46:19 - [MESSAGE][PASSED] - Passed

24-09-2025T07:46:21 - [TEST_STEP][PASSED] - Video: Video recording for test case 'Test Cases/2000_tresult/Return Passed' .

24-09-2025T07:46:21 - [MESSAGE][INFO] - Video recording for test case 'Test Cases/2000_tresult/Return Passed' .]]></system-out>
         <system-err><![CDATA[]]></system-err>
      </testcase>
      <testcase name="Test Cases/2000_tresult/Return Passed" time="2.007" classname="Test Cases/2000_tresult/Return Passed" status="PASSED">
         <system-out><![CDATA[24-09-2025T07:46:21 - [TEST_CASE][PASSED] - Test Cases/2000_tresult/Return Passed: Test Cases/2000_tresult/Return Passed

24-09-2025T07:46:21 - [TEST_STEP][PASSED] - markPassed("Passed"): Passed

24-09-2025T07:46:21 - [MESSAGE][PASSED] - Passed

24-09-2025T07:46:23 - [TEST_STEP][PASSED] - Video: Video recording for test case 'Test Cases/2000_tresult/Return Passed' .

24-09-2025T07:46:23 - [MESSAGE][INFO] - Video recording for test case 'Test Cases/2000_tresult/Return Passed' .]]></system-out>
         <system-err><![CDATA[]]></system-err>
      </testcase>
      <testcase name="Test Cases/2000_tresult/Return Passed" time="2.007" classname="Test Cases/2000_tresult/Return Passed" status="PASSED">
         <system-out><![CDATA[24-09-2025T07:46:23 - [TEST_CASE][PASSED] - Test Cases/2000_tresult/Return Passed: Test Cases/2000_tresult/Return Passed

24-09-2025T07:46:23 - [TEST_STEP][PASSED] - markPassed("Passed"): Passed

24-09-2025T07:46:23 - [MESSAGE][PASSED] - Passed

24-09-2025T07:46:25 - [TEST_STEP][PASSED] - Video: Video recording for test case 'Test Cases/2000_tresult/Return Passed' .

24-09-2025T07:46:25 - [MESSAGE][INFO] - Video recording for test case 'Test Cases/2000_tresult/Return Passed' .]]></system-out>
         <system-err><![CDATA[]]></system-err>
      </testcase>
      <testcase name="Test Cases/2000_tresult/Return Passed" time="2.008" classname="Test Cases/2000_tresult/Return Passed" status="PASSED">
         <system-out><![CDATA[24-09-2025T07:46:25 - [TEST_CASE][PASSED] - Test Cases/2000_tresult/Return Passed: Test Cases/2000_tresult/Return Passed

24-09-2025T07:46:25 - [TEST_STEP][PASSED] - markPassed("Passed"): Passed

24-09-2025T07:46:25 - [MESSAGE][PASSED] - Passed

24-09-2025T07:46:27 - [TEST_STEP][PASSED] - Video: Video recording for test case 'Test Cases/2000_tresult/Return Passed' .

24-09-2025T07:46:27 - [MESSAGE][INFO] - Video recording for test case 'Test Cases/2000_tresult/Return Passed' .]]></system-out>
         <system-err><![CDATA[]]></system-err>
      </testcase>
      <testcase name="Test Cases/2000_tresult/Return Passed" time="2.007" classname="Test Cases/2000_tresult/Return Passed" status="PASSED">
         <system-out><![CDATA[24-09-2025T07:46:27 - [TEST_CASE][PASSED] - Test Cases/2000_tresult/Return Passed: Test Cases/2000_tresult/Return Passed

24-09-2025T07:46:27 - [TEST_STEP][PASSED] - markPassed("Passed"): Passed

24-09-2025T07:46:27 - [MESSAGE][PASSED] - Passed

24-09-2025T07:46:29 - [TEST_STEP][PASSED] - Video: Video recording for test case 'Test Cases/2000_tresult/Return Passed' .

24-09-2025T07:46:29 - [MESSAGE][INFO] - Video recording for test case 'Test Cases/2000_tresult/Return Passed' .]]></system-out>
         <system-err><![CDATA[]]></system-err>
      </testcase>
      <testcase name="Test Cases/2000_tresult/Return Passed" time="2.008" classname="Test Cases/2000_tresult/Return Passed" status="PASSED">
         <system-out><![CDATA[24-09-2025T07:46:29 - [TEST_CASE][PASSED] - Test Cases/2000_tresult/Return Passed: Test Cases/2000_tresult/Return Passed

24-09-2025T07:46:29 - [TEST_STEP][PASSED] - markPassed("Passed"): Passed

24-09-2025T07:46:29 - [MESSAGE][PASSED] - Passed

24-09-2025T07:46:31 - [TEST_STEP][PASSED] - Video: Video recording for test case 'Test Cases/2000_tresult/Return Passed' .

24-09-2025T07:46:31 - [MESSAGE][INFO] - Video recording for test case 'Test Cases/2000_tresult/Return Passed' .]]></system-out>
         <system-err><![CDATA[]]></system-err>
      </testcase>
      <testcase name="Test Cases/2000_tresult/Return Passed" time="2.008" classname="Test Cases/2000_tresult/Return Passed" status="PASSED">
         <system-out><![CDATA[24-09-2025T07:46:31 - [TEST_CASE][PASSED] - Test Cases/2000_tresult/Return Passed: Test Cases/2000_tresult/Return Passed

24-09-2025T07:46:31 - [TEST_STEP][PASSED] - markPassed("Passed"): Passed

24-09-2025T07:46:31 - [MESSAGE][PASSED] - Passed

24-09-2025T07:46:33 - [TEST_STEP][PASSED] - Video: Video recording for test case 'Test Cases/2000_tresult/Return Passed' .

24-09-2025T07:46:33 - [MESSAGE][INFO] - Video recording for test case 'Test Cases/2000_tresult/Return Passed' .]]></system-out>
         <system-err><![CDATA[]]></system-err>
      </testcase>
      <testcase name="Test Cases/2000_tresult/Return Passed" time="2.007" classname="Test Cases/2000_tresult/Return Passed" status="PASSED">
         <system-out><![CDATA[24-09-2025T07:46:33 - [TEST_CASE][PASSED] - Test Cases/2000_tresult/Return Passed: Test Cases/2000_tresult/Return Passed

24-09-2025T07:46:33 - [TEST_STEP][PASSED] - markPassed("Passed"): Passed

24-09-2025T07:46:33 - [MESSAGE][PASSED] - Passed

24-09-2025T07:46:35 - [TEST_STEP][PASSED] - Video: Video recording for test case 'Test Cases/2000_tresult/Return Passed' .

24-09-2025T07:46:35 - [MESSAGE][INFO] - Video recording for test case 'Test Cases/2000_tresult/Return Passed' .]]></system-out>
         <system-err><![CDATA[]]></system-err>
      </testcase>
      <testcase name="Test Cases/2000_tresult/Return Passed" time="2.007" classname="Test Cases/2000_tresult/Return Passed" status="PASSED">
         <system-out><![CDATA[24-09-2025T07:46:35 - [TEST_CASE][PASSED] - Test Cases/2000_tresult/Return Passed: Test Cases/2000_tresult/Return Passed

24-09-2025T07:46:35 - [TEST_STEP][PASSED] - markPassed("Passed"): Passed

24-09-2025T07:46:35 - [MESSAGE][PASSED] - Passed

24-09-2025T07:46:37 - [TEST_STEP][PASSED] - Video: Video recording for test case 'Test Cases/2000_tresult/Return Passed' .

24-09-2025T07:46:37 - [MESSAGE][INFO] - Video recording for test case 'Test Cases/2000_tresult/Return Passed' .]]></system-out>
         <system-err><![CDATA[]]></system-err>
      </testcase>
      <testcase name="Test Cases/2000_tresult/Return Passed" time="2.008" classname="Test Cases/2000_tresult/Return Passed" status="PASSED">
         <system-out><![CDATA[24-09-2025T07:46:37 - [TEST_CASE][PASSED] - Test Cases/2000_tresult/Return Passed: Test Cases/2000_tresult/Return Passed

24-09-2025T07:46:37 - [TEST_STEP][PASSED] - markPassed("Passed"): Passed

24-09-2025T07:46:37 - [MESSAGE][PASSED] - Passed

24-09-2025T07:46:39 - [TEST_STEP][PASSED] - Video: Video recording for test case 'Test Cases/2000_tresult/Return Passed' .

24-09-2025T07:46:39 - [MESSAGE][INFO] - Video recording for test case 'Test Cases/2000_tresult/Return Passed' .]]></system-out>
         <system-err><![CDATA[]]></system-err>
      </testcase>
      <testcase name="Test Cases/2000_tresult/Return Passed" time="2.008" classname="Test Cases/2000_tresult/Return Passed" status="PASSED">
         <system-out><![CDATA[24-09-2025T07:46:39 - [TEST_CASE][PASSED] - Test Cases/2000_tresult/Return Passed: Test Cases/2000_tresult/Return Passed

24-09-2025T07:46:39 - [TEST_STEP][PASSED] - markPassed("Passed"): Passed

24-09-2025T07:46:39 - [MESSAGE][PASSED] - Passed

24-09-2025T07:46:41 - [TEST_STEP][PASSED] - Video: Video recording for test case 'Test Cases/2000_tresult/Return Passed' .

24-09-2025T07:46:41 - [MESSAGE][INFO] - Video recording for test case 'Test Cases/2000_tresult/Return Passed' .]]></system-out>
         <system-err><![CDATA[]]></system-err>
      </testcase>
      <testcase name="Test Cases/2000_tresult/Return Passed" time="2.008" classname="Test Cases/2000_tresult/Return Passed" status="PASSED">
         <system-out><![CDATA[24-09-2025T07:46:41 - [TEST_CASE][PASSED] - Test Cases/2000_tresult/Return Passed: Test Cases/2000_tresult/Return Passed

24-09-2025T07:46:41 - [TEST_STEP][PASSED] - markPassed("Passed"): Passed

24-09-2025T07:46:41 - [MESSAGE][PASSED] - Passed

24-09-2025T07:46:43 - [TEST_STEP][PASSED] - Video: Video recording for test case 'Test Cases/2000_tresult/Return Passed' .

24-09-2025T07:46:43 - [MESSAGE][INFO] - Video recording for test case 'Test Cases/2000_tresult/Return Passed' .]]></system-out>
         <system-err><![CDATA[]]></system-err>
      </testcase>
      <testcase name="Test Cases/2000_tresult/Return Passed" time="2.007" classname="Test Cases/2000_tresult/Return Passed" status="PASSED">
         <system-out><![CDATA[24-09-2025T07:46:43 - [TEST_CASE][PASSED] - Test Cases/2000_tresult/Return Passed: Test Cases/2000_tresult/Return Passed

24-09-2025T07:46:43 - [TEST_STEP][PASSED] - markPassed("Passed"): Passed

24-09-2025T07:46:43 - [MESSAGE][PASSED] - Passed

24-09-2025T07:46:45 - [TEST_STEP][PASSED] - Video: Video recording for test case 'Test Cases/2000_tresult/Return Passed' .

24-09-2025T07:46:45 - [MESSAGE][INFO] - Video recording for test case 'Test Cases/2000_tresult/Return Passed' .]]></system-out>
         <system-err><![CDATA[]]></system-err>
      </testcase>
      <testcase name="Test Cases/2000_tresult/Return Passed" time="2.007" classname="Test Cases/2000_tresult/Return Passed" status="PASSED">
         <system-out><![CDATA[24-09-2025T07:46:45 - [TEST_CASE][PASSED] - Test Cases/2000_tresult/Return Passed: Test Cases/2000_tresult/Return Passed

24-09-2025T07:46:45 - [TEST_STEP][PASSED] - markPassed("Passed"): Passed

24-09-2025T07:46:45 - [MESSAGE][PASSED] - Passed

24-09-2025T07:46:47 - [TEST_STEP][PASSED] - Video: Video recording for test case 'Test Cases/2000_tresult/Return Passed' .

24-09-2025T07:46:47 - [MESSAGE][INFO] - Video recording for test case 'Test Cases/2000_tresult/Return Passed' .]]></system-out>
         <system-err><![CDATA[]]></system-err>
      </testcase>
      <testcase name="Test Cases/2000_tresult/Return Passed" time="2.007" classname="Test Cases/2000_tresult/Return Passed" status="PASSED">
         <system-out><![CDATA[24-09-2025T07:46:47 - [TEST_CASE][PASSED] - Test Cases/2000_tresult/Return Passed: Test Cases/2000_tresult/Return Passed

24-09-2025T07:46:47 - [TEST_STEP][PASSED] - markPassed("Passed"): Passed

24-09-2025T07:46:47 - [MESSAGE][PASSED] - Passed

24-09-2025T07:46:49 - [TEST_STEP][PASSED] - Video: Video recording for test case 'Test Cases/2000_tresult/Return Passed' .

24-09-2025T07:46:49 - [MESSAGE][INFO] - Video recording for test case 'Test Cases/2000_tresult/Return Passed' .]]></system-out>
         <system-err><![CDATA[]]></system-err>
      </testcase>
      <testcase name="Test Cases/2000_tresult/Return Passed" time="2.008" classname="Test Cases/2000_tresult/Return Passed" status="PASSED">
         <system-out><![CDATA[24-09-2025T07:46:49 - [TEST_CASE][PASSED] - Test Cases/2000_tresult/Return Passed: Test Cases/2000_tresult/Return Passed

24-09-2025T07:46:49 - [TEST_STEP][PASSED] - markPassed("Passed"): Passed

24-09-2025T07:46:49 - [MESSAGE][PASSED] - Passed

24-09-2025T07:46:51 - [TEST_STEP][PASSED] - Video: Video recording for test case 'Test Cases/2000_tresult/Return Passed' .

24-09-2025T07:46:51 - [MESSAGE][INFO] - Video recording for test case 'Test Cases/2000_tresult/Return Passed' .]]></system-out>
         <system-err><![CDATA[]]></system-err>
      </testcase>
      <testcase name="Test Cases/2000_tresult/Return Passed" time="2.009" classname="Test Cases/2000_tresult/Return Passed" status="PASSED">
         <system-out><![CDATA[24-09-2025T07:46:51 - [TEST_CASE][PASSED] - Test Cases/2000_tresult/Return Passed: Test Cases/2000_tresult/Return Passed

24-09-2025T07:46:51 - [TEST_STEP][PASSED] - markPassed("Passed"): Passed

24-09-2025T07:46:51 - [MESSAGE][PASSED] - Passed

24-09-2025T07:46:53 - [TEST_STEP][PASSED] - Video: Video recording for test case 'Test Cases/2000_tresult/Return Passed' .

24-09-2025T07:46:53 - [MESSAGE][INFO] - Video recording for test case 'Test Cases/2000_tresult/Return Passed' .]]></system-out>
         <system-err><![CDATA[]]></system-err>
      </testcase>
      <testcase name="Test Cases/2000_tresult/Return Passed" time="2.008" classname="Test Cases/2000_tresult/Return Passed" status="PASSED">
         <system-out><![CDATA[24-09-2025T07:46:53 - [TEST_CASE][PASSED] - Test Cases/2000_tresult/Return Passed: Test Cases/2000_tresult/Return Passed

24-09-2025T07:46:53 - [TEST_STEP][PASSED] - markPassed("Passed"): Passed

24-09-2025T07:46:53 - [MESSAGE][PASSED] - Passed

24-09-2025T07:46:55 - [TEST_STEP][PASSED] - Video: Video recording for test case 'Test Cases/2000_tresult/Return Passed' .

24-09-2025T07:46:55 - [MESSAGE][INFO] - Video recording for test case 'Test Cases/2000_tresult/Return Passed' .]]></system-out>
         <system-err><![CDATA[]]></system-err>
      </testcase>
      <testcase name="Test Cases/2000_tresult/Return Passed" time="2.008" classname="Test Cases/2000_tresult/Return Passed" status="PASSED">
         <system-out><![CDATA[24-09-2025T07:46:55 - [TEST_CASE][PASSED] - Test Cases/2000_tresult/Return Passed: Test Cases/2000_tresult/Return Passed

24-09-2025T07:46:55 - [TEST_STEP][PASSED] - markPassed("Passed"): Passed

24-09-2025T07:46:55 - [MESSAGE][PASSED] - Passed

24-09-2025T07:46:57 - [TEST_STEP][PASSED] - Video: Video recording for test case 'Test Cases/2000_tresult/Return Passed' .

24-09-2025T07:46:57 - [MESSAGE][INFO] - Video recording for test case 'Test Cases/2000_tresult/Return Passed' .]]></system-out>
         <system-err><![CDATA[]]></system-err>
      </testcase>
      <testcase name="Test Cases/2000_tresult/Return Passed" time="2.007" classname="Test Cases/2000_tresult/Return Passed" status="PASSED">
         <system-out><![CDATA[24-09-2025T07:46:57 - [TEST_CASE][PASSED] - Test Cases/2000_tresult/Return Passed: Test Cases/2000_tresult/Return Passed

24-09-2025T07:46:57 - [TEST_STEP][PASSED] - markPassed("Passed"): Passed

24-09-2025T07:46:57 - [MESSAGE][PASSED] - Passed

24-09-2025T07:46:59 - [TEST_STEP][PASSED] - Video: Video recording for test case 'Test Cases/2000_tresult/Return Passed' .

24-09-2025T07:46:59 - [MESSAGE][INFO] - Video recording for test case 'Test Cases/2000_tresult/Return Passed' .]]></system-out>
         <system-err><![CDATA[]]></system-err>
      </testcase>
      <testcase name="Test Cases/2000_tresult/Return Passed" time="2.007" classname="Test Cases/2000_tresult/Return Passed" status="PASSED">
         <system-out><![CDATA[24-09-2025T07:46:59 - [TEST_CASE][PASSED] - Test Cases/2000_tresult/Return Passed: Test Cases/2000_tresult/Return Passed

24-09-2025T07:46:59 - [TEST_STEP][PASSED] - markPassed("Passed"): Passed

24-09-2025T07:46:59 - [MESSAGE][PASSED] - Passed

24-09-2025T07:47:01 - [TEST_STEP][PASSED] - Video: Video recording for test case 'Test Cases/2000_tresult/Return Passed' .

24-09-2025T07:47:01 - [MESSAGE][INFO] - Video recording for test case 'Test Cases/2000_tresult/Return Passed' .]]></system-out>
         <system-err><![CDATA[]]></system-err>
      </testcase>
      <testcase name="Test Cases/2000_tresult/Return Passed" time="2.007" classname="Test Cases/2000_tresult/Return Passed" status="PASSED">
         <system-out><![CDATA[24-09-2025T07:47:01 - [TEST_CASE][PASSED] - Test Cases/2000_tresult/Return Passed: Test Cases/2000_tresult/Return Passed

24-09-2025T07:47:01 - [TEST_STEP][PASSED] - markPassed("Passed"): Passed

24-09-2025T07:47:01 - [MESSAGE][PASSED] - Passed

24-09-2025T07:47:03 - [TEST_STEP][PASSED] - Video: Video recording for test case 'Test Cases/2000_tresult/Return Passed' .

24-09-2025T07:47:03 - [MESSAGE][INFO] - Video recording for test case 'Test Cases/2000_tresult/Return Passed' .]]></system-out>
         <system-err><![CDATA[]]></system-err>
      </testcase>
      <testcase name="Test Cases/2000_tresult/Return Passed" time="2.007" classname="Test Cases/2000_tresult/Return Passed" status="PASSED">
         <system-out><![CDATA[24-09-2025T07:47:03 - [TEST_CASE][PASSED] - Test Cases/2000_tresult/Return Passed: Test Cases/2000_tresult/Return Passed

24-09-2025T07:47:03 - [TEST_STEP][PASSED] - markPassed("Passed"): Passed

24-09-2025T07:47:03 - [MESSAGE][PASSED] - Passed

24-09-2025T07:47:05 - [TEST_STEP][PASSED] - Video: Video recording for test case 'Test Cases/2000_tresult/Return Passed' .

24-09-2025T07:47:05 - [MESSAGE][INFO] - Video recording for test case 'Test Cases/2000_tresult/Return Passed' .]]></system-out>
         <system-err><![CDATA[]]></system-err>
      </testcase>
      <testcase name="Test Cases/2000_tresult/Return Passed" time="2.007" classname="Test Cases/2000_tresult/Return Passed" status="PASSED">
         <system-out><![CDATA[24-09-2025T07:47:05 - [TEST_CASE][PASSED] - Test Cases/2000_tresult/Return Passed: Test Cases/2000_tresult/Return Passed

24-09-2025T07:47:05 - [TEST_STEP][PASSED] - markPassed("Passed"): Passed

24-09-2025T07:47:05 - [MESSAGE][PASSED] - Passed

24-09-2025T07:47:07 - [TEST_STEP][PASSED] - Video: Video recording for test case 'Test Cases/2000_tresult/Return Passed' .

24-09-2025T07:47:07 - [MESSAGE][INFO] - Video recording for test case 'Test Cases/2000_tresult/Return Passed' .]]></system-out>
         <system-err><![CDATA[]]></system-err>
      </testcase>
      <testcase name="Test Cases/2000_tresult/Return Passed" time="2.01" classname="Test Cases/2000_tresult/Return Passed" status="PASSED">
         <system-out><![CDATA[24-09-2025T07:47:07 - [TEST_CASE][PASSED] - Test Cases/2000_tresult/Return Passed: Test Cases/2000_tresult/Return Passed

24-09-2025T07:47:07 - [TEST_STEP][PASSED] - markPassed("Passed"): Passed

24-09-2025T07:47:07 - [MESSAGE][PASSED] - Passed

24-09-2025T07:47:09 - [TEST_STEP][PASSED] - Video: Video recording for test case 'Test Cases/2000_tresult/Return Passed' .

24-09-2025T07:47:09 - [MESSAGE][INFO] - Video recording for test case 'Test Cases/2000_tresult/Return Passed' .]]></system-out>
         <system-err><![CDATA[]]></system-err>
      </testcase>
      <testcase name="Test Cases/2000_tresult/Return Passed" time="2.008" classname="Test Cases/2000_tresult/Return Passed" status="PASSED">
         <system-out><![CDATA[24-09-2025T07:47:09 - [TEST_CASE][PASSED] - Test Cases/2000_tresult/Return Passed: Test Cases/2000_tresult/Return Passed

24-09-2025T07:47:09 - [TEST_STEP][PASSED] - markPassed("Passed"): Passed

24-09-2025T07:47:09 - [MESSAGE][PASSED] - Passed

24-09-2025T07:47:11 - [TEST_STEP][PASSED] - Video: Video recording for test case 'Test Cases/2000_tresult/Return Passed' .

24-09-2025T07:47:11 - [MESSAGE][INFO] - Video recording for test case 'Test Cases/2000_tresult/Return Passed' .]]></system-out>
         <system-err><![CDATA[]]></system-err>
      </testcase>
      <testcase name="Test Cases/2000_tresult/Return Passed" time="2.007" classname="Test Cases/2000_tresult/Return Passed" status="PASSED">
         <system-out><![CDATA[24-09-2025T07:47:11 - [TEST_CASE][PASSED] - Test Cases/2000_tresult/Return Passed: Test Cases/2000_tresult/Return Passed

24-09-2025T07:47:11 - [TEST_STEP][PASSED] - markPassed("Passed"): Passed

24-09-2025T07:47:11 - [MESSAGE][PASSED] - Passed

24-09-2025T07:47:13 - [TEST_STEP][PASSED] - Video: Video recording for test case 'Test Cases/2000_tresult/Return Passed' .

24-09-2025T07:47:13 - [MESSAGE][INFO] - Video recording for test case 'Test Cases/2000_tresult/Return Passed' .]]></system-out>
         <system-err><![CDATA[]]></system-err>
      </testcase>
      <testcase name="Test Cases/2000_tresult/Return Passed" time="2.007" classname="Test Cases/2000_tresult/Return Passed" status="PASSED">
         <system-out><![CDATA[24-09-2025T07:47:13 - [TEST_CASE][PASSED] - Test Cases/2000_tresult/Return Passed: Test Cases/2000_tresult/Return Passed

24-09-2025T07:47:13 - [TEST_STEP][PASSED] - markPassed("Passed"): Passed

24-09-2025T07:47:13 - [MESSAGE][PASSED] - Passed

24-09-2025T07:47:15 - [TEST_STEP][PASSED] - Video: Video recording for test case 'Test Cases/2000_tresult/Return Passed' .

24-09-2025T07:47:15 - [MESSAGE][INFO] - Video recording for test case 'Test Cases/2000_tresult/Return Passed' .]]></system-out>
         <system-err><![CDATA[]]></system-err>
      </testcase>
      <testcase name="Test Cases/2000_tresult/Return Passed" time="2.008" classname="Test Cases/2000_tresult/Return Passed" status="PASSED">
         <system-out><![CDATA[24-09-2025T07:47:15 - [TEST_CASE][PASSED] - Test Cases/2000_tresult/Return Passed: Test Cases/2000_tresult/Return Passed

24-09-2025T07:47:15 - [TEST_STEP][PASSED] - markPassed("Passed"): Passed

24-09-2025T07:47:15 - [MESSAGE][PASSED] - Passed

24-09-2025T07:47:17 - [TEST_STEP][PASSED] - Video: Video recording for test case 'Test Cases/2000_tresult/Return Passed' .

24-09-2025T07:47:17 - [MESSAGE][INFO] - Video recording for test case 'Test Cases/2000_tresult/Return Passed' .]]></system-out>
         <system-err><![CDATA[]]></system-err>
      </testcase>
      <testcase name="Test Cases/2000_tresult/Return Passed" time="2.007" classname="Test Cases/2000_tresult/Return Passed" status="PASSED">
         <system-out><![CDATA[24-09-2025T07:47:17 - [TEST_CASE][PASSED] - Test Cases/2000_tresult/Return Passed: Test Cases/2000_tresult/Return Passed

24-09-2025T07:47:17 - [TEST_STEP][PASSED] - markPassed("Passed"): Passed

24-09-2025T07:47:17 - [MESSAGE][PASSED] - Passed

24-09-2025T07:47:19 - [TEST_STEP][PASSED] - Video: Video recording for test case 'Test Cases/2000_tresult/Return Passed' .

24-09-2025T07:47:19 - [MESSAGE][INFO] - Video recording for test case 'Test Cases/2000_tresult/Return Passed' .]]></system-out>
         <system-err><![CDATA[]]></system-err>
      </testcase>
      <system-out><![CDATA[24-09-2025T07:43:57 - [TEST_STEP][PASSED] - Start listener action : sampleBeforeTestSuite: null

24-09-2025T07:43:57 - [TEST_STEP][PASSED] - KatalonHelper.updateInfo(): null

24-09-2025T07:43:57 - [TEST_SUITE][PASSED] - 100_tc: null]]></system-out>
      <system-err><![CDATA[]]></system-err>
   </testsuite>
</testsuites>
